<?xml version="1.0" encoding="UTF-8"?>
<testsuite xmlns:xsi="http://www.w3.org/2001/XMLSchema-instance" xsi:noNamespaceSchemaLocation="https://maven.apache.org/surefire/maven-surefire-plugin/xsd/surefire-test-report-3.0.xsd" version="3.0" name="logic.PersonLogicTest" time="5.608" tests="10" errors="0" skipped="0" failures="0">
  <properties>
    <property name="sun.desktop" value="windows"/>
    <property name="awt.toolkit" value="sun.awt.windows.WToolkit"/>
    <property name="java.specification.version" value="11"/>
    <property name="sun.cpu.isalist" value="amd64"/>
    <property name="sun.jnu.encoding" value="Cp1252"/>
    <property name="java.class.path" value="D:\OneDrive - Algonquin College\Computer Programming\dev\Level 3\SimpleBloodBank-Skeleton\target\test-classes;D:\OneDrive - Algonquin College\Computer Programming\dev\Level 3\SimpleBloodBank-Skeleton\target\classes;C:\Users\shado\.m2\repository\org\junit\jupiter\junit-jupiter\5.7.0\junit-jupiter-5.7.0.jar;C:\Users\shado\.m2\repository\org\junit\jupiter\junit-jupiter-api\5.7.0\junit-jupiter-api-5.7.0.jar;C:\Users\shado\.m2\repository\org\apiguardian\apiguardian-api\1.1.0\apiguardian-api-1.1.0.jar;C:\Users\shado\.m2\repository\org\opentest4j\opentest4j\1.2.0\opentest4j-1.2.0.jar;C:\Users\shado\.m2\repository\org\junit\platform\junit-platform-commons\1.7.0\junit-platform-commons-1.7.0.jar;C:\Users\shado\.m2\repository\org\junit\jupiter\junit-jupiter-params\5.7.0\junit-jupiter-params-5.7.0.jar;C:\Users\shado\.m2\repository\org\junit\jupiter\junit-jupiter-engine\5.7.0\junit-jupiter-engine-5.7.0.jar;C:\Users\shado\.m2\repository\org\junit\platform\junit-platform-engine\1.7.0\junit-platform-engine-1.7.0.jar;C:\Users\shado\.m2\repository\org\hamcrest\hamcrest\2.2\hamcrest-2.2.jar;C:\Users\shado\.m2\repository\org\hamcrest\hamcrest-library\2.2\hamcrest-library-2.2.jar;C:\Users\shado\.m2\repository\org\hamcrest\hamcrest-core\2.2\hamcrest-core-2.2.jar;C:\Users\shado\.m2\repository\org\apache\logging\log4j\log4j-api\2.14.0\log4j-api-2.14.0.jar;C:\Users\shado\.m2\repository\org\apache\logging\log4j\log4j-core\2.14.0\log4j-core-2.14.0.jar;C:\Users\shado\.m2\repository\org\hibernate\hibernate-core\5.4.27.Final\hibernate-core-5.4.27.Final.jar;C:\Users\shado\.m2\repository\org\jboss\logging\jboss-logging\3.4.1.Final\jboss-logging-3.4.1.Final.jar;C:\Users\shado\.m2\repository\javax\persistence\javax.persistence-api\2.2\javax.persistence-api-2.2.jar;C:\Users\shado\.m2\repository\org\javassist\javassist\3.27.0-GA\javassist-3.27.0-GA.jar;C:\Users\shado\.m2\repository\net\bytebuddy\byte-buddy\1.10.17\byte-buddy-1.10.17.jar;C:\Users\shado\.m2\repository\antlr\antlr\2.7.7\antlr-2.7.7.jar;C:\Users\shado\.m2\repository\org\jboss\spec\javax\transaction\jboss-transaction-api_1.2_spec\1.1.1.Final\jboss-transaction-api_1.2_spec-1.1.1.Final.jar;C:\Users\shado\.m2\repository\org\jboss\jandex\2.1.3.Final\jandex-2.1.3.Final.jar;C:\Users\shado\.m2\repository\com\fasterxml\classmate\1.5.1\classmate-1.5.1.jar;C:\Users\shado\.m2\repository\javax\activation\javax.activation-api\1.2.0\javax.activation-api-1.2.0.jar;C:\Users\shado\.m2\repository\org\dom4j\dom4j\2.1.3\dom4j-2.1.3.jar;C:\Users\shado\.m2\repository\org\hibernate\common\hibernate-commons-annotations\5.1.2.Final\hibernate-commons-annotations-5.1.2.Final.jar;C:\Users\shado\.m2\repository\javax\xml\bind\jaxb-api\2.3.1\jaxb-api-2.3.1.jar;C:\Users\shado\.m2\repository\org\glassfish\jaxb\jaxb-runtime\2.3.1\jaxb-runtime-2.3.1.jar;C:\Users\shado\.m2\repository\org\glassfish\jaxb\txw2\2.3.1\txw2-2.3.1.jar;C:\Users\shado\.m2\repository\com\sun\istack\istack-commons-runtime\3.0.7\istack-commons-runtime-3.0.7.jar;C:\Users\shado\.m2\repository\org\jvnet\staxex\stax-ex\1.8\stax-ex-1.8.jar;C:\Users\shado\.m2\repository\com\sun\xml\fastinfoset\FastInfoset\1.2.15\FastInfoset-1.2.15.jar;C:\Users\shado\.m2\repository\org\apache\tomcat\embed\tomcat-embed-core\9.0.44\tomcat-embed-core-9.0.44.jar;C:\Users\shado\.m2\repository\org\apache\tomcat\tomcat-annotations-api\9.0.44\tomcat-annotations-api-9.0.44.jar;C:\Users\shado\.m2\repository\org\apache\tomcat\embed\tomcat-embed-jasper\9.0.44\tomcat-embed-jasper-9.0.44.jar;C:\Users\shado\.m2\repository\org\apache\tomcat\embed\tomcat-embed-el\9.0.44\tomcat-embed-el-9.0.44.jar;C:\Users\shado\.m2\repository\org\eclipse\jdt\ecj\3.18.0\ecj-3.18.0.jar;C:\Users\shado\.m2\repository\org\apache\tomcat\tomcat-jdbc\9.0.44\tomcat-jdbc-9.0.44.jar;C:\Users\shado\.m2\repository\org\apache\tomcat\tomcat-juli\9.0.44\tomcat-juli-9.0.44.jar;C:\Users\shado\.m2\repository\jakarta\platform\jakarta.jakartaee-api\8.0.0\jakarta.jakartaee-api-8.0.0.jar;C:\Users\shado\.m2\repository\org\glassfish\web\jakarta.servlet.jsp.jstl\1.2.6\jakarta.servlet.jsp.jstl-1.2.6.jar;C:\Users\shado\.m2\repository\jakarta\servlet\jsp\jstl\jakarta.servlet.jsp.jstl-api\1.2.4\jakarta.servlet.jsp.jstl-api-1.2.4.jar;C:\Users\shado\.m2\repository\jakarta\servlet\jakarta.servlet-api\4.0.2\jakarta.servlet-api-4.0.2.jar;C:\Users\shado\.m2\repository\jakarta\el\jakarta.el-api\3.0.2\jakarta.el-api-3.0.2.jar;C:\Users\shado\.m2\repository\mysql\mysql-connector-java\8.0.23\mysql-connector-java-8.0.23.jar;C:\Users\shado\.m2\repository\com\google\protobuf\protobuf-java\3.11.4\protobuf-java-3.11.4.jar;"/>
    <property name="java.vm.vendor" value="AdoptOpenJDK"/>
    <property name="sun.arch.data.model" value="64"/>
    <property name="user.variant" value=""/>
    <property name="catalina.useNaming" value="true"/>
    <property name="java.vendor.url" value="https://adoptopenjdk.net/"/>
    <property name="user.timezone" value="America/New_York"/>
    <property name="java.vm.specification.version" value="11"/>
    <property name="os.name" value="Windows 10"/>
    <property name="user.country" value="US"/>
    <property name="sun.java.launcher" value="SUN_STANDARD"/>
    <property name="sun.boot.library.path" value="C:\Program Files\AdoptOpenJDK\jdk-11.0.9.101-hotspot\bin"/>
    <property name="sun.java.command" value="C:\Users\shado\AppData\Local\Temp\surefire13429594688560490801\surefirebooter18332638189241971885.jar C:\Users\shado\AppData\Local\Temp\surefire13429594688560490801 2021-04-16T14-16-06_693-jvmRun1 surefire1716654951455703433tmp surefire_04924138676631946666tmp"/>
    <property name="jdk.debug" value="release"/>
    <property name="test" value="logic.PersonLogicTest"/>
    <property name="surefire.test.class.path" value="D:\OneDrive - Algonquin College\Computer Programming\dev\Level 3\SimpleBloodBank-Skeleton\target\test-classes;D:\OneDrive - Algonquin College\Computer Programming\dev\Level 3\SimpleBloodBank-Skeleton\target\classes;C:\Users\shado\.m2\repository\org\junit\jupiter\junit-jupiter\5.7.0\junit-jupiter-5.7.0.jar;C:\Users\shado\.m2\repository\org\junit\jupiter\junit-jupiter-api\5.7.0\junit-jupiter-api-5.7.0.jar;C:\Users\shado\.m2\repository\org\apiguardian\apiguardian-api\1.1.0\apiguardian-api-1.1.0.jar;C:\Users\shado\.m2\repository\org\opentest4j\opentest4j\1.2.0\opentest4j-1.2.0.jar;C:\Users\shado\.m2\repository\org\junit\platform\junit-platform-commons\1.7.0\junit-platform-commons-1.7.0.jar;C:\Users\shado\.m2\repository\org\junit\jupiter\junit-jupiter-params\5.7.0\junit-jupiter-params-5.7.0.jar;C:\Users\shado\.m2\repository\org\junit\jupiter\junit-jupiter-engine\5.7.0\junit-jupiter-engine-5.7.0.jar;C:\Users\shado\.m2\repository\org\junit\platform\junit-platform-engine\1.7.0\junit-platform-engine-1.7.0.jar;C:\Users\shado\.m2\repository\org\hamcrest\hamcrest\2.2\hamcrest-2.2.jar;C:\Users\shado\.m2\repository\org\hamcrest\hamcrest-library\2.2\hamcrest-library-2.2.jar;C:\Users\shado\.m2\repository\org\hamcrest\hamcrest-core\2.2\hamcrest-core-2.2.jar;C:\Users\shado\.m2\repository\org\apache\logging\log4j\log4j-api\2.14.0\log4j-api-2.14.0.jar;C:\Users\shado\.m2\repository\org\apache\logging\log4j\log4j-core\2.14.0\log4j-core-2.14.0.jar;C:\Users\shado\.m2\repository\org\hibernate\hibernate-core\5.4.27.Final\hibernate-core-5.4.27.Final.jar;C:\Users\shado\.m2\repository\org\jboss\logging\jboss-logging\3.4.1.Final\jboss-logging-3.4.1.Final.jar;C:\Users\shado\.m2\repository\javax\persistence\javax.persistence-api\2.2\javax.persistence-api-2.2.jar;C:\Users\shado\.m2\repository\org\javassist\javassist\3.27.0-GA\javassist-3.27.0-GA.jar;C:\Users\shado\.m2\repository\net\bytebuddy\byte-buddy\1.10.17\byte-buddy-1.10.17.jar;C:\Users\shado\.m2\repository\antlr\antlr\2.7.7\antlr-2.7.7.jar;C:\Users\shado\.m2\repository\org\jboss\spec\javax\transaction\jboss-transaction-api_1.2_spec\1.1.1.Final\jboss-transaction-api_1.2_spec-1.1.1.Final.jar;C:\Users\shado\.m2\repository\org\jboss\jandex\2.1.3.Final\jandex-2.1.3.Final.jar;C:\Users\shado\.m2\repository\com\fasterxml\classmate\1.5.1\classmate-1.5.1.jar;C:\Users\shado\.m2\repository\javax\activation\javax.activation-api\1.2.0\javax.activation-api-1.2.0.jar;C:\Users\shado\.m2\repository\org\dom4j\dom4j\2.1.3\dom4j-2.1.3.jar;C:\Users\shado\.m2\repository\org\hibernate\common\hibernate-commons-annotations\5.1.2.Final\hibernate-commons-annotations-5.1.2.Final.jar;C:\Users\shado\.m2\repository\javax\xml\bind\jaxb-api\2.3.1\jaxb-api-2.3.1.jar;C:\Users\shado\.m2\repository\org\glassfish\jaxb\jaxb-runtime\2.3.1\jaxb-runtime-2.3.1.jar;C:\Users\shado\.m2\repository\org\glassfish\jaxb\txw2\2.3.1\txw2-2.3.1.jar;C:\Users\shado\.m2\repository\com\sun\istack\istack-commons-runtime\3.0.7\istack-commons-runtime-3.0.7.jar;C:\Users\shado\.m2\repository\org\jvnet\staxex\stax-ex\1.8\stax-ex-1.8.jar;C:\Users\shado\.m2\repository\com\sun\xml\fastinfoset\FastInfoset\1.2.15\FastInfoset-1.2.15.jar;C:\Users\shado\.m2\repository\org\apache\tomcat\embed\tomcat-embed-core\9.0.44\tomcat-embed-core-9.0.44.jar;C:\Users\shado\.m2\repository\org\apache\tomcat\tomcat-annotations-api\9.0.44\tomcat-annotations-api-9.0.44.jar;C:\Users\shado\.m2\repository\org\apache\tomcat\embed\tomcat-embed-jasper\9.0.44\tomcat-embed-jasper-9.0.44.jar;C:\Users\shado\.m2\repository\org\apache\tomcat\embed\tomcat-embed-el\9.0.44\tomcat-embed-el-9.0.44.jar;C:\Users\shado\.m2\repository\org\eclipse\jdt\ecj\3.18.0\ecj-3.18.0.jar;C:\Users\shado\.m2\repository\org\apache\tomcat\tomcat-jdbc\9.0.44\tomcat-jdbc-9.0.44.jar;C:\Users\shado\.m2\repository\org\apache\tomcat\tomcat-juli\9.0.44\tomcat-juli-9.0.44.jar;C:\Users\shado\.m2\repository\jakarta\platform\jakarta.jakartaee-api\8.0.0\jakarta.jakartaee-api-8.0.0.jar;C:\Users\shado\.m2\repository\org\glassfish\web\jakarta.servlet.jsp.jstl\1.2.6\jakarta.servlet.jsp.jstl-1.2.6.jar;C:\Users\shado\.m2\repository\jakarta\servlet\jsp\jstl\jakarta.servlet.jsp.jstl-api\1.2.4\jakarta.servlet.jsp.jstl-api-1.2.4.jar;C:\Users\shado\.m2\repository\jakarta\servlet\jakarta.servlet-api\4.0.2\jakarta.servlet-api-4.0.2.jar;C:\Users\shado\.m2\repository\jakarta\el\jakarta.el-api\3.0.2\jakarta.el-api-3.0.2.jar;C:\Users\shado\.m2\repository\mysql\mysql-connector-java\8.0.23\mysql-connector-java-8.0.23.jar;C:\Users\shado\.m2\repository\com\google\protobuf\protobuf-java\3.11.4\protobuf-java-3.11.4.jar;"/>
    <property name="sun.cpu.endian" value="little"/>
    <property name="user.home" value="C:\Users\shado"/>
    <property name="user.language" value="en"/>
    <property name="java.specification.vendor" value="Oracle Corporation"/>
    <property name="java.naming.factory.url.pkgs" value="org.apache.naming"/>
    <property name="java.version.date" value="2020-11-04"/>
    <property name="java.home" value="C:\Program Files\AdoptOpenJDK\jdk-11.0.9.101-hotspot"/>
    <property name="file.separator" value="\"/>
    <property name="basedir" value="D:\OneDrive - Algonquin College\Computer Programming\dev\Level 3\SimpleBloodBank-Skeleton"/>
    <property name="java.vm.compressedOopsMode" value="32-bit"/>
    <property name="line.separator" value="&#10;"/>
    <property name="java.specification.name" value="Java Platform API Specification"/>
    <property name="java.vm.specification.vendor" value="Oracle Corporation"/>
    <property name="java.awt.graphicsenv" value="sun.awt.Win32GraphicsEnvironment"/>
    <property name="surefire.real.class.path" value="C:\Users\shado\AppData\Local\Temp\surefire13429594688560490801\surefirebooter18332638189241971885.jar"/>
    <property name="user.script" value=""/>
    <property name="sun.management.compiler" value="HotSpot 64-Bit Tiered Compilers"/>
    <property name="java.runtime.version" value="11.0.9.1+1"/>
    <property name="java.naming.factory.initial" value="org.apache.naming.java.javaURLContextFactory"/>
    <property name="user.name" value="shado"/>
    <property name="path.separator" value=";"/>
    <property name="os.version" value="10.0"/>
    <property name="java.runtime.name" value="OpenJDK Runtime Environment"/>
    <property name="file.encoding" value="UTF-8"/>
    <property name="java.vm.name" value="OpenJDK 64-Bit Server VM"/>
    <property name="java.vendor.version" value="AdoptOpenJDK"/>
    <property name="maven.ext.class.path" value="C:\Program Files\NetBeans-12.0\netbeans\java\maven-nblib\netbeans-eventspy.jar"/>
    <property name="localRepository" value="C:\Users\shado\.m2\repository"/>
    <property name="java.vendor.url.bug" value="https://github.com/AdoptOpenJDK/openjdk-support/issues"/>
    <property name="java.io.tmpdir" value="C:\Users\shado\AppData\Local\Temp\"/>
    <property name="catalina.home" value="D:\OneDrive - Algonquin College\Computer Programming\dev\Level 3\SimpleBloodBank-Skeleton\tomcat.8080"/>
    <property name="java.version" value="11.0.9.1"/>
    <property name="user.dir" value="D:\OneDrive - Algonquin College\Computer Programming\dev\Level 3\SimpleBloodBank-Skeleton"/>
    <property name="os.arch" value="amd64"/>
    <property name="java.vm.specification.name" value="Java Virtual Machine Specification"/>
    <property name="java.awt.printerjob" value="sun.awt.windows.WPrinterJob"/>
    <property name="sun.os.patch.level" value=""/>
    <property name="catalina.base" value="D:\OneDrive - Algonquin College\Computer Programming\dev\Level 3\SimpleBloodBank-Skeleton\tomcat.8080"/>
    <property name="java.library.path" value="C:\Program Files\AdoptOpenJDK\jdk-11.0.9.101-hotspot\bin;C:\WINDOWS\Sun\Java\bin;C:\WINDOWS\system32;C:\WINDOWS;C:\Program Files\Java\javafx-sdk-11.0.2\bin;C:\oraclexe\app\oracle\product\11.2.0\server\bin;C:\Program Files\AdoptOpenJDK\jdk-11.0.9.101-hotspot\\bin;C:\Windows\system32;C:\Windows;C:\Windows\System32\Wbem;C:\Windows\System32\WindowsPowerShell\v1.0\;C:\Windows\System32\OpenSSH\;C:\Program Files\Microsoft VS Code\bin;C:\Program Files\NVIDIA Corporation\NVIDIA NvDLISR;C:\Program Files (x86)\NVIDIA Corporation\PhysX\Common;C:\Program Files (x86)\dotnet\;D:\Program Files\pgmodeler;C:\WINDOWS\system32;C:\WINDOWS;C:\WINDOWS\System32\Wbem;C:\WINDOWS\System32\WindowsPowerShell\v1.0\;C:\WINDOWS\System32\OpenSSH\;D:\Program Files (x86)\Brackets\command;C:\Program Files\Git\cmd;C:\Program Files\Microsoft SQL Server\Client SDK\ODBC\170\Tools\Binn\;C:\Program Files (x86)\Microsoft SQL Server\150\Tools\Binn\;C:\Program Files\Microsoft SQL Server\150\Tools\Binn\;C:\Program Files\Microsoft SQL Server\150\DTS\Binn\;C:\Program Files (x86)\Microsoft SQL Server\150\DTS\Binn\;C:\Users\shado\AppData\Local\Microsoft\WindowsApps;;."/>
    <property name="java.vm.info" value="mixed mode"/>
    <property name="java.vendor" value="AdoptOpenJDK"/>
    <property name="java.vm.version" value="11.0.9.1+1"/>
    <property name="sun.io.unicode.encoding" value="UnicodeLittle"/>
    <property name="java.class.version" value="55.0"/>
  </properties>
  <testcase name="testCreateEntity" classname="logic.PersonLogicTest" time="0.183">
    <system-out><![CDATA[2021-04-16T14:16:10,814|[DEBUG] ServletListener - Initializing EMF
2021-04-16T14:16:10,820|[DEBUG] EMFactory - initializeing EntityManagerFactory
2021-04-16T14:16:10,820|[DEBUG] EMFactory - creating EntityManagerFactory
2021-04-16T14:16:10,851|[DEBUG] logging - Logging Provider: org.jboss.logging.Log4j2LoggerProvider
2021-04-16T14:16:10,987|[INFO ] LogHelper - HHH000204: Processing PersistenceUnitInfo [name: simplebloodbank-PU-test]
2021-04-16T14:16:11,049|[INFO ] Version - HHH000412: Hibernate ORM core version 5.4.27.Final
2021-04-16T14:16:11,227|[INFO ] Version - HCANN000001: Hibernate Commons Annotations {5.1.2.Final}
2021-04-16T14:16:11,262|[DEBUG] BasicTypeRegistry - Adding type registration boolean -> org.hibernate.type.BooleanType@10d28ee2
2021-04-16T14:16:11,263|[DEBUG] BasicTypeRegistry - Adding type registration boolean -> org.hibernate.type.BooleanType@10d28ee2
2021-04-16T14:16:11,263|[DEBUG] BasicTypeRegistry - Adding type registration java.lang.Boolean -> org.hibernate.type.BooleanType@10d28ee2
2021-04-16T14:16:11,263|[DEBUG] BasicTypeRegistry - Adding type registration numeric_boolean -> org.hibernate.type.NumericBooleanType@72cd5f41
2021-04-16T14:16:11,264|[DEBUG] BasicTypeRegistry - Adding type registration true_false -> org.hibernate.type.TrueFalseType@bfab0dc
2021-04-16T14:16:11,265|[DEBUG] BasicTypeRegistry - Adding type registration yes_no -> org.hibernate.type.YesNoType@7bf96c4e
2021-04-16T14:16:11,266|[DEBUG] BasicTypeRegistry - Adding type registration byte -> org.hibernate.type.ByteType@5f45d7db
2021-04-16T14:16:11,266|[DEBUG] BasicTypeRegistry - Adding type registration byte -> org.hibernate.type.ByteType@5f45d7db
2021-04-16T14:16:11,266|[DEBUG] BasicTypeRegistry - Adding type registration java.lang.Byte -> org.hibernate.type.ByteType@5f45d7db
2021-04-16T14:16:11,267|[DEBUG] BasicTypeRegistry - Adding type registration character -> org.hibernate.type.CharacterType@2e7e9897
2021-04-16T14:16:11,267|[DEBUG] BasicTypeRegistry - Adding type registration char -> org.hibernate.type.CharacterType@2e7e9897
2021-04-16T14:16:11,267|[DEBUG] BasicTypeRegistry - Adding type registration java.lang.Character -> org.hibernate.type.CharacterType@2e7e9897
2021-04-16T14:16:11,268|[DEBUG] BasicTypeRegistry - Adding type registration short -> org.hibernate.type.ShortType@7babfd29
2021-04-16T14:16:11,268|[DEBUG] BasicTypeRegistry - Adding type registration short -> org.hibernate.type.ShortType@7babfd29
2021-04-16T14:16:11,268|[DEBUG] BasicTypeRegistry - Adding type registration java.lang.Short -> org.hibernate.type.ShortType@7babfd29
2021-04-16T14:16:11,269|[DEBUG] BasicTypeRegistry - Adding type registration integer -> org.hibernate.type.IntegerType@4f4d7c0e
2021-04-16T14:16:11,269|[DEBUG] BasicTypeRegistry - Adding type registration int -> org.hibernate.type.IntegerType@4f4d7c0e
2021-04-16T14:16:11,269|[DEBUG] BasicTypeRegistry - Adding type registration java.lang.Integer -> org.hibernate.type.IntegerType@4f4d7c0e
2021-04-16T14:16:11,270|[DEBUG] BasicTypeRegistry - Adding type registration long -> org.hibernate.type.LongType@5b0d8236
2021-04-16T14:16:11,271|[DEBUG] BasicTypeRegistry - Adding type registration long -> org.hibernate.type.LongType@5b0d8236
2021-04-16T14:16:11,271|[DEBUG] BasicTypeRegistry - Adding type registration java.lang.Long -> org.hibernate.type.LongType@5b0d8236
2021-04-16T14:16:11,272|[DEBUG] BasicTypeRegistry - Adding type registration float -> org.hibernate.type.FloatType@5095f89a
2021-04-16T14:16:11,272|[DEBUG] BasicTypeRegistry - Adding type registration float -> org.hibernate.type.FloatType@5095f89a
2021-04-16T14:16:11,272|[DEBUG] BasicTypeRegistry - Adding type registration java.lang.Float -> org.hibernate.type.FloatType@5095f89a
2021-04-16T14:16:11,274|[DEBUG] BasicTypeRegistry - Adding type registration double -> org.hibernate.type.DoubleType@1a958d2a
2021-04-16T14:16:11,274|[DEBUG] BasicTypeRegistry - Adding type registration double -> org.hibernate.type.DoubleType@1a958d2a
2021-04-16T14:16:11,274|[DEBUG] BasicTypeRegistry - Adding type registration java.lang.Double -> org.hibernate.type.DoubleType@1a958d2a
2021-04-16T14:16:11,276|[DEBUG] BasicTypeRegistry - Adding type registration big_decimal -> org.hibernate.type.BigDecimalType@2f59f157
2021-04-16T14:16:11,276|[DEBUG] BasicTypeRegistry - Adding type registration java.math.BigDecimal -> org.hibernate.type.BigDecimalType@2f59f157
2021-04-16T14:16:11,278|[DEBUG] BasicTypeRegistry - Adding type registration big_integer -> org.hibernate.type.BigIntegerType@2096ade6
2021-04-16T14:16:11,278|[DEBUG] BasicTypeRegistry - Adding type registration java.math.BigInteger -> org.hibernate.type.BigIntegerType@2096ade6
2021-04-16T14:16:11,279|[DEBUG] BasicTypeRegistry - Adding type registration string -> org.hibernate.type.StringType@94af25
2021-04-16T14:16:11,279|[DEBUG] BasicTypeRegistry - Adding type registration java.lang.String -> org.hibernate.type.StringType@94af25
2021-04-16T14:16:11,279|[DEBUG] BasicTypeRegistry - Adding type registration nstring -> org.hibernate.type.StringNVarcharType@dc46916
2021-04-16T14:16:11,280|[DEBUG] BasicTypeRegistry - Adding type registration ncharacter -> org.hibernate.type.CharacterNCharType@3d1f6213
2021-04-16T14:16:11,281|[DEBUG] BasicTypeRegistry - Adding type registration url -> org.hibernate.type.UrlType@494e502c
2021-04-16T14:16:11,281|[DEBUG] BasicTypeRegistry - Adding type registration java.net.URL -> org.hibernate.type.UrlType@494e502c
2021-04-16T14:16:11,282|[DEBUG] BasicTypeRegistry - Adding type registration Duration -> org.hibernate.type.DurationType@408db405
2021-04-16T14:16:11,282|[DEBUG] BasicTypeRegistry - Adding type registration java.time.Duration -> org.hibernate.type.DurationType@408db405
2021-04-16T14:16:11,289|[DEBUG] BasicTypeRegistry - Adding type registration Instant -> org.hibernate.type.InstantType@35697f9e
2021-04-16T14:16:11,290|[DEBUG] BasicTypeRegistry - Adding type registration java.time.Instant -> org.hibernate.type.InstantType@35697f9e
2021-04-16T14:16:11,291|[DEBUG] BasicTypeRegistry - Adding type registration LocalDateTime -> org.hibernate.type.LocalDateTimeType@53a41fbe
2021-04-16T14:16:11,291|[DEBUG] BasicTypeRegistry - Adding type registration java.time.LocalDateTime -> org.hibernate.type.LocalDateTimeType@53a41fbe
2021-04-16T14:16:11,292|[DEBUG] BasicTypeRegistry - Adding type registration LocalDate -> org.hibernate.type.LocalDateType@4089505c
2021-04-16T14:16:11,293|[DEBUG] BasicTypeRegistry - Adding type registration java.time.LocalDate -> org.hibernate.type.LocalDateType@4089505c
2021-04-16T14:16:11,294|[DEBUG] BasicTypeRegistry - Adding type registration LocalTime -> org.hibernate.type.LocalTimeType@2e47ec5e
2021-04-16T14:16:11,294|[DEBUG] BasicTypeRegistry - Adding type registration java.time.LocalTime -> org.hibernate.type.LocalTimeType@2e47ec5e
2021-04-16T14:16:11,295|[DEBUG] BasicTypeRegistry - Adding type registration OffsetDateTime -> org.hibernate.type.OffsetDateTimeType@45ba21bc
2021-04-16T14:16:11,295|[DEBUG] BasicTypeRegistry - Adding type registration java.time.OffsetDateTime -> org.hibernate.type.OffsetDateTimeType@45ba21bc
2021-04-16T14:16:11,296|[DEBUG] BasicTypeRegistry - Adding type registration OffsetTime -> org.hibernate.type.OffsetTimeType@4c3133a1
2021-04-16T14:16:11,297|[DEBUG] BasicTypeRegistry - Adding type registration java.time.OffsetTime -> org.hibernate.type.OffsetTimeType@4c3133a1
2021-04-16T14:16:11,298|[DEBUG] BasicTypeRegistry - Adding type registration ZonedDateTime -> org.hibernate.type.ZonedDateTimeType@4b2b2757
2021-04-16T14:16:11,298|[DEBUG] BasicTypeRegistry - Adding type registration java.time.ZonedDateTime -> org.hibernate.type.ZonedDateTimeType@4b2b2757
2021-04-16T14:16:11,300|[DEBUG] BasicTypeRegistry - Adding type registration date -> org.hibernate.type.DateType@154bc3cf
2021-04-16T14:16:11,300|[DEBUG] BasicTypeRegistry - Adding type registration java.sql.Date -> org.hibernate.type.DateType@154bc3cf
2021-04-16T14:16:11,301|[DEBUG] BasicTypeRegistry - Adding type registration time -> org.hibernate.type.TimeType@5865b0f6
2021-04-16T14:16:11,301|[DEBUG] BasicTypeRegistry - Adding type registration java.sql.Time -> org.hibernate.type.TimeType@5865b0f6
2021-04-16T14:16:11,302|[DEBUG] BasicTypeRegistry - Adding type registration timestamp -> org.hibernate.type.TimestampType@771047b4
2021-04-16T14:16:11,303|[DEBUG] BasicTypeRegistry - Adding type registration java.sql.Timestamp -> org.hibernate.type.TimestampType@771047b4
2021-04-16T14:16:11,303|[DEBUG] BasicTypeRegistry - Adding type registration java.util.Date -> org.hibernate.type.TimestampType@771047b4
2021-04-16T14:16:11,304|[DEBUG] BasicTypeRegistry - Adding type registration dbtimestamp -> org.hibernate.type.DbTimestampType@2bd89b8e
2021-04-16T14:16:11,305|[DEBUG] BasicTypeRegistry - Adding type registration calendar -> org.hibernate.type.CalendarType@952883c
2021-04-16T14:16:11,305|[DEBUG] BasicTypeRegistry - Adding type registration java.util.Calendar -> org.hibernate.type.CalendarType@952883c
2021-04-16T14:16:11,305|[DEBUG] BasicTypeRegistry - Adding type registration java.util.GregorianCalendar -> org.hibernate.type.CalendarType@952883c
2021-04-16T14:16:11,306|[DEBUG] BasicTypeRegistry - Adding type registration calendar_date -> org.hibernate.type.CalendarDateType@21e40707
2021-04-16T14:16:11,307|[DEBUG] BasicTypeRegistry - Adding type registration calendar_time -> org.hibernate.type.CalendarTimeType@2be33ac
2021-04-16T14:16:11,308|[DEBUG] BasicTypeRegistry - Adding type registration locale -> org.hibernate.type.LocaleType@7c89133
2021-04-16T14:16:11,308|[DEBUG] BasicTypeRegistry - Adding type registration java.util.Locale -> org.hibernate.type.LocaleType@7c89133
2021-04-16T14:16:11,310|[DEBUG] BasicTypeRegistry - Adding type registration currency -> org.hibernate.type.CurrencyType@620978eb
2021-04-16T14:16:11,311|[DEBUG] BasicTypeRegistry - Adding type registration java.util.Currency -> org.hibernate.type.CurrencyType@620978eb
2021-04-16T14:16:11,312|[DEBUG] BasicTypeRegistry - Adding type registration timezone -> org.hibernate.type.TimeZoneType@7bb92a71
2021-04-16T14:16:11,312|[DEBUG] BasicTypeRegistry - Adding type registration java.util.TimeZone -> org.hibernate.type.TimeZoneType@7bb92a71
2021-04-16T14:16:11,313|[DEBUG] BasicTypeRegistry - Adding type registration class -> org.hibernate.type.ClassType@7346bede
2021-04-16T14:16:11,314|[DEBUG] BasicTypeRegistry - Adding type registration java.lang.Class -> org.hibernate.type.ClassType@7346bede
2021-04-16T14:16:11,315|[DEBUG] BasicTypeRegistry - Adding type registration uuid-binary -> org.hibernate.type.UUIDBinaryType@61cbcf87
2021-04-16T14:16:11,315|[DEBUG] BasicTypeRegistry - Adding type registration java.util.UUID -> org.hibernate.type.UUIDBinaryType@61cbcf87
2021-04-16T14:16:11,316|[DEBUG] BasicTypeRegistry - Adding type registration uuid-char -> org.hibernate.type.UUIDCharType@2896e105
2021-04-16T14:16:11,317|[DEBUG] BasicTypeRegistry - Adding type registration binary -> org.hibernate.type.BinaryType@658ec00c
2021-04-16T14:16:11,317|[DEBUG] BasicTypeRegistry - Adding type registration byte[] -> org.hibernate.type.BinaryType@658ec00c
2021-04-16T14:16:11,317|[DEBUG] BasicTypeRegistry - Adding type registration [B -> org.hibernate.type.BinaryType@658ec00c
2021-04-16T14:16:11,318|[DEBUG] BasicTypeRegistry - Adding type registration wrapper-binary -> org.hibernate.type.WrapperBinaryType@12bd2630
2021-04-16T14:16:11,318|[DEBUG] BasicTypeRegistry - Adding type registration Byte[] -> org.hibernate.type.WrapperBinaryType@12bd2630
2021-04-16T14:16:11,318|[DEBUG] BasicTypeRegistry - Adding type registration [Ljava.lang.Byte; -> org.hibernate.type.WrapperBinaryType@12bd2630
2021-04-16T14:16:11,319|[DEBUG] BasicTypeRegistry - Adding type registration row_version -> org.hibernate.type.RowVersionType@4d9ef371
2021-04-16T14:16:11,320|[DEBUG] BasicTypeRegistry - Adding type registration image -> org.hibernate.type.ImageType@726bbe64
2021-04-16T14:16:11,321|[DEBUG] BasicTypeRegistry - Adding type registration characters -> org.hibernate.type.CharArrayType@626db270
2021-04-16T14:16:11,321|[DEBUG] BasicTypeRegistry - Adding type registration char[] -> org.hibernate.type.CharArrayType@626db270
2021-04-16T14:16:11,321|[DEBUG] BasicTypeRegistry - Adding type registration [C -> org.hibernate.type.CharArrayType@626db270
2021-04-16T14:16:11,322|[DEBUG] BasicTypeRegistry - Adding type registration wrapper-characters -> org.hibernate.type.CharacterArrayType@244ba147
2021-04-16T14:16:11,322|[DEBUG] BasicTypeRegistry - Adding type registration [Ljava.lang.Character; -> org.hibernate.type.CharacterArrayType@244ba147
2021-04-16T14:16:11,322|[DEBUG] BasicTypeRegistry - Adding type registration Character[] -> org.hibernate.type.CharacterArrayType@244ba147
2021-04-16T14:16:11,323|[DEBUG] BasicTypeRegistry - Adding type registration text -> org.hibernate.type.TextType@525dd5af
2021-04-16T14:16:11,323|[DEBUG] BasicTypeRegistry - Adding type registration ntext -> org.hibernate.type.NTextType@167eab4
2021-04-16T14:16:11,325|[DEBUG] BasicTypeRegistry - Adding type registration blob -> org.hibernate.type.BlobType@2280c0f5
2021-04-16T14:16:11,325|[DEBUG] BasicTypeRegistry - Adding type registration java.sql.Blob -> org.hibernate.type.BlobType@2280c0f5
2021-04-16T14:16:11,325|[DEBUG] BasicTypeRegistry - Adding type registration materialized_blob -> org.hibernate.type.MaterializedBlobType@2b60acb3
2021-04-16T14:16:11,327|[DEBUG] BasicTypeRegistry - Adding type registration clob -> org.hibernate.type.ClobType@3bd6ce4e
2021-04-16T14:16:11,327|[DEBUG] BasicTypeRegistry - Adding type registration java.sql.Clob -> org.hibernate.type.ClobType@3bd6ce4e
2021-04-16T14:16:11,328|[DEBUG] BasicTypeRegistry - Adding type registration nclob -> org.hibernate.type.NClobType@4f2a0651
2021-04-16T14:16:11,328|[DEBUG] BasicTypeRegistry - Adding type registration java.sql.NClob -> org.hibernate.type.NClobType@4f2a0651
2021-04-16T14:16:11,329|[DEBUG] BasicTypeRegistry - Adding type registration materialized_clob -> org.hibernate.type.MaterializedClobType@79f6e671
2021-04-16T14:16:11,329|[DEBUG] BasicTypeRegistry - Adding type registration materialized_nclob -> org.hibernate.type.MaterializedNClobType@45f854e9
2021-04-16T14:16:11,330|[DEBUG] BasicTypeRegistry - Adding type registration serializable -> org.hibernate.type.SerializableType@241410c5
2021-04-16T14:16:11,334|[DEBUG] BasicTypeRegistry - Adding type registration object -> org.hibernate.type.ObjectType@77d01d83
2021-04-16T14:16:11,334|[DEBUG] BasicTypeRegistry - Adding type registration java.lang.Object -> org.hibernate.type.ObjectType@77d01d83
2021-04-16T14:16:11,335|[DEBUG] BasicTypeRegistry - Adding type registration imm_date -> org.hibernate.type.AdaptedImmutableType@6d68cbf3
2021-04-16T14:16:11,335|[DEBUG] BasicTypeRegistry - Adding type registration imm_time -> org.hibernate.type.AdaptedImmutableType@6edbf6ed
2021-04-16T14:16:11,335|[DEBUG] BasicTypeRegistry - Adding type registration imm_timestamp -> org.hibernate.type.AdaptedImmutableType@498c3adc
2021-04-16T14:16:11,335|[DEBUG] BasicTypeRegistry - Adding type registration imm_dbtimestamp -> org.hibernate.type.AdaptedImmutableType@4c2370b5
2021-04-16T14:16:11,335|[DEBUG] BasicTypeRegistry - Adding type registration imm_calendar -> org.hibernate.type.AdaptedImmutableType@67bf0d91
2021-04-16T14:16:11,335|[DEBUG] BasicTypeRegistry - Adding type registration imm_calendar_date -> org.hibernate.type.AdaptedImmutableType@56e2f315
2021-04-16T14:16:11,335|[DEBUG] BasicTypeRegistry - Adding type registration imm_binary -> org.hibernate.type.AdaptedImmutableType@7e9079cf
2021-04-16T14:16:11,335|[DEBUG] BasicTypeRegistry - Adding type registration imm_serializable -> org.hibernate.type.AdaptedImmutableType@29e10870
2021-04-16T14:16:11,512|[INFO ] Dialect - HHH000400: Using dialect: org.hibernate.dialect.MySQL8Dialect
2021-04-16T14:16:11,581|[DEBUG] TypeConfiguration$Scope - Scoping TypeConfiguration [org.hibernate.type.spi.TypeConfiguration@2169596d] to MetadataBuildingContext [org.hibernate.boot.internal.MetadataBuildingContextRootImpl@2300d6fd]
2021-04-16T14:16:11,721|[INFO ] beans - HHH10005002: No explicit CDI BeanManager reference was passed to Hibernate, but CDI is available on the Hibernate ClassLoader.
2021-04-16T14:16:11,722|[DEBUG] JavaTypeDescriptorRegistry - Could not find matching scoped JavaTypeDescriptor for requested Java class [entity.RhesusFactorConvertor]; falling back to static registry
2021-04-16T14:16:11,725|[DEBUG] JavaTypeDescriptorRegistry - Could not find matching scoped JavaTypeDescriptor for requested Java class [java.lang.String]; falling back to static registry
2021-04-16T14:16:11,727|[DEBUG] AttributeConverterTypeAdapter - Created AttributeConverterTypeAdapter -> converted::entity.RhesusFactorConvertor
2021-04-16T14:16:11,758|[DEBUG] EnumType - Using NAMED-based conversion for Enum entity.BloodGroup
2021-04-16T14:16:11,842|[DEBUG] TypeConfiguration$Scope - Scoping TypeConfiguration [org.hibernate.type.spi.TypeConfiguration@2169596d] to SessionFactoryImpl [org.hibernate.internal.SessionFactoryImpl@590e0275]
2021-04-16T14:16:12,194|[INFO ] SchemaCreatorImpl - HHH000476: Executing import script 'file:/D:/OneDrive%20-%20Algonquin%20College/Computer%20Programming/dev/Level%203/SimpleBloodBank-Skeleton/target/classes/META-INF/sql/simplebloodbank-drop.sql'
2021-04-16T14:16:12,207|[DEBUG] SQL - 
    
    DROP SCHEMA IF EXISTS `simplebloodbank`
2021-04-16T14:16:12,300|[INFO ] SchemaCreatorImpl - HHH000476: Executing import script 'file:/D:/OneDrive%20-%20Algonquin%20College/Computer%20Programming/dev/Level%203/SimpleBloodBank-Skeleton/target/classes/META-INF/sql/simplebloodbank-create.sql'
2021-04-16T14:16:12,311|[DEBUG] SQL - CREATE SCHEMA IF NOT EXISTS `simplebloodbank` DEFAULT CHARACTER SET utf8mb4 COLLATE utf8mb4_0900_ai_ci
2021-04-16T14:16:12,322|[DEBUG] SQL - 
    
    USE `simplebloodbank`
2021-04-16T14:16:12,324|[DEBUG] SQL - 
    
    CREATE TABLE IF NOT EXISTS `simplebloodbank`.`person` (
          `id` INT NOT NULL AUTO_INCREMENT,
          `first_name` VARCHAR(50) NOT NULL,
          `last_name` VARCHAR(50) NOT NULL,
          `phone` VARCHAR(15) NOT NULL,
          `address` VARCHAR(100) NOT NULL,
          `birth` DATETIME NOT NULL,
          PRIMARY KEY (`id`),
          UNIQUE INDEX `id_UNIQUE` (`id` ASC) VISIBLE
    ) ENGINE = InnoDB AUTO_INCREMENT = 2 DEFAULT CHARACTER SET = utf8mb4 COLLATE = utf8mb4_0900_ai_ci
2021-04-16T14:16:12,383|[DEBUG] SQL - 
    
    CREATE TABLE IF NOT EXISTS `simplebloodbank`.`blood_bank` (
          `bank_id` INT NOT NULL AUTO_INCREMENT,
          `owner` INT NULL,
          `name` VARCHAR(100) NOT NULL,
          `privately_owned` BIT(1) NOT NULL,
          `established` DATETIME NOT NULL,
          `emplyee_count` INT NOT NULL,
          PRIMARY KEY (`bank_id`),
          UNIQUE INDEX `name_UNIQUE` (`name` ASC) VISIBLE,
          UNIQUE INDEX `bank_id_UNIQUE` (`bank_id` ASC) VISIBLE,
          INDEX `fk_blood_bank_person1_idx` (`owner` ASC) VISIBLE,
          CONSTRAINT `fk_blood_bank_person1`     FOREIGN KEY (`owner`)     REFERENCES `simplebloodbank`.`person` (`id`)     ON DELETE NO ACTION     ON UPDATE NO ACTION
    ) ENGINE = InnoDB DEFAULT CHARACTER SET = utf8mb4 COLLATE = utf8mb4_0900_ai_ci
2021-04-16T14:16:12,448|[DEBUG] SQL - 
    
    CREATE TABLE IF NOT EXISTS `simplebloodbank`.`blood_donation` (
          `donation_id` INT NOT NULL AUTO_INCREMENT,
          `bank_id` INT NULL,
          `milliliters` INT NOT NULL,
          `blood_group` ENUM('A', 'B', 'AB', 'O') NOT NULL,
          `rhd` ENUM('+', '-') NOT NULL,
          `created` DATETIME NOT NULL,
          PRIMARY KEY (`donation_id`),
          INDEX `fk_blood_donation_blood_bank1_idx` (`bank_id` ASC) VISIBLE,
          UNIQUE INDEX `donation_id_UNIQUE` (`donation_id` ASC) VISIBLE,
          CONSTRAINT `fk_blood_donation_blood_bank1`     FOREIGN KEY (`bank_id`)     REFERENCES `simplebloodbank`.`blood_bank` (`bank_id`)
    ) ENGINE = InnoDB DEFAULT CHARACTER SET = utf8mb4 COLLATE = utf8mb4_0900_ai_ci
2021-04-16T14:16:12,504|[DEBUG] SQL - 
    
    CREATE TABLE IF NOT EXISTS `simplebloodbank`.`donation_record` (
          `record_id` INT NOT NULL AUTO_INCREMENT,
          `person_id` INT NULL DEFAULT NULL,
          `donation_id` INT NULL DEFAULT NULL,
          `tested` BIT(1) NOT NULL,
          `administrator` VARCHAR(100) NOT NULL,
          `hospital` VARCHAR(100) NOT NULL,
          `created` DATETIME NOT NULL,
          PRIMARY KEY (`record_id`),
          UNIQUE INDEX `record_id_UNIQUE` (`record_id` ASC) VISIBLE,
          INDEX `fk_donation_record_person1_idx` (`person_id` ASC) VISIBLE,
          INDEX `fk_donation_record_blood_donation1_idx` (`donation_id` ASC) VISIBLE,
          CONSTRAINT `fk_donation_record_blood_donation1`     FOREIGN KEY (`donation_id`)     REFERENCES `simplebloodbank`.`blood_donation` (`donation_id`),
          CONSTRAINT `fk_donation_record_person1`     FOREIGN KEY (`person_id`)     REFERENCES `simplebloodbank`.`person` (`id`)
    ) ENGINE = InnoDB DEFAULT CHARACTER SET = utf8mb4 COLLATE = utf8mb4_0900_ai_ci
2021-04-16T14:16:12,565|[DEBUG] SQL - 
    
    CREATE TABLE IF NOT EXISTS `simplebloodbank`.`account` (
          `id` INT NOT NULL AUTO_INCREMENT,
          `name` VARCHAR(45) NOT NULL,
          `nickname` VARCHAR(45) NULL,
          `username` VARCHAR(45) NOT NULL,
          `password` VARCHAR(45) NOT NULL,
          PRIMARY KEY (`id`),
          UNIQUE INDEX `name_UNIQUE` (`name` ASC) VISIBLE,
          UNIQUE INDEX `username_UNIQUE` (`username` ASC) VISIBLE
    ) ENGINE = InnoDB
2021-04-16T14:16:12,631|[INFO ] JtaPlatformInitiator - HHH000490: Using JtaPlatform implementation: [org.hibernate.engine.transaction.jta.platform.internal.NoJtaPlatform]
2021-04-16T14:16:12,748|[DEBUG] ServletListener - EMF initialized
2021-04-16T14:16:13,043|[DEBUG] EMFactory - getting EntityManagerFactory
2021-04-16T14:16:13,043|[DEBUG] EMFactory - initializeing EntityManagerFactory
2021-04-16T14:16:13,122|[DEBUG] SQL - 
    /* insert entity.Person
        */ insert 
        into
            simplebloodbank.person
            (address, birth, first_name, last_name, phone) 
        values
            (?, ?, ?, ?, ?)
2021-04-16T14:16:13,138|[TRACE] BasicBinder - binding parameter [1] as [VARCHAR] - [99 Woodrof Ave]
2021-04-16T14:16:13,138|[TRACE] BasicBinder - binding parameter [2] as [TIMESTAMP] - [Thu May 05 12:12:12 EDT 2022]
2021-04-16T14:16:13,140|[TRACE] BasicBinder - binding parameter [3] as [VARCHAR] - [Sophie]
2021-04-16T14:16:13,140|[TRACE] BasicBinder - binding parameter [4] as [VARCHAR] - [Sun]
2021-04-16T14:16:13,140|[TRACE] BasicBinder - binding parameter [5] as [VARCHAR] - [6136136666]
2021-04-16T14:16:13,166|[DEBUG] EMFactory - getting EntityManagerFactory
2021-04-16T14:16:13,166|[DEBUG] EMFactory - initializeing EntityManagerFactory
2021-04-16T14:16:13,175|[DEBUG] SQL - 
    /* load entity.Person */ select
        person0_.id as id1_4_0_,
        person0_.address as address2_4_0_,
        person0_.birth as birth3_4_0_,
        person0_.first_name as first_na4_4_0_,
        person0_.last_name as last_nam5_4_0_,
        person0_.phone as phone6_4_0_ 
    from
        simplebloodbank.person person0_ 
    where
        person0_.id=?
2021-04-16T14:16:13,175|[TRACE] BasicBinder - binding parameter [1] as [INTEGER] - [2]
2021-04-16T14:16:13,178|[TRACE] BasicExtractor - extracted value ([address2_4_0_] : [VARCHAR]) - [99 Woodrof Ave]
2021-04-16T14:16:13,179|[TRACE] BasicExtractor - extracted value ([birth3_4_0_] : [TIMESTAMP]) - [2022-05-05 12:12:12.0]
2021-04-16T14:16:13,179|[TRACE] BasicExtractor - extracted value ([first_na4_4_0_] : [VARCHAR]) - [Sophie]
2021-04-16T14:16:13,179|[TRACE] BasicExtractor - extracted value ([last_nam5_4_0_] : [VARCHAR]) - [Sun]
2021-04-16T14:16:13,179|[TRACE] BasicExtractor - extracted value ([phone6_4_0_] : [VARCHAR]) - [6136136666]
2021-04-16T14:16:13,187|[DEBUG] SQL - 
    /* load entity.BloodBank */ select
        bloodbank0_.bank_id as bank_id1_1_0_,
        bloodbank0_.emplyee_count as emplyee_2_1_0_,
        bloodbank0_.established as establis3_1_0_,
        bloodbank0_.name as name4_1_0_,
        bloodbank0_.owner as owner6_1_0_,
        bloodbank0_.privately_owned as privatel5_1_0_ 
    from
        simplebloodbank.blood_bank bloodbank0_ 
    where
        bloodbank0_.owner=?
2021-04-16T14:16:13,187|[TRACE] BasicBinder - binding parameter [1] as [INTEGER] - [2]
2021-04-16T14:16:13,199|[DEBUG] SQL - 
    /* delete entity.Person */ delete 
        from
            simplebloodbank.person 
        where
            id=?
2021-04-16T14:16:13,200|[TRACE] BasicBinder - binding parameter [1] as [INTEGER] - [2]
]]></system-out>
    <system-err><![CDATA[Apr 16, 2021 2:16:08 PM org.apache.catalina.core.StandardService startInternal
INFO: Starting service [Tomcat]
Apr 16, 2021 2:16:08 PM org.apache.catalina.core.StandardEngine startInternal
INFO: Starting Servlet engine: [Apache Tomcat/9.0.44]
Apr 16, 2021 2:16:08 PM org.apache.catalina.startup.ContextConfig getDefaultWebXmlFragment
INFO: No global web.xml found
Apr 16, 2021 2:16:08 PM org.apache.tomcat.util.scan.StandardJarScanner processURLs
WARNING: Failed to scan [file:/C:/Users/shado/.m2/repository/org/glassfish/jaxb/jaxb-runtime/2.3.1/jaxb-api-2.3.1.jar] from classloader hierarchy
java.io.IOException: java.lang.reflect.InvocationTargetException
	at org.apache.tomcat.util.compat.Jre9Compat.jarFileNewInstance(Jre9Compat.java:209)
	at org.apache.tomcat.util.scan.JarFileUrlJar.<init>(JarFileUrlJar.java:65)
	at org.apache.tomcat.util.scan.JarFactory.newInstance(JarFactory.java:49)
	at org.apache.tomcat.util.scan.StandardJarScanner.process(StandardJarScanner.java:383)
	at org.apache.tomcat.util.scan.StandardJarScanner.processURLs(StandardJarScanner.java:318)
	at org.apache.tomcat.util.scan.StandardJarScanner.doScanClassPath(StandardJarScanner.java:282)
	at org.apache.tomcat.util.scan.StandardJarScanner.scan(StandardJarScanner.java:233)
	at org.apache.catalina.startup.ContextConfig.processJarsForWebFragments(ContextConfig.java:2135)
	at org.apache.catalina.startup.ContextConfig.webConfig(ContextConfig.java:1289)
	at org.apache.catalina.startup.ContextConfig.configureStart(ContextConfig.java:986)
	at org.apache.catalina.startup.ContextConfig.lifecycleEvent(ContextConfig.java:303)
	at org.apache.catalina.util.LifecycleBase.fireLifecycleEvent(LifecycleBase.java:123)
	at org.apache.catalina.core.StandardContext.startInternal(StandardContext.java:5082)
	at org.apache.catalina.util.LifecycleBase.start(LifecycleBase.java:183)
	at org.apache.catalina.core.ContainerBase$StartChild.call(ContainerBase.java:1384)
	at org.apache.catalina.core.ContainerBase$StartChild.call(ContainerBase.java:1374)
	at java.base/java.util.concurrent.FutureTask.run(FutureTask.java:264)
	at org.apache.tomcat.util.threads.InlineExecutorService.execute(InlineExecutorService.java:75)
	at java.base/java.util.concurrent.AbstractExecutorService.submit(AbstractExecutorService.java:140)
	at org.apache.catalina.core.ContainerBase.startInternal(ContainerBase.java:909)
	at org.apache.catalina.core.StandardHost.startInternal(StandardHost.java:843)
	at org.apache.catalina.util.LifecycleBase.start(LifecycleBase.java:183)
	at org.apache.catalina.core.ContainerBase$StartChild.call(ContainerBase.java:1384)
	at org.apache.catalina.core.ContainerBase$StartChild.call(ContainerBase.java:1374)
	at java.base/java.util.concurrent.FutureTask.run(FutureTask.java:264)
	at org.apache.tomcat.util.threads.InlineExecutorService.execute(InlineExecutorService.java:75)
	at java.base/java.util.concurrent.AbstractExecutorService.submit(AbstractExecutorService.java:140)
	at org.apache.catalina.core.ContainerBase.startInternal(ContainerBase.java:909)
	at org.apache.catalina.core.StandardEngine.startInternal(StandardEngine.java:262)
	at org.apache.catalina.util.LifecycleBase.start(LifecycleBase.java:183)
	at org.apache.catalina.core.StandardService.startInternal(StandardService.java:434)
	at org.apache.catalina.util.LifecycleBase.start(LifecycleBase.java:183)
	at org.apache.catalina.core.StandardServer.startInternal(StandardServer.java:930)
	at org.apache.catalina.util.LifecycleBase.start(LifecycleBase.java:183)
	at org.apache.catalina.startup.Tomcat.start(Tomcat.java:486)
	at common.TomcatStartUp.createTomcat(TomcatStartUp.java:20)
	at logic.PersonLogicTest.setUpBeforeClass(PersonLogicTest.java:35)
	at java.base/jdk.internal.reflect.NativeMethodAccessorImpl.invoke0(Native Method)
	at java.base/jdk.internal.reflect.NativeMethodAccessorImpl.invoke(NativeMethodAccessorImpl.java:62)
	at java.base/jdk.internal.reflect.DelegatingMethodAccessorImpl.invoke(DelegatingMethodAccessorImpl.java:43)
	at java.base/java.lang.reflect.Method.invoke(Method.java:566)
	at org.junit.platform.commons.util.ReflectionUtils.invokeMethod(ReflectionUtils.java:688)
	at org.junit.jupiter.engine.execution.MethodInvocation.proceed(MethodInvocation.java:60)
	at org.junit.jupiter.engine.execution.InvocationInterceptorChain$ValidatingInvocation.proceed(InvocationInterceptorChain.java:131)
	at org.junit.jupiter.engine.extension.TimeoutExtension.intercept(TimeoutExtension.java:149)
	at org.junit.jupiter.engine.extension.TimeoutExtension.interceptLifecycleMethod(TimeoutExtension.java:126)
	at org.junit.jupiter.engine.extension.TimeoutExtension.interceptBeforeAllMethod(TimeoutExtension.java:68)
	at org.junit.jupiter.engine.execution.ExecutableInvoker$ReflectiveInterceptorCall.lambda$ofVoidMethod$0(ExecutableInvoker.java:115)
	at org.junit.jupiter.engine.execution.ExecutableInvoker.lambda$invoke$0(ExecutableInvoker.java:105)
	at org.junit.jupiter.engine.execution.InvocationInterceptorChain$InterceptedInvocation.proceed(InvocationInterceptorChain.java:106)
	at org.junit.jupiter.engine.execution.InvocationInterceptorChain.proceed(InvocationInterceptorChain.java:64)
	at org.junit.jupiter.engine.execution.InvocationInterceptorChain.chainAndInvoke(InvocationInterceptorChain.java:45)
	at org.junit.jupiter.engine.execution.InvocationInterceptorChain.invoke(InvocationInterceptorChain.java:37)
	at org.junit.jupiter.engine.execution.ExecutableInvoker.invoke(ExecutableInvoker.java:104)
	at org.junit.jupiter.engine.execution.ExecutableInvoker.invoke(ExecutableInvoker.java:98)
	at org.junit.jupiter.engine.descriptor.ClassBasedTestDescriptor.lambda$invokeBeforeAllMethods$9(ClassBasedTestDescriptor.java:384)
	at org.junit.platform.engine.support.hierarchical.ThrowableCollector.execute(ThrowableCollector.java:73)
	at org.junit.jupiter.engine.descriptor.ClassBasedTestDescriptor.invokeBeforeAllMethods(ClassBasedTestDescriptor.java:382)
	at org.junit.jupiter.engine.descriptor.ClassBasedTestDescriptor.before(ClassBasedTestDescriptor.java:196)
	at org.junit.jupiter.engine.descriptor.ClassBasedTestDescriptor.before(ClassBasedTestDescriptor.java:78)
	at org.junit.platform.engine.support.hierarchical.NodeTestTask.lambda$executeRecursively$5(NodeTestTask.java:136)
	at org.junit.platform.engine.support.hierarchical.ThrowableCollector.execute(ThrowableCollector.java:73)
	at org.junit.platform.engine.support.hierarchical.NodeTestTask.lambda$executeRecursively$7(NodeTestTask.java:129)
	at org.junit.platform.engine.support.hierarchical.Node.around(Node.java:137)
	at org.junit.platform.engine.support.hierarchical.NodeTestTask.lambda$executeRecursively$8(NodeTestTask.java:127)
	at org.junit.platform.engine.support.hierarchical.ThrowableCollector.execute(ThrowableCollector.java:73)
	at org.junit.platform.engine.support.hierarchical.NodeTestTask.executeRecursively(NodeTestTask.java:126)
	at org.junit.platform.engine.support.hierarchical.NodeTestTask.execute(NodeTestTask.java:84)
	at java.base/java.util.ArrayList.forEach(ArrayList.java:1541)
	at org.junit.platform.engine.support.hierarchical.SameThreadHierarchicalTestExecutorService.invokeAll(SameThreadHierarchicalTestExecutorService.java:38)
	at org.junit.platform.engine.support.hierarchical.NodeTestTask.lambda$executeRecursively$5(NodeTestTask.java:143)
	at org.junit.platform.engine.support.hierarchical.ThrowableCollector.execute(ThrowableCollector.java:73)
	at org.junit.platform.engine.support.hierarchical.NodeTestTask.lambda$executeRecursively$7(NodeTestTask.java:129)
	at org.junit.platform.engine.support.hierarchical.Node.around(Node.java:137)
	at org.junit.platform.engine.support.hierarchical.NodeTestTask.lambda$executeRecursively$8(NodeTestTask.java:127)
	at org.junit.platform.engine.support.hierarchical.ThrowableCollector.execute(ThrowableCollector.java:73)
	at org.junit.platform.engine.support.hierarchical.NodeTestTask.executeRecursively(NodeTestTask.java:126)
	at org.junit.platform.engine.support.hierarchical.NodeTestTask.execute(NodeTestTask.java:84)
	at org.junit.platform.engine.support.hierarchical.SameThreadHierarchicalTestExecutorService.submit(SameThreadHierarchicalTestExecutorService.java:32)
	at org.junit.platform.engine.support.hierarchical.HierarchicalTestExecutor.execute(HierarchicalTestExecutor.java:57)
	at org.junit.platform.engine.support.hierarchical.HierarchicalTestEngine.execute(HierarchicalTestEngine.java:51)
	at org.junit.platform.launcher.core.EngineExecutionOrchestrator.execute(EngineExecutionOrchestrator.java:108)
	at org.junit.platform.launcher.core.EngineExecutionOrchestrator.execute(EngineExecutionOrchestrator.java:88)
	at org.junit.platform.launcher.core.EngineExecutionOrchestrator.lambda$execute$0(EngineExecutionOrchestrator.java:54)
	at org.junit.platform.launcher.core.EngineExecutionOrchestrator.withInterceptedStreams(EngineExecutionOrchestrator.java:67)
	at org.junit.platform.launcher.core.EngineExecutionOrchestrator.execute(EngineExecutionOrchestrator.java:52)
	at org.junit.platform.launcher.core.DefaultLauncher.execute(DefaultLauncher.java:96)
	at org.junit.platform.launcher.core.DefaultLauncher.execute(DefaultLauncher.java:75)
	at org.apache.maven.surefire.junitplatform.JUnitPlatformProvider.execute(JUnitPlatformProvider.java:188)
	at org.apache.maven.surefire.junitplatform.JUnitPlatformProvider.invokeAllTests(JUnitPlatformProvider.java:154)
	at org.apache.maven.surefire.junitplatform.JUnitPlatformProvider.invoke(JUnitPlatformProvider.java:128)
	at org.apache.maven.surefire.booter.ForkedBooter.runSuitesInProcess(ForkedBooter.java:428)
	at org.apache.maven.surefire.booter.ForkedBooter.execute(ForkedBooter.java:162)
	at org.apache.maven.surefire.booter.ForkedBooter.run(ForkedBooter.java:562)
	at org.apache.maven.surefire.booter.ForkedBooter.main(ForkedBooter.java:548)
Caused by: java.lang.reflect.InvocationTargetException
	at java.base/jdk.internal.reflect.GeneratedConstructorAccessor16.newInstance(Unknown Source)
	at java.base/jdk.internal.reflect.DelegatingConstructorAccessorImpl.newInstance(DelegatingConstructorAccessorImpl.java:45)
	at java.base/java.lang.reflect.Constructor.newInstance(Constructor.java:490)
	at org.apache.tomcat.util.compat.Jre9Compat.jarFileNewInstance(Jre9Compat.java:206)
	... 94 more
Caused by: java.nio.file.NoSuchFileException: C:\Users\shado\.m2\repository\org\glassfish\jaxb\jaxb-runtime\2.3.1\jaxb-api-2.3.1.jar
	at java.base/sun.nio.fs.WindowsException.translateToIOException(WindowsException.java:85)
	at java.base/sun.nio.fs.WindowsException.rethrowAsIOException(WindowsException.java:103)
	at java.base/sun.nio.fs.WindowsException.rethrowAsIOException(WindowsException.java:108)
	at java.base/sun.nio.fs.WindowsFileAttributeViews$Basic.readAttributes(WindowsFileAttributeViews.java:53)
	at java.base/sun.nio.fs.WindowsFileAttributeViews$Basic.readAttributes(WindowsFileAttributeViews.java:38)
	at java.base/sun.nio.fs.WindowsFileSystemProvider.readAttributes(WindowsFileSystemProvider.java:198)
	at java.base/java.nio.file.Files.readAttributes(Files.java:1763)
	at java.base/java.util.zip.ZipFile$Source.get(ZipFile.java:1225)
	at java.base/java.util.zip.ZipFile$CleanableResource.<init>(ZipFile.java:727)
	at java.base/java.util.zip.ZipFile$CleanableResource.get(ZipFile.java:844)
	at java.base/java.util.zip.ZipFile.<init>(ZipFile.java:247)
	at java.base/java.util.zip.ZipFile.<init>(ZipFile.java:177)
	at java.base/java.util.jar.JarFile.<init>(JarFile.java:348)
	... 98 more

Apr 16, 2021 2:16:08 PM org.apache.tomcat.util.scan.StandardJarScanner processURLs
WARNING: Failed to scan [file:/C:/Users/shado/.m2/repository/org/glassfish/jaxb/jaxb-runtime/2.3.1/txw2-2.3.1.jar] from classloader hierarchy
java.io.IOException: java.lang.reflect.InvocationTargetException
	at org.apache.tomcat.util.compat.Jre9Compat.jarFileNewInstance(Jre9Compat.java:209)
	at org.apache.tomcat.util.scan.JarFileUrlJar.<init>(JarFileUrlJar.java:65)
	at org.apache.tomcat.util.scan.JarFactory.newInstance(JarFactory.java:49)
	at org.apache.tomcat.util.scan.StandardJarScanner.process(StandardJarScanner.java:383)
	at org.apache.tomcat.util.scan.StandardJarScanner.processURLs(StandardJarScanner.java:318)
	at org.apache.tomcat.util.scan.StandardJarScanner.doScanClassPath(StandardJarScanner.java:282)
	at org.apache.tomcat.util.scan.StandardJarScanner.scan(StandardJarScanner.java:233)
	at org.apache.catalina.startup.ContextConfig.processJarsForWebFragments(ContextConfig.java:2135)
	at org.apache.catalina.startup.ContextConfig.webConfig(ContextConfig.java:1289)
	at org.apache.catalina.startup.ContextConfig.configureStart(ContextConfig.java:986)
	at org.apache.catalina.startup.ContextConfig.lifecycleEvent(ContextConfig.java:303)
	at org.apache.catalina.util.LifecycleBase.fireLifecycleEvent(LifecycleBase.java:123)
	at org.apache.catalina.core.StandardContext.startInternal(StandardContext.java:5082)
	at org.apache.catalina.util.LifecycleBase.start(LifecycleBase.java:183)
	at org.apache.catalina.core.ContainerBase$StartChild.call(ContainerBase.java:1384)
	at org.apache.catalina.core.ContainerBase$StartChild.call(ContainerBase.java:1374)
	at java.base/java.util.concurrent.FutureTask.run(FutureTask.java:264)
	at org.apache.tomcat.util.threads.InlineExecutorService.execute(InlineExecutorService.java:75)
	at java.base/java.util.concurrent.AbstractExecutorService.submit(AbstractExecutorService.java:140)
	at org.apache.catalina.core.ContainerBase.startInternal(ContainerBase.java:909)
	at org.apache.catalina.core.StandardHost.startInternal(StandardHost.java:843)
	at org.apache.catalina.util.LifecycleBase.start(LifecycleBase.java:183)
	at org.apache.catalina.core.ContainerBase$StartChild.call(ContainerBase.java:1384)
	at org.apache.catalina.core.ContainerBase$StartChild.call(ContainerBase.java:1374)
	at java.base/java.util.concurrent.FutureTask.run(FutureTask.java:264)
	at org.apache.tomcat.util.threads.InlineExecutorService.execute(InlineExecutorService.java:75)
	at java.base/java.util.concurrent.AbstractExecutorService.submit(AbstractExecutorService.java:140)
	at org.apache.catalina.core.ContainerBase.startInternal(ContainerBase.java:909)
	at org.apache.catalina.core.StandardEngine.startInternal(StandardEngine.java:262)
	at org.apache.catalina.util.LifecycleBase.start(LifecycleBase.java:183)
	at org.apache.catalina.core.StandardService.startInternal(StandardService.java:434)
	at org.apache.catalina.util.LifecycleBase.start(LifecycleBase.java:183)
	at org.apache.catalina.core.StandardServer.startInternal(StandardServer.java:930)
	at org.apache.catalina.util.LifecycleBase.start(LifecycleBase.java:183)
	at org.apache.catalina.startup.Tomcat.start(Tomcat.java:486)
	at common.TomcatStartUp.createTomcat(TomcatStartUp.java:20)
	at logic.PersonLogicTest.setUpBeforeClass(PersonLogicTest.java:35)
	at java.base/jdk.internal.reflect.NativeMethodAccessorImpl.invoke0(Native Method)
	at java.base/jdk.internal.reflect.NativeMethodAccessorImpl.invoke(NativeMethodAccessorImpl.java:62)
	at java.base/jdk.internal.reflect.DelegatingMethodAccessorImpl.invoke(DelegatingMethodAccessorImpl.java:43)
	at java.base/java.lang.reflect.Method.invoke(Method.java:566)
	at org.junit.platform.commons.util.ReflectionUtils.invokeMethod(ReflectionUtils.java:688)
	at org.junit.jupiter.engine.execution.MethodInvocation.proceed(MethodInvocation.java:60)
	at org.junit.jupiter.engine.execution.InvocationInterceptorChain$ValidatingInvocation.proceed(InvocationInterceptorChain.java:131)
	at org.junit.jupiter.engine.extension.TimeoutExtension.intercept(TimeoutExtension.java:149)
	at org.junit.jupiter.engine.extension.TimeoutExtension.interceptLifecycleMethod(TimeoutExtension.java:126)
	at org.junit.jupiter.engine.extension.TimeoutExtension.interceptBeforeAllMethod(TimeoutExtension.java:68)
	at org.junit.jupiter.engine.execution.ExecutableInvoker$ReflectiveInterceptorCall.lambda$ofVoidMethod$0(ExecutableInvoker.java:115)
	at org.junit.jupiter.engine.execution.ExecutableInvoker.lambda$invoke$0(ExecutableInvoker.java:105)
	at org.junit.jupiter.engine.execution.InvocationInterceptorChain$InterceptedInvocation.proceed(InvocationInterceptorChain.java:106)
	at org.junit.jupiter.engine.execution.InvocationInterceptorChain.proceed(InvocationInterceptorChain.java:64)
	at org.junit.jupiter.engine.execution.InvocationInterceptorChain.chainAndInvoke(InvocationInterceptorChain.java:45)
	at org.junit.jupiter.engine.execution.InvocationInterceptorChain.invoke(InvocationInterceptorChain.java:37)
	at org.junit.jupiter.engine.execution.ExecutableInvoker.invoke(ExecutableInvoker.java:104)
	at org.junit.jupiter.engine.execution.ExecutableInvoker.invoke(ExecutableInvoker.java:98)
	at org.junit.jupiter.engine.descriptor.ClassBasedTestDescriptor.lambda$invokeBeforeAllMethods$9(ClassBasedTestDescriptor.java:384)
	at org.junit.platform.engine.support.hierarchical.ThrowableCollector.execute(ThrowableCollector.java:73)
	at org.junit.jupiter.engine.descriptor.ClassBasedTestDescriptor.invokeBeforeAllMethods(ClassBasedTestDescriptor.java:382)
	at org.junit.jupiter.engine.descriptor.ClassBasedTestDescriptor.before(ClassBasedTestDescriptor.java:196)
	at org.junit.jupiter.engine.descriptor.ClassBasedTestDescriptor.before(ClassBasedTestDescriptor.java:78)
	at org.junit.platform.engine.support.hierarchical.NodeTestTask.lambda$executeRecursively$5(NodeTestTask.java:136)
	at org.junit.platform.engine.support.hierarchical.ThrowableCollector.execute(ThrowableCollector.java:73)
	at org.junit.platform.engine.support.hierarchical.NodeTestTask.lambda$executeRecursively$7(NodeTestTask.java:129)
	at org.junit.platform.engine.support.hierarchical.Node.around(Node.java:137)
	at org.junit.platform.engine.support.hierarchical.NodeTestTask.lambda$executeRecursively$8(NodeTestTask.java:127)
	at org.junit.platform.engine.support.hierarchical.ThrowableCollector.execute(ThrowableCollector.java:73)
	at org.junit.platform.engine.support.hierarchical.NodeTestTask.executeRecursively(NodeTestTask.java:126)
	at org.junit.platform.engine.support.hierarchical.NodeTestTask.execute(NodeTestTask.java:84)
	at java.base/java.util.ArrayList.forEach(ArrayList.java:1541)
	at org.junit.platform.engine.support.hierarchical.SameThreadHierarchicalTestExecutorService.invokeAll(SameThreadHierarchicalTestExecutorService.java:38)
	at org.junit.platform.engine.support.hierarchical.NodeTestTask.lambda$executeRecursively$5(NodeTestTask.java:143)
	at org.junit.platform.engine.support.hierarchical.ThrowableCollector.execute(ThrowableCollector.java:73)
	at org.junit.platform.engine.support.hierarchical.NodeTestTask.lambda$executeRecursively$7(NodeTestTask.java:129)
	at org.junit.platform.engine.support.hierarchical.Node.around(Node.java:137)
	at org.junit.platform.engine.support.hierarchical.NodeTestTask.lambda$executeRecursively$8(NodeTestTask.java:127)
	at org.junit.platform.engine.support.hierarchical.ThrowableCollector.execute(ThrowableCollector.java:73)
	at org.junit.platform.engine.support.hierarchical.NodeTestTask.executeRecursively(NodeTestTask.java:126)
	at org.junit.platform.engine.support.hierarchical.NodeTestTask.execute(NodeTestTask.java:84)
	at org.junit.platform.engine.support.hierarchical.SameThreadHierarchicalTestExecutorService.submit(SameThreadHierarchicalTestExecutorService.java:32)
	at org.junit.platform.engine.support.hierarchical.HierarchicalTestExecutor.execute(HierarchicalTestExecutor.java:57)
	at org.junit.platform.engine.support.hierarchical.HierarchicalTestEngine.execute(HierarchicalTestEngine.java:51)
	at org.junit.platform.launcher.core.EngineExecutionOrchestrator.execute(EngineExecutionOrchestrator.java:108)
	at org.junit.platform.launcher.core.EngineExecutionOrchestrator.execute(EngineExecutionOrchestrator.java:88)
	at org.junit.platform.launcher.core.EngineExecutionOrchestrator.lambda$execute$0(EngineExecutionOrchestrator.java:54)
	at org.junit.platform.launcher.core.EngineExecutionOrchestrator.withInterceptedStreams(EngineExecutionOrchestrator.java:67)
	at org.junit.platform.launcher.core.EngineExecutionOrchestrator.execute(EngineExecutionOrchestrator.java:52)
	at org.junit.platform.launcher.core.DefaultLauncher.execute(DefaultLauncher.java:96)
	at org.junit.platform.launcher.core.DefaultLauncher.execute(DefaultLauncher.java:75)
	at org.apache.maven.surefire.junitplatform.JUnitPlatformProvider.execute(JUnitPlatformProvider.java:188)
	at org.apache.maven.surefire.junitplatform.JUnitPlatformProvider.invokeAllTests(JUnitPlatformProvider.java:154)
	at org.apache.maven.surefire.junitplatform.JUnitPlatformProvider.invoke(JUnitPlatformProvider.java:128)
	at org.apache.maven.surefire.booter.ForkedBooter.runSuitesInProcess(ForkedBooter.java:428)
	at org.apache.maven.surefire.booter.ForkedBooter.execute(ForkedBooter.java:162)
	at org.apache.maven.surefire.booter.ForkedBooter.run(ForkedBooter.java:562)
	at org.apache.maven.surefire.booter.ForkedBooter.main(ForkedBooter.java:548)
Caused by: java.lang.reflect.InvocationTargetException
	at java.base/jdk.internal.reflect.GeneratedConstructorAccessor16.newInstance(Unknown Source)
	at java.base/jdk.internal.reflect.DelegatingConstructorAccessorImpl.newInstance(DelegatingConstructorAccessorImpl.java:45)
	at java.base/java.lang.reflect.Constructor.newInstance(Constructor.java:490)
	at org.apache.tomcat.util.compat.Jre9Compat.jarFileNewInstance(Jre9Compat.java:206)
	... 94 more
Caused by: java.nio.file.NoSuchFileException: C:\Users\shado\.m2\repository\org\glassfish\jaxb\jaxb-runtime\2.3.1\txw2-2.3.1.jar
	at java.base/sun.nio.fs.WindowsException.translateToIOException(WindowsException.java:85)
	at java.base/sun.nio.fs.WindowsException.rethrowAsIOException(WindowsException.java:103)
	at java.base/sun.nio.fs.WindowsException.rethrowAsIOException(WindowsException.java:108)
	at java.base/sun.nio.fs.WindowsFileAttributeViews$Basic.readAttributes(WindowsFileAttributeViews.java:53)
	at java.base/sun.nio.fs.WindowsFileAttributeViews$Basic.readAttributes(WindowsFileAttributeViews.java:38)
	at java.base/sun.nio.fs.WindowsFileSystemProvider.readAttributes(WindowsFileSystemProvider.java:198)
	at java.base/java.nio.file.Files.readAttributes(Files.java:1763)
	at java.base/java.util.zip.ZipFile$Source.get(ZipFile.java:1225)
	at java.base/java.util.zip.ZipFile$CleanableResource.<init>(ZipFile.java:727)
	at java.base/java.util.zip.ZipFile$CleanableResource.get(ZipFile.java:844)
	at java.base/java.util.zip.ZipFile.<init>(ZipFile.java:247)
	at java.base/java.util.zip.ZipFile.<init>(ZipFile.java:177)
	at java.base/java.util.jar.JarFile.<init>(JarFile.java:348)
	... 98 more

Apr 16, 2021 2:16:08 PM org.apache.tomcat.util.scan.StandardJarScanner processURLs
WARNING: Failed to scan [file:/C:/Users/shado/.m2/repository/org/glassfish/jaxb/jaxb-runtime/2.3.1/istack-commons-runtime-3.0.7.jar] from classloader hierarchy
java.io.IOException: java.lang.reflect.InvocationTargetException
	at org.apache.tomcat.util.compat.Jre9Compat.jarFileNewInstance(Jre9Compat.java:209)
	at org.apache.tomcat.util.scan.JarFileUrlJar.<init>(JarFileUrlJar.java:65)
	at org.apache.tomcat.util.scan.JarFactory.newInstance(JarFactory.java:49)
	at org.apache.tomcat.util.scan.StandardJarScanner.process(StandardJarScanner.java:383)
	at org.apache.tomcat.util.scan.StandardJarScanner.processURLs(StandardJarScanner.java:318)
	at org.apache.tomcat.util.scan.StandardJarScanner.doScanClassPath(StandardJarScanner.java:282)
	at org.apache.tomcat.util.scan.StandardJarScanner.scan(StandardJarScanner.java:233)
	at org.apache.catalina.startup.ContextConfig.processJarsForWebFragments(ContextConfig.java:2135)
	at org.apache.catalina.startup.ContextConfig.webConfig(ContextConfig.java:1289)
	at org.apache.catalina.startup.ContextConfig.configureStart(ContextConfig.java:986)
	at org.apache.catalina.startup.ContextConfig.lifecycleEvent(ContextConfig.java:303)
	at org.apache.catalina.util.LifecycleBase.fireLifecycleEvent(LifecycleBase.java:123)
	at org.apache.catalina.core.StandardContext.startInternal(StandardContext.java:5082)
	at org.apache.catalina.util.LifecycleBase.start(LifecycleBase.java:183)
	at org.apache.catalina.core.ContainerBase$StartChild.call(ContainerBase.java:1384)
	at org.apache.catalina.core.ContainerBase$StartChild.call(ContainerBase.java:1374)
	at java.base/java.util.concurrent.FutureTask.run(FutureTask.java:264)
	at org.apache.tomcat.util.threads.InlineExecutorService.execute(InlineExecutorService.java:75)
	at java.base/java.util.concurrent.AbstractExecutorService.submit(AbstractExecutorService.java:140)
	at org.apache.catalina.core.ContainerBase.startInternal(ContainerBase.java:909)
	at org.apache.catalina.core.StandardHost.startInternal(StandardHost.java:843)
	at org.apache.catalina.util.LifecycleBase.start(LifecycleBase.java:183)
	at org.apache.catalina.core.ContainerBase$StartChild.call(ContainerBase.java:1384)
	at org.apache.catalina.core.ContainerBase$StartChild.call(ContainerBase.java:1374)
	at java.base/java.util.concurrent.FutureTask.run(FutureTask.java:264)
	at org.apache.tomcat.util.threads.InlineExecutorService.execute(InlineExecutorService.java:75)
	at java.base/java.util.concurrent.AbstractExecutorService.submit(AbstractExecutorService.java:140)
	at org.apache.catalina.core.ContainerBase.startInternal(ContainerBase.java:909)
	at org.apache.catalina.core.StandardEngine.startInternal(StandardEngine.java:262)
	at org.apache.catalina.util.LifecycleBase.start(LifecycleBase.java:183)
	at org.apache.catalina.core.StandardService.startInternal(StandardService.java:434)
	at org.apache.catalina.util.LifecycleBase.start(LifecycleBase.java:183)
	at org.apache.catalina.core.StandardServer.startInternal(StandardServer.java:930)
	at org.apache.catalina.util.LifecycleBase.start(LifecycleBase.java:183)
	at org.apache.catalina.startup.Tomcat.start(Tomcat.java:486)
	at common.TomcatStartUp.createTomcat(TomcatStartUp.java:20)
	at logic.PersonLogicTest.setUpBeforeClass(PersonLogicTest.java:35)
	at java.base/jdk.internal.reflect.NativeMethodAccessorImpl.invoke0(Native Method)
	at java.base/jdk.internal.reflect.NativeMethodAccessorImpl.invoke(NativeMethodAccessorImpl.java:62)
	at java.base/jdk.internal.reflect.DelegatingMethodAccessorImpl.invoke(DelegatingMethodAccessorImpl.java:43)
	at java.base/java.lang.reflect.Method.invoke(Method.java:566)
	at org.junit.platform.commons.util.ReflectionUtils.invokeMethod(ReflectionUtils.java:688)
	at org.junit.jupiter.engine.execution.MethodInvocation.proceed(MethodInvocation.java:60)
	at org.junit.jupiter.engine.execution.InvocationInterceptorChain$ValidatingInvocation.proceed(InvocationInterceptorChain.java:131)
	at org.junit.jupiter.engine.extension.TimeoutExtension.intercept(TimeoutExtension.java:149)
	at org.junit.jupiter.engine.extension.TimeoutExtension.interceptLifecycleMethod(TimeoutExtension.java:126)
	at org.junit.jupiter.engine.extension.TimeoutExtension.interceptBeforeAllMethod(TimeoutExtension.java:68)
	at org.junit.jupiter.engine.execution.ExecutableInvoker$ReflectiveInterceptorCall.lambda$ofVoidMethod$0(ExecutableInvoker.java:115)
	at org.junit.jupiter.engine.execution.ExecutableInvoker.lambda$invoke$0(ExecutableInvoker.java:105)
	at org.junit.jupiter.engine.execution.InvocationInterceptorChain$InterceptedInvocation.proceed(InvocationInterceptorChain.java:106)
	at org.junit.jupiter.engine.execution.InvocationInterceptorChain.proceed(InvocationInterceptorChain.java:64)
	at org.junit.jupiter.engine.execution.InvocationInterceptorChain.chainAndInvoke(InvocationInterceptorChain.java:45)
	at org.junit.jupiter.engine.execution.InvocationInterceptorChain.invoke(InvocationInterceptorChain.java:37)
	at org.junit.jupiter.engine.execution.ExecutableInvoker.invoke(ExecutableInvoker.java:104)
	at org.junit.jupiter.engine.execution.ExecutableInvoker.invoke(ExecutableInvoker.java:98)
	at org.junit.jupiter.engine.descriptor.ClassBasedTestDescriptor.lambda$invokeBeforeAllMethods$9(ClassBasedTestDescriptor.java:384)
	at org.junit.platform.engine.support.hierarchical.ThrowableCollector.execute(ThrowableCollector.java:73)
	at org.junit.jupiter.engine.descriptor.ClassBasedTestDescriptor.invokeBeforeAllMethods(ClassBasedTestDescriptor.java:382)
	at org.junit.jupiter.engine.descriptor.ClassBasedTestDescriptor.before(ClassBasedTestDescriptor.java:196)
	at org.junit.jupiter.engine.descriptor.ClassBasedTestDescriptor.before(ClassBasedTestDescriptor.java:78)
	at org.junit.platform.engine.support.hierarchical.NodeTestTask.lambda$executeRecursively$5(NodeTestTask.java:136)
	at org.junit.platform.engine.support.hierarchical.ThrowableCollector.execute(ThrowableCollector.java:73)
	at org.junit.platform.engine.support.hierarchical.NodeTestTask.lambda$executeRecursively$7(NodeTestTask.java:129)
	at org.junit.platform.engine.support.hierarchical.Node.around(Node.java:137)
	at org.junit.platform.engine.support.hierarchical.NodeTestTask.lambda$executeRecursively$8(NodeTestTask.java:127)
	at org.junit.platform.engine.support.hierarchical.ThrowableCollector.execute(ThrowableCollector.java:73)
	at org.junit.platform.engine.support.hierarchical.NodeTestTask.executeRecursively(NodeTestTask.java:126)
	at org.junit.platform.engine.support.hierarchical.NodeTestTask.execute(NodeTestTask.java:84)
	at java.base/java.util.ArrayList.forEach(ArrayList.java:1541)
	at org.junit.platform.engine.support.hierarchical.SameThreadHierarchicalTestExecutorService.invokeAll(SameThreadHierarchicalTestExecutorService.java:38)
	at org.junit.platform.engine.support.hierarchical.NodeTestTask.lambda$executeRecursively$5(NodeTestTask.java:143)
	at org.junit.platform.engine.support.hierarchical.ThrowableCollector.execute(ThrowableCollector.java:73)
	at org.junit.platform.engine.support.hierarchical.NodeTestTask.lambda$executeRecursively$7(NodeTestTask.java:129)
	at org.junit.platform.engine.support.hierarchical.Node.around(Node.java:137)
	at org.junit.platform.engine.support.hierarchical.NodeTestTask.lambda$executeRecursively$8(NodeTestTask.java:127)
	at org.junit.platform.engine.support.hierarchical.ThrowableCollector.execute(ThrowableCollector.java:73)
	at org.junit.platform.engine.support.hierarchical.NodeTestTask.executeRecursively(NodeTestTask.java:126)
	at org.junit.platform.engine.support.hierarchical.NodeTestTask.execute(NodeTestTask.java:84)
	at org.junit.platform.engine.support.hierarchical.SameThreadHierarchicalTestExecutorService.submit(SameThreadHierarchicalTestExecutorService.java:32)
	at org.junit.platform.engine.support.hierarchical.HierarchicalTestExecutor.execute(HierarchicalTestExecutor.java:57)
	at org.junit.platform.engine.support.hierarchical.HierarchicalTestEngine.execute(HierarchicalTestEngine.java:51)
	at org.junit.platform.launcher.core.EngineExecutionOrchestrator.execute(EngineExecutionOrchestrator.java:108)
	at org.junit.platform.launcher.core.EngineExecutionOrchestrator.execute(EngineExecutionOrchestrator.java:88)
	at org.junit.platform.launcher.core.EngineExecutionOrchestrator.lambda$execute$0(EngineExecutionOrchestrator.java:54)
	at org.junit.platform.launcher.core.EngineExecutionOrchestrator.withInterceptedStreams(EngineExecutionOrchestrator.java:67)
	at org.junit.platform.launcher.core.EngineExecutionOrchestrator.execute(EngineExecutionOrchestrator.java:52)
	at org.junit.platform.launcher.core.DefaultLauncher.execute(DefaultLauncher.java:96)
	at org.junit.platform.launcher.core.DefaultLauncher.execute(DefaultLauncher.java:75)
	at org.apache.maven.surefire.junitplatform.JUnitPlatformProvider.execute(JUnitPlatformProvider.java:188)
	at org.apache.maven.surefire.junitplatform.JUnitPlatformProvider.invokeAllTests(JUnitPlatformProvider.java:154)
	at org.apache.maven.surefire.junitplatform.JUnitPlatformProvider.invoke(JUnitPlatformProvider.java:128)
	at org.apache.maven.surefire.booter.ForkedBooter.runSuitesInProcess(ForkedBooter.java:428)
	at org.apache.maven.surefire.booter.ForkedBooter.execute(ForkedBooter.java:162)
	at org.apache.maven.surefire.booter.ForkedBooter.run(ForkedBooter.java:562)
	at org.apache.maven.surefire.booter.ForkedBooter.main(ForkedBooter.java:548)
Caused by: java.lang.reflect.InvocationTargetException
	at java.base/jdk.internal.reflect.GeneratedConstructorAccessor16.newInstance(Unknown Source)
	at java.base/jdk.internal.reflect.DelegatingConstructorAccessorImpl.newInstance(DelegatingConstructorAccessorImpl.java:45)
	at java.base/java.lang.reflect.Constructor.newInstance(Constructor.java:490)
	at org.apache.tomcat.util.compat.Jre9Compat.jarFileNewInstance(Jre9Compat.java:206)
	... 94 more
Caused by: java.nio.file.NoSuchFileException: C:\Users\shado\.m2\repository\org\glassfish\jaxb\jaxb-runtime\2.3.1\istack-commons-runtime-3.0.7.jar
	at java.base/sun.nio.fs.WindowsException.translateToIOException(WindowsException.java:85)
	at java.base/sun.nio.fs.WindowsException.rethrowAsIOException(WindowsException.java:103)
	at java.base/sun.nio.fs.WindowsException.rethrowAsIOException(WindowsException.java:108)
	at java.base/sun.nio.fs.WindowsFileAttributeViews$Basic.readAttributes(WindowsFileAttributeViews.java:53)
	at java.base/sun.nio.fs.WindowsFileAttributeViews$Basic.readAttributes(WindowsFileAttributeViews.java:38)
	at java.base/sun.nio.fs.WindowsFileSystemProvider.readAttributes(WindowsFileSystemProvider.java:198)
	at java.base/java.nio.file.Files.readAttributes(Files.java:1763)
	at java.base/java.util.zip.ZipFile$Source.get(ZipFile.java:1225)
	at java.base/java.util.zip.ZipFile$CleanableResource.<init>(ZipFile.java:727)
	at java.base/java.util.zip.ZipFile$CleanableResource.get(ZipFile.java:844)
	at java.base/java.util.zip.ZipFile.<init>(ZipFile.java:247)
	at java.base/java.util.zip.ZipFile.<init>(ZipFile.java:177)
	at java.base/java.util.jar.JarFile.<init>(JarFile.java:348)
	... 98 more

Apr 16, 2021 2:16:08 PM org.apache.tomcat.util.scan.StandardJarScanner processURLs
WARNING: Failed to scan [file:/C:/Users/shado/.m2/repository/org/glassfish/jaxb/jaxb-runtime/2.3.1/stax-ex-1.8.jar] from classloader hierarchy
java.io.IOException: java.lang.reflect.InvocationTargetException
	at org.apache.tomcat.util.compat.Jre9Compat.jarFileNewInstance(Jre9Compat.java:209)
	at org.apache.tomcat.util.scan.JarFileUrlJar.<init>(JarFileUrlJar.java:65)
	at org.apache.tomcat.util.scan.JarFactory.newInstance(JarFactory.java:49)
	at org.apache.tomcat.util.scan.StandardJarScanner.process(StandardJarScanner.java:383)
	at org.apache.tomcat.util.scan.StandardJarScanner.processURLs(StandardJarScanner.java:318)
	at org.apache.tomcat.util.scan.StandardJarScanner.doScanClassPath(StandardJarScanner.java:282)
	at org.apache.tomcat.util.scan.StandardJarScanner.scan(StandardJarScanner.java:233)
	at org.apache.catalina.startup.ContextConfig.processJarsForWebFragments(ContextConfig.java:2135)
	at org.apache.catalina.startup.ContextConfig.webConfig(ContextConfig.java:1289)
	at org.apache.catalina.startup.ContextConfig.configureStart(ContextConfig.java:986)
	at org.apache.catalina.startup.ContextConfig.lifecycleEvent(ContextConfig.java:303)
	at org.apache.catalina.util.LifecycleBase.fireLifecycleEvent(LifecycleBase.java:123)
	at org.apache.catalina.core.StandardContext.startInternal(StandardContext.java:5082)
	at org.apache.catalina.util.LifecycleBase.start(LifecycleBase.java:183)
	at org.apache.catalina.core.ContainerBase$StartChild.call(ContainerBase.java:1384)
	at org.apache.catalina.core.ContainerBase$StartChild.call(ContainerBase.java:1374)
	at java.base/java.util.concurrent.FutureTask.run(FutureTask.java:264)
	at org.apache.tomcat.util.threads.InlineExecutorService.execute(InlineExecutorService.java:75)
	at java.base/java.util.concurrent.AbstractExecutorService.submit(AbstractExecutorService.java:140)
	at org.apache.catalina.core.ContainerBase.startInternal(ContainerBase.java:909)
	at org.apache.catalina.core.StandardHost.startInternal(StandardHost.java:843)
	at org.apache.catalina.util.LifecycleBase.start(LifecycleBase.java:183)
	at org.apache.catalina.core.ContainerBase$StartChild.call(ContainerBase.java:1384)
	at org.apache.catalina.core.ContainerBase$StartChild.call(ContainerBase.java:1374)
	at java.base/java.util.concurrent.FutureTask.run(FutureTask.java:264)
	at org.apache.tomcat.util.threads.InlineExecutorService.execute(InlineExecutorService.java:75)
	at java.base/java.util.concurrent.AbstractExecutorService.submit(AbstractExecutorService.java:140)
	at org.apache.catalina.core.ContainerBase.startInternal(ContainerBase.java:909)
	at org.apache.catalina.core.StandardEngine.startInternal(StandardEngine.java:262)
	at org.apache.catalina.util.LifecycleBase.start(LifecycleBase.java:183)
	at org.apache.catalina.core.StandardService.startInternal(StandardService.java:434)
	at org.apache.catalina.util.LifecycleBase.start(LifecycleBase.java:183)
	at org.apache.catalina.core.StandardServer.startInternal(StandardServer.java:930)
	at org.apache.catalina.util.LifecycleBase.start(LifecycleBase.java:183)
	at org.apache.catalina.startup.Tomcat.start(Tomcat.java:486)
	at common.TomcatStartUp.createTomcat(TomcatStartUp.java:20)
	at logic.PersonLogicTest.setUpBeforeClass(PersonLogicTest.java:35)
	at java.base/jdk.internal.reflect.NativeMethodAccessorImpl.invoke0(Native Method)
	at java.base/jdk.internal.reflect.NativeMethodAccessorImpl.invoke(NativeMethodAccessorImpl.java:62)
	at java.base/jdk.internal.reflect.DelegatingMethodAccessorImpl.invoke(DelegatingMethodAccessorImpl.java:43)
	at java.base/java.lang.reflect.Method.invoke(Method.java:566)
	at org.junit.platform.commons.util.ReflectionUtils.invokeMethod(ReflectionUtils.java:688)
	at org.junit.jupiter.engine.execution.MethodInvocation.proceed(MethodInvocation.java:60)
	at org.junit.jupiter.engine.execution.InvocationInterceptorChain$ValidatingInvocation.proceed(InvocationInterceptorChain.java:131)
	at org.junit.jupiter.engine.extension.TimeoutExtension.intercept(TimeoutExtension.java:149)
	at org.junit.jupiter.engine.extension.TimeoutExtension.interceptLifecycleMethod(TimeoutExtension.java:126)
	at org.junit.jupiter.engine.extension.TimeoutExtension.interceptBeforeAllMethod(TimeoutExtension.java:68)
	at org.junit.jupiter.engine.execution.ExecutableInvoker$ReflectiveInterceptorCall.lambda$ofVoidMethod$0(ExecutableInvoker.java:115)
	at org.junit.jupiter.engine.execution.ExecutableInvoker.lambda$invoke$0(ExecutableInvoker.java:105)
	at org.junit.jupiter.engine.execution.InvocationInterceptorChain$InterceptedInvocation.proceed(InvocationInterceptorChain.java:106)
	at org.junit.jupiter.engine.execution.InvocationInterceptorChain.proceed(InvocationInterceptorChain.java:64)
	at org.junit.jupiter.engine.execution.InvocationInterceptorChain.chainAndInvoke(InvocationInterceptorChain.java:45)
	at org.junit.jupiter.engine.execution.InvocationInterceptorChain.invoke(InvocationInterceptorChain.java:37)
	at org.junit.jupiter.engine.execution.ExecutableInvoker.invoke(ExecutableInvoker.java:104)
	at org.junit.jupiter.engine.execution.ExecutableInvoker.invoke(ExecutableInvoker.java:98)
	at org.junit.jupiter.engine.descriptor.ClassBasedTestDescriptor.lambda$invokeBeforeAllMethods$9(ClassBasedTestDescriptor.java:384)
	at org.junit.platform.engine.support.hierarchical.ThrowableCollector.execute(ThrowableCollector.java:73)
	at org.junit.jupiter.engine.descriptor.ClassBasedTestDescriptor.invokeBeforeAllMethods(ClassBasedTestDescriptor.java:382)
	at org.junit.jupiter.engine.descriptor.ClassBasedTestDescriptor.before(ClassBasedTestDescriptor.java:196)
	at org.junit.jupiter.engine.descriptor.ClassBasedTestDescriptor.before(ClassBasedTestDescriptor.java:78)
	at org.junit.platform.engine.support.hierarchical.NodeTestTask.lambda$executeRecursively$5(NodeTestTask.java:136)
	at org.junit.platform.engine.support.hierarchical.ThrowableCollector.execute(ThrowableCollector.java:73)
	at org.junit.platform.engine.support.hierarchical.NodeTestTask.lambda$executeRecursively$7(NodeTestTask.java:129)
	at org.junit.platform.engine.support.hierarchical.Node.around(Node.java:137)
	at org.junit.platform.engine.support.hierarchical.NodeTestTask.lambda$executeRecursively$8(NodeTestTask.java:127)
	at org.junit.platform.engine.support.hierarchical.ThrowableCollector.execute(ThrowableCollector.java:73)
	at org.junit.platform.engine.support.hierarchical.NodeTestTask.executeRecursively(NodeTestTask.java:126)
	at org.junit.platform.engine.support.hierarchical.NodeTestTask.execute(NodeTestTask.java:84)
	at java.base/java.util.ArrayList.forEach(ArrayList.java:1541)
	at org.junit.platform.engine.support.hierarchical.SameThreadHierarchicalTestExecutorService.invokeAll(SameThreadHierarchicalTestExecutorService.java:38)
	at org.junit.platform.engine.support.hierarchical.NodeTestTask.lambda$executeRecursively$5(NodeTestTask.java:143)
	at org.junit.platform.engine.support.hierarchical.ThrowableCollector.execute(ThrowableCollector.java:73)
	at org.junit.platform.engine.support.hierarchical.NodeTestTask.lambda$executeRecursively$7(NodeTestTask.java:129)
	at org.junit.platform.engine.support.hierarchical.Node.around(Node.java:137)
	at org.junit.platform.engine.support.hierarchical.NodeTestTask.lambda$executeRecursively$8(NodeTestTask.java:127)
	at org.junit.platform.engine.support.hierarchical.ThrowableCollector.execute(ThrowableCollector.java:73)
	at org.junit.platform.engine.support.hierarchical.NodeTestTask.executeRecursively(NodeTestTask.java:126)
	at org.junit.platform.engine.support.hierarchical.NodeTestTask.execute(NodeTestTask.java:84)
	at org.junit.platform.engine.support.hierarchical.SameThreadHierarchicalTestExecutorService.submit(SameThreadHierarchicalTestExecutorService.java:32)
	at org.junit.platform.engine.support.hierarchical.HierarchicalTestExecutor.execute(HierarchicalTestExecutor.java:57)
	at org.junit.platform.engine.support.hierarchical.HierarchicalTestEngine.execute(HierarchicalTestEngine.java:51)
	at org.junit.platform.launcher.core.EngineExecutionOrchestrator.execute(EngineExecutionOrchestrator.java:108)
	at org.junit.platform.launcher.core.EngineExecutionOrchestrator.execute(EngineExecutionOrchestrator.java:88)
	at org.junit.platform.launcher.core.EngineExecutionOrchestrator.lambda$execute$0(EngineExecutionOrchestrator.java:54)
	at org.junit.platform.launcher.core.EngineExecutionOrchestrator.withInterceptedStreams(EngineExecutionOrchestrator.java:67)
	at org.junit.platform.launcher.core.EngineExecutionOrchestrator.execute(EngineExecutionOrchestrator.java:52)
	at org.junit.platform.launcher.core.DefaultLauncher.execute(DefaultLauncher.java:96)
	at org.junit.platform.launcher.core.DefaultLauncher.execute(DefaultLauncher.java:75)
	at org.apache.maven.surefire.junitplatform.JUnitPlatformProvider.execute(JUnitPlatformProvider.java:188)
	at org.apache.maven.surefire.junitplatform.JUnitPlatformProvider.invokeAllTests(JUnitPlatformProvider.java:154)
	at org.apache.maven.surefire.junitplatform.JUnitPlatformProvider.invoke(JUnitPlatformProvider.java:128)
	at org.apache.maven.surefire.booter.ForkedBooter.runSuitesInProcess(ForkedBooter.java:428)
	at org.apache.maven.surefire.booter.ForkedBooter.execute(ForkedBooter.java:162)
	at org.apache.maven.surefire.booter.ForkedBooter.run(ForkedBooter.java:562)
	at org.apache.maven.surefire.booter.ForkedBooter.main(ForkedBooter.java:548)
Caused by: java.lang.reflect.InvocationTargetException
	at java.base/jdk.internal.reflect.GeneratedConstructorAccessor16.newInstance(Unknown Source)
	at java.base/jdk.internal.reflect.DelegatingConstructorAccessorImpl.newInstance(DelegatingConstructorAccessorImpl.java:45)
	at java.base/java.lang.reflect.Constructor.newInstance(Constructor.java:490)
	at org.apache.tomcat.util.compat.Jre9Compat.jarFileNewInstance(Jre9Compat.java:206)
	... 94 more
Caused by: java.nio.file.NoSuchFileException: C:\Users\shado\.m2\repository\org\glassfish\jaxb\jaxb-runtime\2.3.1\stax-ex-1.8.jar
	at java.base/sun.nio.fs.WindowsException.translateToIOException(WindowsException.java:85)
	at java.base/sun.nio.fs.WindowsException.rethrowAsIOException(WindowsException.java:103)
	at java.base/sun.nio.fs.WindowsException.rethrowAsIOException(WindowsException.java:108)
	at java.base/sun.nio.fs.WindowsFileAttributeViews$Basic.readAttributes(WindowsFileAttributeViews.java:53)
	at java.base/sun.nio.fs.WindowsFileAttributeViews$Basic.readAttributes(WindowsFileAttributeViews.java:38)
	at java.base/sun.nio.fs.WindowsFileSystemProvider.readAttributes(WindowsFileSystemProvider.java:198)
	at java.base/java.nio.file.Files.readAttributes(Files.java:1763)
	at java.base/java.util.zip.ZipFile$Source.get(ZipFile.java:1225)
	at java.base/java.util.zip.ZipFile$CleanableResource.<init>(ZipFile.java:727)
	at java.base/java.util.zip.ZipFile$CleanableResource.get(ZipFile.java:844)
	at java.base/java.util.zip.ZipFile.<init>(ZipFile.java:247)
	at java.base/java.util.zip.ZipFile.<init>(ZipFile.java:177)
	at java.base/java.util.jar.JarFile.<init>(JarFile.java:348)
	... 98 more

Apr 16, 2021 2:16:08 PM org.apache.tomcat.util.scan.StandardJarScanner processURLs
WARNING: Failed to scan [file:/C:/Users/shado/.m2/repository/org/glassfish/jaxb/jaxb-runtime/2.3.1/FastInfoset-1.2.15.jar] from classloader hierarchy
java.io.IOException: java.lang.reflect.InvocationTargetException
	at org.apache.tomcat.util.compat.Jre9Compat.jarFileNewInstance(Jre9Compat.java:209)
	at org.apache.tomcat.util.scan.JarFileUrlJar.<init>(JarFileUrlJar.java:65)
	at org.apache.tomcat.util.scan.JarFactory.newInstance(JarFactory.java:49)
	at org.apache.tomcat.util.scan.StandardJarScanner.process(StandardJarScanner.java:383)
	at org.apache.tomcat.util.scan.StandardJarScanner.processURLs(StandardJarScanner.java:318)
	at org.apache.tomcat.util.scan.StandardJarScanner.doScanClassPath(StandardJarScanner.java:282)
	at org.apache.tomcat.util.scan.StandardJarScanner.scan(StandardJarScanner.java:233)
	at org.apache.catalina.startup.ContextConfig.processJarsForWebFragments(ContextConfig.java:2135)
	at org.apache.catalina.startup.ContextConfig.webConfig(ContextConfig.java:1289)
	at org.apache.catalina.startup.ContextConfig.configureStart(ContextConfig.java:986)
	at org.apache.catalina.startup.ContextConfig.lifecycleEvent(ContextConfig.java:303)
	at org.apache.catalina.util.LifecycleBase.fireLifecycleEvent(LifecycleBase.java:123)
	at org.apache.catalina.core.StandardContext.startInternal(StandardContext.java:5082)
	at org.apache.catalina.util.LifecycleBase.start(LifecycleBase.java:183)
	at org.apache.catalina.core.ContainerBase$StartChild.call(ContainerBase.java:1384)
	at org.apache.catalina.core.ContainerBase$StartChild.call(ContainerBase.java:1374)
	at java.base/java.util.concurrent.FutureTask.run(FutureTask.java:264)
	at org.apache.tomcat.util.threads.InlineExecutorService.execute(InlineExecutorService.java:75)
	at java.base/java.util.concurrent.AbstractExecutorService.submit(AbstractExecutorService.java:140)
	at org.apache.catalina.core.ContainerBase.startInternal(ContainerBase.java:909)
	at org.apache.catalina.core.StandardHost.startInternal(StandardHost.java:843)
	at org.apache.catalina.util.LifecycleBase.start(LifecycleBase.java:183)
	at org.apache.catalina.core.ContainerBase$StartChild.call(ContainerBase.java:1384)
	at org.apache.catalina.core.ContainerBase$StartChild.call(ContainerBase.java:1374)
	at java.base/java.util.concurrent.FutureTask.run(FutureTask.java:264)
	at org.apache.tomcat.util.threads.InlineExecutorService.execute(InlineExecutorService.java:75)
	at java.base/java.util.concurrent.AbstractExecutorService.submit(AbstractExecutorService.java:140)
	at org.apache.catalina.core.ContainerBase.startInternal(ContainerBase.java:909)
	at org.apache.catalina.core.StandardEngine.startInternal(StandardEngine.java:262)
	at org.apache.catalina.util.LifecycleBase.start(LifecycleBase.java:183)
	at org.apache.catalina.core.StandardService.startInternal(StandardService.java:434)
	at org.apache.catalina.util.LifecycleBase.start(LifecycleBase.java:183)
	at org.apache.catalina.core.StandardServer.startInternal(StandardServer.java:930)
	at org.apache.catalina.util.LifecycleBase.start(LifecycleBase.java:183)
	at org.apache.catalina.startup.Tomcat.start(Tomcat.java:486)
	at common.TomcatStartUp.createTomcat(TomcatStartUp.java:20)
	at logic.PersonLogicTest.setUpBeforeClass(PersonLogicTest.java:35)
	at java.base/jdk.internal.reflect.NativeMethodAccessorImpl.invoke0(Native Method)
	at java.base/jdk.internal.reflect.NativeMethodAccessorImpl.invoke(NativeMethodAccessorImpl.java:62)
	at java.base/jdk.internal.reflect.DelegatingMethodAccessorImpl.invoke(DelegatingMethodAccessorImpl.java:43)
	at java.base/java.lang.reflect.Method.invoke(Method.java:566)
	at org.junit.platform.commons.util.ReflectionUtils.invokeMethod(ReflectionUtils.java:688)
	at org.junit.jupiter.engine.execution.MethodInvocation.proceed(MethodInvocation.java:60)
	at org.junit.jupiter.engine.execution.InvocationInterceptorChain$ValidatingInvocation.proceed(InvocationInterceptorChain.java:131)
	at org.junit.jupiter.engine.extension.TimeoutExtension.intercept(TimeoutExtension.java:149)
	at org.junit.jupiter.engine.extension.TimeoutExtension.interceptLifecycleMethod(TimeoutExtension.java:126)
	at org.junit.jupiter.engine.extension.TimeoutExtension.interceptBeforeAllMethod(TimeoutExtension.java:68)
	at org.junit.jupiter.engine.execution.ExecutableInvoker$ReflectiveInterceptorCall.lambda$ofVoidMethod$0(ExecutableInvoker.java:115)
	at org.junit.jupiter.engine.execution.ExecutableInvoker.lambda$invoke$0(ExecutableInvoker.java:105)
	at org.junit.jupiter.engine.execution.InvocationInterceptorChain$InterceptedInvocation.proceed(InvocationInterceptorChain.java:106)
	at org.junit.jupiter.engine.execution.InvocationInterceptorChain.proceed(InvocationInterceptorChain.java:64)
	at org.junit.jupiter.engine.execution.InvocationInterceptorChain.chainAndInvoke(InvocationInterceptorChain.java:45)
	at org.junit.jupiter.engine.execution.InvocationInterceptorChain.invoke(InvocationInterceptorChain.java:37)
	at org.junit.jupiter.engine.execution.ExecutableInvoker.invoke(ExecutableInvoker.java:104)
	at org.junit.jupiter.engine.execution.ExecutableInvoker.invoke(ExecutableInvoker.java:98)
	at org.junit.jupiter.engine.descriptor.ClassBasedTestDescriptor.lambda$invokeBeforeAllMethods$9(ClassBasedTestDescriptor.java:384)
	at org.junit.platform.engine.support.hierarchical.ThrowableCollector.execute(ThrowableCollector.java:73)
	at org.junit.jupiter.engine.descriptor.ClassBasedTestDescriptor.invokeBeforeAllMethods(ClassBasedTestDescriptor.java:382)
	at org.junit.jupiter.engine.descriptor.ClassBasedTestDescriptor.before(ClassBasedTestDescriptor.java:196)
	at org.junit.jupiter.engine.descriptor.ClassBasedTestDescriptor.before(ClassBasedTestDescriptor.java:78)
	at org.junit.platform.engine.support.hierarchical.NodeTestTask.lambda$executeRecursively$5(NodeTestTask.java:136)
	at org.junit.platform.engine.support.hierarchical.ThrowableCollector.execute(ThrowableCollector.java:73)
	at org.junit.platform.engine.support.hierarchical.NodeTestTask.lambda$executeRecursively$7(NodeTestTask.java:129)
	at org.junit.platform.engine.support.hierarchical.Node.around(Node.java:137)
	at org.junit.platform.engine.support.hierarchical.NodeTestTask.lambda$executeRecursively$8(NodeTestTask.java:127)
	at org.junit.platform.engine.support.hierarchical.ThrowableCollector.execute(ThrowableCollector.java:73)
	at org.junit.platform.engine.support.hierarchical.NodeTestTask.executeRecursively(NodeTestTask.java:126)
	at org.junit.platform.engine.support.hierarchical.NodeTestTask.execute(NodeTestTask.java:84)
	at java.base/java.util.ArrayList.forEach(ArrayList.java:1541)
	at org.junit.platform.engine.support.hierarchical.SameThreadHierarchicalTestExecutorService.invokeAll(SameThreadHierarchicalTestExecutorService.java:38)
	at org.junit.platform.engine.support.hierarchical.NodeTestTask.lambda$executeRecursively$5(NodeTestTask.java:143)
	at org.junit.platform.engine.support.hierarchical.ThrowableCollector.execute(ThrowableCollector.java:73)
	at org.junit.platform.engine.support.hierarchical.NodeTestTask.lambda$executeRecursively$7(NodeTestTask.java:129)
	at org.junit.platform.engine.support.hierarchical.Node.around(Node.java:137)
	at org.junit.platform.engine.support.hierarchical.NodeTestTask.lambda$executeRecursively$8(NodeTestTask.java:127)
	at org.junit.platform.engine.support.hierarchical.ThrowableCollector.execute(ThrowableCollector.java:73)
	at org.junit.platform.engine.support.hierarchical.NodeTestTask.executeRecursively(NodeTestTask.java:126)
	at org.junit.platform.engine.support.hierarchical.NodeTestTask.execute(NodeTestTask.java:84)
	at org.junit.platform.engine.support.hierarchical.SameThreadHierarchicalTestExecutorService.submit(SameThreadHierarchicalTestExecutorService.java:32)
	at org.junit.platform.engine.support.hierarchical.HierarchicalTestExecutor.execute(HierarchicalTestExecutor.java:57)
	at org.junit.platform.engine.support.hierarchical.HierarchicalTestEngine.execute(HierarchicalTestEngine.java:51)
	at org.junit.platform.launcher.core.EngineExecutionOrchestrator.execute(EngineExecutionOrchestrator.java:108)
	at org.junit.platform.launcher.core.EngineExecutionOrchestrator.execute(EngineExecutionOrchestrator.java:88)
	at org.junit.platform.launcher.core.EngineExecutionOrchestrator.lambda$execute$0(EngineExecutionOrchestrator.java:54)
	at org.junit.platform.launcher.core.EngineExecutionOrchestrator.withInterceptedStreams(EngineExecutionOrchestrator.java:67)
	at org.junit.platform.launcher.core.EngineExecutionOrchestrator.execute(EngineExecutionOrchestrator.java:52)
	at org.junit.platform.launcher.core.DefaultLauncher.execute(DefaultLauncher.java:96)
	at org.junit.platform.launcher.core.DefaultLauncher.execute(DefaultLauncher.java:75)
	at org.apache.maven.surefire.junitplatform.JUnitPlatformProvider.execute(JUnitPlatformProvider.java:188)
	at org.apache.maven.surefire.junitplatform.JUnitPlatformProvider.invokeAllTests(JUnitPlatformProvider.java:154)
	at org.apache.maven.surefire.junitplatform.JUnitPlatformProvider.invoke(JUnitPlatformProvider.java:128)
	at org.apache.maven.surefire.booter.ForkedBooter.runSuitesInProcess(ForkedBooter.java:428)
	at org.apache.maven.surefire.booter.ForkedBooter.execute(ForkedBooter.java:162)
	at org.apache.maven.surefire.booter.ForkedBooter.run(ForkedBooter.java:562)
	at org.apache.maven.surefire.booter.ForkedBooter.main(ForkedBooter.java:548)
Caused by: java.lang.reflect.InvocationTargetException
	at java.base/jdk.internal.reflect.GeneratedConstructorAccessor16.newInstance(Unknown Source)
	at java.base/jdk.internal.reflect.DelegatingConstructorAccessorImpl.newInstance(DelegatingConstructorAccessorImpl.java:45)
	at java.base/java.lang.reflect.Constructor.newInstance(Constructor.java:490)
	at org.apache.tomcat.util.compat.Jre9Compat.jarFileNewInstance(Jre9Compat.java:206)
	... 94 more
Caused by: java.nio.file.NoSuchFileException: C:\Users\shado\.m2\repository\org\glassfish\jaxb\jaxb-runtime\2.3.1\FastInfoset-1.2.15.jar
	at java.base/sun.nio.fs.WindowsException.translateToIOException(WindowsException.java:85)
	at java.base/sun.nio.fs.WindowsException.rethrowAsIOException(WindowsException.java:103)
	at java.base/sun.nio.fs.WindowsException.rethrowAsIOException(WindowsException.java:108)
	at java.base/sun.nio.fs.WindowsFileAttributeViews$Basic.readAttributes(WindowsFileAttributeViews.java:53)
	at java.base/sun.nio.fs.WindowsFileAttributeViews$Basic.readAttributes(WindowsFileAttributeViews.java:38)
	at java.base/sun.nio.fs.WindowsFileSystemProvider.readAttributes(WindowsFileSystemProvider.java:198)
	at java.base/java.nio.file.Files.readAttributes(Files.java:1763)
	at java.base/java.util.zip.ZipFile$Source.get(ZipFile.java:1225)
	at java.base/java.util.zip.ZipFile$CleanableResource.<init>(ZipFile.java:727)
	at java.base/java.util.zip.ZipFile$CleanableResource.get(ZipFile.java:844)
	at java.base/java.util.zip.ZipFile.<init>(ZipFile.java:247)
	at java.base/java.util.zip.ZipFile.<init>(ZipFile.java:177)
	at java.base/java.util.jar.JarFile.<init>(JarFile.java:348)
	... 98 more

Apr 16, 2021 2:16:08 PM org.apache.tomcat.util.scan.StandardJarScanner processURLs
WARNING: Failed to scan [file:/C:/Users/shado/.m2/repository/org/glassfish/jaxb/jaxb-runtime/2.3.1/javax.activation-api-1.2.0.jar] from classloader hierarchy
java.io.IOException: java.lang.reflect.InvocationTargetException
	at org.apache.tomcat.util.compat.Jre9Compat.jarFileNewInstance(Jre9Compat.java:209)
	at org.apache.tomcat.util.scan.JarFileUrlJar.<init>(JarFileUrlJar.java:65)
	at org.apache.tomcat.util.scan.JarFactory.newInstance(JarFactory.java:49)
	at org.apache.tomcat.util.scan.StandardJarScanner.process(StandardJarScanner.java:383)
	at org.apache.tomcat.util.scan.StandardJarScanner.processURLs(StandardJarScanner.java:318)
	at org.apache.tomcat.util.scan.StandardJarScanner.doScanClassPath(StandardJarScanner.java:282)
	at org.apache.tomcat.util.scan.StandardJarScanner.scan(StandardJarScanner.java:233)
	at org.apache.catalina.startup.ContextConfig.processJarsForWebFragments(ContextConfig.java:2135)
	at org.apache.catalina.startup.ContextConfig.webConfig(ContextConfig.java:1289)
	at org.apache.catalina.startup.ContextConfig.configureStart(ContextConfig.java:986)
	at org.apache.catalina.startup.ContextConfig.lifecycleEvent(ContextConfig.java:303)
	at org.apache.catalina.util.LifecycleBase.fireLifecycleEvent(LifecycleBase.java:123)
	at org.apache.catalina.core.StandardContext.startInternal(StandardContext.java:5082)
	at org.apache.catalina.util.LifecycleBase.start(LifecycleBase.java:183)
	at org.apache.catalina.core.ContainerBase$StartChild.call(ContainerBase.java:1384)
	at org.apache.catalina.core.ContainerBase$StartChild.call(ContainerBase.java:1374)
	at java.base/java.util.concurrent.FutureTask.run(FutureTask.java:264)
	at org.apache.tomcat.util.threads.InlineExecutorService.execute(InlineExecutorService.java:75)
	at java.base/java.util.concurrent.AbstractExecutorService.submit(AbstractExecutorService.java:140)
	at org.apache.catalina.core.ContainerBase.startInternal(ContainerBase.java:909)
	at org.apache.catalina.core.StandardHost.startInternal(StandardHost.java:843)
	at org.apache.catalina.util.LifecycleBase.start(LifecycleBase.java:183)
	at org.apache.catalina.core.ContainerBase$StartChild.call(ContainerBase.java:1384)
	at org.apache.catalina.core.ContainerBase$StartChild.call(ContainerBase.java:1374)
	at java.base/java.util.concurrent.FutureTask.run(FutureTask.java:264)
	at org.apache.tomcat.util.threads.InlineExecutorService.execute(InlineExecutorService.java:75)
	at java.base/java.util.concurrent.AbstractExecutorService.submit(AbstractExecutorService.java:140)
	at org.apache.catalina.core.ContainerBase.startInternal(ContainerBase.java:909)
	at org.apache.catalina.core.StandardEngine.startInternal(StandardEngine.java:262)
	at org.apache.catalina.util.LifecycleBase.start(LifecycleBase.java:183)
	at org.apache.catalina.core.StandardService.startInternal(StandardService.java:434)
	at org.apache.catalina.util.LifecycleBase.start(LifecycleBase.java:183)
	at org.apache.catalina.core.StandardServer.startInternal(StandardServer.java:930)
	at org.apache.catalina.util.LifecycleBase.start(LifecycleBase.java:183)
	at org.apache.catalina.startup.Tomcat.start(Tomcat.java:486)
	at common.TomcatStartUp.createTomcat(TomcatStartUp.java:20)
	at logic.PersonLogicTest.setUpBeforeClass(PersonLogicTest.java:35)
	at java.base/jdk.internal.reflect.NativeMethodAccessorImpl.invoke0(Native Method)
	at java.base/jdk.internal.reflect.NativeMethodAccessorImpl.invoke(NativeMethodAccessorImpl.java:62)
	at java.base/jdk.internal.reflect.DelegatingMethodAccessorImpl.invoke(DelegatingMethodAccessorImpl.java:43)
	at java.base/java.lang.reflect.Method.invoke(Method.java:566)
	at org.junit.platform.commons.util.ReflectionUtils.invokeMethod(ReflectionUtils.java:688)
	at org.junit.jupiter.engine.execution.MethodInvocation.proceed(MethodInvocation.java:60)
	at org.junit.jupiter.engine.execution.InvocationInterceptorChain$ValidatingInvocation.proceed(InvocationInterceptorChain.java:131)
	at org.junit.jupiter.engine.extension.TimeoutExtension.intercept(TimeoutExtension.java:149)
	at org.junit.jupiter.engine.extension.TimeoutExtension.interceptLifecycleMethod(TimeoutExtension.java:126)
	at org.junit.jupiter.engine.extension.TimeoutExtension.interceptBeforeAllMethod(TimeoutExtension.java:68)
	at org.junit.jupiter.engine.execution.ExecutableInvoker$ReflectiveInterceptorCall.lambda$ofVoidMethod$0(ExecutableInvoker.java:115)
	at org.junit.jupiter.engine.execution.ExecutableInvoker.lambda$invoke$0(ExecutableInvoker.java:105)
	at org.junit.jupiter.engine.execution.InvocationInterceptorChain$InterceptedInvocation.proceed(InvocationInterceptorChain.java:106)
	at org.junit.jupiter.engine.execution.InvocationInterceptorChain.proceed(InvocationInterceptorChain.java:64)
	at org.junit.jupiter.engine.execution.InvocationInterceptorChain.chainAndInvoke(InvocationInterceptorChain.java:45)
	at org.junit.jupiter.engine.execution.InvocationInterceptorChain.invoke(InvocationInterceptorChain.java:37)
	at org.junit.jupiter.engine.execution.ExecutableInvoker.invoke(ExecutableInvoker.java:104)
	at org.junit.jupiter.engine.execution.ExecutableInvoker.invoke(ExecutableInvoker.java:98)
	at org.junit.jupiter.engine.descriptor.ClassBasedTestDescriptor.lambda$invokeBeforeAllMethods$9(ClassBasedTestDescriptor.java:384)
	at org.junit.platform.engine.support.hierarchical.ThrowableCollector.execute(ThrowableCollector.java:73)
	at org.junit.jupiter.engine.descriptor.ClassBasedTestDescriptor.invokeBeforeAllMethods(ClassBasedTestDescriptor.java:382)
	at org.junit.jupiter.engine.descriptor.ClassBasedTestDescriptor.before(ClassBasedTestDescriptor.java:196)
	at org.junit.jupiter.engine.descriptor.ClassBasedTestDescriptor.before(ClassBasedTestDescriptor.java:78)
	at org.junit.platform.engine.support.hierarchical.NodeTestTask.lambda$executeRecursively$5(NodeTestTask.java:136)
	at org.junit.platform.engine.support.hierarchical.ThrowableCollector.execute(ThrowableCollector.java:73)
	at org.junit.platform.engine.support.hierarchical.NodeTestTask.lambda$executeRecursively$7(NodeTestTask.java:129)
	at org.junit.platform.engine.support.hierarchical.Node.around(Node.java:137)
	at org.junit.platform.engine.support.hierarchical.NodeTestTask.lambda$executeRecursively$8(NodeTestTask.java:127)
	at org.junit.platform.engine.support.hierarchical.ThrowableCollector.execute(ThrowableCollector.java:73)
	at org.junit.platform.engine.support.hierarchical.NodeTestTask.executeRecursively(NodeTestTask.java:126)
	at org.junit.platform.engine.support.hierarchical.NodeTestTask.execute(NodeTestTask.java:84)
	at java.base/java.util.ArrayList.forEach(ArrayList.java:1541)
	at org.junit.platform.engine.support.hierarchical.SameThreadHierarchicalTestExecutorService.invokeAll(SameThreadHierarchicalTestExecutorService.java:38)
	at org.junit.platform.engine.support.hierarchical.NodeTestTask.lambda$executeRecursively$5(NodeTestTask.java:143)
	at org.junit.platform.engine.support.hierarchical.ThrowableCollector.execute(ThrowableCollector.java:73)
	at org.junit.platform.engine.support.hierarchical.NodeTestTask.lambda$executeRecursively$7(NodeTestTask.java:129)
	at org.junit.platform.engine.support.hierarchical.Node.around(Node.java:137)
	at org.junit.platform.engine.support.hierarchical.NodeTestTask.lambda$executeRecursively$8(NodeTestTask.java:127)
	at org.junit.platform.engine.support.hierarchical.ThrowableCollector.execute(ThrowableCollector.java:73)
	at org.junit.platform.engine.support.hierarchical.NodeTestTask.executeRecursively(NodeTestTask.java:126)
	at org.junit.platform.engine.support.hierarchical.NodeTestTask.execute(NodeTestTask.java:84)
	at org.junit.platform.engine.support.hierarchical.SameThreadHierarchicalTestExecutorService.submit(SameThreadHierarchicalTestExecutorService.java:32)
	at org.junit.platform.engine.support.hierarchical.HierarchicalTestExecutor.execute(HierarchicalTestExecutor.java:57)
	at org.junit.platform.engine.support.hierarchical.HierarchicalTestEngine.execute(HierarchicalTestEngine.java:51)
	at org.junit.platform.launcher.core.EngineExecutionOrchestrator.execute(EngineExecutionOrchestrator.java:108)
	at org.junit.platform.launcher.core.EngineExecutionOrchestrator.execute(EngineExecutionOrchestrator.java:88)
	at org.junit.platform.launcher.core.EngineExecutionOrchestrator.lambda$execute$0(EngineExecutionOrchestrator.java:54)
	at org.junit.platform.launcher.core.EngineExecutionOrchestrator.withInterceptedStreams(EngineExecutionOrchestrator.java:67)
	at org.junit.platform.launcher.core.EngineExecutionOrchestrator.execute(EngineExecutionOrchestrator.java:52)
	at org.junit.platform.launcher.core.DefaultLauncher.execute(DefaultLauncher.java:96)
	at org.junit.platform.launcher.core.DefaultLauncher.execute(DefaultLauncher.java:75)
	at org.apache.maven.surefire.junitplatform.JUnitPlatformProvider.execute(JUnitPlatformProvider.java:188)
	at org.apache.maven.surefire.junitplatform.JUnitPlatformProvider.invokeAllTests(JUnitPlatformProvider.java:154)
	at org.apache.maven.surefire.junitplatform.JUnitPlatformProvider.invoke(JUnitPlatformProvider.java:128)
	at org.apache.maven.surefire.booter.ForkedBooter.runSuitesInProcess(ForkedBooter.java:428)
	at org.apache.maven.surefire.booter.ForkedBooter.execute(ForkedBooter.java:162)
	at org.apache.maven.surefire.booter.ForkedBooter.run(ForkedBooter.java:562)
	at org.apache.maven.surefire.booter.ForkedBooter.main(ForkedBooter.java:548)
Caused by: java.lang.reflect.InvocationTargetException
	at java.base/jdk.internal.reflect.GeneratedConstructorAccessor16.newInstance(Unknown Source)
	at java.base/jdk.internal.reflect.DelegatingConstructorAccessorImpl.newInstance(DelegatingConstructorAccessorImpl.java:45)
	at java.base/java.lang.reflect.Constructor.newInstance(Constructor.java:490)
	at org.apache.tomcat.util.compat.Jre9Compat.jarFileNewInstance(Jre9Compat.java:206)
	... 94 more
Caused by: java.nio.file.NoSuchFileException: C:\Users\shado\.m2\repository\org\glassfish\jaxb\jaxb-runtime\2.3.1\javax.activation-api-1.2.0.jar
	at java.base/sun.nio.fs.WindowsException.translateToIOException(WindowsException.java:85)
	at java.base/sun.nio.fs.WindowsException.rethrowAsIOException(WindowsException.java:103)
	at java.base/sun.nio.fs.WindowsException.rethrowAsIOException(WindowsException.java:108)
	at java.base/sun.nio.fs.WindowsFileAttributeViews$Basic.readAttributes(WindowsFileAttributeViews.java:53)
	at java.base/sun.nio.fs.WindowsFileAttributeViews$Basic.readAttributes(WindowsFileAttributeViews.java:38)
	at java.base/sun.nio.fs.WindowsFileSystemProvider.readAttributes(WindowsFileSystemProvider.java:198)
	at java.base/java.nio.file.Files.readAttributes(Files.java:1763)
	at java.base/java.util.zip.ZipFile$Source.get(ZipFile.java:1225)
	at java.base/java.util.zip.ZipFile$CleanableResource.<init>(ZipFile.java:727)
	at java.base/java.util.zip.ZipFile$CleanableResource.get(ZipFile.java:844)
	at java.base/java.util.zip.ZipFile.<init>(ZipFile.java:247)
	at java.base/java.util.zip.ZipFile.<init>(ZipFile.java:177)
	at java.base/java.util.jar.JarFile.<init>(JarFile.java:348)
	... 98 more

Apr 16, 2021 2:16:10 PM org.apache.tomcat.util.scan.StandardJarScanner processURLs
WARNING: Failed to scan [file:/C:/Users/shado/.m2/repository/org/glassfish/jaxb/jaxb-runtime/2.3.1/jaxb-api-2.3.1.jar] from classloader hierarchy
java.io.IOException: java.lang.reflect.InvocationTargetException
	at org.apache.tomcat.util.compat.Jre9Compat.jarFileNewInstance(Jre9Compat.java:209)
	at org.apache.tomcat.util.scan.JarFileUrlJar.<init>(JarFileUrlJar.java:65)
	at org.apache.tomcat.util.scan.JarFactory.newInstance(JarFactory.java:49)
	at org.apache.tomcat.util.scan.StandardJarScanner.process(StandardJarScanner.java:383)
	at org.apache.tomcat.util.scan.StandardJarScanner.processURLs(StandardJarScanner.java:318)
	at org.apache.tomcat.util.scan.StandardJarScanner.doScanClassPath(StandardJarScanner.java:282)
	at org.apache.tomcat.util.scan.StandardJarScanner.scan(StandardJarScanner.java:233)
	at org.apache.jasper.servlet.TldScanner.scanJars(TldScanner.java:262)
	at org.apache.jasper.servlet.TldScanner.scan(TldScanner.java:104)
	at org.apache.jasper.servlet.JasperInitializer.onStartup(JasperInitializer.java:83)
	at org.apache.catalina.core.StandardContext.startInternal(StandardContext.java:5166)
	at org.apache.catalina.util.LifecycleBase.start(LifecycleBase.java:183)
	at org.apache.catalina.core.ContainerBase$StartChild.call(ContainerBase.java:1384)
	at org.apache.catalina.core.ContainerBase$StartChild.call(ContainerBase.java:1374)
	at java.base/java.util.concurrent.FutureTask.run(FutureTask.java:264)
	at org.apache.tomcat.util.threads.InlineExecutorService.execute(InlineExecutorService.java:75)
	at java.base/java.util.concurrent.AbstractExecutorService.submit(AbstractExecutorService.java:140)
	at org.apache.catalina.core.ContainerBase.startInternal(ContainerBase.java:909)
	at org.apache.catalina.core.StandardHost.startInternal(StandardHost.java:843)
	at org.apache.catalina.util.LifecycleBase.start(LifecycleBase.java:183)
	at org.apache.catalina.core.ContainerBase$StartChild.call(ContainerBase.java:1384)
	at org.apache.catalina.core.ContainerBase$StartChild.call(ContainerBase.java:1374)
	at java.base/java.util.concurrent.FutureTask.run(FutureTask.java:264)
	at org.apache.tomcat.util.threads.InlineExecutorService.execute(InlineExecutorService.java:75)
	at java.base/java.util.concurrent.AbstractExecutorService.submit(AbstractExecutorService.java:140)
	at org.apache.catalina.core.ContainerBase.startInternal(ContainerBase.java:909)
	at org.apache.catalina.core.StandardEngine.startInternal(StandardEngine.java:262)
	at org.apache.catalina.util.LifecycleBase.start(LifecycleBase.java:183)
	at org.apache.catalina.core.StandardService.startInternal(StandardService.java:434)
	at org.apache.catalina.util.LifecycleBase.start(LifecycleBase.java:183)
	at org.apache.catalina.core.StandardServer.startInternal(StandardServer.java:930)
	at org.apache.catalina.util.LifecycleBase.start(LifecycleBase.java:183)
	at org.apache.catalina.startup.Tomcat.start(Tomcat.java:486)
	at common.TomcatStartUp.createTomcat(TomcatStartUp.java:20)
	at logic.PersonLogicTest.setUpBeforeClass(PersonLogicTest.java:35)
	at java.base/jdk.internal.reflect.NativeMethodAccessorImpl.invoke0(Native Method)
	at java.base/jdk.internal.reflect.NativeMethodAccessorImpl.invoke(NativeMethodAccessorImpl.java:62)
	at java.base/jdk.internal.reflect.DelegatingMethodAccessorImpl.invoke(DelegatingMethodAccessorImpl.java:43)
	at java.base/java.lang.reflect.Method.invoke(Method.java:566)
	at org.junit.platform.commons.util.ReflectionUtils.invokeMethod(ReflectionUtils.java:688)
	at org.junit.jupiter.engine.execution.MethodInvocation.proceed(MethodInvocation.java:60)
	at org.junit.jupiter.engine.execution.InvocationInterceptorChain$ValidatingInvocation.proceed(InvocationInterceptorChain.java:131)
	at org.junit.jupiter.engine.extension.TimeoutExtension.intercept(TimeoutExtension.java:149)
	at org.junit.jupiter.engine.extension.TimeoutExtension.interceptLifecycleMethod(TimeoutExtension.java:126)
	at org.junit.jupiter.engine.extension.TimeoutExtension.interceptBeforeAllMethod(TimeoutExtension.java:68)
	at org.junit.jupiter.engine.execution.ExecutableInvoker$ReflectiveInterceptorCall.lambda$ofVoidMethod$0(ExecutableInvoker.java:115)
	at org.junit.jupiter.engine.execution.ExecutableInvoker.lambda$invoke$0(ExecutableInvoker.java:105)
	at org.junit.jupiter.engine.execution.InvocationInterceptorChain$InterceptedInvocation.proceed(InvocationInterceptorChain.java:106)
	at org.junit.jupiter.engine.execution.InvocationInterceptorChain.proceed(InvocationInterceptorChain.java:64)
	at org.junit.jupiter.engine.execution.InvocationInterceptorChain.chainAndInvoke(InvocationInterceptorChain.java:45)
	at org.junit.jupiter.engine.execution.InvocationInterceptorChain.invoke(InvocationInterceptorChain.java:37)
	at org.junit.jupiter.engine.execution.ExecutableInvoker.invoke(ExecutableInvoker.java:104)
	at org.junit.jupiter.engine.execution.ExecutableInvoker.invoke(ExecutableInvoker.java:98)
	at org.junit.jupiter.engine.descriptor.ClassBasedTestDescriptor.lambda$invokeBeforeAllMethods$9(ClassBasedTestDescriptor.java:384)
	at org.junit.platform.engine.support.hierarchical.ThrowableCollector.execute(ThrowableCollector.java:73)
	at org.junit.jupiter.engine.descriptor.ClassBasedTestDescriptor.invokeBeforeAllMethods(ClassBasedTestDescriptor.java:382)
	at org.junit.jupiter.engine.descriptor.ClassBasedTestDescriptor.before(ClassBasedTestDescriptor.java:196)
	at org.junit.jupiter.engine.descriptor.ClassBasedTestDescriptor.before(ClassBasedTestDescriptor.java:78)
	at org.junit.platform.engine.support.hierarchical.NodeTestTask.lambda$executeRecursively$5(NodeTestTask.java:136)
	at org.junit.platform.engine.support.hierarchical.ThrowableCollector.execute(ThrowableCollector.java:73)
	at org.junit.platform.engine.support.hierarchical.NodeTestTask.lambda$executeRecursively$7(NodeTestTask.java:129)
	at org.junit.platform.engine.support.hierarchical.Node.around(Node.java:137)
	at org.junit.platform.engine.support.hierarchical.NodeTestTask.lambda$executeRecursively$8(NodeTestTask.java:127)
	at org.junit.platform.engine.support.hierarchical.ThrowableCollector.execute(ThrowableCollector.java:73)
	at org.junit.platform.engine.support.hierarchical.NodeTestTask.executeRecursively(NodeTestTask.java:126)
	at org.junit.platform.engine.support.hierarchical.NodeTestTask.execute(NodeTestTask.java:84)
	at java.base/java.util.ArrayList.forEach(ArrayList.java:1541)
	at org.junit.platform.engine.support.hierarchical.SameThreadHierarchicalTestExecutorService.invokeAll(SameThreadHierarchicalTestExecutorService.java:38)
	at org.junit.platform.engine.support.hierarchical.NodeTestTask.lambda$executeRecursively$5(NodeTestTask.java:143)
	at org.junit.platform.engine.support.hierarchical.ThrowableCollector.execute(ThrowableCollector.java:73)
	at org.junit.platform.engine.support.hierarchical.NodeTestTask.lambda$executeRecursively$7(NodeTestTask.java:129)
	at org.junit.platform.engine.support.hierarchical.Node.around(Node.java:137)
	at org.junit.platform.engine.support.hierarchical.NodeTestTask.lambda$executeRecursively$8(NodeTestTask.java:127)
	at org.junit.platform.engine.support.hierarchical.ThrowableCollector.execute(ThrowableCollector.java:73)
	at org.junit.platform.engine.support.hierarchical.NodeTestTask.executeRecursively(NodeTestTask.java:126)
	at org.junit.platform.engine.support.hierarchical.NodeTestTask.execute(NodeTestTask.java:84)
	at org.junit.platform.engine.support.hierarchical.SameThreadHierarchicalTestExecutorService.submit(SameThreadHierarchicalTestExecutorService.java:32)
	at org.junit.platform.engine.support.hierarchical.HierarchicalTestExecutor.execute(HierarchicalTestExecutor.java:57)
	at org.junit.platform.engine.support.hierarchical.HierarchicalTestEngine.execute(HierarchicalTestEngine.java:51)
	at org.junit.platform.launcher.core.EngineExecutionOrchestrator.execute(EngineExecutionOrchestrator.java:108)
	at org.junit.platform.launcher.core.EngineExecutionOrchestrator.execute(EngineExecutionOrchestrator.java:88)
	at org.junit.platform.launcher.core.EngineExecutionOrchestrator.lambda$execute$0(EngineExecutionOrchestrator.java:54)
	at org.junit.platform.launcher.core.EngineExecutionOrchestrator.withInterceptedStreams(EngineExecutionOrchestrator.java:67)
	at org.junit.platform.launcher.core.EngineExecutionOrchestrator.execute(EngineExecutionOrchestrator.java:52)
	at org.junit.platform.launcher.core.DefaultLauncher.execute(DefaultLauncher.java:96)
	at org.junit.platform.launcher.core.DefaultLauncher.execute(DefaultLauncher.java:75)
	at org.apache.maven.surefire.junitplatform.JUnitPlatformProvider.execute(JUnitPlatformProvider.java:188)
	at org.apache.maven.surefire.junitplatform.JUnitPlatformProvider.invokeAllTests(JUnitPlatformProvider.java:154)
	at org.apache.maven.surefire.junitplatform.JUnitPlatformProvider.invoke(JUnitPlatformProvider.java:128)
	at org.apache.maven.surefire.booter.ForkedBooter.runSuitesInProcess(ForkedBooter.java:428)
	at org.apache.maven.surefire.booter.ForkedBooter.execute(ForkedBooter.java:162)
	at org.apache.maven.surefire.booter.ForkedBooter.run(ForkedBooter.java:562)
	at org.apache.maven.surefire.booter.ForkedBooter.main(ForkedBooter.java:548)
Caused by: java.lang.reflect.InvocationTargetException
	at java.base/jdk.internal.reflect.GeneratedConstructorAccessor16.newInstance(Unknown Source)
	at java.base/jdk.internal.reflect.DelegatingConstructorAccessorImpl.newInstance(DelegatingConstructorAccessorImpl.java:45)
	at java.base/java.lang.reflect.Constructor.newInstance(Constructor.java:490)
	at org.apache.tomcat.util.compat.Jre9Compat.jarFileNewInstance(Jre9Compat.java:206)
	... 92 more
Caused by: java.nio.file.NoSuchFileException: C:\Users\shado\.m2\repository\org\glassfish\jaxb\jaxb-runtime\2.3.1\jaxb-api-2.3.1.jar
	at java.base/sun.nio.fs.WindowsException.translateToIOException(WindowsException.java:85)
	at java.base/sun.nio.fs.WindowsException.rethrowAsIOException(WindowsException.java:103)
	at java.base/sun.nio.fs.WindowsException.rethrowAsIOException(WindowsException.java:108)
	at java.base/sun.nio.fs.WindowsFileAttributeViews$Basic.readAttributes(WindowsFileAttributeViews.java:53)
	at java.base/sun.nio.fs.WindowsFileAttributeViews$Basic.readAttributes(WindowsFileAttributeViews.java:38)
	at java.base/sun.nio.fs.WindowsFileSystemProvider.readAttributes(WindowsFileSystemProvider.java:198)
	at java.base/java.nio.file.Files.readAttributes(Files.java:1763)
	at java.base/java.util.zip.ZipFile$Source.get(ZipFile.java:1225)
	at java.base/java.util.zip.ZipFile$CleanableResource.<init>(ZipFile.java:727)
	at java.base/java.util.zip.ZipFile$CleanableResource.get(ZipFile.java:844)
	at java.base/java.util.zip.ZipFile.<init>(ZipFile.java:247)
	at java.base/java.util.zip.ZipFile.<init>(ZipFile.java:177)
	at java.base/java.util.jar.JarFile.<init>(JarFile.java:348)
	... 96 more

Apr 16, 2021 2:16:10 PM org.apache.tomcat.util.scan.StandardJarScanner processURLs
WARNING: Failed to scan [file:/C:/Users/shado/.m2/repository/org/glassfish/jaxb/jaxb-runtime/2.3.1/txw2-2.3.1.jar] from classloader hierarchy
java.io.IOException: java.lang.reflect.InvocationTargetException
	at org.apache.tomcat.util.compat.Jre9Compat.jarFileNewInstance(Jre9Compat.java:209)
	at org.apache.tomcat.util.scan.JarFileUrlJar.<init>(JarFileUrlJar.java:65)
	at org.apache.tomcat.util.scan.JarFactory.newInstance(JarFactory.java:49)
	at org.apache.tomcat.util.scan.StandardJarScanner.process(StandardJarScanner.java:383)
	at org.apache.tomcat.util.scan.StandardJarScanner.processURLs(StandardJarScanner.java:318)
	at org.apache.tomcat.util.scan.StandardJarScanner.doScanClassPath(StandardJarScanner.java:282)
	at org.apache.tomcat.util.scan.StandardJarScanner.scan(StandardJarScanner.java:233)
	at org.apache.jasper.servlet.TldScanner.scanJars(TldScanner.java:262)
	at org.apache.jasper.servlet.TldScanner.scan(TldScanner.java:104)
	at org.apache.jasper.servlet.JasperInitializer.onStartup(JasperInitializer.java:83)
	at org.apache.catalina.core.StandardContext.startInternal(StandardContext.java:5166)
	at org.apache.catalina.util.LifecycleBase.start(LifecycleBase.java:183)
	at org.apache.catalina.core.ContainerBase$StartChild.call(ContainerBase.java:1384)
	at org.apache.catalina.core.ContainerBase$StartChild.call(ContainerBase.java:1374)
	at java.base/java.util.concurrent.FutureTask.run(FutureTask.java:264)
	at org.apache.tomcat.util.threads.InlineExecutorService.execute(InlineExecutorService.java:75)
	at java.base/java.util.concurrent.AbstractExecutorService.submit(AbstractExecutorService.java:140)
	at org.apache.catalina.core.ContainerBase.startInternal(ContainerBase.java:909)
	at org.apache.catalina.core.StandardHost.startInternal(StandardHost.java:843)
	at org.apache.catalina.util.LifecycleBase.start(LifecycleBase.java:183)
	at org.apache.catalina.core.ContainerBase$StartChild.call(ContainerBase.java:1384)
	at org.apache.catalina.core.ContainerBase$StartChild.call(ContainerBase.java:1374)
	at java.base/java.util.concurrent.FutureTask.run(FutureTask.java:264)
	at org.apache.tomcat.util.threads.InlineExecutorService.execute(InlineExecutorService.java:75)
	at java.base/java.util.concurrent.AbstractExecutorService.submit(AbstractExecutorService.java:140)
	at org.apache.catalina.core.ContainerBase.startInternal(ContainerBase.java:909)
	at org.apache.catalina.core.StandardEngine.startInternal(StandardEngine.java:262)
	at org.apache.catalina.util.LifecycleBase.start(LifecycleBase.java:183)
	at org.apache.catalina.core.StandardService.startInternal(StandardService.java:434)
	at org.apache.catalina.util.LifecycleBase.start(LifecycleBase.java:183)
	at org.apache.catalina.core.StandardServer.startInternal(StandardServer.java:930)
	at org.apache.catalina.util.LifecycleBase.start(LifecycleBase.java:183)
	at org.apache.catalina.startup.Tomcat.start(Tomcat.java:486)
	at common.TomcatStartUp.createTomcat(TomcatStartUp.java:20)
	at logic.PersonLogicTest.setUpBeforeClass(PersonLogicTest.java:35)
	at java.base/jdk.internal.reflect.NativeMethodAccessorImpl.invoke0(Native Method)
	at java.base/jdk.internal.reflect.NativeMethodAccessorImpl.invoke(NativeMethodAccessorImpl.java:62)
	at java.base/jdk.internal.reflect.DelegatingMethodAccessorImpl.invoke(DelegatingMethodAccessorImpl.java:43)
	at java.base/java.lang.reflect.Method.invoke(Method.java:566)
	at org.junit.platform.commons.util.ReflectionUtils.invokeMethod(ReflectionUtils.java:688)
	at org.junit.jupiter.engine.execution.MethodInvocation.proceed(MethodInvocation.java:60)
	at org.junit.jupiter.engine.execution.InvocationInterceptorChain$ValidatingInvocation.proceed(InvocationInterceptorChain.java:131)
	at org.junit.jupiter.engine.extension.TimeoutExtension.intercept(TimeoutExtension.java:149)
	at org.junit.jupiter.engine.extension.TimeoutExtension.interceptLifecycleMethod(TimeoutExtension.java:126)
	at org.junit.jupiter.engine.extension.TimeoutExtension.interceptBeforeAllMethod(TimeoutExtension.java:68)
	at org.junit.jupiter.engine.execution.ExecutableInvoker$ReflectiveInterceptorCall.lambda$ofVoidMethod$0(ExecutableInvoker.java:115)
	at org.junit.jupiter.engine.execution.ExecutableInvoker.lambda$invoke$0(ExecutableInvoker.java:105)
	at org.junit.jupiter.engine.execution.InvocationInterceptorChain$InterceptedInvocation.proceed(InvocationInterceptorChain.java:106)
	at org.junit.jupiter.engine.execution.InvocationInterceptorChain.proceed(InvocationInterceptorChain.java:64)
	at org.junit.jupiter.engine.execution.InvocationInterceptorChain.chainAndInvoke(InvocationInterceptorChain.java:45)
	at org.junit.jupiter.engine.execution.InvocationInterceptorChain.invoke(InvocationInterceptorChain.java:37)
	at org.junit.jupiter.engine.execution.ExecutableInvoker.invoke(ExecutableInvoker.java:104)
	at org.junit.jupiter.engine.execution.ExecutableInvoker.invoke(ExecutableInvoker.java:98)
	at org.junit.jupiter.engine.descriptor.ClassBasedTestDescriptor.lambda$invokeBeforeAllMethods$9(ClassBasedTestDescriptor.java:384)
	at org.junit.platform.engine.support.hierarchical.ThrowableCollector.execute(ThrowableCollector.java:73)
	at org.junit.jupiter.engine.descriptor.ClassBasedTestDescriptor.invokeBeforeAllMethods(ClassBasedTestDescriptor.java:382)
	at org.junit.jupiter.engine.descriptor.ClassBasedTestDescriptor.before(ClassBasedTestDescriptor.java:196)
	at org.junit.jupiter.engine.descriptor.ClassBasedTestDescriptor.before(ClassBasedTestDescriptor.java:78)
	at org.junit.platform.engine.support.hierarchical.NodeTestTask.lambda$executeRecursively$5(NodeTestTask.java:136)
	at org.junit.platform.engine.support.hierarchical.ThrowableCollector.execute(ThrowableCollector.java:73)
	at org.junit.platform.engine.support.hierarchical.NodeTestTask.lambda$executeRecursively$7(NodeTestTask.java:129)
	at org.junit.platform.engine.support.hierarchical.Node.around(Node.java:137)
	at org.junit.platform.engine.support.hierarchical.NodeTestTask.lambda$executeRecursively$8(NodeTestTask.java:127)
	at org.junit.platform.engine.support.hierarchical.ThrowableCollector.execute(ThrowableCollector.java:73)
	at org.junit.platform.engine.support.hierarchical.NodeTestTask.executeRecursively(NodeTestTask.java:126)
	at org.junit.platform.engine.support.hierarchical.NodeTestTask.execute(NodeTestTask.java:84)
	at java.base/java.util.ArrayList.forEach(ArrayList.java:1541)
	at org.junit.platform.engine.support.hierarchical.SameThreadHierarchicalTestExecutorService.invokeAll(SameThreadHierarchicalTestExecutorService.java:38)
	at org.junit.platform.engine.support.hierarchical.NodeTestTask.lambda$executeRecursively$5(NodeTestTask.java:143)
	at org.junit.platform.engine.support.hierarchical.ThrowableCollector.execute(ThrowableCollector.java:73)
	at org.junit.platform.engine.support.hierarchical.NodeTestTask.lambda$executeRecursively$7(NodeTestTask.java:129)
	at org.junit.platform.engine.support.hierarchical.Node.around(Node.java:137)
	at org.junit.platform.engine.support.hierarchical.NodeTestTask.lambda$executeRecursively$8(NodeTestTask.java:127)
	at org.junit.platform.engine.support.hierarchical.ThrowableCollector.execute(ThrowableCollector.java:73)
	at org.junit.platform.engine.support.hierarchical.NodeTestTask.executeRecursively(NodeTestTask.java:126)
	at org.junit.platform.engine.support.hierarchical.NodeTestTask.execute(NodeTestTask.java:84)
	at org.junit.platform.engine.support.hierarchical.SameThreadHierarchicalTestExecutorService.submit(SameThreadHierarchicalTestExecutorService.java:32)
	at org.junit.platform.engine.support.hierarchical.HierarchicalTestExecutor.execute(HierarchicalTestExecutor.java:57)
	at org.junit.platform.engine.support.hierarchical.HierarchicalTestEngine.execute(HierarchicalTestEngine.java:51)
	at org.junit.platform.launcher.core.EngineExecutionOrchestrator.execute(EngineExecutionOrchestrator.java:108)
	at org.junit.platform.launcher.core.EngineExecutionOrchestrator.execute(EngineExecutionOrchestrator.java:88)
	at org.junit.platform.launcher.core.EngineExecutionOrchestrator.lambda$execute$0(EngineExecutionOrchestrator.java:54)
	at org.junit.platform.launcher.core.EngineExecutionOrchestrator.withInterceptedStreams(EngineExecutionOrchestrator.java:67)
	at org.junit.platform.launcher.core.EngineExecutionOrchestrator.execute(EngineExecutionOrchestrator.java:52)
	at org.junit.platform.launcher.core.DefaultLauncher.execute(DefaultLauncher.java:96)
	at org.junit.platform.launcher.core.DefaultLauncher.execute(DefaultLauncher.java:75)
	at org.apache.maven.surefire.junitplatform.JUnitPlatformProvider.execute(JUnitPlatformProvider.java:188)
	at org.apache.maven.surefire.junitplatform.JUnitPlatformProvider.invokeAllTests(JUnitPlatformProvider.java:154)
	at org.apache.maven.surefire.junitplatform.JUnitPlatformProvider.invoke(JUnitPlatformProvider.java:128)
	at org.apache.maven.surefire.booter.ForkedBooter.runSuitesInProcess(ForkedBooter.java:428)
	at org.apache.maven.surefire.booter.ForkedBooter.execute(ForkedBooter.java:162)
	at org.apache.maven.surefire.booter.ForkedBooter.run(ForkedBooter.java:562)
	at org.apache.maven.surefire.booter.ForkedBooter.main(ForkedBooter.java:548)
Caused by: java.lang.reflect.InvocationTargetException
	at java.base/jdk.internal.reflect.GeneratedConstructorAccessor16.newInstance(Unknown Source)
	at java.base/jdk.internal.reflect.DelegatingConstructorAccessorImpl.newInstance(DelegatingConstructorAccessorImpl.java:45)
	at java.base/java.lang.reflect.Constructor.newInstance(Constructor.java:490)
	at org.apache.tomcat.util.compat.Jre9Compat.jarFileNewInstance(Jre9Compat.java:206)
	... 92 more
Caused by: java.nio.file.NoSuchFileException: C:\Users\shado\.m2\repository\org\glassfish\jaxb\jaxb-runtime\2.3.1\txw2-2.3.1.jar
	at java.base/sun.nio.fs.WindowsException.translateToIOException(WindowsException.java:85)
	at java.base/sun.nio.fs.WindowsException.rethrowAsIOException(WindowsException.java:103)
	at java.base/sun.nio.fs.WindowsException.rethrowAsIOException(WindowsException.java:108)
	at java.base/sun.nio.fs.WindowsFileAttributeViews$Basic.readAttributes(WindowsFileAttributeViews.java:53)
	at java.base/sun.nio.fs.WindowsFileAttributeViews$Basic.readAttributes(WindowsFileAttributeViews.java:38)
	at java.base/sun.nio.fs.WindowsFileSystemProvider.readAttributes(WindowsFileSystemProvider.java:198)
	at java.base/java.nio.file.Files.readAttributes(Files.java:1763)
	at java.base/java.util.zip.ZipFile$Source.get(ZipFile.java:1225)
	at java.base/java.util.zip.ZipFile$CleanableResource.<init>(ZipFile.java:727)
	at java.base/java.util.zip.ZipFile$CleanableResource.get(ZipFile.java:844)
	at java.base/java.util.zip.ZipFile.<init>(ZipFile.java:247)
	at java.base/java.util.zip.ZipFile.<init>(ZipFile.java:177)
	at java.base/java.util.jar.JarFile.<init>(JarFile.java:348)
	... 96 more

Apr 16, 2021 2:16:10 PM org.apache.tomcat.util.scan.StandardJarScanner processURLs
WARNING: Failed to scan [file:/C:/Users/shado/.m2/repository/org/glassfish/jaxb/jaxb-runtime/2.3.1/istack-commons-runtime-3.0.7.jar] from classloader hierarchy
java.io.IOException: java.lang.reflect.InvocationTargetException
	at org.apache.tomcat.util.compat.Jre9Compat.jarFileNewInstance(Jre9Compat.java:209)
	at org.apache.tomcat.util.scan.JarFileUrlJar.<init>(JarFileUrlJar.java:65)
	at org.apache.tomcat.util.scan.JarFactory.newInstance(JarFactory.java:49)
	at org.apache.tomcat.util.scan.StandardJarScanner.process(StandardJarScanner.java:383)
	at org.apache.tomcat.util.scan.StandardJarScanner.processURLs(StandardJarScanner.java:318)
	at org.apache.tomcat.util.scan.StandardJarScanner.doScanClassPath(StandardJarScanner.java:282)
	at org.apache.tomcat.util.scan.StandardJarScanner.scan(StandardJarScanner.java:233)
	at org.apache.jasper.servlet.TldScanner.scanJars(TldScanner.java:262)
	at org.apache.jasper.servlet.TldScanner.scan(TldScanner.java:104)
	at org.apache.jasper.servlet.JasperInitializer.onStartup(JasperInitializer.java:83)
	at org.apache.catalina.core.StandardContext.startInternal(StandardContext.java:5166)
	at org.apache.catalina.util.LifecycleBase.start(LifecycleBase.java:183)
	at org.apache.catalina.core.ContainerBase$StartChild.call(ContainerBase.java:1384)
	at org.apache.catalina.core.ContainerBase$StartChild.call(ContainerBase.java:1374)
	at java.base/java.util.concurrent.FutureTask.run(FutureTask.java:264)
	at org.apache.tomcat.util.threads.InlineExecutorService.execute(InlineExecutorService.java:75)
	at java.base/java.util.concurrent.AbstractExecutorService.submit(AbstractExecutorService.java:140)
	at org.apache.catalina.core.ContainerBase.startInternal(ContainerBase.java:909)
	at org.apache.catalina.core.StandardHost.startInternal(StandardHost.java:843)
	at org.apache.catalina.util.LifecycleBase.start(LifecycleBase.java:183)
	at org.apache.catalina.core.ContainerBase$StartChild.call(ContainerBase.java:1384)
	at org.apache.catalina.core.ContainerBase$StartChild.call(ContainerBase.java:1374)
	at java.base/java.util.concurrent.FutureTask.run(FutureTask.java:264)
	at org.apache.tomcat.util.threads.InlineExecutorService.execute(InlineExecutorService.java:75)
	at java.base/java.util.concurrent.AbstractExecutorService.submit(AbstractExecutorService.java:140)
	at org.apache.catalina.core.ContainerBase.startInternal(ContainerBase.java:909)
	at org.apache.catalina.core.StandardEngine.startInternal(StandardEngine.java:262)
	at org.apache.catalina.util.LifecycleBase.start(LifecycleBase.java:183)
	at org.apache.catalina.core.StandardService.startInternal(StandardService.java:434)
	at org.apache.catalina.util.LifecycleBase.start(LifecycleBase.java:183)
	at org.apache.catalina.core.StandardServer.startInternal(StandardServer.java:930)
	at org.apache.catalina.util.LifecycleBase.start(LifecycleBase.java:183)
	at org.apache.catalina.startup.Tomcat.start(Tomcat.java:486)
	at common.TomcatStartUp.createTomcat(TomcatStartUp.java:20)
	at logic.PersonLogicTest.setUpBeforeClass(PersonLogicTest.java:35)
	at java.base/jdk.internal.reflect.NativeMethodAccessorImpl.invoke0(Native Method)
	at java.base/jdk.internal.reflect.NativeMethodAccessorImpl.invoke(NativeMethodAccessorImpl.java:62)
	at java.base/jdk.internal.reflect.DelegatingMethodAccessorImpl.invoke(DelegatingMethodAccessorImpl.java:43)
	at java.base/java.lang.reflect.Method.invoke(Method.java:566)
	at org.junit.platform.commons.util.ReflectionUtils.invokeMethod(ReflectionUtils.java:688)
	at org.junit.jupiter.engine.execution.MethodInvocation.proceed(MethodInvocation.java:60)
	at org.junit.jupiter.engine.execution.InvocationInterceptorChain$ValidatingInvocation.proceed(InvocationInterceptorChain.java:131)
	at org.junit.jupiter.engine.extension.TimeoutExtension.intercept(TimeoutExtension.java:149)
	at org.junit.jupiter.engine.extension.TimeoutExtension.interceptLifecycleMethod(TimeoutExtension.java:126)
	at org.junit.jupiter.engine.extension.TimeoutExtension.interceptBeforeAllMethod(TimeoutExtension.java:68)
	at org.junit.jupiter.engine.execution.ExecutableInvoker$ReflectiveInterceptorCall.lambda$ofVoidMethod$0(ExecutableInvoker.java:115)
	at org.junit.jupiter.engine.execution.ExecutableInvoker.lambda$invoke$0(ExecutableInvoker.java:105)
	at org.junit.jupiter.engine.execution.InvocationInterceptorChain$InterceptedInvocation.proceed(InvocationInterceptorChain.java:106)
	at org.junit.jupiter.engine.execution.InvocationInterceptorChain.proceed(InvocationInterceptorChain.java:64)
	at org.junit.jupiter.engine.execution.InvocationInterceptorChain.chainAndInvoke(InvocationInterceptorChain.java:45)
	at org.junit.jupiter.engine.execution.InvocationInterceptorChain.invoke(InvocationInterceptorChain.java:37)
	at org.junit.jupiter.engine.execution.ExecutableInvoker.invoke(ExecutableInvoker.java:104)
	at org.junit.jupiter.engine.execution.ExecutableInvoker.invoke(ExecutableInvoker.java:98)
	at org.junit.jupiter.engine.descriptor.ClassBasedTestDescriptor.lambda$invokeBeforeAllMethods$9(ClassBasedTestDescriptor.java:384)
	at org.junit.platform.engine.support.hierarchical.ThrowableCollector.execute(ThrowableCollector.java:73)
	at org.junit.jupiter.engine.descriptor.ClassBasedTestDescriptor.invokeBeforeAllMethods(ClassBasedTestDescriptor.java:382)
	at org.junit.jupiter.engine.descriptor.ClassBasedTestDescriptor.before(ClassBasedTestDescriptor.java:196)
	at org.junit.jupiter.engine.descriptor.ClassBasedTestDescriptor.before(ClassBasedTestDescriptor.java:78)
	at org.junit.platform.engine.support.hierarchical.NodeTestTask.lambda$executeRecursively$5(NodeTestTask.java:136)
	at org.junit.platform.engine.support.hierarchical.ThrowableCollector.execute(ThrowableCollector.java:73)
	at org.junit.platform.engine.support.hierarchical.NodeTestTask.lambda$executeRecursively$7(NodeTestTask.java:129)
	at org.junit.platform.engine.support.hierarchical.Node.around(Node.java:137)
	at org.junit.platform.engine.support.hierarchical.NodeTestTask.lambda$executeRecursively$8(NodeTestTask.java:127)
	at org.junit.platform.engine.support.hierarchical.ThrowableCollector.execute(ThrowableCollector.java:73)
	at org.junit.platform.engine.support.hierarchical.NodeTestTask.executeRecursively(NodeTestTask.java:126)
	at org.junit.platform.engine.support.hierarchical.NodeTestTask.execute(NodeTestTask.java:84)
	at java.base/java.util.ArrayList.forEach(ArrayList.java:1541)
	at org.junit.platform.engine.support.hierarchical.SameThreadHierarchicalTestExecutorService.invokeAll(SameThreadHierarchicalTestExecutorService.java:38)
	at org.junit.platform.engine.support.hierarchical.NodeTestTask.lambda$executeRecursively$5(NodeTestTask.java:143)
	at org.junit.platform.engine.support.hierarchical.ThrowableCollector.execute(ThrowableCollector.java:73)
	at org.junit.platform.engine.support.hierarchical.NodeTestTask.lambda$executeRecursively$7(NodeTestTask.java:129)
	at org.junit.platform.engine.support.hierarchical.Node.around(Node.java:137)
	at org.junit.platform.engine.support.hierarchical.NodeTestTask.lambda$executeRecursively$8(NodeTestTask.java:127)
	at org.junit.platform.engine.support.hierarchical.ThrowableCollector.execute(ThrowableCollector.java:73)
	at org.junit.platform.engine.support.hierarchical.NodeTestTask.executeRecursively(NodeTestTask.java:126)
	at org.junit.platform.engine.support.hierarchical.NodeTestTask.execute(NodeTestTask.java:84)
	at org.junit.platform.engine.support.hierarchical.SameThreadHierarchicalTestExecutorService.submit(SameThreadHierarchicalTestExecutorService.java:32)
	at org.junit.platform.engine.support.hierarchical.HierarchicalTestExecutor.execute(HierarchicalTestExecutor.java:57)
	at org.junit.platform.engine.support.hierarchical.HierarchicalTestEngine.execute(HierarchicalTestEngine.java:51)
	at org.junit.platform.launcher.core.EngineExecutionOrchestrator.execute(EngineExecutionOrchestrator.java:108)
	at org.junit.platform.launcher.core.EngineExecutionOrchestrator.execute(EngineExecutionOrchestrator.java:88)
	at org.junit.platform.launcher.core.EngineExecutionOrchestrator.lambda$execute$0(EngineExecutionOrchestrator.java:54)
	at org.junit.platform.launcher.core.EngineExecutionOrchestrator.withInterceptedStreams(EngineExecutionOrchestrator.java:67)
	at org.junit.platform.launcher.core.EngineExecutionOrchestrator.execute(EngineExecutionOrchestrator.java:52)
	at org.junit.platform.launcher.core.DefaultLauncher.execute(DefaultLauncher.java:96)
	at org.junit.platform.launcher.core.DefaultLauncher.execute(DefaultLauncher.java:75)
	at org.apache.maven.surefire.junitplatform.JUnitPlatformProvider.execute(JUnitPlatformProvider.java:188)
	at org.apache.maven.surefire.junitplatform.JUnitPlatformProvider.invokeAllTests(JUnitPlatformProvider.java:154)
	at org.apache.maven.surefire.junitplatform.JUnitPlatformProvider.invoke(JUnitPlatformProvider.java:128)
	at org.apache.maven.surefire.booter.ForkedBooter.runSuitesInProcess(ForkedBooter.java:428)
	at org.apache.maven.surefire.booter.ForkedBooter.execute(ForkedBooter.java:162)
	at org.apache.maven.surefire.booter.ForkedBooter.run(ForkedBooter.java:562)
	at org.apache.maven.surefire.booter.ForkedBooter.main(ForkedBooter.java:548)
Caused by: java.lang.reflect.InvocationTargetException
	at java.base/jdk.internal.reflect.GeneratedConstructorAccessor16.newInstance(Unknown Source)
	at java.base/jdk.internal.reflect.DelegatingConstructorAccessorImpl.newInstance(DelegatingConstructorAccessorImpl.java:45)
	at java.base/java.lang.reflect.Constructor.newInstance(Constructor.java:490)
	at org.apache.tomcat.util.compat.Jre9Compat.jarFileNewInstance(Jre9Compat.java:206)
	... 92 more
Caused by: java.nio.file.NoSuchFileException: C:\Users\shado\.m2\repository\org\glassfish\jaxb\jaxb-runtime\2.3.1\istack-commons-runtime-3.0.7.jar
	at java.base/sun.nio.fs.WindowsException.translateToIOException(WindowsException.java:85)
	at java.base/sun.nio.fs.WindowsException.rethrowAsIOException(WindowsException.java:103)
	at java.base/sun.nio.fs.WindowsException.rethrowAsIOException(WindowsException.java:108)
	at java.base/sun.nio.fs.WindowsFileAttributeViews$Basic.readAttributes(WindowsFileAttributeViews.java:53)
	at java.base/sun.nio.fs.WindowsFileAttributeViews$Basic.readAttributes(WindowsFileAttributeViews.java:38)
	at java.base/sun.nio.fs.WindowsFileSystemProvider.readAttributes(WindowsFileSystemProvider.java:198)
	at java.base/java.nio.file.Files.readAttributes(Files.java:1763)
	at java.base/java.util.zip.ZipFile$Source.get(ZipFile.java:1225)
	at java.base/java.util.zip.ZipFile$CleanableResource.<init>(ZipFile.java:727)
	at java.base/java.util.zip.ZipFile$CleanableResource.get(ZipFile.java:844)
	at java.base/java.util.zip.ZipFile.<init>(ZipFile.java:247)
	at java.base/java.util.zip.ZipFile.<init>(ZipFile.java:177)
	at java.base/java.util.jar.JarFile.<init>(JarFile.java:348)
	... 96 more

Apr 16, 2021 2:16:10 PM org.apache.tomcat.util.scan.StandardJarScanner processURLs
WARNING: Failed to scan [file:/C:/Users/shado/.m2/repository/org/glassfish/jaxb/jaxb-runtime/2.3.1/stax-ex-1.8.jar] from classloader hierarchy
java.io.IOException: java.lang.reflect.InvocationTargetException
	at org.apache.tomcat.util.compat.Jre9Compat.jarFileNewInstance(Jre9Compat.java:209)
	at org.apache.tomcat.util.scan.JarFileUrlJar.<init>(JarFileUrlJar.java:65)
	at org.apache.tomcat.util.scan.JarFactory.newInstance(JarFactory.java:49)
	at org.apache.tomcat.util.scan.StandardJarScanner.process(StandardJarScanner.java:383)
	at org.apache.tomcat.util.scan.StandardJarScanner.processURLs(StandardJarScanner.java:318)
	at org.apache.tomcat.util.scan.StandardJarScanner.doScanClassPath(StandardJarScanner.java:282)
	at org.apache.tomcat.util.scan.StandardJarScanner.scan(StandardJarScanner.java:233)
	at org.apache.jasper.servlet.TldScanner.scanJars(TldScanner.java:262)
	at org.apache.jasper.servlet.TldScanner.scan(TldScanner.java:104)
	at org.apache.jasper.servlet.JasperInitializer.onStartup(JasperInitializer.java:83)
	at org.apache.catalina.core.StandardContext.startInternal(StandardContext.java:5166)
	at org.apache.catalina.util.LifecycleBase.start(LifecycleBase.java:183)
	at org.apache.catalina.core.ContainerBase$StartChild.call(ContainerBase.java:1384)
	at org.apache.catalina.core.ContainerBase$StartChild.call(ContainerBase.java:1374)
	at java.base/java.util.concurrent.FutureTask.run(FutureTask.java:264)
	at org.apache.tomcat.util.threads.InlineExecutorService.execute(InlineExecutorService.java:75)
	at java.base/java.util.concurrent.AbstractExecutorService.submit(AbstractExecutorService.java:140)
	at org.apache.catalina.core.ContainerBase.startInternal(ContainerBase.java:909)
	at org.apache.catalina.core.StandardHost.startInternal(StandardHost.java:843)
	at org.apache.catalina.util.LifecycleBase.start(LifecycleBase.java:183)
	at org.apache.catalina.core.ContainerBase$StartChild.call(ContainerBase.java:1384)
	at org.apache.catalina.core.ContainerBase$StartChild.call(ContainerBase.java:1374)
	at java.base/java.util.concurrent.FutureTask.run(FutureTask.java:264)
	at org.apache.tomcat.util.threads.InlineExecutorService.execute(InlineExecutorService.java:75)
	at java.base/java.util.concurrent.AbstractExecutorService.submit(AbstractExecutorService.java:140)
	at org.apache.catalina.core.ContainerBase.startInternal(ContainerBase.java:909)
	at org.apache.catalina.core.StandardEngine.startInternal(StandardEngine.java:262)
	at org.apache.catalina.util.LifecycleBase.start(LifecycleBase.java:183)
	at org.apache.catalina.core.StandardService.startInternal(StandardService.java:434)
	at org.apache.catalina.util.LifecycleBase.start(LifecycleBase.java:183)
	at org.apache.catalina.core.StandardServer.startInternal(StandardServer.java:930)
	at org.apache.catalina.util.LifecycleBase.start(LifecycleBase.java:183)
	at org.apache.catalina.startup.Tomcat.start(Tomcat.java:486)
	at common.TomcatStartUp.createTomcat(TomcatStartUp.java:20)
	at logic.PersonLogicTest.setUpBeforeClass(PersonLogicTest.java:35)
	at java.base/jdk.internal.reflect.NativeMethodAccessorImpl.invoke0(Native Method)
	at java.base/jdk.internal.reflect.NativeMethodAccessorImpl.invoke(NativeMethodAccessorImpl.java:62)
	at java.base/jdk.internal.reflect.DelegatingMethodAccessorImpl.invoke(DelegatingMethodAccessorImpl.java:43)
	at java.base/java.lang.reflect.Method.invoke(Method.java:566)
	at org.junit.platform.commons.util.ReflectionUtils.invokeMethod(ReflectionUtils.java:688)
	at org.junit.jupiter.engine.execution.MethodInvocation.proceed(MethodInvocation.java:60)
	at org.junit.jupiter.engine.execution.InvocationInterceptorChain$ValidatingInvocation.proceed(InvocationInterceptorChain.java:131)
	at org.junit.jupiter.engine.extension.TimeoutExtension.intercept(TimeoutExtension.java:149)
	at org.junit.jupiter.engine.extension.TimeoutExtension.interceptLifecycleMethod(TimeoutExtension.java:126)
	at org.junit.jupiter.engine.extension.TimeoutExtension.interceptBeforeAllMethod(TimeoutExtension.java:68)
	at org.junit.jupiter.engine.execution.ExecutableInvoker$ReflectiveInterceptorCall.lambda$ofVoidMethod$0(ExecutableInvoker.java:115)
	at org.junit.jupiter.engine.execution.ExecutableInvoker.lambda$invoke$0(ExecutableInvoker.java:105)
	at org.junit.jupiter.engine.execution.InvocationInterceptorChain$InterceptedInvocation.proceed(InvocationInterceptorChain.java:106)
	at org.junit.jupiter.engine.execution.InvocationInterceptorChain.proceed(InvocationInterceptorChain.java:64)
	at org.junit.jupiter.engine.execution.InvocationInterceptorChain.chainAndInvoke(InvocationInterceptorChain.java:45)
	at org.junit.jupiter.engine.execution.InvocationInterceptorChain.invoke(InvocationInterceptorChain.java:37)
	at org.junit.jupiter.engine.execution.ExecutableInvoker.invoke(ExecutableInvoker.java:104)
	at org.junit.jupiter.engine.execution.ExecutableInvoker.invoke(ExecutableInvoker.java:98)
	at org.junit.jupiter.engine.descriptor.ClassBasedTestDescriptor.lambda$invokeBeforeAllMethods$9(ClassBasedTestDescriptor.java:384)
	at org.junit.platform.engine.support.hierarchical.ThrowableCollector.execute(ThrowableCollector.java:73)
	at org.junit.jupiter.engine.descriptor.ClassBasedTestDescriptor.invokeBeforeAllMethods(ClassBasedTestDescriptor.java:382)
	at org.junit.jupiter.engine.descriptor.ClassBasedTestDescriptor.before(ClassBasedTestDescriptor.java:196)
	at org.junit.jupiter.engine.descriptor.ClassBasedTestDescriptor.before(ClassBasedTestDescriptor.java:78)
	at org.junit.platform.engine.support.hierarchical.NodeTestTask.lambda$executeRecursively$5(NodeTestTask.java:136)
	at org.junit.platform.engine.support.hierarchical.ThrowableCollector.execute(ThrowableCollector.java:73)
	at org.junit.platform.engine.support.hierarchical.NodeTestTask.lambda$executeRecursively$7(NodeTestTask.java:129)
	at org.junit.platform.engine.support.hierarchical.Node.around(Node.java:137)
	at org.junit.platform.engine.support.hierarchical.NodeTestTask.lambda$executeRecursively$8(NodeTestTask.java:127)
	at org.junit.platform.engine.support.hierarchical.ThrowableCollector.execute(ThrowableCollector.java:73)
	at org.junit.platform.engine.support.hierarchical.NodeTestTask.executeRecursively(NodeTestTask.java:126)
	at org.junit.platform.engine.support.hierarchical.NodeTestTask.execute(NodeTestTask.java:84)
	at java.base/java.util.ArrayList.forEach(ArrayList.java:1541)
	at org.junit.platform.engine.support.hierarchical.SameThreadHierarchicalTestExecutorService.invokeAll(SameThreadHierarchicalTestExecutorService.java:38)
	at org.junit.platform.engine.support.hierarchical.NodeTestTask.lambda$executeRecursively$5(NodeTestTask.java:143)
	at org.junit.platform.engine.support.hierarchical.ThrowableCollector.execute(ThrowableCollector.java:73)
	at org.junit.platform.engine.support.hierarchical.NodeTestTask.lambda$executeRecursively$7(NodeTestTask.java:129)
	at org.junit.platform.engine.support.hierarchical.Node.around(Node.java:137)
	at org.junit.platform.engine.support.hierarchical.NodeTestTask.lambda$executeRecursively$8(NodeTestTask.java:127)
	at org.junit.platform.engine.support.hierarchical.ThrowableCollector.execute(ThrowableCollector.java:73)
	at org.junit.platform.engine.support.hierarchical.NodeTestTask.executeRecursively(NodeTestTask.java:126)
	at org.junit.platform.engine.support.hierarchical.NodeTestTask.execute(NodeTestTask.java:84)
	at org.junit.platform.engine.support.hierarchical.SameThreadHierarchicalTestExecutorService.submit(SameThreadHierarchicalTestExecutorService.java:32)
	at org.junit.platform.engine.support.hierarchical.HierarchicalTestExecutor.execute(HierarchicalTestExecutor.java:57)
	at org.junit.platform.engine.support.hierarchical.HierarchicalTestEngine.execute(HierarchicalTestEngine.java:51)
	at org.junit.platform.launcher.core.EngineExecutionOrchestrator.execute(EngineExecutionOrchestrator.java:108)
	at org.junit.platform.launcher.core.EngineExecutionOrchestrator.execute(EngineExecutionOrchestrator.java:88)
	at org.junit.platform.launcher.core.EngineExecutionOrchestrator.lambda$execute$0(EngineExecutionOrchestrator.java:54)
	at org.junit.platform.launcher.core.EngineExecutionOrchestrator.withInterceptedStreams(EngineExecutionOrchestrator.java:67)
	at org.junit.platform.launcher.core.EngineExecutionOrchestrator.execute(EngineExecutionOrchestrator.java:52)
	at org.junit.platform.launcher.core.DefaultLauncher.execute(DefaultLauncher.java:96)
	at org.junit.platform.launcher.core.DefaultLauncher.execute(DefaultLauncher.java:75)
	at org.apache.maven.surefire.junitplatform.JUnitPlatformProvider.execute(JUnitPlatformProvider.java:188)
	at org.apache.maven.surefire.junitplatform.JUnitPlatformProvider.invokeAllTests(JUnitPlatformProvider.java:154)
	at org.apache.maven.surefire.junitplatform.JUnitPlatformProvider.invoke(JUnitPlatformProvider.java:128)
	at org.apache.maven.surefire.booter.ForkedBooter.runSuitesInProcess(ForkedBooter.java:428)
	at org.apache.maven.surefire.booter.ForkedBooter.execute(ForkedBooter.java:162)
	at org.apache.maven.surefire.booter.ForkedBooter.run(ForkedBooter.java:562)
	at org.apache.maven.surefire.booter.ForkedBooter.main(ForkedBooter.java:548)
Caused by: java.lang.reflect.InvocationTargetException
	at java.base/jdk.internal.reflect.GeneratedConstructorAccessor16.newInstance(Unknown Source)
	at java.base/jdk.internal.reflect.DelegatingConstructorAccessorImpl.newInstance(DelegatingConstructorAccessorImpl.java:45)
	at java.base/java.lang.reflect.Constructor.newInstance(Constructor.java:490)
	at org.apache.tomcat.util.compat.Jre9Compat.jarFileNewInstance(Jre9Compat.java:206)
	... 92 more
Caused by: java.nio.file.NoSuchFileException: C:\Users\shado\.m2\repository\org\glassfish\jaxb\jaxb-runtime\2.3.1\stax-ex-1.8.jar
	at java.base/sun.nio.fs.WindowsException.translateToIOException(WindowsException.java:85)
	at java.base/sun.nio.fs.WindowsException.rethrowAsIOException(WindowsException.java:103)
	at java.base/sun.nio.fs.WindowsException.rethrowAsIOException(WindowsException.java:108)
	at java.base/sun.nio.fs.WindowsFileAttributeViews$Basic.readAttributes(WindowsFileAttributeViews.java:53)
	at java.base/sun.nio.fs.WindowsFileAttributeViews$Basic.readAttributes(WindowsFileAttributeViews.java:38)
	at java.base/sun.nio.fs.WindowsFileSystemProvider.readAttributes(WindowsFileSystemProvider.java:198)
	at java.base/java.nio.file.Files.readAttributes(Files.java:1763)
	at java.base/java.util.zip.ZipFile$Source.get(ZipFile.java:1225)
	at java.base/java.util.zip.ZipFile$CleanableResource.<init>(ZipFile.java:727)
	at java.base/java.util.zip.ZipFile$CleanableResource.get(ZipFile.java:844)
	at java.base/java.util.zip.ZipFile.<init>(ZipFile.java:247)
	at java.base/java.util.zip.ZipFile.<init>(ZipFile.java:177)
	at java.base/java.util.jar.JarFile.<init>(JarFile.java:348)
	... 96 more

Apr 16, 2021 2:16:10 PM org.apache.tomcat.util.scan.StandardJarScanner processURLs
WARNING: Failed to scan [file:/C:/Users/shado/.m2/repository/org/glassfish/jaxb/jaxb-runtime/2.3.1/FastInfoset-1.2.15.jar] from classloader hierarchy
java.io.IOException: java.lang.reflect.InvocationTargetException
	at org.apache.tomcat.util.compat.Jre9Compat.jarFileNewInstance(Jre9Compat.java:209)
	at org.apache.tomcat.util.scan.JarFileUrlJar.<init>(JarFileUrlJar.java:65)
	at org.apache.tomcat.util.scan.JarFactory.newInstance(JarFactory.java:49)
	at org.apache.tomcat.util.scan.StandardJarScanner.process(StandardJarScanner.java:383)
	at org.apache.tomcat.util.scan.StandardJarScanner.processURLs(StandardJarScanner.java:318)
	at org.apache.tomcat.util.scan.StandardJarScanner.doScanClassPath(StandardJarScanner.java:282)
	at org.apache.tomcat.util.scan.StandardJarScanner.scan(StandardJarScanner.java:233)
	at org.apache.jasper.servlet.TldScanner.scanJars(TldScanner.java:262)
	at org.apache.jasper.servlet.TldScanner.scan(TldScanner.java:104)
	at org.apache.jasper.servlet.JasperInitializer.onStartup(JasperInitializer.java:83)
	at org.apache.catalina.core.StandardContext.startInternal(StandardContext.java:5166)
	at org.apache.catalina.util.LifecycleBase.start(LifecycleBase.java:183)
	at org.apache.catalina.core.ContainerBase$StartChild.call(ContainerBase.java:1384)
	at org.apache.catalina.core.ContainerBase$StartChild.call(ContainerBase.java:1374)
	at java.base/java.util.concurrent.FutureTask.run(FutureTask.java:264)
	at org.apache.tomcat.util.threads.InlineExecutorService.execute(InlineExecutorService.java:75)
	at java.base/java.util.concurrent.AbstractExecutorService.submit(AbstractExecutorService.java:140)
	at org.apache.catalina.core.ContainerBase.startInternal(ContainerBase.java:909)
	at org.apache.catalina.core.StandardHost.startInternal(StandardHost.java:843)
	at org.apache.catalina.util.LifecycleBase.start(LifecycleBase.java:183)
	at org.apache.catalina.core.ContainerBase$StartChild.call(ContainerBase.java:1384)
	at org.apache.catalina.core.ContainerBase$StartChild.call(ContainerBase.java:1374)
	at java.base/java.util.concurrent.FutureTask.run(FutureTask.java:264)
	at org.apache.tomcat.util.threads.InlineExecutorService.execute(InlineExecutorService.java:75)
	at java.base/java.util.concurrent.AbstractExecutorService.submit(AbstractExecutorService.java:140)
	at org.apache.catalina.core.ContainerBase.startInternal(ContainerBase.java:909)
	at org.apache.catalina.core.StandardEngine.startInternal(StandardEngine.java:262)
	at org.apache.catalina.util.LifecycleBase.start(LifecycleBase.java:183)
	at org.apache.catalina.core.StandardService.startInternal(StandardService.java:434)
	at org.apache.catalina.util.LifecycleBase.start(LifecycleBase.java:183)
	at org.apache.catalina.core.StandardServer.startInternal(StandardServer.java:930)
	at org.apache.catalina.util.LifecycleBase.start(LifecycleBase.java:183)
	at org.apache.catalina.startup.Tomcat.start(Tomcat.java:486)
	at common.TomcatStartUp.createTomcat(TomcatStartUp.java:20)
	at logic.PersonLogicTest.setUpBeforeClass(PersonLogicTest.java:35)
	at java.base/jdk.internal.reflect.NativeMethodAccessorImpl.invoke0(Native Method)
	at java.base/jdk.internal.reflect.NativeMethodAccessorImpl.invoke(NativeMethodAccessorImpl.java:62)
	at java.base/jdk.internal.reflect.DelegatingMethodAccessorImpl.invoke(DelegatingMethodAccessorImpl.java:43)
	at java.base/java.lang.reflect.Method.invoke(Method.java:566)
	at org.junit.platform.commons.util.ReflectionUtils.invokeMethod(ReflectionUtils.java:688)
	at org.junit.jupiter.engine.execution.MethodInvocation.proceed(MethodInvocation.java:60)
	at org.junit.jupiter.engine.execution.InvocationInterceptorChain$ValidatingInvocation.proceed(InvocationInterceptorChain.java:131)
	at org.junit.jupiter.engine.extension.TimeoutExtension.intercept(TimeoutExtension.java:149)
	at org.junit.jupiter.engine.extension.TimeoutExtension.interceptLifecycleMethod(TimeoutExtension.java:126)
	at org.junit.jupiter.engine.extension.TimeoutExtension.interceptBeforeAllMethod(TimeoutExtension.java:68)
	at org.junit.jupiter.engine.execution.ExecutableInvoker$ReflectiveInterceptorCall.lambda$ofVoidMethod$0(ExecutableInvoker.java:115)
	at org.junit.jupiter.engine.execution.ExecutableInvoker.lambda$invoke$0(ExecutableInvoker.java:105)
	at org.junit.jupiter.engine.execution.InvocationInterceptorChain$InterceptedInvocation.proceed(InvocationInterceptorChain.java:106)
	at org.junit.jupiter.engine.execution.InvocationInterceptorChain.proceed(InvocationInterceptorChain.java:64)
	at org.junit.jupiter.engine.execution.InvocationInterceptorChain.chainAndInvoke(InvocationInterceptorChain.java:45)
	at org.junit.jupiter.engine.execution.InvocationInterceptorChain.invoke(InvocationInterceptorChain.java:37)
	at org.junit.jupiter.engine.execution.ExecutableInvoker.invoke(ExecutableInvoker.java:104)
	at org.junit.jupiter.engine.execution.ExecutableInvoker.invoke(ExecutableInvoker.java:98)
	at org.junit.jupiter.engine.descriptor.ClassBasedTestDescriptor.lambda$invokeBeforeAllMethods$9(ClassBasedTestDescriptor.java:384)
	at org.junit.platform.engine.support.hierarchical.ThrowableCollector.execute(ThrowableCollector.java:73)
	at org.junit.jupiter.engine.descriptor.ClassBasedTestDescriptor.invokeBeforeAllMethods(ClassBasedTestDescriptor.java:382)
	at org.junit.jupiter.engine.descriptor.ClassBasedTestDescriptor.before(ClassBasedTestDescriptor.java:196)
	at org.junit.jupiter.engine.descriptor.ClassBasedTestDescriptor.before(ClassBasedTestDescriptor.java:78)
	at org.junit.platform.engine.support.hierarchical.NodeTestTask.lambda$executeRecursively$5(NodeTestTask.java:136)
	at org.junit.platform.engine.support.hierarchical.ThrowableCollector.execute(ThrowableCollector.java:73)
	at org.junit.platform.engine.support.hierarchical.NodeTestTask.lambda$executeRecursively$7(NodeTestTask.java:129)
	at org.junit.platform.engine.support.hierarchical.Node.around(Node.java:137)
	at org.junit.platform.engine.support.hierarchical.NodeTestTask.lambda$executeRecursively$8(NodeTestTask.java:127)
	at org.junit.platform.engine.support.hierarchical.ThrowableCollector.execute(ThrowableCollector.java:73)
	at org.junit.platform.engine.support.hierarchical.NodeTestTask.executeRecursively(NodeTestTask.java:126)
	at org.junit.platform.engine.support.hierarchical.NodeTestTask.execute(NodeTestTask.java:84)
	at java.base/java.util.ArrayList.forEach(ArrayList.java:1541)
	at org.junit.platform.engine.support.hierarchical.SameThreadHierarchicalTestExecutorService.invokeAll(SameThreadHierarchicalTestExecutorService.java:38)
	at org.junit.platform.engine.support.hierarchical.NodeTestTask.lambda$executeRecursively$5(NodeTestTask.java:143)
	at org.junit.platform.engine.support.hierarchical.ThrowableCollector.execute(ThrowableCollector.java:73)
	at org.junit.platform.engine.support.hierarchical.NodeTestTask.lambda$executeRecursively$7(NodeTestTask.java:129)
	at org.junit.platform.engine.support.hierarchical.Node.around(Node.java:137)
	at org.junit.platform.engine.support.hierarchical.NodeTestTask.lambda$executeRecursively$8(NodeTestTask.java:127)
	at org.junit.platform.engine.support.hierarchical.ThrowableCollector.execute(ThrowableCollector.java:73)
	at org.junit.platform.engine.support.hierarchical.NodeTestTask.executeRecursively(NodeTestTask.java:126)
	at org.junit.platform.engine.support.hierarchical.NodeTestTask.execute(NodeTestTask.java:84)
	at org.junit.platform.engine.support.hierarchical.SameThreadHierarchicalTestExecutorService.submit(SameThreadHierarchicalTestExecutorService.java:32)
	at org.junit.platform.engine.support.hierarchical.HierarchicalTestExecutor.execute(HierarchicalTestExecutor.java:57)
	at org.junit.platform.engine.support.hierarchical.HierarchicalTestEngine.execute(HierarchicalTestEngine.java:51)
	at org.junit.platform.launcher.core.EngineExecutionOrchestrator.execute(EngineExecutionOrchestrator.java:108)
	at org.junit.platform.launcher.core.EngineExecutionOrchestrator.execute(EngineExecutionOrchestrator.java:88)
	at org.junit.platform.launcher.core.EngineExecutionOrchestrator.lambda$execute$0(EngineExecutionOrchestrator.java:54)
	at org.junit.platform.launcher.core.EngineExecutionOrchestrator.withInterceptedStreams(EngineExecutionOrchestrator.java:67)
	at org.junit.platform.launcher.core.EngineExecutionOrchestrator.execute(EngineExecutionOrchestrator.java:52)
	at org.junit.platform.launcher.core.DefaultLauncher.execute(DefaultLauncher.java:96)
	at org.junit.platform.launcher.core.DefaultLauncher.execute(DefaultLauncher.java:75)
	at org.apache.maven.surefire.junitplatform.JUnitPlatformProvider.execute(JUnitPlatformProvider.java:188)
	at org.apache.maven.surefire.junitplatform.JUnitPlatformProvider.invokeAllTests(JUnitPlatformProvider.java:154)
	at org.apache.maven.surefire.junitplatform.JUnitPlatformProvider.invoke(JUnitPlatformProvider.java:128)
	at org.apache.maven.surefire.booter.ForkedBooter.runSuitesInProcess(ForkedBooter.java:428)
	at org.apache.maven.surefire.booter.ForkedBooter.execute(ForkedBooter.java:162)
	at org.apache.maven.surefire.booter.ForkedBooter.run(ForkedBooter.java:562)
	at org.apache.maven.surefire.booter.ForkedBooter.main(ForkedBooter.java:548)
Caused by: java.lang.reflect.InvocationTargetException
	at java.base/jdk.internal.reflect.GeneratedConstructorAccessor16.newInstance(Unknown Source)
	at java.base/jdk.internal.reflect.DelegatingConstructorAccessorImpl.newInstance(DelegatingConstructorAccessorImpl.java:45)
	at java.base/java.lang.reflect.Constructor.newInstance(Constructor.java:490)
	at org.apache.tomcat.util.compat.Jre9Compat.jarFileNewInstance(Jre9Compat.java:206)
	... 92 more
Caused by: java.nio.file.NoSuchFileException: C:\Users\shado\.m2\repository\org\glassfish\jaxb\jaxb-runtime\2.3.1\FastInfoset-1.2.15.jar
	at java.base/sun.nio.fs.WindowsException.translateToIOException(WindowsException.java:85)
	at java.base/sun.nio.fs.WindowsException.rethrowAsIOException(WindowsException.java:103)
	at java.base/sun.nio.fs.WindowsException.rethrowAsIOException(WindowsException.java:108)
	at java.base/sun.nio.fs.WindowsFileAttributeViews$Basic.readAttributes(WindowsFileAttributeViews.java:53)
	at java.base/sun.nio.fs.WindowsFileAttributeViews$Basic.readAttributes(WindowsFileAttributeViews.java:38)
	at java.base/sun.nio.fs.WindowsFileSystemProvider.readAttributes(WindowsFileSystemProvider.java:198)
	at java.base/java.nio.file.Files.readAttributes(Files.java:1763)
	at java.base/java.util.zip.ZipFile$Source.get(ZipFile.java:1225)
	at java.base/java.util.zip.ZipFile$CleanableResource.<init>(ZipFile.java:727)
	at java.base/java.util.zip.ZipFile$CleanableResource.get(ZipFile.java:844)
	at java.base/java.util.zip.ZipFile.<init>(ZipFile.java:247)
	at java.base/java.util.zip.ZipFile.<init>(ZipFile.java:177)
	at java.base/java.util.jar.JarFile.<init>(JarFile.java:348)
	... 96 more

Apr 16, 2021 2:16:10 PM org.apache.tomcat.util.scan.StandardJarScanner processURLs
WARNING: Failed to scan [file:/C:/Users/shado/.m2/repository/org/glassfish/jaxb/jaxb-runtime/2.3.1/javax.activation-api-1.2.0.jar] from classloader hierarchy
java.io.IOException: java.lang.reflect.InvocationTargetException
	at org.apache.tomcat.util.compat.Jre9Compat.jarFileNewInstance(Jre9Compat.java:209)
	at org.apache.tomcat.util.scan.JarFileUrlJar.<init>(JarFileUrlJar.java:65)
	at org.apache.tomcat.util.scan.JarFactory.newInstance(JarFactory.java:49)
	at org.apache.tomcat.util.scan.StandardJarScanner.process(StandardJarScanner.java:383)
	at org.apache.tomcat.util.scan.StandardJarScanner.processURLs(StandardJarScanner.java:318)
	at org.apache.tomcat.util.scan.StandardJarScanner.doScanClassPath(StandardJarScanner.java:282)
	at org.apache.tomcat.util.scan.StandardJarScanner.scan(StandardJarScanner.java:233)
	at org.apache.jasper.servlet.TldScanner.scanJars(TldScanner.java:262)
	at org.apache.jasper.servlet.TldScanner.scan(TldScanner.java:104)
	at org.apache.jasper.servlet.JasperInitializer.onStartup(JasperInitializer.java:83)
	at org.apache.catalina.core.StandardContext.startInternal(StandardContext.java:5166)
	at org.apache.catalina.util.LifecycleBase.start(LifecycleBase.java:183)
	at org.apache.catalina.core.ContainerBase$StartChild.call(ContainerBase.java:1384)
	at org.apache.catalina.core.ContainerBase$StartChild.call(ContainerBase.java:1374)
	at java.base/java.util.concurrent.FutureTask.run(FutureTask.java:264)
	at org.apache.tomcat.util.threads.InlineExecutorService.execute(InlineExecutorService.java:75)
	at java.base/java.util.concurrent.AbstractExecutorService.submit(AbstractExecutorService.java:140)
	at org.apache.catalina.core.ContainerBase.startInternal(ContainerBase.java:909)
	at org.apache.catalina.core.StandardHost.startInternal(StandardHost.java:843)
	at org.apache.catalina.util.LifecycleBase.start(LifecycleBase.java:183)
	at org.apache.catalina.core.ContainerBase$StartChild.call(ContainerBase.java:1384)
	at org.apache.catalina.core.ContainerBase$StartChild.call(ContainerBase.java:1374)
	at java.base/java.util.concurrent.FutureTask.run(FutureTask.java:264)
	at org.apache.tomcat.util.threads.InlineExecutorService.execute(InlineExecutorService.java:75)
	at java.base/java.util.concurrent.AbstractExecutorService.submit(AbstractExecutorService.java:140)
	at org.apache.catalina.core.ContainerBase.startInternal(ContainerBase.java:909)
	at org.apache.catalina.core.StandardEngine.startInternal(StandardEngine.java:262)
	at org.apache.catalina.util.LifecycleBase.start(LifecycleBase.java:183)
	at org.apache.catalina.core.StandardService.startInternal(StandardService.java:434)
	at org.apache.catalina.util.LifecycleBase.start(LifecycleBase.java:183)
	at org.apache.catalina.core.StandardServer.startInternal(StandardServer.java:930)
	at org.apache.catalina.util.LifecycleBase.start(LifecycleBase.java:183)
	at org.apache.catalina.startup.Tomcat.start(Tomcat.java:486)
	at common.TomcatStartUp.createTomcat(TomcatStartUp.java:20)
	at logic.PersonLogicTest.setUpBeforeClass(PersonLogicTest.java:35)
	at java.base/jdk.internal.reflect.NativeMethodAccessorImpl.invoke0(Native Method)
	at java.base/jdk.internal.reflect.NativeMethodAccessorImpl.invoke(NativeMethodAccessorImpl.java:62)
	at java.base/jdk.internal.reflect.DelegatingMethodAccessorImpl.invoke(DelegatingMethodAccessorImpl.java:43)
	at java.base/java.lang.reflect.Method.invoke(Method.java:566)
	at org.junit.platform.commons.util.ReflectionUtils.invokeMethod(ReflectionUtils.java:688)
	at org.junit.jupiter.engine.execution.MethodInvocation.proceed(MethodInvocation.java:60)
	at org.junit.jupiter.engine.execution.InvocationInterceptorChain$ValidatingInvocation.proceed(InvocationInterceptorChain.java:131)
	at org.junit.jupiter.engine.extension.TimeoutExtension.intercept(TimeoutExtension.java:149)
	at org.junit.jupiter.engine.extension.TimeoutExtension.interceptLifecycleMethod(TimeoutExtension.java:126)
	at org.junit.jupiter.engine.extension.TimeoutExtension.interceptBeforeAllMethod(TimeoutExtension.java:68)
	at org.junit.jupiter.engine.execution.ExecutableInvoker$ReflectiveInterceptorCall.lambda$ofVoidMethod$0(ExecutableInvoker.java:115)
	at org.junit.jupiter.engine.execution.ExecutableInvoker.lambda$invoke$0(ExecutableInvoker.java:105)
	at org.junit.jupiter.engine.execution.InvocationInterceptorChain$InterceptedInvocation.proceed(InvocationInterceptorChain.java:106)
	at org.junit.jupiter.engine.execution.InvocationInterceptorChain.proceed(InvocationInterceptorChain.java:64)
	at org.junit.jupiter.engine.execution.InvocationInterceptorChain.chainAndInvoke(InvocationInterceptorChain.java:45)
	at org.junit.jupiter.engine.execution.InvocationInterceptorChain.invoke(InvocationInterceptorChain.java:37)
	at org.junit.jupiter.engine.execution.ExecutableInvoker.invoke(ExecutableInvoker.java:104)
	at org.junit.jupiter.engine.execution.ExecutableInvoker.invoke(ExecutableInvoker.java:98)
	at org.junit.jupiter.engine.descriptor.ClassBasedTestDescriptor.lambda$invokeBeforeAllMethods$9(ClassBasedTestDescriptor.java:384)
	at org.junit.platform.engine.support.hierarchical.ThrowableCollector.execute(ThrowableCollector.java:73)
	at org.junit.jupiter.engine.descriptor.ClassBasedTestDescriptor.invokeBeforeAllMethods(ClassBasedTestDescriptor.java:382)
	at org.junit.jupiter.engine.descriptor.ClassBasedTestDescriptor.before(ClassBasedTestDescriptor.java:196)
	at org.junit.jupiter.engine.descriptor.ClassBasedTestDescriptor.before(ClassBasedTestDescriptor.java:78)
	at org.junit.platform.engine.support.hierarchical.NodeTestTask.lambda$executeRecursively$5(NodeTestTask.java:136)
	at org.junit.platform.engine.support.hierarchical.ThrowableCollector.execute(ThrowableCollector.java:73)
	at org.junit.platform.engine.support.hierarchical.NodeTestTask.lambda$executeRecursively$7(NodeTestTask.java:129)
	at org.junit.platform.engine.support.hierarchical.Node.around(Node.java:137)
	at org.junit.platform.engine.support.hierarchical.NodeTestTask.lambda$executeRecursively$8(NodeTestTask.java:127)
	at org.junit.platform.engine.support.hierarchical.ThrowableCollector.execute(ThrowableCollector.java:73)
	at org.junit.platform.engine.support.hierarchical.NodeTestTask.executeRecursively(NodeTestTask.java:126)
	at org.junit.platform.engine.support.hierarchical.NodeTestTask.execute(NodeTestTask.java:84)
	at java.base/java.util.ArrayList.forEach(ArrayList.java:1541)
	at org.junit.platform.engine.support.hierarchical.SameThreadHierarchicalTestExecutorService.invokeAll(SameThreadHierarchicalTestExecutorService.java:38)
	at org.junit.platform.engine.support.hierarchical.NodeTestTask.lambda$executeRecursively$5(NodeTestTask.java:143)
	at org.junit.platform.engine.support.hierarchical.ThrowableCollector.execute(ThrowableCollector.java:73)
	at org.junit.platform.engine.support.hierarchical.NodeTestTask.lambda$executeRecursively$7(NodeTestTask.java:129)
	at org.junit.platform.engine.support.hierarchical.Node.around(Node.java:137)
	at org.junit.platform.engine.support.hierarchical.NodeTestTask.lambda$executeRecursively$8(NodeTestTask.java:127)
	at org.junit.platform.engine.support.hierarchical.ThrowableCollector.execute(ThrowableCollector.java:73)
	at org.junit.platform.engine.support.hierarchical.NodeTestTask.executeRecursively(NodeTestTask.java:126)
	at org.junit.platform.engine.support.hierarchical.NodeTestTask.execute(NodeTestTask.java:84)
	at org.junit.platform.engine.support.hierarchical.SameThreadHierarchicalTestExecutorService.submit(SameThreadHierarchicalTestExecutorService.java:32)
	at org.junit.platform.engine.support.hierarchical.HierarchicalTestExecutor.execute(HierarchicalTestExecutor.java:57)
	at org.junit.platform.engine.support.hierarchical.HierarchicalTestEngine.execute(HierarchicalTestEngine.java:51)
	at org.junit.platform.launcher.core.EngineExecutionOrchestrator.execute(EngineExecutionOrchestrator.java:108)
	at org.junit.platform.launcher.core.EngineExecutionOrchestrator.execute(EngineExecutionOrchestrator.java:88)
	at org.junit.platform.launcher.core.EngineExecutionOrchestrator.lambda$execute$0(EngineExecutionOrchestrator.java:54)
	at org.junit.platform.launcher.core.EngineExecutionOrchestrator.withInterceptedStreams(EngineExecutionOrchestrator.java:67)
	at org.junit.platform.launcher.core.EngineExecutionOrchestrator.execute(EngineExecutionOrchestrator.java:52)
	at org.junit.platform.launcher.core.DefaultLauncher.execute(DefaultLauncher.java:96)
	at org.junit.platform.launcher.core.DefaultLauncher.execute(DefaultLauncher.java:75)
	at org.apache.maven.surefire.junitplatform.JUnitPlatformProvider.execute(JUnitPlatformProvider.java:188)
	at org.apache.maven.surefire.junitplatform.JUnitPlatformProvider.invokeAllTests(JUnitPlatformProvider.java:154)
	at org.apache.maven.surefire.junitplatform.JUnitPlatformProvider.invoke(JUnitPlatformProvider.java:128)
	at org.apache.maven.surefire.booter.ForkedBooter.runSuitesInProcess(ForkedBooter.java:428)
	at org.apache.maven.surefire.booter.ForkedBooter.execute(ForkedBooter.java:162)
	at org.apache.maven.surefire.booter.ForkedBooter.run(ForkedBooter.java:562)
	at org.apache.maven.surefire.booter.ForkedBooter.main(ForkedBooter.java:548)
Caused by: java.lang.reflect.InvocationTargetException
	at java.base/jdk.internal.reflect.GeneratedConstructorAccessor16.newInstance(Unknown Source)
	at java.base/jdk.internal.reflect.DelegatingConstructorAccessorImpl.newInstance(DelegatingConstructorAccessorImpl.java:45)
	at java.base/java.lang.reflect.Constructor.newInstance(Constructor.java:490)
	at org.apache.tomcat.util.compat.Jre9Compat.jarFileNewInstance(Jre9Compat.java:206)
	... 92 more
Caused by: java.nio.file.NoSuchFileException: C:\Users\shado\.m2\repository\org\glassfish\jaxb\jaxb-runtime\2.3.1\javax.activation-api-1.2.0.jar
	at java.base/sun.nio.fs.WindowsException.translateToIOException(WindowsException.java:85)
	at java.base/sun.nio.fs.WindowsException.rethrowAsIOException(WindowsException.java:103)
	at java.base/sun.nio.fs.WindowsException.rethrowAsIOException(WindowsException.java:108)
	at java.base/sun.nio.fs.WindowsFileAttributeViews$Basic.readAttributes(WindowsFileAttributeViews.java:53)
	at java.base/sun.nio.fs.WindowsFileAttributeViews$Basic.readAttributes(WindowsFileAttributeViews.java:38)
	at java.base/sun.nio.fs.WindowsFileSystemProvider.readAttributes(WindowsFileSystemProvider.java:198)
	at java.base/java.nio.file.Files.readAttributes(Files.java:1763)
	at java.base/java.util.zip.ZipFile$Source.get(ZipFile.java:1225)
	at java.base/java.util.zip.ZipFile$CleanableResource.<init>(ZipFile.java:727)
	at java.base/java.util.zip.ZipFile$CleanableResource.get(ZipFile.java:844)
	at java.base/java.util.zip.ZipFile.<init>(ZipFile.java:247)
	at java.base/java.util.zip.ZipFile.<init>(ZipFile.java:177)
	at java.base/java.util.jar.JarFile.<init>(JarFile.java:348)
	... 96 more

Apr 16, 2021 2:16:10 PM org.apache.jasper.servlet.TldScanner scanJars
INFO: At least one JAR was scanned for TLDs yet contained no TLDs. Enable debug logging for this logger for a complete list of JARs that were scanned but no TLDs were found in them. Skipping unneeded JARs during scanning can improve startup time and JSP compilation time.
Apr 16, 2021 2:16:13 PM org.apache.catalina.util.SessionIdGeneratorBase createSecureRandom
WARNING: Creation of SecureRandom instance for session ID generation using [SHA1PRNG] took [262] milliseconds.
]]></system-err>
  </testcase>
  <testcase name="testCreateEntityNullAndEmptyValues" classname="logic.PersonLogicTest" time="0.026">
    <system-out><![CDATA[2021-04-16T14:16:13,217|[DEBUG] EMFactory - getting EntityManagerFactory
2021-04-16T14:16:13,217|[DEBUG] EMFactory - initializeing EntityManagerFactory
2021-04-16T14:16:13,218|[DEBUG] SQL - 
    /* insert entity.Person
        */ insert 
        into
            simplebloodbank.person
            (address, birth, first_name, last_name, phone) 
        values
            (?, ?, ?, ?, ?)
2021-04-16T14:16:13,219|[TRACE] BasicBinder - binding parameter [1] as [VARCHAR] - [99 Woodrof Ave]
2021-04-16T14:16:13,219|[TRACE] BasicBinder - binding parameter [2] as [TIMESTAMP] - [Thu May 05 12:12:12 EDT 2022]
2021-04-16T14:16:13,219|[TRACE] BasicBinder - binding parameter [3] as [VARCHAR] - [Sophie]
2021-04-16T14:16:13,219|[TRACE] BasicBinder - binding parameter [4] as [VARCHAR] - [Sun]
2021-04-16T14:16:13,219|[TRACE] BasicBinder - binding parameter [5] as [VARCHAR] - [6136136666]
2021-04-16T14:16:13,230|[DEBUG] EMFactory - getting EntityManagerFactory
2021-04-16T14:16:13,230|[DEBUG] EMFactory - initializeing EntityManagerFactory
2021-04-16T14:16:13,231|[DEBUG] SQL - 
    /* load entity.Person */ select
        person0_.id as id1_4_0_,
        person0_.address as address2_4_0_,
        person0_.birth as birth3_4_0_,
        person0_.first_name as first_na4_4_0_,
        person0_.last_name as last_nam5_4_0_,
        person0_.phone as phone6_4_0_ 
    from
        simplebloodbank.person person0_ 
    where
        person0_.id=?
2021-04-16T14:16:13,231|[TRACE] BasicBinder - binding parameter [1] as [INTEGER] - [3]
2021-04-16T14:16:13,232|[TRACE] BasicExtractor - extracted value ([address2_4_0_] : [VARCHAR]) - [99 Woodrof Ave]
2021-04-16T14:16:13,232|[TRACE] BasicExtractor - extracted value ([birth3_4_0_] : [TIMESTAMP]) - [2022-05-05 12:12:12.0]
2021-04-16T14:16:13,232|[TRACE] BasicExtractor - extracted value ([first_na4_4_0_] : [VARCHAR]) - [Sophie]
2021-04-16T14:16:13,232|[TRACE] BasicExtractor - extracted value ([last_nam5_4_0_] : [VARCHAR]) - [Sun]
2021-04-16T14:16:13,232|[TRACE] BasicExtractor - extracted value ([phone6_4_0_] : [VARCHAR]) - [6136136666]
2021-04-16T14:16:13,232|[DEBUG] SQL - 
    /* load entity.BloodBank */ select
        bloodbank0_.bank_id as bank_id1_1_0_,
        bloodbank0_.emplyee_count as emplyee_2_1_0_,
        bloodbank0_.established as establis3_1_0_,
        bloodbank0_.name as name4_1_0_,
        bloodbank0_.owner as owner6_1_0_,
        bloodbank0_.privately_owned as privatel5_1_0_ 
    from
        simplebloodbank.blood_bank bloodbank0_ 
    where
        bloodbank0_.owner=?
2021-04-16T14:16:13,233|[TRACE] BasicBinder - binding parameter [1] as [INTEGER] - [3]
2021-04-16T14:16:13,234|[DEBUG] SQL - 
    /* delete entity.Person */ delete 
        from
            simplebloodbank.person 
        where
            id=?
2021-04-16T14:16:13,234|[TRACE] BasicBinder - binding parameter [1] as [INTEGER] - [3]
]]></system-out>
  </testcase>
  <testcase name="testExtractDataAsList" classname="logic.PersonLogicTest" time="0.026">
    <system-out><![CDATA[2021-04-16T14:16:13,243|[DEBUG] EMFactory - getting EntityManagerFactory
2021-04-16T14:16:13,243|[DEBUG] EMFactory - initializeing EntityManagerFactory
2021-04-16T14:16:13,244|[DEBUG] SQL - 
    /* insert entity.Person
        */ insert 
        into
            simplebloodbank.person
            (address, birth, first_name, last_name, phone) 
        values
            (?, ?, ?, ?, ?)
2021-04-16T14:16:13,245|[TRACE] BasicBinder - binding parameter [1] as [VARCHAR] - [99 Woodrof Ave]
2021-04-16T14:16:13,245|[TRACE] BasicBinder - binding parameter [2] as [TIMESTAMP] - [Thu May 05 12:12:12 EDT 2022]
2021-04-16T14:16:13,245|[TRACE] BasicBinder - binding parameter [3] as [VARCHAR] - [Sophie]
2021-04-16T14:16:13,245|[TRACE] BasicBinder - binding parameter [4] as [VARCHAR] - [Sun]
2021-04-16T14:16:13,245|[TRACE] BasicBinder - binding parameter [5] as [VARCHAR] - [6136136666]
2021-04-16T14:16:13,253|[DEBUG] EMFactory - getting EntityManagerFactory
2021-04-16T14:16:13,253|[DEBUG] EMFactory - initializeing EntityManagerFactory
2021-04-16T14:16:13,254|[DEBUG] SQL - 
    /* load entity.Person */ select
        person0_.id as id1_4_0_,
        person0_.address as address2_4_0_,
        person0_.birth as birth3_4_0_,
        person0_.first_name as first_na4_4_0_,
        person0_.last_name as last_nam5_4_0_,
        person0_.phone as phone6_4_0_ 
    from
        simplebloodbank.person person0_ 
    where
        person0_.id=?
2021-04-16T14:16:13,255|[TRACE] BasicBinder - binding parameter [1] as [INTEGER] - [4]
2021-04-16T14:16:13,256|[TRACE] BasicExtractor - extracted value ([address2_4_0_] : [VARCHAR]) - [99 Woodrof Ave]
2021-04-16T14:16:13,256|[TRACE] BasicExtractor - extracted value ([birth3_4_0_] : [TIMESTAMP]) - [2022-05-05 12:12:12.0]
2021-04-16T14:16:13,256|[TRACE] BasicExtractor - extracted value ([first_na4_4_0_] : [VARCHAR]) - [Sophie]
2021-04-16T14:16:13,256|[TRACE] BasicExtractor - extracted value ([last_nam5_4_0_] : [VARCHAR]) - [Sun]
2021-04-16T14:16:13,256|[TRACE] BasicExtractor - extracted value ([phone6_4_0_] : [VARCHAR]) - [6136136666]
2021-04-16T14:16:13,256|[DEBUG] SQL - 
    /* load entity.BloodBank */ select
        bloodbank0_.bank_id as bank_id1_1_0_,
        bloodbank0_.emplyee_count as emplyee_2_1_0_,
        bloodbank0_.established as establis3_1_0_,
        bloodbank0_.name as name4_1_0_,
        bloodbank0_.owner as owner6_1_0_,
        bloodbank0_.privately_owned as privatel5_1_0_ 
    from
        simplebloodbank.blood_bank bloodbank0_ 
    where
        bloodbank0_.owner=?
2021-04-16T14:16:13,257|[TRACE] BasicBinder - binding parameter [1] as [INTEGER] - [4]
2021-04-16T14:16:13,258|[DEBUG] SQL - 
    /* delete entity.Person */ delete 
        from
            simplebloodbank.person 
        where
            id=?
2021-04-16T14:16:13,259|[TRACE] BasicBinder - binding parameter [1] as [INTEGER] - [4]
]]></system-out>
  </testcase>
  <testcase name="testCreateEntityAndAdd" classname="logic.PersonLogicTest" time="0.089">
    <system-out><![CDATA[2021-04-16T14:16:13,270|[DEBUG] EMFactory - getting EntityManagerFactory
2021-04-16T14:16:13,270|[DEBUG] EMFactory - initializeing EntityManagerFactory
2021-04-16T14:16:13,271|[DEBUG] SQL - 
    /* insert entity.Person
        */ insert 
        into
            simplebloodbank.person
            (address, birth, first_name, last_name, phone) 
        values
            (?, ?, ?, ?, ?)
2021-04-16T14:16:13,271|[TRACE] BasicBinder - binding parameter [1] as [VARCHAR] - [99 Woodrof Ave]
2021-04-16T14:16:13,271|[TRACE] BasicBinder - binding parameter [2] as [TIMESTAMP] - [Thu May 05 12:12:12 EDT 2022]
2021-04-16T14:16:13,271|[TRACE] BasicBinder - binding parameter [3] as [VARCHAR] - [Sophie]
2021-04-16T14:16:13,272|[TRACE] BasicBinder - binding parameter [4] as [VARCHAR] - [Sun]
2021-04-16T14:16:13,272|[TRACE] BasicBinder - binding parameter [5] as [VARCHAR] - [6136136666]
2021-04-16T14:16:13,280|[DEBUG] EMFactory - getting EntityManagerFactory
2021-04-16T14:16:13,280|[DEBUG] EMFactory - initializeing EntityManagerFactory
2021-04-16T14:16:13,282|[DEBUG] SQL - 
    /* insert entity.Person
        */ insert 
        into
            simplebloodbank.person
            (address, birth, first_name, last_name, phone) 
        values
            (?, ?, ?, ?, ?)
2021-04-16T14:16:13,283|[TRACE] BasicBinder - binding parameter [1] as [VARCHAR] - [99 Woodrof Ave]
2021-04-16T14:16:13,283|[TRACE] BasicBinder - binding parameter [2] as [TIMESTAMP] - [Thu May 05 12:12:12 EDT 2022]
2021-04-16T14:16:13,283|[TRACE] BasicBinder - binding parameter [3] as [VARCHAR] - [Sophie]
2021-04-16T14:16:13,283|[TRACE] BasicBinder - binding parameter [4] as [VARCHAR] - [Sun]
2021-04-16T14:16:13,283|[TRACE] BasicBinder - binding parameter [5] as [VARCHAR] - [6136136666]
2021-04-16T14:16:13,292|[DEBUG] EMFactory - getting EntityManagerFactory
2021-04-16T14:16:13,292|[DEBUG] EMFactory - initializeing EntityManagerFactory
2021-04-16T14:16:13,306|[DEBUG] SQL - 
    /* Person.findByPhone */ select
        person0_.id as id1_4_,
        person0_.address as address2_4_,
        person0_.birth as birth3_4_,
        person0_.first_name as first_na4_4_,
        person0_.last_name as last_nam5_4_,
        person0_.phone as phone6_4_ 
    from
        simplebloodbank.person person0_ 
    where
        person0_.phone=?
2021-04-16T14:16:13,307|[TRACE] BasicBinder - binding parameter [1] as [VARCHAR] - [6136136666]
2021-04-16T14:16:13,308|[TRACE] BasicExtractor - extracted value ([id1_4_] : [INTEGER]) - [5]
2021-04-16T14:16:13,308|[TRACE] BasicExtractor - extracted value ([address2_4_] : [VARCHAR]) - [99 Woodrof Ave]
2021-04-16T14:16:13,308|[TRACE] BasicExtractor - extracted value ([birth3_4_] : [TIMESTAMP]) - [2022-05-05 12:12:12.0]
2021-04-16T14:16:13,308|[TRACE] BasicExtractor - extracted value ([first_na4_4_] : [VARCHAR]) - [Sophie]
2021-04-16T14:16:13,308|[TRACE] BasicExtractor - extracted value ([last_nam5_4_] : [VARCHAR]) - [Sun]
2021-04-16T14:16:13,309|[TRACE] BasicExtractor - extracted value ([phone6_4_] : [VARCHAR]) - [6136136666]
2021-04-16T14:16:13,309|[TRACE] BasicExtractor - extracted value ([id1_4_] : [INTEGER]) - [6]
2021-04-16T14:16:13,309|[TRACE] BasicExtractor - extracted value ([address2_4_] : [VARCHAR]) - [99 Woodrof Ave]
2021-04-16T14:16:13,309|[TRACE] BasicExtractor - extracted value ([birth3_4_] : [TIMESTAMP]) - [2022-05-05 12:12:12.0]
2021-04-16T14:16:13,309|[TRACE] BasicExtractor - extracted value ([first_na4_4_] : [VARCHAR]) - [Sophie]
2021-04-16T14:16:13,309|[TRACE] BasicExtractor - extracted value ([last_nam5_4_] : [VARCHAR]) - [Sun]
2021-04-16T14:16:13,309|[TRACE] BasicExtractor - extracted value ([phone6_4_] : [VARCHAR]) - [6136136666]
2021-04-16T14:16:13,309|[DEBUG] SQL - 
    /* load entity.BloodBank */ select
        bloodbank0_.bank_id as bank_id1_1_0_,
        bloodbank0_.emplyee_count as emplyee_2_1_0_,
        bloodbank0_.established as establis3_1_0_,
        bloodbank0_.name as name4_1_0_,
        bloodbank0_.owner as owner6_1_0_,
        bloodbank0_.privately_owned as privatel5_1_0_ 
    from
        simplebloodbank.blood_bank bloodbank0_ 
    where
        bloodbank0_.owner=?
2021-04-16T14:16:13,310|[TRACE] BasicBinder - binding parameter [1] as [INTEGER] - [5]
2021-04-16T14:16:13,311|[DEBUG] SQL - 
    /* load entity.BloodBank */ select
        bloodbank0_.bank_id as bank_id1_1_0_,
        bloodbank0_.emplyee_count as emplyee_2_1_0_,
        bloodbank0_.established as establis3_1_0_,
        bloodbank0_.name as name4_1_0_,
        bloodbank0_.owner as owner6_1_0_,
        bloodbank0_.privately_owned as privatel5_1_0_ 
    from
        simplebloodbank.blood_bank bloodbank0_ 
    where
        bloodbank0_.owner=?
2021-04-16T14:16:13,311|[TRACE] BasicBinder - binding parameter [1] as [INTEGER] - [6]
2021-04-16T14:16:13,313|[DEBUG] EMFactory - getting EntityManagerFactory
2021-04-16T14:16:13,314|[DEBUG] EMFactory - initializeing EntityManagerFactory
2021-04-16T14:16:13,335|[DEBUG] SQL - 
    /* load entity.Person */ select
        person0_.id as id1_4_0_,
        person0_.address as address2_4_0_,
        person0_.birth as birth3_4_0_,
        person0_.first_name as first_na4_4_0_,
        person0_.last_name as last_nam5_4_0_,
        person0_.phone as phone6_4_0_ 
    from
        simplebloodbank.person person0_ 
    where
        person0_.id=?
2021-04-16T14:16:13,335|[TRACE] BasicBinder - binding parameter [1] as [INTEGER] - [6]
2021-04-16T14:16:13,336|[TRACE] BasicExtractor - extracted value ([address2_4_0_] : [VARCHAR]) - [99 Woodrof Ave]
2021-04-16T14:16:13,336|[TRACE] BasicExtractor - extracted value ([birth3_4_0_] : [TIMESTAMP]) - [2022-05-05 12:12:12.0]
2021-04-16T14:16:13,336|[TRACE] BasicExtractor - extracted value ([first_na4_4_0_] : [VARCHAR]) - [Sophie]
2021-04-16T14:16:13,337|[TRACE] BasicExtractor - extracted value ([last_nam5_4_0_] : [VARCHAR]) - [Sun]
2021-04-16T14:16:13,337|[TRACE] BasicExtractor - extracted value ([phone6_4_0_] : [VARCHAR]) - [6136136666]
2021-04-16T14:16:13,337|[DEBUG] SQL - 
    /* load entity.BloodBank */ select
        bloodbank0_.bank_id as bank_id1_1_0_,
        bloodbank0_.emplyee_count as emplyee_2_1_0_,
        bloodbank0_.established as establis3_1_0_,
        bloodbank0_.name as name4_1_0_,
        bloodbank0_.owner as owner6_1_0_,
        bloodbank0_.privately_owned as privatel5_1_0_ 
    from
        simplebloodbank.blood_bank bloodbank0_ 
    where
        bloodbank0_.owner=?
2021-04-16T14:16:13,337|[TRACE] BasicBinder - binding parameter [1] as [INTEGER] - [6]
2021-04-16T14:16:13,339|[DEBUG] SQL - 
    /* delete entity.Person */ delete 
        from
            simplebloodbank.person 
        where
            id=?
2021-04-16T14:16:13,339|[TRACE] BasicBinder - binding parameter [1] as [INTEGER] - [6]
2021-04-16T14:16:13,347|[DEBUG] EMFactory - getting EntityManagerFactory
2021-04-16T14:16:13,347|[DEBUG] EMFactory - initializeing EntityManagerFactory
2021-04-16T14:16:13,347|[DEBUG] SQL - 
    /* load entity.Person */ select
        person0_.id as id1_4_0_,
        person0_.address as address2_4_0_,
        person0_.birth as birth3_4_0_,
        person0_.first_name as first_na4_4_0_,
        person0_.last_name as last_nam5_4_0_,
        person0_.phone as phone6_4_0_ 
    from
        simplebloodbank.person person0_ 
    where
        person0_.id=?
2021-04-16T14:16:13,348|[TRACE] BasicBinder - binding parameter [1] as [INTEGER] - [5]
2021-04-16T14:16:13,349|[TRACE] BasicExtractor - extracted value ([address2_4_0_] : [VARCHAR]) - [99 Woodrof Ave]
2021-04-16T14:16:13,349|[TRACE] BasicExtractor - extracted value ([birth3_4_0_] : [TIMESTAMP]) - [2022-05-05 12:12:12.0]
2021-04-16T14:16:13,349|[TRACE] BasicExtractor - extracted value ([first_na4_4_0_] : [VARCHAR]) - [Sophie]
2021-04-16T14:16:13,349|[TRACE] BasicExtractor - extracted value ([last_nam5_4_0_] : [VARCHAR]) - [Sun]
2021-04-16T14:16:13,349|[TRACE] BasicExtractor - extracted value ([phone6_4_0_] : [VARCHAR]) - [6136136666]
2021-04-16T14:16:13,349|[DEBUG] SQL - 
    /* load entity.BloodBank */ select
        bloodbank0_.bank_id as bank_id1_1_0_,
        bloodbank0_.emplyee_count as emplyee_2_1_0_,
        bloodbank0_.established as establis3_1_0_,
        bloodbank0_.name as name4_1_0_,
        bloodbank0_.owner as owner6_1_0_,
        bloodbank0_.privately_owned as privatel5_1_0_ 
    from
        simplebloodbank.blood_bank bloodbank0_ 
    where
        bloodbank0_.owner=?
2021-04-16T14:16:13,350|[TRACE] BasicBinder - binding parameter [1] as [INTEGER] - [5]
2021-04-16T14:16:13,352|[DEBUG] SQL - 
    /* delete entity.Person */ delete 
        from
            simplebloodbank.person 
        where
            id=?
2021-04-16T14:16:13,352|[TRACE] BasicBinder - binding parameter [1] as [INTEGER] - [5]
]]></system-out>
    <system-err><![CDATA[Apr 16, 2021 2:16:13 PM dal.GenericDAL lambda$setParameters$0
INFO: setParameters: phone=6136136666
]]></system-err>
  </testcase>
  <testcase name="testCreateEntityBadLengthValues" classname="logic.PersonLogicTest" time="0.031">
    <system-out><![CDATA[2021-04-16T14:16:13,360|[DEBUG] EMFactory - getting EntityManagerFactory
2021-04-16T14:16:13,360|[DEBUG] EMFactory - initializeing EntityManagerFactory
2021-04-16T14:16:13,361|[DEBUG] SQL - 
    /* insert entity.Person
        */ insert 
        into
            simplebloodbank.person
            (address, birth, first_name, last_name, phone) 
        values
            (?, ?, ?, ?, ?)
2021-04-16T14:16:13,362|[TRACE] BasicBinder - binding parameter [1] as [VARCHAR] - [99 Woodrof Ave]
2021-04-16T14:16:13,362|[TRACE] BasicBinder - binding parameter [2] as [TIMESTAMP] - [Thu May 05 12:12:12 EDT 2022]
2021-04-16T14:16:13,362|[TRACE] BasicBinder - binding parameter [3] as [VARCHAR] - [Sophie]
2021-04-16T14:16:13,362|[TRACE] BasicBinder - binding parameter [4] as [VARCHAR] - [Sun]
2021-04-16T14:16:13,362|[TRACE] BasicBinder - binding parameter [5] as [VARCHAR] - [6136136666]
2021-04-16T14:16:13,378|[DEBUG] EMFactory - getting EntityManagerFactory
2021-04-16T14:16:13,379|[DEBUG] EMFactory - initializeing EntityManagerFactory
2021-04-16T14:16:13,380|[DEBUG] SQL - 
    /* load entity.Person */ select
        person0_.id as id1_4_0_,
        person0_.address as address2_4_0_,
        person0_.birth as birth3_4_0_,
        person0_.first_name as first_na4_4_0_,
        person0_.last_name as last_nam5_4_0_,
        person0_.phone as phone6_4_0_ 
    from
        simplebloodbank.person person0_ 
    where
        person0_.id=?
2021-04-16T14:16:13,380|[TRACE] BasicBinder - binding parameter [1] as [INTEGER] - [7]
2021-04-16T14:16:13,381|[TRACE] BasicExtractor - extracted value ([address2_4_0_] : [VARCHAR]) - [99 Woodrof Ave]
2021-04-16T14:16:13,381|[TRACE] BasicExtractor - extracted value ([birth3_4_0_] : [TIMESTAMP]) - [2022-05-05 12:12:12.0]
2021-04-16T14:16:13,381|[TRACE] BasicExtractor - extracted value ([first_na4_4_0_] : [VARCHAR]) - [Sophie]
2021-04-16T14:16:13,381|[TRACE] BasicExtractor - extracted value ([last_nam5_4_0_] : [VARCHAR]) - [Sun]
2021-04-16T14:16:13,381|[TRACE] BasicExtractor - extracted value ([phone6_4_0_] : [VARCHAR]) - [6136136666]
2021-04-16T14:16:13,382|[DEBUG] SQL - 
    /* load entity.BloodBank */ select
        bloodbank0_.bank_id as bank_id1_1_0_,
        bloodbank0_.emplyee_count as emplyee_2_1_0_,
        bloodbank0_.established as establis3_1_0_,
        bloodbank0_.name as name4_1_0_,
        bloodbank0_.owner as owner6_1_0_,
        bloodbank0_.privately_owned as privatel5_1_0_ 
    from
        simplebloodbank.blood_bank bloodbank0_ 
    where
        bloodbank0_.owner=?
2021-04-16T14:16:13,382|[TRACE] BasicBinder - binding parameter [1] as [INTEGER] - [7]
2021-04-16T14:16:13,383|[DEBUG] SQL - 
    /* delete entity.Person */ delete 
        from
            simplebloodbank.person 
        where
            id=?
2021-04-16T14:16:13,383|[TRACE] BasicBinder - binding parameter [1] as [INTEGER] - [7]
]]></system-out>
  </testcase>
  <testcase name="testCreateEntityEdgeValues" classname="logic.PersonLogicTest" time="0.022">
    <system-out><![CDATA[2021-04-16T14:16:13,391|[DEBUG] EMFactory - getting EntityManagerFactory
2021-04-16T14:16:13,391|[DEBUG] EMFactory - initializeing EntityManagerFactory
2021-04-16T14:16:13,392|[DEBUG] SQL - 
    /* insert entity.Person
        */ insert 
        into
            simplebloodbank.person
            (address, birth, first_name, last_name, phone) 
        values
            (?, ?, ?, ?, ?)
2021-04-16T14:16:13,392|[TRACE] BasicBinder - binding parameter [1] as [VARCHAR] - [99 Woodrof Ave]
2021-04-16T14:16:13,392|[TRACE] BasicBinder - binding parameter [2] as [TIMESTAMP] - [Thu May 05 12:12:12 EDT 2022]
2021-04-16T14:16:13,392|[TRACE] BasicBinder - binding parameter [3] as [VARCHAR] - [Sophie]
2021-04-16T14:16:13,392|[TRACE] BasicBinder - binding parameter [4] as [VARCHAR] - [Sun]
2021-04-16T14:16:13,392|[TRACE] BasicBinder - binding parameter [5] as [VARCHAR] - [6136136666]
2021-04-16T14:16:13,400|[DEBUG] EMFactory - getting EntityManagerFactory
2021-04-16T14:16:13,401|[DEBUG] EMFactory - initializeing EntityManagerFactory
2021-04-16T14:16:13,401|[DEBUG] SQL - 
    /* load entity.Person */ select
        person0_.id as id1_4_0_,
        person0_.address as address2_4_0_,
        person0_.birth as birth3_4_0_,
        person0_.first_name as first_na4_4_0_,
        person0_.last_name as last_nam5_4_0_,
        person0_.phone as phone6_4_0_ 
    from
        simplebloodbank.person person0_ 
    where
        person0_.id=?
2021-04-16T14:16:13,402|[TRACE] BasicBinder - binding parameter [1] as [INTEGER] - [8]
2021-04-16T14:16:13,403|[TRACE] BasicExtractor - extracted value ([address2_4_0_] : [VARCHAR]) - [99 Woodrof Ave]
2021-04-16T14:16:13,403|[TRACE] BasicExtractor - extracted value ([birth3_4_0_] : [TIMESTAMP]) - [2022-05-05 12:12:12.0]
2021-04-16T14:16:13,403|[TRACE] BasicExtractor - extracted value ([first_na4_4_0_] : [VARCHAR]) - [Sophie]
2021-04-16T14:16:13,403|[TRACE] BasicExtractor - extracted value ([last_nam5_4_0_] : [VARCHAR]) - [Sun]
2021-04-16T14:16:13,403|[TRACE] BasicExtractor - extracted value ([phone6_4_0_] : [VARCHAR]) - [6136136666]
2021-04-16T14:16:13,403|[DEBUG] SQL - 
    /* load entity.BloodBank */ select
        bloodbank0_.bank_id as bank_id1_1_0_,
        bloodbank0_.emplyee_count as emplyee_2_1_0_,
        bloodbank0_.established as establis3_1_0_,
        bloodbank0_.name as name4_1_0_,
        bloodbank0_.owner as owner6_1_0_,
        bloodbank0_.privately_owned as privatel5_1_0_ 
    from
        simplebloodbank.blood_bank bloodbank0_ 
    where
        bloodbank0_.owner=?
2021-04-16T14:16:13,404|[TRACE] BasicBinder - binding parameter [1] as [INTEGER] - [8]
2021-04-16T14:16:13,405|[DEBUG] SQL - 
    /* delete entity.Person */ delete 
        from
            simplebloodbank.person 
        where
            id=?
2021-04-16T14:16:13,405|[TRACE] BasicBinder - binding parameter [1] as [INTEGER] - [8]
]]></system-out>
  </testcase>
  <testcase name="testGetAll" classname="logic.PersonLogicTest" time="0.08">
    <system-out><![CDATA[2021-04-16T14:16:13,413|[DEBUG] EMFactory - getting EntityManagerFactory
2021-04-16T14:16:13,413|[DEBUG] EMFactory - initializeing EntityManagerFactory
2021-04-16T14:16:13,414|[DEBUG] SQL - 
    /* insert entity.Person
        */ insert 
        into
            simplebloodbank.person
            (address, birth, first_name, last_name, phone) 
        values
            (?, ?, ?, ?, ?)
2021-04-16T14:16:13,414|[TRACE] BasicBinder - binding parameter [1] as [VARCHAR] - [99 Woodrof Ave]
2021-04-16T14:16:13,414|[TRACE] BasicBinder - binding parameter [2] as [TIMESTAMP] - [Thu May 05 12:12:12 EDT 2022]
2021-04-16T14:16:13,414|[TRACE] BasicBinder - binding parameter [3] as [VARCHAR] - [Sophie]
2021-04-16T14:16:13,414|[TRACE] BasicBinder - binding parameter [4] as [VARCHAR] - [Sun]
2021-04-16T14:16:13,414|[TRACE] BasicBinder - binding parameter [5] as [VARCHAR] - [6136136666]
2021-04-16T14:16:13,422|[DEBUG] EMFactory - getting EntityManagerFactory
2021-04-16T14:16:13,422|[DEBUG] EMFactory - initializeing EntityManagerFactory
2021-04-16T14:16:13,423|[DEBUG] SQL - 
    /* Person.findAll */ select
        person0_.id as id1_4_,
        person0_.address as address2_4_,
        person0_.birth as birth3_4_,
        person0_.first_name as first_na4_4_,
        person0_.last_name as last_nam5_4_,
        person0_.phone as phone6_4_ 
    from
        simplebloodbank.person person0_
2021-04-16T14:16:13,424|[TRACE] BasicExtractor - extracted value ([id1_4_] : [INTEGER]) - [9]
2021-04-16T14:16:13,424|[TRACE] BasicExtractor - extracted value ([address2_4_] : [VARCHAR]) - [99 Woodrof Ave]
2021-04-16T14:16:13,424|[TRACE] BasicExtractor - extracted value ([birth3_4_] : [TIMESTAMP]) - [2022-05-05 12:12:12.0]
2021-04-16T14:16:13,424|[TRACE] BasicExtractor - extracted value ([first_na4_4_] : [VARCHAR]) - [Sophie]
2021-04-16T14:16:13,424|[TRACE] BasicExtractor - extracted value ([last_nam5_4_] : [VARCHAR]) - [Sun]
2021-04-16T14:16:13,424|[TRACE] BasicExtractor - extracted value ([phone6_4_] : [VARCHAR]) - [6136136666]
2021-04-16T14:16:13,424|[DEBUG] SQL - 
    /* load entity.BloodBank */ select
        bloodbank0_.bank_id as bank_id1_1_0_,
        bloodbank0_.emplyee_count as emplyee_2_1_0_,
        bloodbank0_.established as establis3_1_0_,
        bloodbank0_.name as name4_1_0_,
        bloodbank0_.owner as owner6_1_0_,
        bloodbank0_.privately_owned as privatel5_1_0_ 
    from
        simplebloodbank.blood_bank bloodbank0_ 
    where
        bloodbank0_.owner=?
2021-04-16T14:16:13,425|[TRACE] BasicBinder - binding parameter [1] as [INTEGER] - [9]
2021-04-16T14:16:13,426|[DEBUG] EMFactory - getting EntityManagerFactory
2021-04-16T14:16:13,427|[DEBUG] EMFactory - initializeing EntityManagerFactory
2021-04-16T14:16:13,446|[DEBUG] SQL - 
    /* load entity.Person */ select
        person0_.id as id1_4_0_,
        person0_.address as address2_4_0_,
        person0_.birth as birth3_4_0_,
        person0_.first_name as first_na4_4_0_,
        person0_.last_name as last_nam5_4_0_,
        person0_.phone as phone6_4_0_ 
    from
        simplebloodbank.person person0_ 
    where
        person0_.id=?
2021-04-16T14:16:13,447|[TRACE] BasicBinder - binding parameter [1] as [INTEGER] - [9]
2021-04-16T14:16:13,448|[TRACE] BasicExtractor - extracted value ([address2_4_0_] : [VARCHAR]) - [99 Woodrof Ave]
2021-04-16T14:16:13,448|[TRACE] BasicExtractor - extracted value ([birth3_4_0_] : [TIMESTAMP]) - [2022-05-05 12:12:12.0]
2021-04-16T14:16:13,448|[TRACE] BasicExtractor - extracted value ([first_na4_4_0_] : [VARCHAR]) - [Sophie]
2021-04-16T14:16:13,448|[TRACE] BasicExtractor - extracted value ([last_nam5_4_0_] : [VARCHAR]) - [Sun]
2021-04-16T14:16:13,448|[TRACE] BasicExtractor - extracted value ([phone6_4_0_] : [VARCHAR]) - [6136136666]
2021-04-16T14:16:13,449|[DEBUG] SQL - 
    /* load entity.BloodBank */ select
        bloodbank0_.bank_id as bank_id1_1_0_,
        bloodbank0_.emplyee_count as emplyee_2_1_0_,
        bloodbank0_.established as establis3_1_0_,
        bloodbank0_.name as name4_1_0_,
        bloodbank0_.owner as owner6_1_0_,
        bloodbank0_.privately_owned as privatel5_1_0_ 
    from
        simplebloodbank.blood_bank bloodbank0_ 
    where
        bloodbank0_.owner=?
2021-04-16T14:16:13,449|[TRACE] BasicBinder - binding parameter [1] as [INTEGER] - [9]
2021-04-16T14:16:13,450|[DEBUG] SQL - 
    /* delete entity.Person */ delete 
        from
            simplebloodbank.person 
        where
            id=?
2021-04-16T14:16:13,451|[TRACE] BasicBinder - binding parameter [1] as [INTEGER] - [9]
2021-04-16T14:16:13,459|[DEBUG] EMFactory - getting EntityManagerFactory
2021-04-16T14:16:13,459|[DEBUG] EMFactory - initializeing EntityManagerFactory
2021-04-16T14:16:13,459|[DEBUG] SQL - 
    /* Person.findAll */ select
        person0_.id as id1_4_,
        person0_.address as address2_4_,
        person0_.birth as birth3_4_,
        person0_.first_name as first_na4_4_,
        person0_.last_name as last_nam5_4_,
        person0_.phone as phone6_4_ 
    from
        simplebloodbank.person person0_
2021-04-16T14:16:13,461|[DEBUG] EMFactory - getting EntityManagerFactory
2021-04-16T14:16:13,461|[DEBUG] EMFactory - initializeing EntityManagerFactory
2021-04-16T14:16:13,481|[DEBUG] SQL - 
    /* load entity.Person */ select
        person0_.id as id1_4_0_,
        person0_.address as address2_4_0_,
        person0_.birth as birth3_4_0_,
        person0_.first_name as first_na4_4_0_,
        person0_.last_name as last_nam5_4_0_,
        person0_.phone as phone6_4_0_ 
    from
        simplebloodbank.person person0_ 
    where
        person0_.id=?
2021-04-16T14:16:13,481|[TRACE] BasicBinder - binding parameter [1] as [INTEGER] - [9]
2021-04-16T14:16:13,483|[DEBUG] SQL - 
    /* insert entity.Person
        */ insert 
        into
            simplebloodbank.person
            (address, birth, first_name, last_name, phone) 
        values
            (?, ?, ?, ?, ?)
2021-04-16T14:16:13,483|[TRACE] BasicBinder - binding parameter [1] as [VARCHAR] - [99 Woodrof Ave]
2021-04-16T14:16:13,483|[TRACE] BasicBinder - binding parameter [2] as [TIMESTAMP] - [Thu May 05 12:12:12 EDT 2022]
2021-04-16T14:16:13,483|[TRACE] BasicBinder - binding parameter [3] as [VARCHAR] - [Sophie]
2021-04-16T14:16:13,483|[TRACE] BasicBinder - binding parameter [4] as [VARCHAR] - [Sun]
2021-04-16T14:16:13,483|[TRACE] BasicBinder - binding parameter [5] as [VARCHAR] - [6136136666]
2021-04-16T14:16:13,485|[DEBUG] SQL - 
    /* delete entity.Person */ delete 
        from
            simplebloodbank.person 
        where
            id=?
2021-04-16T14:16:13,485|[TRACE] BasicBinder - binding parameter [1] as [INTEGER] - [10]
]]></system-out>
  </testcase>
  <testcase name="testGetColumnCodes" classname="logic.PersonLogicTest" time="0.023">
    <system-out><![CDATA[2021-04-16T14:16:13,493|[DEBUG] EMFactory - getting EntityManagerFactory
2021-04-16T14:16:13,493|[DEBUG] EMFactory - initializeing EntityManagerFactory
2021-04-16T14:16:13,494|[DEBUG] SQL - 
    /* insert entity.Person
        */ insert 
        into
            simplebloodbank.person
            (address, birth, first_name, last_name, phone) 
        values
            (?, ?, ?, ?, ?)
2021-04-16T14:16:13,495|[TRACE] BasicBinder - binding parameter [1] as [VARCHAR] - [99 Woodrof Ave]
2021-04-16T14:16:13,495|[TRACE] BasicBinder - binding parameter [2] as [TIMESTAMP] - [Thu May 05 12:12:12 EDT 2022]
2021-04-16T14:16:13,495|[TRACE] BasicBinder - binding parameter [3] as [VARCHAR] - [Sophie]
2021-04-16T14:16:13,495|[TRACE] BasicBinder - binding parameter [4] as [VARCHAR] - [Sun]
2021-04-16T14:16:13,495|[TRACE] BasicBinder - binding parameter [5] as [VARCHAR] - [6136136666]
2021-04-16T14:16:13,503|[DEBUG] EMFactory - getting EntityManagerFactory
2021-04-16T14:16:13,503|[DEBUG] EMFactory - initializeing EntityManagerFactory
2021-04-16T14:16:13,503|[DEBUG] SQL - 
    /* load entity.Person */ select
        person0_.id as id1_4_0_,
        person0_.address as address2_4_0_,
        person0_.birth as birth3_4_0_,
        person0_.first_name as first_na4_4_0_,
        person0_.last_name as last_nam5_4_0_,
        person0_.phone as phone6_4_0_ 
    from
        simplebloodbank.person person0_ 
    where
        person0_.id=?
2021-04-16T14:16:13,505|[TRACE] BasicBinder - binding parameter [1] as [INTEGER] - [11]
2021-04-16T14:16:13,506|[TRACE] BasicExtractor - extracted value ([address2_4_0_] : [VARCHAR]) - [99 Woodrof Ave]
2021-04-16T14:16:13,506|[TRACE] BasicExtractor - extracted value ([birth3_4_0_] : [TIMESTAMP]) - [2022-05-05 12:12:12.0]
2021-04-16T14:16:13,506|[TRACE] BasicExtractor - extracted value ([first_na4_4_0_] : [VARCHAR]) - [Sophie]
2021-04-16T14:16:13,506|[TRACE] BasicExtractor - extracted value ([last_nam5_4_0_] : [VARCHAR]) - [Sun]
2021-04-16T14:16:13,506|[TRACE] BasicExtractor - extracted value ([phone6_4_0_] : [VARCHAR]) - [6136136666]
2021-04-16T14:16:13,506|[DEBUG] SQL - 
    /* load entity.BloodBank */ select
        bloodbank0_.bank_id as bank_id1_1_0_,
        bloodbank0_.emplyee_count as emplyee_2_1_0_,
        bloodbank0_.established as establis3_1_0_,
        bloodbank0_.name as name4_1_0_,
        bloodbank0_.owner as owner6_1_0_,
        bloodbank0_.privately_owned as privatel5_1_0_ 
    from
        simplebloodbank.blood_bank bloodbank0_ 
    where
        bloodbank0_.owner=?
2021-04-16T14:16:13,507|[TRACE] BasicBinder - binding parameter [1] as [INTEGER] - [11]
2021-04-16T14:16:13,508|[DEBUG] SQL - 
    /* delete entity.Person */ delete 
        from
            simplebloodbank.person 
        where
            id=?
2021-04-16T14:16:13,508|[TRACE] BasicBinder - binding parameter [1] as [INTEGER] - [11]
]]></system-out>
  </testcase>
  <testcase name="testGetColumnNames" classname="logic.PersonLogicTest" time="0.021">
    <system-out><![CDATA[2021-04-16T14:16:13,516|[DEBUG] EMFactory - getting EntityManagerFactory
2021-04-16T14:16:13,516|[DEBUG] EMFactory - initializeing EntityManagerFactory
2021-04-16T14:16:13,517|[DEBUG] SQL - 
    /* insert entity.Person
        */ insert 
        into
            simplebloodbank.person
            (address, birth, first_name, last_name, phone) 
        values
            (?, ?, ?, ?, ?)
2021-04-16T14:16:13,518|[TRACE] BasicBinder - binding parameter [1] as [VARCHAR] - [99 Woodrof Ave]
2021-04-16T14:16:13,518|[TRACE] BasicBinder - binding parameter [2] as [TIMESTAMP] - [Thu May 05 12:12:12 EDT 2022]
2021-04-16T14:16:13,518|[TRACE] BasicBinder - binding parameter [3] as [VARCHAR] - [Sophie]
2021-04-16T14:16:13,518|[TRACE] BasicBinder - binding parameter [4] as [VARCHAR] - [Sun]
2021-04-16T14:16:13,518|[TRACE] BasicBinder - binding parameter [5] as [VARCHAR] - [6136136666]
2021-04-16T14:16:13,526|[DEBUG] EMFactory - getting EntityManagerFactory
2021-04-16T14:16:13,526|[DEBUG] EMFactory - initializeing EntityManagerFactory
2021-04-16T14:16:13,527|[DEBUG] SQL - 
    /* load entity.Person */ select
        person0_.id as id1_4_0_,
        person0_.address as address2_4_0_,
        person0_.birth as birth3_4_0_,
        person0_.first_name as first_na4_4_0_,
        person0_.last_name as last_nam5_4_0_,
        person0_.phone as phone6_4_0_ 
    from
        simplebloodbank.person person0_ 
    where
        person0_.id=?
2021-04-16T14:16:13,527|[TRACE] BasicBinder - binding parameter [1] as [INTEGER] - [12]
2021-04-16T14:16:13,528|[TRACE] BasicExtractor - extracted value ([address2_4_0_] : [VARCHAR]) - [99 Woodrof Ave]
2021-04-16T14:16:13,528|[TRACE] BasicExtractor - extracted value ([birth3_4_0_] : [TIMESTAMP]) - [2022-05-05 12:12:12.0]
2021-04-16T14:16:13,528|[TRACE] BasicExtractor - extracted value ([first_na4_4_0_] : [VARCHAR]) - [Sophie]
2021-04-16T14:16:13,528|[TRACE] BasicExtractor - extracted value ([last_nam5_4_0_] : [VARCHAR]) - [Sun]
2021-04-16T14:16:13,528|[TRACE] BasicExtractor - extracted value ([phone6_4_0_] : [VARCHAR]) - [6136136666]
2021-04-16T14:16:13,528|[DEBUG] SQL - 
    /* load entity.BloodBank */ select
        bloodbank0_.bank_id as bank_id1_1_0_,
        bloodbank0_.emplyee_count as emplyee_2_1_0_,
        bloodbank0_.established as establis3_1_0_,
        bloodbank0_.name as name4_1_0_,
        bloodbank0_.owner as owner6_1_0_,
        bloodbank0_.privately_owned as privatel5_1_0_ 
    from
        simplebloodbank.blood_bank bloodbank0_ 
    where
        bloodbank0_.owner=?
2021-04-16T14:16:13,528|[TRACE] BasicBinder - binding parameter [1] as [INTEGER] - [12]
2021-04-16T14:16:13,530|[DEBUG] SQL - 
    /* delete entity.Person */ delete 
        from
            simplebloodbank.person 
        where
            id=?
2021-04-16T14:16:13,530|[TRACE] BasicBinder - binding parameter [1] as [INTEGER] - [12]
]]></system-out>
  </testcase>
  <testcase name="testGetWithId" classname="logic.PersonLogicTest" time="0.044">
    <system-out><![CDATA[2021-04-16T14:16:13,538|[DEBUG] EMFactory - getting EntityManagerFactory
2021-04-16T14:16:13,538|[DEBUG] EMFactory - initializeing EntityManagerFactory
2021-04-16T14:16:13,539|[DEBUG] SQL - 
    /* insert entity.Person
        */ insert 
        into
            simplebloodbank.person
            (address, birth, first_name, last_name, phone) 
        values
            (?, ?, ?, ?, ?)
2021-04-16T14:16:13,539|[TRACE] BasicBinder - binding parameter [1] as [VARCHAR] - [99 Woodrof Ave]
2021-04-16T14:16:13,539|[TRACE] BasicBinder - binding parameter [2] as [TIMESTAMP] - [Thu May 05 12:12:12 EDT 2022]
2021-04-16T14:16:13,539|[TRACE] BasicBinder - binding parameter [3] as [VARCHAR] - [Sophie]
2021-04-16T14:16:13,539|[TRACE] BasicBinder - binding parameter [4] as [VARCHAR] - [Sun]
2021-04-16T14:16:13,539|[TRACE] BasicBinder - binding parameter [5] as [VARCHAR] - [6136136666]
2021-04-16T14:16:13,548|[DEBUG] EMFactory - getting EntityManagerFactory
2021-04-16T14:16:13,548|[DEBUG] EMFactory - initializeing EntityManagerFactory
2021-04-16T14:16:13,549|[DEBUG] SQL - 
    /* Person.findById */ select
        person0_.id as id1_4_,
        person0_.address as address2_4_,
        person0_.birth as birth3_4_,
        person0_.first_name as first_na4_4_,
        person0_.last_name as last_nam5_4_,
        person0_.phone as phone6_4_ 
    from
        simplebloodbank.person person0_ 
    where
        person0_.id=?
2021-04-16T14:16:13,550|[TRACE] BasicBinder - binding parameter [1] as [INTEGER] - [13]
2021-04-16T14:16:13,551|[TRACE] BasicExtractor - extracted value ([id1_4_] : [INTEGER]) - [13]
2021-04-16T14:16:13,551|[TRACE] BasicExtractor - extracted value ([address2_4_] : [VARCHAR]) - [99 Woodrof Ave]
2021-04-16T14:16:13,551|[TRACE] BasicExtractor - extracted value ([birth3_4_] : [TIMESTAMP]) - [2022-05-05 12:12:12.0]
2021-04-16T14:16:13,551|[TRACE] BasicExtractor - extracted value ([first_na4_4_] : [VARCHAR]) - [Sophie]
2021-04-16T14:16:13,551|[TRACE] BasicExtractor - extracted value ([last_nam5_4_] : [VARCHAR]) - [Sun]
2021-04-16T14:16:13,551|[TRACE] BasicExtractor - extracted value ([phone6_4_] : [VARCHAR]) - [6136136666]
2021-04-16T14:16:13,551|[DEBUG] SQL - 
    /* load entity.BloodBank */ select
        bloodbank0_.bank_id as bank_id1_1_0_,
        bloodbank0_.emplyee_count as emplyee_2_1_0_,
        bloodbank0_.established as establis3_1_0_,
        bloodbank0_.name as name4_1_0_,
        bloodbank0_.owner as owner6_1_0_,
        bloodbank0_.privately_owned as privatel5_1_0_ 
    from
        simplebloodbank.blood_bank bloodbank0_ 
    where
        bloodbank0_.owner=?
2021-04-16T14:16:13,552|[TRACE] BasicBinder - binding parameter [1] as [INTEGER] - [13]
2021-04-16T14:16:13,553|[DEBUG] EMFactory - getting EntityManagerFactory
2021-04-16T14:16:13,553|[DEBUG] EMFactory - initializeing EntityManagerFactory
2021-04-16T14:16:13,570|[DEBUG] SQL - 
    /* load entity.Person */ select
        person0_.id as id1_4_0_,
        person0_.address as address2_4_0_,
        person0_.birth as birth3_4_0_,
        person0_.first_name as first_na4_4_0_,
        person0_.last_name as last_nam5_4_0_,
        person0_.phone as phone6_4_0_ 
    from
        simplebloodbank.person person0_ 
    where
        person0_.id=?
2021-04-16T14:16:13,571|[TRACE] BasicBinder - binding parameter [1] as [INTEGER] - [13]
2021-04-16T14:16:13,572|[TRACE] BasicExtractor - extracted value ([address2_4_0_] : [VARCHAR]) - [99 Woodrof Ave]
2021-04-16T14:16:13,572|[TRACE] BasicExtractor - extracted value ([birth3_4_0_] : [TIMESTAMP]) - [2022-05-05 12:12:12.0]
2021-04-16T14:16:13,572|[TRACE] BasicExtractor - extracted value ([first_na4_4_0_] : [VARCHAR]) - [Sophie]
2021-04-16T14:16:13,572|[TRACE] BasicExtractor - extracted value ([last_nam5_4_0_] : [VARCHAR]) - [Sun]
2021-04-16T14:16:13,572|[TRACE] BasicExtractor - extracted value ([phone6_4_0_] : [VARCHAR]) - [6136136666]
2021-04-16T14:16:13,572|[DEBUG] SQL - 
    /* load entity.BloodBank */ select
        bloodbank0_.bank_id as bank_id1_1_0_,
        bloodbank0_.emplyee_count as emplyee_2_1_0_,
        bloodbank0_.established as establis3_1_0_,
        bloodbank0_.name as name4_1_0_,
        bloodbank0_.owner as owner6_1_0_,
        bloodbank0_.privately_owned as privatel5_1_0_ 
    from
        simplebloodbank.blood_bank bloodbank0_ 
    where
        bloodbank0_.owner=?
2021-04-16T14:16:13,573|[TRACE] BasicBinder - binding parameter [1] as [INTEGER] - [13]
2021-04-16T14:16:13,574|[DEBUG] SQL - 
    /* delete entity.Person */ delete 
        from
            simplebloodbank.person 
        where
            id=?
2021-04-16T14:16:13,574|[TRACE] BasicBinder - binding parameter [1] as [INTEGER] - [13]
]]></system-out>
    <system-err><![CDATA[Apr 16, 2021 2:16:13 PM dal.GenericDAL lambda$setParameters$0
INFO: setParameters: id=13
]]></system-err>
  </testcase>
</testsuite>