<?xml version="1.0" encoding="UTF-8"?>
<testsuite xmlns:xsi="http://www.w3.org/2001/XMLSchema-instance" xsi:noNamespaceSchemaLocation="https://maven.apache.org/surefire/maven-surefire-plugin/xsd/surefire-test-report-3.0.xsd" version="3.0" name="logic.DonationRecordTest" time="6.133" tests="15" errors="0" skipped="0" failures="0">
  <properties>
    <property name="sun.desktop" value="windows"/>
    <property name="awt.toolkit" value="sun.awt.windows.WToolkit"/>
    <property name="java.specification.version" value="11"/>
    <property name="sun.cpu.isalist" value="amd64"/>
    <property name="sun.jnu.encoding" value="Cp1252"/>
    <property name="java.class.path" value="D:\OneDrive - Algonquin College\Computer Programming\dev\Level 3\SimpleBloodBank-Skeleton\target\test-classes;D:\OneDrive - Algonquin College\Computer Programming\dev\Level 3\SimpleBloodBank-Skeleton\target\classes;C:\Users\shado\.m2\repository\org\junit\jupiter\junit-jupiter\5.7.0\junit-jupiter-5.7.0.jar;C:\Users\shado\.m2\repository\org\junit\jupiter\junit-jupiter-api\5.7.0\junit-jupiter-api-5.7.0.jar;C:\Users\shado\.m2\repository\org\apiguardian\apiguardian-api\1.1.0\apiguardian-api-1.1.0.jar;C:\Users\shado\.m2\repository\org\opentest4j\opentest4j\1.2.0\opentest4j-1.2.0.jar;C:\Users\shado\.m2\repository\org\junit\platform\junit-platform-commons\1.7.0\junit-platform-commons-1.7.0.jar;C:\Users\shado\.m2\repository\org\junit\jupiter\junit-jupiter-params\5.7.0\junit-jupiter-params-5.7.0.jar;C:\Users\shado\.m2\repository\org\junit\jupiter\junit-jupiter-engine\5.7.0\junit-jupiter-engine-5.7.0.jar;C:\Users\shado\.m2\repository\org\junit\platform\junit-platform-engine\1.7.0\junit-platform-engine-1.7.0.jar;C:\Users\shado\.m2\repository\org\hamcrest\hamcrest\2.2\hamcrest-2.2.jar;C:\Users\shado\.m2\repository\org\hamcrest\hamcrest-library\2.2\hamcrest-library-2.2.jar;C:\Users\shado\.m2\repository\org\hamcrest\hamcrest-core\2.2\hamcrest-core-2.2.jar;C:\Users\shado\.m2\repository\org\apache\logging\log4j\log4j-api\2.14.0\log4j-api-2.14.0.jar;C:\Users\shado\.m2\repository\org\apache\logging\log4j\log4j-core\2.14.0\log4j-core-2.14.0.jar;C:\Users\shado\.m2\repository\org\hibernate\hibernate-core\5.4.27.Final\hibernate-core-5.4.27.Final.jar;C:\Users\shado\.m2\repository\org\jboss\logging\jboss-logging\3.4.1.Final\jboss-logging-3.4.1.Final.jar;C:\Users\shado\.m2\repository\javax\persistence\javax.persistence-api\2.2\javax.persistence-api-2.2.jar;C:\Users\shado\.m2\repository\org\javassist\javassist\3.27.0-GA\javassist-3.27.0-GA.jar;C:\Users\shado\.m2\repository\net\bytebuddy\byte-buddy\1.10.17\byte-buddy-1.10.17.jar;C:\Users\shado\.m2\repository\antlr\antlr\2.7.7\antlr-2.7.7.jar;C:\Users\shado\.m2\repository\org\jboss\spec\javax\transaction\jboss-transaction-api_1.2_spec\1.1.1.Final\jboss-transaction-api_1.2_spec-1.1.1.Final.jar;C:\Users\shado\.m2\repository\org\jboss\jandex\2.1.3.Final\jandex-2.1.3.Final.jar;C:\Users\shado\.m2\repository\com\fasterxml\classmate\1.5.1\classmate-1.5.1.jar;C:\Users\shado\.m2\repository\javax\activation\javax.activation-api\1.2.0\javax.activation-api-1.2.0.jar;C:\Users\shado\.m2\repository\org\dom4j\dom4j\2.1.3\dom4j-2.1.3.jar;C:\Users\shado\.m2\repository\org\hibernate\common\hibernate-commons-annotations\5.1.2.Final\hibernate-commons-annotations-5.1.2.Final.jar;C:\Users\shado\.m2\repository\javax\xml\bind\jaxb-api\2.3.1\jaxb-api-2.3.1.jar;C:\Users\shado\.m2\repository\org\glassfish\jaxb\jaxb-runtime\2.3.1\jaxb-runtime-2.3.1.jar;C:\Users\shado\.m2\repository\org\glassfish\jaxb\txw2\2.3.1\txw2-2.3.1.jar;C:\Users\shado\.m2\repository\com\sun\istack\istack-commons-runtime\3.0.7\istack-commons-runtime-3.0.7.jar;C:\Users\shado\.m2\repository\org\jvnet\staxex\stax-ex\1.8\stax-ex-1.8.jar;C:\Users\shado\.m2\repository\com\sun\xml\fastinfoset\FastInfoset\1.2.15\FastInfoset-1.2.15.jar;C:\Users\shado\.m2\repository\org\apache\tomcat\embed\tomcat-embed-core\9.0.44\tomcat-embed-core-9.0.44.jar;C:\Users\shado\.m2\repository\org\apache\tomcat\tomcat-annotations-api\9.0.44\tomcat-annotations-api-9.0.44.jar;C:\Users\shado\.m2\repository\org\apache\tomcat\embed\tomcat-embed-jasper\9.0.44\tomcat-embed-jasper-9.0.44.jar;C:\Users\shado\.m2\repository\org\apache\tomcat\embed\tomcat-embed-el\9.0.44\tomcat-embed-el-9.0.44.jar;C:\Users\shado\.m2\repository\org\eclipse\jdt\ecj\3.18.0\ecj-3.18.0.jar;C:\Users\shado\.m2\repository\org\apache\tomcat\tomcat-jdbc\9.0.44\tomcat-jdbc-9.0.44.jar;C:\Users\shado\.m2\repository\org\apache\tomcat\tomcat-juli\9.0.44\tomcat-juli-9.0.44.jar;C:\Users\shado\.m2\repository\jakarta\platform\jakarta.jakartaee-api\8.0.0\jakarta.jakartaee-api-8.0.0.jar;C:\Users\shado\.m2\repository\org\glassfish\web\jakarta.servlet.jsp.jstl\1.2.6\jakarta.servlet.jsp.jstl-1.2.6.jar;C:\Users\shado\.m2\repository\jakarta\servlet\jsp\jstl\jakarta.servlet.jsp.jstl-api\1.2.4\jakarta.servlet.jsp.jstl-api-1.2.4.jar;C:\Users\shado\.m2\repository\jakarta\servlet\jakarta.servlet-api\4.0.2\jakarta.servlet-api-4.0.2.jar;C:\Users\shado\.m2\repository\jakarta\el\jakarta.el-api\3.0.2\jakarta.el-api-3.0.2.jar;C:\Users\shado\.m2\repository\mysql\mysql-connector-java\8.0.23\mysql-connector-java-8.0.23.jar;C:\Users\shado\.m2\repository\com\google\protobuf\protobuf-java\3.11.4\protobuf-java-3.11.4.jar;"/>
    <property name="java.vm.vendor" value="AdoptOpenJDK"/>
    <property name="sun.arch.data.model" value="64"/>
    <property name="user.variant" value=""/>
    <property name="catalina.useNaming" value="true"/>
    <property name="java.vendor.url" value="https://adoptopenjdk.net/"/>
    <property name="user.timezone" value="America/New_York"/>
    <property name="java.vm.specification.version" value="11"/>
    <property name="os.name" value="Windows 10"/>
    <property name="user.country" value="US"/>
    <property name="sun.java.launcher" value="SUN_STANDARD"/>
    <property name="sun.boot.library.path" value="C:\Program Files\AdoptOpenJDK\jdk-11.0.9.101-hotspot\bin"/>
    <property name="sun.java.command" value="C:\Users\shado\AppData\Local\Temp\surefire17040390430206294767\surefirebooter9921134668636617765.jar C:\Users\shado\AppData\Local\Temp\surefire17040390430206294767 2021-04-16T14-15-52_396-jvmRun1 surefire13397132186611056982tmp surefire_010820711165285501222tmp"/>
    <property name="jdk.debug" value="release"/>
    <property name="test" value="logic.DonationRecordTest"/>
    <property name="surefire.test.class.path" value="D:\OneDrive - Algonquin College\Computer Programming\dev\Level 3\SimpleBloodBank-Skeleton\target\test-classes;D:\OneDrive - Algonquin College\Computer Programming\dev\Level 3\SimpleBloodBank-Skeleton\target\classes;C:\Users\shado\.m2\repository\org\junit\jupiter\junit-jupiter\5.7.0\junit-jupiter-5.7.0.jar;C:\Users\shado\.m2\repository\org\junit\jupiter\junit-jupiter-api\5.7.0\junit-jupiter-api-5.7.0.jar;C:\Users\shado\.m2\repository\org\apiguardian\apiguardian-api\1.1.0\apiguardian-api-1.1.0.jar;C:\Users\shado\.m2\repository\org\opentest4j\opentest4j\1.2.0\opentest4j-1.2.0.jar;C:\Users\shado\.m2\repository\org\junit\platform\junit-platform-commons\1.7.0\junit-platform-commons-1.7.0.jar;C:\Users\shado\.m2\repository\org\junit\jupiter\junit-jupiter-params\5.7.0\junit-jupiter-params-5.7.0.jar;C:\Users\shado\.m2\repository\org\junit\jupiter\junit-jupiter-engine\5.7.0\junit-jupiter-engine-5.7.0.jar;C:\Users\shado\.m2\repository\org\junit\platform\junit-platform-engine\1.7.0\junit-platform-engine-1.7.0.jar;C:\Users\shado\.m2\repository\org\hamcrest\hamcrest\2.2\hamcrest-2.2.jar;C:\Users\shado\.m2\repository\org\hamcrest\hamcrest-library\2.2\hamcrest-library-2.2.jar;C:\Users\shado\.m2\repository\org\hamcrest\hamcrest-core\2.2\hamcrest-core-2.2.jar;C:\Users\shado\.m2\repository\org\apache\logging\log4j\log4j-api\2.14.0\log4j-api-2.14.0.jar;C:\Users\shado\.m2\repository\org\apache\logging\log4j\log4j-core\2.14.0\log4j-core-2.14.0.jar;C:\Users\shado\.m2\repository\org\hibernate\hibernate-core\5.4.27.Final\hibernate-core-5.4.27.Final.jar;C:\Users\shado\.m2\repository\org\jboss\logging\jboss-logging\3.4.1.Final\jboss-logging-3.4.1.Final.jar;C:\Users\shado\.m2\repository\javax\persistence\javax.persistence-api\2.2\javax.persistence-api-2.2.jar;C:\Users\shado\.m2\repository\org\javassist\javassist\3.27.0-GA\javassist-3.27.0-GA.jar;C:\Users\shado\.m2\repository\net\bytebuddy\byte-buddy\1.10.17\byte-buddy-1.10.17.jar;C:\Users\shado\.m2\repository\antlr\antlr\2.7.7\antlr-2.7.7.jar;C:\Users\shado\.m2\repository\org\jboss\spec\javax\transaction\jboss-transaction-api_1.2_spec\1.1.1.Final\jboss-transaction-api_1.2_spec-1.1.1.Final.jar;C:\Users\shado\.m2\repository\org\jboss\jandex\2.1.3.Final\jandex-2.1.3.Final.jar;C:\Users\shado\.m2\repository\com\fasterxml\classmate\1.5.1\classmate-1.5.1.jar;C:\Users\shado\.m2\repository\javax\activation\javax.activation-api\1.2.0\javax.activation-api-1.2.0.jar;C:\Users\shado\.m2\repository\org\dom4j\dom4j\2.1.3\dom4j-2.1.3.jar;C:\Users\shado\.m2\repository\org\hibernate\common\hibernate-commons-annotations\5.1.2.Final\hibernate-commons-annotations-5.1.2.Final.jar;C:\Users\shado\.m2\repository\javax\xml\bind\jaxb-api\2.3.1\jaxb-api-2.3.1.jar;C:\Users\shado\.m2\repository\org\glassfish\jaxb\jaxb-runtime\2.3.1\jaxb-runtime-2.3.1.jar;C:\Users\shado\.m2\repository\org\glassfish\jaxb\txw2\2.3.1\txw2-2.3.1.jar;C:\Users\shado\.m2\repository\com\sun\istack\istack-commons-runtime\3.0.7\istack-commons-runtime-3.0.7.jar;C:\Users\shado\.m2\repository\org\jvnet\staxex\stax-ex\1.8\stax-ex-1.8.jar;C:\Users\shado\.m2\repository\com\sun\xml\fastinfoset\FastInfoset\1.2.15\FastInfoset-1.2.15.jar;C:\Users\shado\.m2\repository\org\apache\tomcat\embed\tomcat-embed-core\9.0.44\tomcat-embed-core-9.0.44.jar;C:\Users\shado\.m2\repository\org\apache\tomcat\tomcat-annotations-api\9.0.44\tomcat-annotations-api-9.0.44.jar;C:\Users\shado\.m2\repository\org\apache\tomcat\embed\tomcat-embed-jasper\9.0.44\tomcat-embed-jasper-9.0.44.jar;C:\Users\shado\.m2\repository\org\apache\tomcat\embed\tomcat-embed-el\9.0.44\tomcat-embed-el-9.0.44.jar;C:\Users\shado\.m2\repository\org\eclipse\jdt\ecj\3.18.0\ecj-3.18.0.jar;C:\Users\shado\.m2\repository\org\apache\tomcat\tomcat-jdbc\9.0.44\tomcat-jdbc-9.0.44.jar;C:\Users\shado\.m2\repository\org\apache\tomcat\tomcat-juli\9.0.44\tomcat-juli-9.0.44.jar;C:\Users\shado\.m2\repository\jakarta\platform\jakarta.jakartaee-api\8.0.0\jakarta.jakartaee-api-8.0.0.jar;C:\Users\shado\.m2\repository\org\glassfish\web\jakarta.servlet.jsp.jstl\1.2.6\jakarta.servlet.jsp.jstl-1.2.6.jar;C:\Users\shado\.m2\repository\jakarta\servlet\jsp\jstl\jakarta.servlet.jsp.jstl-api\1.2.4\jakarta.servlet.jsp.jstl-api-1.2.4.jar;C:\Users\shado\.m2\repository\jakarta\servlet\jakarta.servlet-api\4.0.2\jakarta.servlet-api-4.0.2.jar;C:\Users\shado\.m2\repository\jakarta\el\jakarta.el-api\3.0.2\jakarta.el-api-3.0.2.jar;C:\Users\shado\.m2\repository\mysql\mysql-connector-java\8.0.23\mysql-connector-java-8.0.23.jar;C:\Users\shado\.m2\repository\com\google\protobuf\protobuf-java\3.11.4\protobuf-java-3.11.4.jar;"/>
    <property name="sun.cpu.endian" value="little"/>
    <property name="user.home" value="C:\Users\shado"/>
    <property name="user.language" value="en"/>
    <property name="java.specification.vendor" value="Oracle Corporation"/>
    <property name="java.naming.factory.url.pkgs" value="org.apache.naming"/>
    <property name="java.version.date" value="2020-11-04"/>
    <property name="java.home" value="C:\Program Files\AdoptOpenJDK\jdk-11.0.9.101-hotspot"/>
    <property name="file.separator" value="\"/>
    <property name="basedir" value="D:\OneDrive - Algonquin College\Computer Programming\dev\Level 3\SimpleBloodBank-Skeleton"/>
    <property name="java.vm.compressedOopsMode" value="32-bit"/>
    <property name="line.separator" value="&#10;"/>
    <property name="java.specification.name" value="Java Platform API Specification"/>
    <property name="java.vm.specification.vendor" value="Oracle Corporation"/>
    <property name="java.awt.graphicsenv" value="sun.awt.Win32GraphicsEnvironment"/>
    <property name="surefire.real.class.path" value="C:\Users\shado\AppData\Local\Temp\surefire17040390430206294767\surefirebooter9921134668636617765.jar"/>
    <property name="user.script" value=""/>
    <property name="sun.management.compiler" value="HotSpot 64-Bit Tiered Compilers"/>
    <property name="java.runtime.version" value="11.0.9.1+1"/>
    <property name="java.naming.factory.initial" value="org.apache.naming.java.javaURLContextFactory"/>
    <property name="user.name" value="shado"/>
    <property name="path.separator" value=";"/>
    <property name="os.version" value="10.0"/>
    <property name="java.runtime.name" value="OpenJDK Runtime Environment"/>
    <property name="file.encoding" value="UTF-8"/>
    <property name="java.vm.name" value="OpenJDK 64-Bit Server VM"/>
    <property name="java.vendor.version" value="AdoptOpenJDK"/>
    <property name="maven.ext.class.path" value="C:\Program Files\NetBeans-12.0\netbeans\java\maven-nblib\netbeans-eventspy.jar"/>
    <property name="localRepository" value="C:\Users\shado\.m2\repository"/>
    <property name="java.vendor.url.bug" value="https://github.com/AdoptOpenJDK/openjdk-support/issues"/>
    <property name="java.io.tmpdir" value="C:\Users\shado\AppData\Local\Temp\"/>
    <property name="catalina.home" value="D:\OneDrive - Algonquin College\Computer Programming\dev\Level 3\SimpleBloodBank-Skeleton\tomcat.8080"/>
    <property name="java.version" value="11.0.9.1"/>
    <property name="user.dir" value="D:\OneDrive - Algonquin College\Computer Programming\dev\Level 3\SimpleBloodBank-Skeleton"/>
    <property name="os.arch" value="amd64"/>
    <property name="java.vm.specification.name" value="Java Virtual Machine Specification"/>
    <property name="java.awt.printerjob" value="sun.awt.windows.WPrinterJob"/>
    <property name="sun.os.patch.level" value=""/>
    <property name="catalina.base" value="D:\OneDrive - Algonquin College\Computer Programming\dev\Level 3\SimpleBloodBank-Skeleton\tomcat.8080"/>
    <property name="java.library.path" value="C:\Program Files\AdoptOpenJDK\jdk-11.0.9.101-hotspot\bin;C:\WINDOWS\Sun\Java\bin;C:\WINDOWS\system32;C:\WINDOWS;C:\Program Files\Java\javafx-sdk-11.0.2\bin;C:\oraclexe\app\oracle\product\11.2.0\server\bin;C:\Program Files\AdoptOpenJDK\jdk-11.0.9.101-hotspot\\bin;C:\Windows\system32;C:\Windows;C:\Windows\System32\Wbem;C:\Windows\System32\WindowsPowerShell\v1.0\;C:\Windows\System32\OpenSSH\;C:\Program Files\Microsoft VS Code\bin;C:\Program Files\NVIDIA Corporation\NVIDIA NvDLISR;C:\Program Files (x86)\NVIDIA Corporation\PhysX\Common;C:\Program Files (x86)\dotnet\;D:\Program Files\pgmodeler;C:\WINDOWS\system32;C:\WINDOWS;C:\WINDOWS\System32\Wbem;C:\WINDOWS\System32\WindowsPowerShell\v1.0\;C:\WINDOWS\System32\OpenSSH\;D:\Program Files (x86)\Brackets\command;C:\Program Files\Git\cmd;C:\Program Files\Microsoft SQL Server\Client SDK\ODBC\170\Tools\Binn\;C:\Program Files (x86)\Microsoft SQL Server\150\Tools\Binn\;C:\Program Files\Microsoft SQL Server\150\Tools\Binn\;C:\Program Files\Microsoft SQL Server\150\DTS\Binn\;C:\Program Files (x86)\Microsoft SQL Server\150\DTS\Binn\;C:\Users\shado\AppData\Local\Microsoft\WindowsApps;;."/>
    <property name="java.vm.info" value="mixed mode"/>
    <property name="java.vendor" value="AdoptOpenJDK"/>
    <property name="java.vm.version" value="11.0.9.1+1"/>
    <property name="sun.io.unicode.encoding" value="UnicodeLittle"/>
    <property name="java.class.version" value="55.0"/>
  </properties>
  <testcase name="testCreateEntity" classname="logic.DonationRecordTest" time="0.193">
    <system-out><![CDATA[2021-04-16T14:15:56,621|[DEBUG] ServletListener - Initializing EMF
2021-04-16T14:15:56,627|[DEBUG] EMFactory - initializeing EntityManagerFactory
2021-04-16T14:15:56,627|[DEBUG] EMFactory - creating EntityManagerFactory
2021-04-16T14:15:56,649|[DEBUG] logging - Logging Provider: org.jboss.logging.Log4j2LoggerProvider
2021-04-16T14:15:56,767|[INFO ] LogHelper - HHH000204: Processing PersistenceUnitInfo [name: simplebloodbank-PU-test]
2021-04-16T14:15:56,838|[INFO ] Version - HHH000412: Hibernate ORM core version 5.4.27.Final
2021-04-16T14:15:57,026|[INFO ] Version - HCANN000001: Hibernate Commons Annotations {5.1.2.Final}
2021-04-16T14:15:57,062|[DEBUG] BasicTypeRegistry - Adding type registration boolean -> org.hibernate.type.BooleanType@18a6451f
2021-04-16T14:15:57,063|[DEBUG] BasicTypeRegistry - Adding type registration boolean -> org.hibernate.type.BooleanType@18a6451f
2021-04-16T14:15:57,063|[DEBUG] BasicTypeRegistry - Adding type registration java.lang.Boolean -> org.hibernate.type.BooleanType@18a6451f
2021-04-16T14:15:57,063|[DEBUG] BasicTypeRegistry - Adding type registration numeric_boolean -> org.hibernate.type.NumericBooleanType@7773d139
2021-04-16T14:15:57,064|[DEBUG] BasicTypeRegistry - Adding type registration true_false -> org.hibernate.type.TrueFalseType@3330bdd1
2021-04-16T14:15:57,064|[DEBUG] BasicTypeRegistry - Adding type registration yes_no -> org.hibernate.type.YesNoType@29e3c7fe
2021-04-16T14:15:57,066|[DEBUG] BasicTypeRegistry - Adding type registration byte -> org.hibernate.type.ByteType@5cb63d05
2021-04-16T14:15:57,066|[DEBUG] BasicTypeRegistry - Adding type registration byte -> org.hibernate.type.ByteType@5cb63d05
2021-04-16T14:15:57,066|[DEBUG] BasicTypeRegistry - Adding type registration java.lang.Byte -> org.hibernate.type.ByteType@5cb63d05
2021-04-16T14:15:57,067|[DEBUG] BasicTypeRegistry - Adding type registration character -> org.hibernate.type.CharacterType@6c430548
2021-04-16T14:15:57,067|[DEBUG] BasicTypeRegistry - Adding type registration char -> org.hibernate.type.CharacterType@6c430548
2021-04-16T14:15:57,067|[DEBUG] BasicTypeRegistry - Adding type registration java.lang.Character -> org.hibernate.type.CharacterType@6c430548
2021-04-16T14:15:57,069|[DEBUG] BasicTypeRegistry - Adding type registration short -> org.hibernate.type.ShortType@546f0369
2021-04-16T14:15:57,069|[DEBUG] BasicTypeRegistry - Adding type registration short -> org.hibernate.type.ShortType@546f0369
2021-04-16T14:15:57,069|[DEBUG] BasicTypeRegistry - Adding type registration java.lang.Short -> org.hibernate.type.ShortType@546f0369
2021-04-16T14:15:57,071|[DEBUG] BasicTypeRegistry - Adding type registration integer -> org.hibernate.type.IntegerType@6e32eea5
2021-04-16T14:15:57,071|[DEBUG] BasicTypeRegistry - Adding type registration int -> org.hibernate.type.IntegerType@6e32eea5
2021-04-16T14:15:57,071|[DEBUG] BasicTypeRegistry - Adding type registration java.lang.Integer -> org.hibernate.type.IntegerType@6e32eea5
2021-04-16T14:15:57,072|[DEBUG] BasicTypeRegistry - Adding type registration long -> org.hibernate.type.LongType@2d45db20
2021-04-16T14:15:57,072|[DEBUG] BasicTypeRegistry - Adding type registration long -> org.hibernate.type.LongType@2d45db20
2021-04-16T14:15:57,073|[DEBUG] BasicTypeRegistry - Adding type registration java.lang.Long -> org.hibernate.type.LongType@2d45db20
2021-04-16T14:15:57,074|[DEBUG] BasicTypeRegistry - Adding type registration float -> org.hibernate.type.FloatType@52bf434b
2021-04-16T14:15:57,074|[DEBUG] BasicTypeRegistry - Adding type registration float -> org.hibernate.type.FloatType@52bf434b
2021-04-16T14:15:57,074|[DEBUG] BasicTypeRegistry - Adding type registration java.lang.Float -> org.hibernate.type.FloatType@52bf434b
2021-04-16T14:15:57,076|[DEBUG] BasicTypeRegistry - Adding type registration double -> org.hibernate.type.DoubleType@563b9462
2021-04-16T14:15:57,076|[DEBUG] BasicTypeRegistry - Adding type registration double -> org.hibernate.type.DoubleType@563b9462
2021-04-16T14:15:57,076|[DEBUG] BasicTypeRegistry - Adding type registration java.lang.Double -> org.hibernate.type.DoubleType@563b9462
2021-04-16T14:15:57,077|[DEBUG] BasicTypeRegistry - Adding type registration big_decimal -> org.hibernate.type.BigDecimalType@6ad51d91
2021-04-16T14:15:57,077|[DEBUG] BasicTypeRegistry - Adding type registration java.math.BigDecimal -> org.hibernate.type.BigDecimalType@6ad51d91
2021-04-16T14:15:57,078|[DEBUG] BasicTypeRegistry - Adding type registration big_integer -> org.hibernate.type.BigIntegerType@288c16a5
2021-04-16T14:15:57,079|[DEBUG] BasicTypeRegistry - Adding type registration java.math.BigInteger -> org.hibernate.type.BigIntegerType@288c16a5
2021-04-16T14:15:57,080|[DEBUG] BasicTypeRegistry - Adding type registration string -> org.hibernate.type.StringType@7540aa55
2021-04-16T14:15:57,081|[DEBUG] BasicTypeRegistry - Adding type registration java.lang.String -> org.hibernate.type.StringType@7540aa55
2021-04-16T14:15:57,082|[DEBUG] BasicTypeRegistry - Adding type registration nstring -> org.hibernate.type.StringNVarcharType@14f03098
2021-04-16T14:15:57,082|[DEBUG] BasicTypeRegistry - Adding type registration ncharacter -> org.hibernate.type.CharacterNCharType@7df468f6
2021-04-16T14:15:57,084|[DEBUG] BasicTypeRegistry - Adding type registration url -> org.hibernate.type.UrlType@35f9c37c
2021-04-16T14:15:57,084|[DEBUG] BasicTypeRegistry - Adding type registration java.net.URL -> org.hibernate.type.UrlType@35f9c37c
2021-04-16T14:15:57,085|[DEBUG] BasicTypeRegistry - Adding type registration Duration -> org.hibernate.type.DurationType@5bfa2801
2021-04-16T14:15:57,085|[DEBUG] BasicTypeRegistry - Adding type registration java.time.Duration -> org.hibernate.type.DurationType@5bfa2801
2021-04-16T14:15:57,092|[DEBUG] BasicTypeRegistry - Adding type registration Instant -> org.hibernate.type.InstantType@27c243a3
2021-04-16T14:15:57,092|[DEBUG] BasicTypeRegistry - Adding type registration java.time.Instant -> org.hibernate.type.InstantType@27c243a3
2021-04-16T14:15:57,093|[DEBUG] BasicTypeRegistry - Adding type registration LocalDateTime -> org.hibernate.type.LocalDateTimeType@da87122
2021-04-16T14:15:57,094|[DEBUG] BasicTypeRegistry - Adding type registration java.time.LocalDateTime -> org.hibernate.type.LocalDateTimeType@da87122
2021-04-16T14:15:57,095|[DEBUG] BasicTypeRegistry - Adding type registration LocalDate -> org.hibernate.type.LocalDateType@1c8ab147
2021-04-16T14:15:57,095|[DEBUG] BasicTypeRegistry - Adding type registration java.time.LocalDate -> org.hibernate.type.LocalDateType@1c8ab147
2021-04-16T14:15:57,096|[DEBUG] BasicTypeRegistry - Adding type registration LocalTime -> org.hibernate.type.LocalTimeType@157f284b
2021-04-16T14:15:57,096|[DEBUG] BasicTypeRegistry - Adding type registration java.time.LocalTime -> org.hibernate.type.LocalTimeType@157f284b
2021-04-16T14:15:57,097|[DEBUG] BasicTypeRegistry - Adding type registration OffsetDateTime -> org.hibernate.type.OffsetDateTimeType@639f7054
2021-04-16T14:15:57,097|[DEBUG] BasicTypeRegistry - Adding type registration java.time.OffsetDateTime -> org.hibernate.type.OffsetDateTimeType@639f7054
2021-04-16T14:15:57,099|[DEBUG] BasicTypeRegistry - Adding type registration OffsetTime -> org.hibernate.type.OffsetTimeType@13e59265
2021-04-16T14:15:57,099|[DEBUG] BasicTypeRegistry - Adding type registration java.time.OffsetTime -> org.hibernate.type.OffsetTimeType@13e59265
2021-04-16T14:15:57,100|[DEBUG] BasicTypeRegistry - Adding type registration ZonedDateTime -> org.hibernate.type.ZonedDateTimeType@347c6044
2021-04-16T14:15:57,101|[DEBUG] BasicTypeRegistry - Adding type registration java.time.ZonedDateTime -> org.hibernate.type.ZonedDateTimeType@347c6044
2021-04-16T14:15:57,102|[DEBUG] BasicTypeRegistry - Adding type registration date -> org.hibernate.type.DateType@6ed836b3
2021-04-16T14:15:57,102|[DEBUG] BasicTypeRegistry - Adding type registration java.sql.Date -> org.hibernate.type.DateType@6ed836b3
2021-04-16T14:15:57,103|[DEBUG] BasicTypeRegistry - Adding type registration time -> org.hibernate.type.TimeType@4ee127c6
2021-04-16T14:15:57,103|[DEBUG] BasicTypeRegistry - Adding type registration java.sql.Time -> org.hibernate.type.TimeType@4ee127c6
2021-04-16T14:15:57,104|[DEBUG] BasicTypeRegistry - Adding type registration timestamp -> org.hibernate.type.TimestampType@39a54d70
2021-04-16T14:15:57,104|[DEBUG] BasicTypeRegistry - Adding type registration java.sql.Timestamp -> org.hibernate.type.TimestampType@39a54d70
2021-04-16T14:15:57,104|[DEBUG] BasicTypeRegistry - Adding type registration java.util.Date -> org.hibernate.type.TimestampType@39a54d70
2021-04-16T14:15:57,105|[DEBUG] BasicTypeRegistry - Adding type registration dbtimestamp -> org.hibernate.type.DbTimestampType@3693deae
2021-04-16T14:15:57,106|[DEBUG] BasicTypeRegistry - Adding type registration calendar -> org.hibernate.type.CalendarType@398e1a48
2021-04-16T14:15:57,106|[DEBUG] BasicTypeRegistry - Adding type registration java.util.Calendar -> org.hibernate.type.CalendarType@398e1a48
2021-04-16T14:15:57,106|[DEBUG] BasicTypeRegistry - Adding type registration java.util.GregorianCalendar -> org.hibernate.type.CalendarType@398e1a48
2021-04-16T14:15:57,106|[DEBUG] BasicTypeRegistry - Adding type registration calendar_date -> org.hibernate.type.CalendarDateType@b42a630
2021-04-16T14:15:57,107|[DEBUG] BasicTypeRegistry - Adding type registration calendar_time -> org.hibernate.type.CalendarTimeType@67a02460
2021-04-16T14:15:57,108|[DEBUG] BasicTypeRegistry - Adding type registration locale -> org.hibernate.type.LocaleType@15cf663c
2021-04-16T14:15:57,108|[DEBUG] BasicTypeRegistry - Adding type registration java.util.Locale -> org.hibernate.type.LocaleType@15cf663c
2021-04-16T14:15:57,109|[DEBUG] BasicTypeRegistry - Adding type registration currency -> org.hibernate.type.CurrencyType@68317dc0
2021-04-16T14:15:57,109|[DEBUG] BasicTypeRegistry - Adding type registration java.util.Currency -> org.hibernate.type.CurrencyType@68317dc0
2021-04-16T14:15:57,110|[DEBUG] BasicTypeRegistry - Adding type registration timezone -> org.hibernate.type.TimeZoneType@2c9e3083
2021-04-16T14:15:57,110|[DEBUG] BasicTypeRegistry - Adding type registration java.util.TimeZone -> org.hibernate.type.TimeZoneType@2c9e3083
2021-04-16T14:15:57,111|[DEBUG] BasicTypeRegistry - Adding type registration class -> org.hibernate.type.ClassType@179eb386
2021-04-16T14:15:57,112|[DEBUG] BasicTypeRegistry - Adding type registration java.lang.Class -> org.hibernate.type.ClassType@179eb386
2021-04-16T14:15:57,113|[DEBUG] BasicTypeRegistry - Adding type registration uuid-binary -> org.hibernate.type.UUIDBinaryType@70915da3
2021-04-16T14:15:57,114|[DEBUG] BasicTypeRegistry - Adding type registration java.util.UUID -> org.hibernate.type.UUIDBinaryType@70915da3
2021-04-16T14:15:57,115|[DEBUG] BasicTypeRegistry - Adding type registration uuid-char -> org.hibernate.type.UUIDCharType@4fe3d15f
2021-04-16T14:15:57,116|[DEBUG] BasicTypeRegistry - Adding type registration binary -> org.hibernate.type.BinaryType@6d0937e
2021-04-16T14:15:57,116|[DEBUG] BasicTypeRegistry - Adding type registration byte[] -> org.hibernate.type.BinaryType@6d0937e
2021-04-16T14:15:57,116|[DEBUG] BasicTypeRegistry - Adding type registration [B -> org.hibernate.type.BinaryType@6d0937e
2021-04-16T14:15:57,117|[DEBUG] BasicTypeRegistry - Adding type registration wrapper-binary -> org.hibernate.type.WrapperBinaryType@4854c964
2021-04-16T14:15:57,118|[DEBUG] BasicTypeRegistry - Adding type registration Byte[] -> org.hibernate.type.WrapperBinaryType@4854c964
2021-04-16T14:15:57,118|[DEBUG] BasicTypeRegistry - Adding type registration [Ljava.lang.Byte; -> org.hibernate.type.WrapperBinaryType@4854c964
2021-04-16T14:15:57,119|[DEBUG] BasicTypeRegistry - Adding type registration row_version -> org.hibernate.type.RowVersionType@33260ecd
2021-04-16T14:15:57,119|[DEBUG] BasicTypeRegistry - Adding type registration image -> org.hibernate.type.ImageType@49c15ad2
2021-04-16T14:15:57,120|[DEBUG] BasicTypeRegistry - Adding type registration characters -> org.hibernate.type.CharArrayType@2b65081d
2021-04-16T14:15:57,120|[DEBUG] BasicTypeRegistry - Adding type registration char[] -> org.hibernate.type.CharArrayType@2b65081d
2021-04-16T14:15:57,120|[DEBUG] BasicTypeRegistry - Adding type registration [C -> org.hibernate.type.CharArrayType@2b65081d
2021-04-16T14:15:57,121|[DEBUG] BasicTypeRegistry - Adding type registration wrapper-characters -> org.hibernate.type.CharacterArrayType@7fab8e9a
2021-04-16T14:15:57,121|[DEBUG] BasicTypeRegistry - Adding type registration [Ljava.lang.Character; -> org.hibernate.type.CharacterArrayType@7fab8e9a
2021-04-16T14:15:57,121|[DEBUG] BasicTypeRegistry - Adding type registration Character[] -> org.hibernate.type.CharacterArrayType@7fab8e9a
2021-04-16T14:15:57,122|[DEBUG] BasicTypeRegistry - Adding type registration text -> org.hibernate.type.TextType@38a7f7a2
2021-04-16T14:15:57,122|[DEBUG] BasicTypeRegistry - Adding type registration ntext -> org.hibernate.type.NTextType@2280c0f5
2021-04-16T14:15:57,124|[DEBUG] BasicTypeRegistry - Adding type registration blob -> org.hibernate.type.BlobType@76cb6d16
2021-04-16T14:15:57,124|[DEBUG] BasicTypeRegistry - Adding type registration java.sql.Blob -> org.hibernate.type.BlobType@76cb6d16
2021-04-16T14:15:57,125|[DEBUG] BasicTypeRegistry - Adding type registration materialized_blob -> org.hibernate.type.MaterializedBlobType@3bd6ce4e
2021-04-16T14:15:57,126|[DEBUG] BasicTypeRegistry - Adding type registration clob -> org.hibernate.type.ClobType@4f2a0651
2021-04-16T14:15:57,127|[DEBUG] BasicTypeRegistry - Adding type registration java.sql.Clob -> org.hibernate.type.ClobType@4f2a0651
2021-04-16T14:15:57,128|[DEBUG] BasicTypeRegistry - Adding type registration nclob -> org.hibernate.type.NClobType@3b60efd8
2021-04-16T14:15:57,128|[DEBUG] BasicTypeRegistry - Adding type registration java.sql.NClob -> org.hibernate.type.NClobType@3b60efd8
2021-04-16T14:15:57,129|[DEBUG] BasicTypeRegistry - Adding type registration materialized_clob -> org.hibernate.type.MaterializedClobType@4c49471c
2021-04-16T14:15:57,129|[DEBUG] BasicTypeRegistry - Adding type registration materialized_nclob -> org.hibernate.type.MaterializedNClobType@241410c5
2021-04-16T14:15:57,130|[DEBUG] BasicTypeRegistry - Adding type registration serializable -> org.hibernate.type.SerializableType@10683f87
2021-04-16T14:15:57,133|[DEBUG] BasicTypeRegistry - Adding type registration object -> org.hibernate.type.ObjectType@7e9079cf
2021-04-16T14:15:57,133|[DEBUG] BasicTypeRegistry - Adding type registration java.lang.Object -> org.hibernate.type.ObjectType@7e9079cf
2021-04-16T14:15:57,133|[DEBUG] BasicTypeRegistry - Adding type registration imm_date -> org.hibernate.type.AdaptedImmutableType@a353dff
2021-04-16T14:15:57,134|[DEBUG] BasicTypeRegistry - Adding type registration imm_time -> org.hibernate.type.AdaptedImmutableType@2b360641
2021-04-16T14:15:57,134|[DEBUG] BasicTypeRegistry - Adding type registration imm_timestamp -> org.hibernate.type.AdaptedImmutableType@779d7ff4
2021-04-16T14:15:57,134|[DEBUG] BasicTypeRegistry - Adding type registration imm_dbtimestamp -> org.hibernate.type.AdaptedImmutableType@33a9f5b0
2021-04-16T14:15:57,134|[DEBUG] BasicTypeRegistry - Adding type registration imm_calendar -> org.hibernate.type.AdaptedImmutableType@1050fcff
2021-04-16T14:15:57,134|[DEBUG] BasicTypeRegistry - Adding type registration imm_calendar_date -> org.hibernate.type.AdaptedImmutableType@bcfe4ba
2021-04-16T14:15:57,134|[DEBUG] BasicTypeRegistry - Adding type registration imm_binary -> org.hibernate.type.AdaptedImmutableType@173158e8
2021-04-16T14:15:57,134|[DEBUG] BasicTypeRegistry - Adding type registration imm_serializable -> org.hibernate.type.AdaptedImmutableType@6bc93bcb
2021-04-16T14:15:57,315|[INFO ] Dialect - HHH000400: Using dialect: org.hibernate.dialect.MySQL8Dialect
2021-04-16T14:15:57,388|[DEBUG] TypeConfiguration$Scope - Scoping TypeConfiguration [org.hibernate.type.spi.TypeConfiguration@275aac80] to MetadataBuildingContext [org.hibernate.boot.internal.MetadataBuildingContextRootImpl@5f8cd1e5]
2021-04-16T14:15:57,536|[INFO ] beans - HHH10005002: No explicit CDI BeanManager reference was passed to Hibernate, but CDI is available on the Hibernate ClassLoader.
2021-04-16T14:15:57,537|[DEBUG] JavaTypeDescriptorRegistry - Could not find matching scoped JavaTypeDescriptor for requested Java class [entity.RhesusFactorConvertor]; falling back to static registry
2021-04-16T14:15:57,540|[DEBUG] JavaTypeDescriptorRegistry - Could not find matching scoped JavaTypeDescriptor for requested Java class [java.lang.String]; falling back to static registry
2021-04-16T14:15:57,542|[DEBUG] AttributeConverterTypeAdapter - Created AttributeConverterTypeAdapter -> converted::entity.RhesusFactorConvertor
2021-04-16T14:15:57,573|[DEBUG] EnumType - Using NAMED-based conversion for Enum entity.BloodGroup
2021-04-16T14:15:57,656|[DEBUG] TypeConfiguration$Scope - Scoping TypeConfiguration [org.hibernate.type.spi.TypeConfiguration@275aac80] to SessionFactoryImpl [org.hibernate.internal.SessionFactoryImpl@17f00930]
2021-04-16T14:15:58,009|[INFO ] SchemaCreatorImpl - HHH000476: Executing import script 'file:/D:/OneDrive%20-%20Algonquin%20College/Computer%20Programming/dev/Level%203/SimpleBloodBank-Skeleton/target/classes/META-INF/sql/simplebloodbank-drop.sql'
2021-04-16T14:15:58,021|[DEBUG] SQL - 
    
    DROP SCHEMA IF EXISTS `simplebloodbank`
2021-04-16T14:15:58,126|[INFO ] SchemaCreatorImpl - HHH000476: Executing import script 'file:/D:/OneDrive%20-%20Algonquin%20College/Computer%20Programming/dev/Level%203/SimpleBloodBank-Skeleton/target/classes/META-INF/sql/simplebloodbank-create.sql'
2021-04-16T14:15:58,137|[DEBUG] SQL - CREATE SCHEMA IF NOT EXISTS `simplebloodbank` DEFAULT CHARACTER SET utf8mb4 COLLATE utf8mb4_0900_ai_ci
2021-04-16T14:15:58,147|[DEBUG] SQL - 
    
    USE `simplebloodbank`
2021-04-16T14:15:58,149|[DEBUG] SQL - 
    
    CREATE TABLE IF NOT EXISTS `simplebloodbank`.`person` (
          `id` INT NOT NULL AUTO_INCREMENT,
          `first_name` VARCHAR(50) NOT NULL,
          `last_name` VARCHAR(50) NOT NULL,
          `phone` VARCHAR(15) NOT NULL,
          `address` VARCHAR(100) NOT NULL,
          `birth` DATETIME NOT NULL,
          PRIMARY KEY (`id`),
          UNIQUE INDEX `id_UNIQUE` (`id` ASC) VISIBLE
    ) ENGINE = InnoDB AUTO_INCREMENT = 2 DEFAULT CHARACTER SET = utf8mb4 COLLATE = utf8mb4_0900_ai_ci
2021-04-16T14:15:58,205|[DEBUG] SQL - 
    
    CREATE TABLE IF NOT EXISTS `simplebloodbank`.`blood_bank` (
          `bank_id` INT NOT NULL AUTO_INCREMENT,
          `owner` INT NULL,
          `name` VARCHAR(100) NOT NULL,
          `privately_owned` BIT(1) NOT NULL,
          `established` DATETIME NOT NULL,
          `emplyee_count` INT NOT NULL,
          PRIMARY KEY (`bank_id`),
          UNIQUE INDEX `name_UNIQUE` (`name` ASC) VISIBLE,
          UNIQUE INDEX `bank_id_UNIQUE` (`bank_id` ASC) VISIBLE,
          INDEX `fk_blood_bank_person1_idx` (`owner` ASC) VISIBLE,
          CONSTRAINT `fk_blood_bank_person1`     FOREIGN KEY (`owner`)     REFERENCES `simplebloodbank`.`person` (`id`)     ON DELETE NO ACTION     ON UPDATE NO ACTION
    ) ENGINE = InnoDB DEFAULT CHARACTER SET = utf8mb4 COLLATE = utf8mb4_0900_ai_ci
2021-04-16T14:15:58,270|[DEBUG] SQL - 
    
    CREATE TABLE IF NOT EXISTS `simplebloodbank`.`blood_donation` (
          `donation_id` INT NOT NULL AUTO_INCREMENT,
          `bank_id` INT NULL,
          `milliliters` INT NOT NULL,
          `blood_group` ENUM('A', 'B', 'AB', 'O') NOT NULL,
          `rhd` ENUM('+', '-') NOT NULL,
          `created` DATETIME NOT NULL,
          PRIMARY KEY (`donation_id`),
          INDEX `fk_blood_donation_blood_bank1_idx` (`bank_id` ASC) VISIBLE,
          UNIQUE INDEX `donation_id_UNIQUE` (`donation_id` ASC) VISIBLE,
          CONSTRAINT `fk_blood_donation_blood_bank1`     FOREIGN KEY (`bank_id`)     REFERENCES `simplebloodbank`.`blood_bank` (`bank_id`)
    ) ENGINE = InnoDB DEFAULT CHARACTER SET = utf8mb4 COLLATE = utf8mb4_0900_ai_ci
2021-04-16T14:15:58,338|[DEBUG] SQL - 
    
    CREATE TABLE IF NOT EXISTS `simplebloodbank`.`donation_record` (
          `record_id` INT NOT NULL AUTO_INCREMENT,
          `person_id` INT NULL DEFAULT NULL,
          `donation_id` INT NULL DEFAULT NULL,
          `tested` BIT(1) NOT NULL,
          `administrator` VARCHAR(100) NOT NULL,
          `hospital` VARCHAR(100) NOT NULL,
          `created` DATETIME NOT NULL,
          PRIMARY KEY (`record_id`),
          UNIQUE INDEX `record_id_UNIQUE` (`record_id` ASC) VISIBLE,
          INDEX `fk_donation_record_person1_idx` (`person_id` ASC) VISIBLE,
          INDEX `fk_donation_record_blood_donation1_idx` (`donation_id` ASC) VISIBLE,
          CONSTRAINT `fk_donation_record_blood_donation1`     FOREIGN KEY (`donation_id`)     REFERENCES `simplebloodbank`.`blood_donation` (`donation_id`),
          CONSTRAINT `fk_donation_record_person1`     FOREIGN KEY (`person_id`)     REFERENCES `simplebloodbank`.`person` (`id`)
    ) ENGINE = InnoDB DEFAULT CHARACTER SET = utf8mb4 COLLATE = utf8mb4_0900_ai_ci
2021-04-16T14:15:58,419|[DEBUG] SQL - 
    
    CREATE TABLE IF NOT EXISTS `simplebloodbank`.`account` (
          `id` INT NOT NULL AUTO_INCREMENT,
          `name` VARCHAR(45) NOT NULL,
          `nickname` VARCHAR(45) NULL,
          `username` VARCHAR(45) NOT NULL,
          `password` VARCHAR(45) NOT NULL,
          PRIMARY KEY (`id`),
          UNIQUE INDEX `name_UNIQUE` (`name` ASC) VISIBLE,
          UNIQUE INDEX `username_UNIQUE` (`username` ASC) VISIBLE
    ) ENGINE = InnoDB
2021-04-16T14:15:58,482|[INFO ] JtaPlatformInitiator - HHH000490: Using JtaPlatform implementation: [org.hibernate.engine.transaction.jta.platform.internal.NoJtaPlatform]
2021-04-16T14:15:58,605|[DEBUG] ServletListener - EMF initialized
2021-04-16T14:15:58,911|[DEBUG] EMFactory - getting EntityManagerFactory
2021-04-16T14:15:58,911|[DEBUG] EMFactory - initializeing EntityManagerFactory
2021-04-16T14:15:58,973|[DEBUG] SQL - 
    select
        person0_.id as id1_4_0_,
        person0_.address as address2_4_0_,
        person0_.birth as birth3_4_0_,
        person0_.first_name as first_na4_4_0_,
        person0_.last_name as last_nam5_4_0_,
        person0_.phone as phone6_4_0_ 
    from
        simplebloodbank.person person0_ 
    where
        person0_.id=?
2021-04-16T14:15:58,989|[TRACE] BasicBinder - binding parameter [1] as [INTEGER] - [1]
2021-04-16T14:15:58,994|[DEBUG] SQL - 
    select
        blooddonat0_.donation_id as donation1_2_0_,
        blooddonat0_.bank_id as bank_id6_2_0_,
        blooddonat0_.blood_group as blood_gr2_2_0_,
        blooddonat0_.created as created3_2_0_,
        blooddonat0_.milliliters as millilit4_2_0_,
        blooddonat0_.rhd as rhd5_2_0_ 
    from
        simplebloodbank.blood_donation blooddonat0_ 
    where
        blooddonat0_.donation_id=?
2021-04-16T14:15:58,994|[TRACE] BasicBinder - binding parameter [1] as [INTEGER] - [1]
2021-04-16T14:15:59,014|[DEBUG] SQL - 
    /* insert entity.Person
        */ insert 
        into
            simplebloodbank.person
            (address, birth, first_name, last_name, phone) 
        values
            (?, ?, ?, ?, ?)
2021-04-16T14:15:59,015|[TRACE] BasicBinder - binding parameter [1] as [VARCHAR] - [123 JUnit5 Street]
2021-04-16T14:15:59,015|[TRACE] BasicBinder - binding parameter [2] as [TIMESTAMP] - [Sat Nov 11 11:11:11 EST 1111]
2021-04-16T14:15:59,017|[TRACE] BasicBinder - binding parameter [3] as [VARCHAR] - [Bella]
2021-04-16T14:15:59,017|[TRACE] BasicBinder - binding parameter [4] as [VARCHAR] - [Smiths]
2021-04-16T14:15:59,017|[TRACE] BasicBinder - binding parameter [5] as [VARCHAR] - [123456789]
2021-04-16T14:15:59,021|[DEBUG] SQL - 
    /* insert entity.BloodDonation
        */ insert 
        into
            simplebloodbank.blood_donation
            (bank_id, blood_group, created, milliliters, rhd) 
        values
            (?, ?, ?, ?, ?)
2021-04-16T14:15:59,022|[TRACE] BasicBinder - binding parameter [1] as [INTEGER] - [null]
2021-04-16T14:15:59,022|[TRACE] BasicBinder - binding parameter [2] as [VARCHAR] - [B]
2021-04-16T14:15:59,022|[TRACE] BasicBinder - binding parameter [3] as [TIMESTAMP] - [Sat Nov 11 11:11:11 EST 1111]
2021-04-16T14:15:59,022|[TRACE] BasicBinder - binding parameter [4] as [INTEGER] - [100]
2021-04-16T14:15:59,023|[DEBUG] AttributeConverterSqlTypeDescriptorAdapter - Converted value on binding : Positive -> +
2021-04-16T14:15:59,023|[TRACE] BasicBinder - binding parameter [5] as [VARCHAR] - [+]
2021-04-16T14:15:59,027|[DEBUG] SQL - 
    /* insert entity.DonationRecord
        */ insert 
        into
            simplebloodbank.donation_record
            (administrator, donation_id, created, hospital, person_id, tested) 
        values
            (?, ?, ?, ?, ?, ?)
2021-04-16T14:15:59,028|[TRACE] BasicBinder - binding parameter [1] as [VARCHAR] - [Anna]
2021-04-16T14:15:59,028|[TRACE] BasicBinder - binding parameter [2] as [INTEGER] - [1]
2021-04-16T14:15:59,028|[TRACE] BasicBinder - binding parameter [3] as [TIMESTAMP] - [Sat Nov 11 11:11:11 EST 1111]
2021-04-16T14:15:59,028|[TRACE] BasicBinder - binding parameter [4] as [VARCHAR] - [Sunshine Hospital]
2021-04-16T14:15:59,028|[TRACE] BasicBinder - binding parameter [5] as [INTEGER] - [2]
2021-04-16T14:15:59,029|[TRACE] BasicBinder - binding parameter [6] as [BOOLEAN] - [true]
2021-04-16T14:15:59,054|[DEBUG] EMFactory - getting EntityManagerFactory
2021-04-16T14:15:59,054|[DEBUG] EMFactory - initializeing EntityManagerFactory
2021-04-16T14:15:59,057|[DEBUG] SQL - 
    /* load entity.DonationRecord */ select
        donationre0_.record_id as record_i1_3_0_,
        donationre0_.administrator as administ2_3_0_,
        donationre0_.donation_id as donation6_3_0_,
        donationre0_.created as created3_3_0_,
        donationre0_.hospital as hospital4_3_0_,
        donationre0_.person_id as person_i7_3_0_,
        donationre0_.tested as tested5_3_0_ 
    from
        simplebloodbank.donation_record donationre0_ 
    where
        donationre0_.record_id=?
2021-04-16T14:15:59,058|[TRACE] BasicBinder - binding parameter [1] as [INTEGER] - [1]
2021-04-16T14:15:59,061|[TRACE] BasicExtractor - extracted value ([administ2_3_0_] : [VARCHAR]) - [Anna]
2021-04-16T14:15:59,062|[TRACE] BasicExtractor - extracted value ([donation6_3_0_] : [INTEGER]) - [1]
2021-04-16T14:15:59,063|[TRACE] BasicExtractor - extracted value ([created3_3_0_] : [TIMESTAMP]) - [1111-11-11 11:11:11.0]
2021-04-16T14:15:59,063|[TRACE] BasicExtractor - extracted value ([hospital4_3_0_] : [VARCHAR]) - [Sunshine Hospital]
2021-04-16T14:15:59,063|[TRACE] BasicExtractor - extracted value ([person_i7_3_0_] : [INTEGER]) - [2]
2021-04-16T14:15:59,063|[TRACE] BasicExtractor - extracted value ([tested5_3_0_] : [BOOLEAN]) - [true]
2021-04-16T14:15:59,078|[DEBUG] SQL - 
    /* delete entity.DonationRecord */ delete 
        from
            simplebloodbank.donation_record 
        where
            record_id=?
2021-04-16T14:15:59,079|[TRACE] BasicBinder - binding parameter [1] as [INTEGER] - [1]
]]></system-out>
    <system-err><![CDATA[Apr 16, 2021 2:15:54 PM org.apache.catalina.core.StandardService startInternal
INFO: Starting service [Tomcat]
Apr 16, 2021 2:15:54 PM org.apache.catalina.core.StandardEngine startInternal
INFO: Starting Servlet engine: [Apache Tomcat/9.0.44]
Apr 16, 2021 2:15:54 PM org.apache.catalina.startup.ContextConfig getDefaultWebXmlFragment
INFO: No global web.xml found
Apr 16, 2021 2:15:54 PM org.apache.tomcat.util.scan.StandardJarScanner processURLs
WARNING: Failed to scan [file:/C:/Users/shado/.m2/repository/org/glassfish/jaxb/jaxb-runtime/2.3.1/jaxb-api-2.3.1.jar] from classloader hierarchy
java.io.IOException: java.lang.reflect.InvocationTargetException
	at org.apache.tomcat.util.compat.Jre9Compat.jarFileNewInstance(Jre9Compat.java:209)
	at org.apache.tomcat.util.scan.JarFileUrlJar.<init>(JarFileUrlJar.java:65)
	at org.apache.tomcat.util.scan.JarFactory.newInstance(JarFactory.java:49)
	at org.apache.tomcat.util.scan.StandardJarScanner.process(StandardJarScanner.java:383)
	at org.apache.tomcat.util.scan.StandardJarScanner.processURLs(StandardJarScanner.java:318)
	at org.apache.tomcat.util.scan.StandardJarScanner.doScanClassPath(StandardJarScanner.java:282)
	at org.apache.tomcat.util.scan.StandardJarScanner.scan(StandardJarScanner.java:233)
	at org.apache.catalina.startup.ContextConfig.processJarsForWebFragments(ContextConfig.java:2135)
	at org.apache.catalina.startup.ContextConfig.webConfig(ContextConfig.java:1289)
	at org.apache.catalina.startup.ContextConfig.configureStart(ContextConfig.java:986)
	at org.apache.catalina.startup.ContextConfig.lifecycleEvent(ContextConfig.java:303)
	at org.apache.catalina.util.LifecycleBase.fireLifecycleEvent(LifecycleBase.java:123)
	at org.apache.catalina.core.StandardContext.startInternal(StandardContext.java:5082)
	at org.apache.catalina.util.LifecycleBase.start(LifecycleBase.java:183)
	at org.apache.catalina.core.ContainerBase$StartChild.call(ContainerBase.java:1384)
	at org.apache.catalina.core.ContainerBase$StartChild.call(ContainerBase.java:1374)
	at java.base/java.util.concurrent.FutureTask.run(FutureTask.java:264)
	at org.apache.tomcat.util.threads.InlineExecutorService.execute(InlineExecutorService.java:75)
	at java.base/java.util.concurrent.AbstractExecutorService.submit(AbstractExecutorService.java:140)
	at org.apache.catalina.core.ContainerBase.startInternal(ContainerBase.java:909)
	at org.apache.catalina.core.StandardHost.startInternal(StandardHost.java:843)
	at org.apache.catalina.util.LifecycleBase.start(LifecycleBase.java:183)
	at org.apache.catalina.core.ContainerBase$StartChild.call(ContainerBase.java:1384)
	at org.apache.catalina.core.ContainerBase$StartChild.call(ContainerBase.java:1374)
	at java.base/java.util.concurrent.FutureTask.run(FutureTask.java:264)
	at org.apache.tomcat.util.threads.InlineExecutorService.execute(InlineExecutorService.java:75)
	at java.base/java.util.concurrent.AbstractExecutorService.submit(AbstractExecutorService.java:140)
	at org.apache.catalina.core.ContainerBase.startInternal(ContainerBase.java:909)
	at org.apache.catalina.core.StandardEngine.startInternal(StandardEngine.java:262)
	at org.apache.catalina.util.LifecycleBase.start(LifecycleBase.java:183)
	at org.apache.catalina.core.StandardService.startInternal(StandardService.java:434)
	at org.apache.catalina.util.LifecycleBase.start(LifecycleBase.java:183)
	at org.apache.catalina.core.StandardServer.startInternal(StandardServer.java:930)
	at org.apache.catalina.util.LifecycleBase.start(LifecycleBase.java:183)
	at org.apache.catalina.startup.Tomcat.start(Tomcat.java:486)
	at common.TomcatStartUp.createTomcat(TomcatStartUp.java:20)
	at logic.DonationRecordTest.setUpBeforeClass(DonationRecordTest.java:44)
	at java.base/jdk.internal.reflect.NativeMethodAccessorImpl.invoke0(Native Method)
	at java.base/jdk.internal.reflect.NativeMethodAccessorImpl.invoke(NativeMethodAccessorImpl.java:62)
	at java.base/jdk.internal.reflect.DelegatingMethodAccessorImpl.invoke(DelegatingMethodAccessorImpl.java:43)
	at java.base/java.lang.reflect.Method.invoke(Method.java:566)
	at org.junit.platform.commons.util.ReflectionUtils.invokeMethod(ReflectionUtils.java:688)
	at org.junit.jupiter.engine.execution.MethodInvocation.proceed(MethodInvocation.java:60)
	at org.junit.jupiter.engine.execution.InvocationInterceptorChain$ValidatingInvocation.proceed(InvocationInterceptorChain.java:131)
	at org.junit.jupiter.engine.extension.TimeoutExtension.intercept(TimeoutExtension.java:149)
	at org.junit.jupiter.engine.extension.TimeoutExtension.interceptLifecycleMethod(TimeoutExtension.java:126)
	at org.junit.jupiter.engine.extension.TimeoutExtension.interceptBeforeAllMethod(TimeoutExtension.java:68)
	at org.junit.jupiter.engine.execution.ExecutableInvoker$ReflectiveInterceptorCall.lambda$ofVoidMethod$0(ExecutableInvoker.java:115)
	at org.junit.jupiter.engine.execution.ExecutableInvoker.lambda$invoke$0(ExecutableInvoker.java:105)
	at org.junit.jupiter.engine.execution.InvocationInterceptorChain$InterceptedInvocation.proceed(InvocationInterceptorChain.java:106)
	at org.junit.jupiter.engine.execution.InvocationInterceptorChain.proceed(InvocationInterceptorChain.java:64)
	at org.junit.jupiter.engine.execution.InvocationInterceptorChain.chainAndInvoke(InvocationInterceptorChain.java:45)
	at org.junit.jupiter.engine.execution.InvocationInterceptorChain.invoke(InvocationInterceptorChain.java:37)
	at org.junit.jupiter.engine.execution.ExecutableInvoker.invoke(ExecutableInvoker.java:104)
	at org.junit.jupiter.engine.execution.ExecutableInvoker.invoke(ExecutableInvoker.java:98)
	at org.junit.jupiter.engine.descriptor.ClassBasedTestDescriptor.lambda$invokeBeforeAllMethods$9(ClassBasedTestDescriptor.java:384)
	at org.junit.platform.engine.support.hierarchical.ThrowableCollector.execute(ThrowableCollector.java:73)
	at org.junit.jupiter.engine.descriptor.ClassBasedTestDescriptor.invokeBeforeAllMethods(ClassBasedTestDescriptor.java:382)
	at org.junit.jupiter.engine.descriptor.ClassBasedTestDescriptor.before(ClassBasedTestDescriptor.java:196)
	at org.junit.jupiter.engine.descriptor.ClassBasedTestDescriptor.before(ClassBasedTestDescriptor.java:78)
	at org.junit.platform.engine.support.hierarchical.NodeTestTask.lambda$executeRecursively$5(NodeTestTask.java:136)
	at org.junit.platform.engine.support.hierarchical.ThrowableCollector.execute(ThrowableCollector.java:73)
	at org.junit.platform.engine.support.hierarchical.NodeTestTask.lambda$executeRecursively$7(NodeTestTask.java:129)
	at org.junit.platform.engine.support.hierarchical.Node.around(Node.java:137)
	at org.junit.platform.engine.support.hierarchical.NodeTestTask.lambda$executeRecursively$8(NodeTestTask.java:127)
	at org.junit.platform.engine.support.hierarchical.ThrowableCollector.execute(ThrowableCollector.java:73)
	at org.junit.platform.engine.support.hierarchical.NodeTestTask.executeRecursively(NodeTestTask.java:126)
	at org.junit.platform.engine.support.hierarchical.NodeTestTask.execute(NodeTestTask.java:84)
	at java.base/java.util.ArrayList.forEach(ArrayList.java:1541)
	at org.junit.platform.engine.support.hierarchical.SameThreadHierarchicalTestExecutorService.invokeAll(SameThreadHierarchicalTestExecutorService.java:38)
	at org.junit.platform.engine.support.hierarchical.NodeTestTask.lambda$executeRecursively$5(NodeTestTask.java:143)
	at org.junit.platform.engine.support.hierarchical.ThrowableCollector.execute(ThrowableCollector.java:73)
	at org.junit.platform.engine.support.hierarchical.NodeTestTask.lambda$executeRecursively$7(NodeTestTask.java:129)
	at org.junit.platform.engine.support.hierarchical.Node.around(Node.java:137)
	at org.junit.platform.engine.support.hierarchical.NodeTestTask.lambda$executeRecursively$8(NodeTestTask.java:127)
	at org.junit.platform.engine.support.hierarchical.ThrowableCollector.execute(ThrowableCollector.java:73)
	at org.junit.platform.engine.support.hierarchical.NodeTestTask.executeRecursively(NodeTestTask.java:126)
	at org.junit.platform.engine.support.hierarchical.NodeTestTask.execute(NodeTestTask.java:84)
	at org.junit.platform.engine.support.hierarchical.SameThreadHierarchicalTestExecutorService.submit(SameThreadHierarchicalTestExecutorService.java:32)
	at org.junit.platform.engine.support.hierarchical.HierarchicalTestExecutor.execute(HierarchicalTestExecutor.java:57)
	at org.junit.platform.engine.support.hierarchical.HierarchicalTestEngine.execute(HierarchicalTestEngine.java:51)
	at org.junit.platform.launcher.core.EngineExecutionOrchestrator.execute(EngineExecutionOrchestrator.java:108)
	at org.junit.platform.launcher.core.EngineExecutionOrchestrator.execute(EngineExecutionOrchestrator.java:88)
	at org.junit.platform.launcher.core.EngineExecutionOrchestrator.lambda$execute$0(EngineExecutionOrchestrator.java:54)
	at org.junit.platform.launcher.core.EngineExecutionOrchestrator.withInterceptedStreams(EngineExecutionOrchestrator.java:67)
	at org.junit.platform.launcher.core.EngineExecutionOrchestrator.execute(EngineExecutionOrchestrator.java:52)
	at org.junit.platform.launcher.core.DefaultLauncher.execute(DefaultLauncher.java:96)
	at org.junit.platform.launcher.core.DefaultLauncher.execute(DefaultLauncher.java:75)
	at org.apache.maven.surefire.junitplatform.JUnitPlatformProvider.execute(JUnitPlatformProvider.java:188)
	at org.apache.maven.surefire.junitplatform.JUnitPlatformProvider.invokeAllTests(JUnitPlatformProvider.java:154)
	at org.apache.maven.surefire.junitplatform.JUnitPlatformProvider.invoke(JUnitPlatformProvider.java:128)
	at org.apache.maven.surefire.booter.ForkedBooter.runSuitesInProcess(ForkedBooter.java:428)
	at org.apache.maven.surefire.booter.ForkedBooter.execute(ForkedBooter.java:162)
	at org.apache.maven.surefire.booter.ForkedBooter.run(ForkedBooter.java:562)
	at org.apache.maven.surefire.booter.ForkedBooter.main(ForkedBooter.java:548)
Caused by: java.lang.reflect.InvocationTargetException
	at java.base/jdk.internal.reflect.GeneratedConstructorAccessor16.newInstance(Unknown Source)
	at java.base/jdk.internal.reflect.DelegatingConstructorAccessorImpl.newInstance(DelegatingConstructorAccessorImpl.java:45)
	at java.base/java.lang.reflect.Constructor.newInstance(Constructor.java:490)
	at org.apache.tomcat.util.compat.Jre9Compat.jarFileNewInstance(Jre9Compat.java:206)
	... 94 more
Caused by: java.nio.file.NoSuchFileException: C:\Users\shado\.m2\repository\org\glassfish\jaxb\jaxb-runtime\2.3.1\jaxb-api-2.3.1.jar
	at java.base/sun.nio.fs.WindowsException.translateToIOException(WindowsException.java:85)
	at java.base/sun.nio.fs.WindowsException.rethrowAsIOException(WindowsException.java:103)
	at java.base/sun.nio.fs.WindowsException.rethrowAsIOException(WindowsException.java:108)
	at java.base/sun.nio.fs.WindowsFileAttributeViews$Basic.readAttributes(WindowsFileAttributeViews.java:53)
	at java.base/sun.nio.fs.WindowsFileAttributeViews$Basic.readAttributes(WindowsFileAttributeViews.java:38)
	at java.base/sun.nio.fs.WindowsFileSystemProvider.readAttributes(WindowsFileSystemProvider.java:198)
	at java.base/java.nio.file.Files.readAttributes(Files.java:1763)
	at java.base/java.util.zip.ZipFile$Source.get(ZipFile.java:1225)
	at java.base/java.util.zip.ZipFile$CleanableResource.<init>(ZipFile.java:727)
	at java.base/java.util.zip.ZipFile$CleanableResource.get(ZipFile.java:844)
	at java.base/java.util.zip.ZipFile.<init>(ZipFile.java:247)
	at java.base/java.util.zip.ZipFile.<init>(ZipFile.java:177)
	at java.base/java.util.jar.JarFile.<init>(JarFile.java:348)
	... 98 more

Apr 16, 2021 2:15:54 PM org.apache.tomcat.util.scan.StandardJarScanner processURLs
WARNING: Failed to scan [file:/C:/Users/shado/.m2/repository/org/glassfish/jaxb/jaxb-runtime/2.3.1/txw2-2.3.1.jar] from classloader hierarchy
java.io.IOException: java.lang.reflect.InvocationTargetException
	at org.apache.tomcat.util.compat.Jre9Compat.jarFileNewInstance(Jre9Compat.java:209)
	at org.apache.tomcat.util.scan.JarFileUrlJar.<init>(JarFileUrlJar.java:65)
	at org.apache.tomcat.util.scan.JarFactory.newInstance(JarFactory.java:49)
	at org.apache.tomcat.util.scan.StandardJarScanner.process(StandardJarScanner.java:383)
	at org.apache.tomcat.util.scan.StandardJarScanner.processURLs(StandardJarScanner.java:318)
	at org.apache.tomcat.util.scan.StandardJarScanner.doScanClassPath(StandardJarScanner.java:282)
	at org.apache.tomcat.util.scan.StandardJarScanner.scan(StandardJarScanner.java:233)
	at org.apache.catalina.startup.ContextConfig.processJarsForWebFragments(ContextConfig.java:2135)
	at org.apache.catalina.startup.ContextConfig.webConfig(ContextConfig.java:1289)
	at org.apache.catalina.startup.ContextConfig.configureStart(ContextConfig.java:986)
	at org.apache.catalina.startup.ContextConfig.lifecycleEvent(ContextConfig.java:303)
	at org.apache.catalina.util.LifecycleBase.fireLifecycleEvent(LifecycleBase.java:123)
	at org.apache.catalina.core.StandardContext.startInternal(StandardContext.java:5082)
	at org.apache.catalina.util.LifecycleBase.start(LifecycleBase.java:183)
	at org.apache.catalina.core.ContainerBase$StartChild.call(ContainerBase.java:1384)
	at org.apache.catalina.core.ContainerBase$StartChild.call(ContainerBase.java:1374)
	at java.base/java.util.concurrent.FutureTask.run(FutureTask.java:264)
	at org.apache.tomcat.util.threads.InlineExecutorService.execute(InlineExecutorService.java:75)
	at java.base/java.util.concurrent.AbstractExecutorService.submit(AbstractExecutorService.java:140)
	at org.apache.catalina.core.ContainerBase.startInternal(ContainerBase.java:909)
	at org.apache.catalina.core.StandardHost.startInternal(StandardHost.java:843)
	at org.apache.catalina.util.LifecycleBase.start(LifecycleBase.java:183)
	at org.apache.catalina.core.ContainerBase$StartChild.call(ContainerBase.java:1384)
	at org.apache.catalina.core.ContainerBase$StartChild.call(ContainerBase.java:1374)
	at java.base/java.util.concurrent.FutureTask.run(FutureTask.java:264)
	at org.apache.tomcat.util.threads.InlineExecutorService.execute(InlineExecutorService.java:75)
	at java.base/java.util.concurrent.AbstractExecutorService.submit(AbstractExecutorService.java:140)
	at org.apache.catalina.core.ContainerBase.startInternal(ContainerBase.java:909)
	at org.apache.catalina.core.StandardEngine.startInternal(StandardEngine.java:262)
	at org.apache.catalina.util.LifecycleBase.start(LifecycleBase.java:183)
	at org.apache.catalina.core.StandardService.startInternal(StandardService.java:434)
	at org.apache.catalina.util.LifecycleBase.start(LifecycleBase.java:183)
	at org.apache.catalina.core.StandardServer.startInternal(StandardServer.java:930)
	at org.apache.catalina.util.LifecycleBase.start(LifecycleBase.java:183)
	at org.apache.catalina.startup.Tomcat.start(Tomcat.java:486)
	at common.TomcatStartUp.createTomcat(TomcatStartUp.java:20)
	at logic.DonationRecordTest.setUpBeforeClass(DonationRecordTest.java:44)
	at java.base/jdk.internal.reflect.NativeMethodAccessorImpl.invoke0(Native Method)
	at java.base/jdk.internal.reflect.NativeMethodAccessorImpl.invoke(NativeMethodAccessorImpl.java:62)
	at java.base/jdk.internal.reflect.DelegatingMethodAccessorImpl.invoke(DelegatingMethodAccessorImpl.java:43)
	at java.base/java.lang.reflect.Method.invoke(Method.java:566)
	at org.junit.platform.commons.util.ReflectionUtils.invokeMethod(ReflectionUtils.java:688)
	at org.junit.jupiter.engine.execution.MethodInvocation.proceed(MethodInvocation.java:60)
	at org.junit.jupiter.engine.execution.InvocationInterceptorChain$ValidatingInvocation.proceed(InvocationInterceptorChain.java:131)
	at org.junit.jupiter.engine.extension.TimeoutExtension.intercept(TimeoutExtension.java:149)
	at org.junit.jupiter.engine.extension.TimeoutExtension.interceptLifecycleMethod(TimeoutExtension.java:126)
	at org.junit.jupiter.engine.extension.TimeoutExtension.interceptBeforeAllMethod(TimeoutExtension.java:68)
	at org.junit.jupiter.engine.execution.ExecutableInvoker$ReflectiveInterceptorCall.lambda$ofVoidMethod$0(ExecutableInvoker.java:115)
	at org.junit.jupiter.engine.execution.ExecutableInvoker.lambda$invoke$0(ExecutableInvoker.java:105)
	at org.junit.jupiter.engine.execution.InvocationInterceptorChain$InterceptedInvocation.proceed(InvocationInterceptorChain.java:106)
	at org.junit.jupiter.engine.execution.InvocationInterceptorChain.proceed(InvocationInterceptorChain.java:64)
	at org.junit.jupiter.engine.execution.InvocationInterceptorChain.chainAndInvoke(InvocationInterceptorChain.java:45)
	at org.junit.jupiter.engine.execution.InvocationInterceptorChain.invoke(InvocationInterceptorChain.java:37)
	at org.junit.jupiter.engine.execution.ExecutableInvoker.invoke(ExecutableInvoker.java:104)
	at org.junit.jupiter.engine.execution.ExecutableInvoker.invoke(ExecutableInvoker.java:98)
	at org.junit.jupiter.engine.descriptor.ClassBasedTestDescriptor.lambda$invokeBeforeAllMethods$9(ClassBasedTestDescriptor.java:384)
	at org.junit.platform.engine.support.hierarchical.ThrowableCollector.execute(ThrowableCollector.java:73)
	at org.junit.jupiter.engine.descriptor.ClassBasedTestDescriptor.invokeBeforeAllMethods(ClassBasedTestDescriptor.java:382)
	at org.junit.jupiter.engine.descriptor.ClassBasedTestDescriptor.before(ClassBasedTestDescriptor.java:196)
	at org.junit.jupiter.engine.descriptor.ClassBasedTestDescriptor.before(ClassBasedTestDescriptor.java:78)
	at org.junit.platform.engine.support.hierarchical.NodeTestTask.lambda$executeRecursively$5(NodeTestTask.java:136)
	at org.junit.platform.engine.support.hierarchical.ThrowableCollector.execute(ThrowableCollector.java:73)
	at org.junit.platform.engine.support.hierarchical.NodeTestTask.lambda$executeRecursively$7(NodeTestTask.java:129)
	at org.junit.platform.engine.support.hierarchical.Node.around(Node.java:137)
	at org.junit.platform.engine.support.hierarchical.NodeTestTask.lambda$executeRecursively$8(NodeTestTask.java:127)
	at org.junit.platform.engine.support.hierarchical.ThrowableCollector.execute(ThrowableCollector.java:73)
	at org.junit.platform.engine.support.hierarchical.NodeTestTask.executeRecursively(NodeTestTask.java:126)
	at org.junit.platform.engine.support.hierarchical.NodeTestTask.execute(NodeTestTask.java:84)
	at java.base/java.util.ArrayList.forEach(ArrayList.java:1541)
	at org.junit.platform.engine.support.hierarchical.SameThreadHierarchicalTestExecutorService.invokeAll(SameThreadHierarchicalTestExecutorService.java:38)
	at org.junit.platform.engine.support.hierarchical.NodeTestTask.lambda$executeRecursively$5(NodeTestTask.java:143)
	at org.junit.platform.engine.support.hierarchical.ThrowableCollector.execute(ThrowableCollector.java:73)
	at org.junit.platform.engine.support.hierarchical.NodeTestTask.lambda$executeRecursively$7(NodeTestTask.java:129)
	at org.junit.platform.engine.support.hierarchical.Node.around(Node.java:137)
	at org.junit.platform.engine.support.hierarchical.NodeTestTask.lambda$executeRecursively$8(NodeTestTask.java:127)
	at org.junit.platform.engine.support.hierarchical.ThrowableCollector.execute(ThrowableCollector.java:73)
	at org.junit.platform.engine.support.hierarchical.NodeTestTask.executeRecursively(NodeTestTask.java:126)
	at org.junit.platform.engine.support.hierarchical.NodeTestTask.execute(NodeTestTask.java:84)
	at org.junit.platform.engine.support.hierarchical.SameThreadHierarchicalTestExecutorService.submit(SameThreadHierarchicalTestExecutorService.java:32)
	at org.junit.platform.engine.support.hierarchical.HierarchicalTestExecutor.execute(HierarchicalTestExecutor.java:57)
	at org.junit.platform.engine.support.hierarchical.HierarchicalTestEngine.execute(HierarchicalTestEngine.java:51)
	at org.junit.platform.launcher.core.EngineExecutionOrchestrator.execute(EngineExecutionOrchestrator.java:108)
	at org.junit.platform.launcher.core.EngineExecutionOrchestrator.execute(EngineExecutionOrchestrator.java:88)
	at org.junit.platform.launcher.core.EngineExecutionOrchestrator.lambda$execute$0(EngineExecutionOrchestrator.java:54)
	at org.junit.platform.launcher.core.EngineExecutionOrchestrator.withInterceptedStreams(EngineExecutionOrchestrator.java:67)
	at org.junit.platform.launcher.core.EngineExecutionOrchestrator.execute(EngineExecutionOrchestrator.java:52)
	at org.junit.platform.launcher.core.DefaultLauncher.execute(DefaultLauncher.java:96)
	at org.junit.platform.launcher.core.DefaultLauncher.execute(DefaultLauncher.java:75)
	at org.apache.maven.surefire.junitplatform.JUnitPlatformProvider.execute(JUnitPlatformProvider.java:188)
	at org.apache.maven.surefire.junitplatform.JUnitPlatformProvider.invokeAllTests(JUnitPlatformProvider.java:154)
	at org.apache.maven.surefire.junitplatform.JUnitPlatformProvider.invoke(JUnitPlatformProvider.java:128)
	at org.apache.maven.surefire.booter.ForkedBooter.runSuitesInProcess(ForkedBooter.java:428)
	at org.apache.maven.surefire.booter.ForkedBooter.execute(ForkedBooter.java:162)
	at org.apache.maven.surefire.booter.ForkedBooter.run(ForkedBooter.java:562)
	at org.apache.maven.surefire.booter.ForkedBooter.main(ForkedBooter.java:548)
Caused by: java.lang.reflect.InvocationTargetException
	at java.base/jdk.internal.reflect.GeneratedConstructorAccessor16.newInstance(Unknown Source)
	at java.base/jdk.internal.reflect.DelegatingConstructorAccessorImpl.newInstance(DelegatingConstructorAccessorImpl.java:45)
	at java.base/java.lang.reflect.Constructor.newInstance(Constructor.java:490)
	at org.apache.tomcat.util.compat.Jre9Compat.jarFileNewInstance(Jre9Compat.java:206)
	... 94 more
Caused by: java.nio.file.NoSuchFileException: C:\Users\shado\.m2\repository\org\glassfish\jaxb\jaxb-runtime\2.3.1\txw2-2.3.1.jar
	at java.base/sun.nio.fs.WindowsException.translateToIOException(WindowsException.java:85)
	at java.base/sun.nio.fs.WindowsException.rethrowAsIOException(WindowsException.java:103)
	at java.base/sun.nio.fs.WindowsException.rethrowAsIOException(WindowsException.java:108)
	at java.base/sun.nio.fs.WindowsFileAttributeViews$Basic.readAttributes(WindowsFileAttributeViews.java:53)
	at java.base/sun.nio.fs.WindowsFileAttributeViews$Basic.readAttributes(WindowsFileAttributeViews.java:38)
	at java.base/sun.nio.fs.WindowsFileSystemProvider.readAttributes(WindowsFileSystemProvider.java:198)
	at java.base/java.nio.file.Files.readAttributes(Files.java:1763)
	at java.base/java.util.zip.ZipFile$Source.get(ZipFile.java:1225)
	at java.base/java.util.zip.ZipFile$CleanableResource.<init>(ZipFile.java:727)
	at java.base/java.util.zip.ZipFile$CleanableResource.get(ZipFile.java:844)
	at java.base/java.util.zip.ZipFile.<init>(ZipFile.java:247)
	at java.base/java.util.zip.ZipFile.<init>(ZipFile.java:177)
	at java.base/java.util.jar.JarFile.<init>(JarFile.java:348)
	... 98 more

Apr 16, 2021 2:15:54 PM org.apache.tomcat.util.scan.StandardJarScanner processURLs
WARNING: Failed to scan [file:/C:/Users/shado/.m2/repository/org/glassfish/jaxb/jaxb-runtime/2.3.1/istack-commons-runtime-3.0.7.jar] from classloader hierarchy
java.io.IOException: java.lang.reflect.InvocationTargetException
	at org.apache.tomcat.util.compat.Jre9Compat.jarFileNewInstance(Jre9Compat.java:209)
	at org.apache.tomcat.util.scan.JarFileUrlJar.<init>(JarFileUrlJar.java:65)
	at org.apache.tomcat.util.scan.JarFactory.newInstance(JarFactory.java:49)
	at org.apache.tomcat.util.scan.StandardJarScanner.process(StandardJarScanner.java:383)
	at org.apache.tomcat.util.scan.StandardJarScanner.processURLs(StandardJarScanner.java:318)
	at org.apache.tomcat.util.scan.StandardJarScanner.doScanClassPath(StandardJarScanner.java:282)
	at org.apache.tomcat.util.scan.StandardJarScanner.scan(StandardJarScanner.java:233)
	at org.apache.catalina.startup.ContextConfig.processJarsForWebFragments(ContextConfig.java:2135)
	at org.apache.catalina.startup.ContextConfig.webConfig(ContextConfig.java:1289)
	at org.apache.catalina.startup.ContextConfig.configureStart(ContextConfig.java:986)
	at org.apache.catalina.startup.ContextConfig.lifecycleEvent(ContextConfig.java:303)
	at org.apache.catalina.util.LifecycleBase.fireLifecycleEvent(LifecycleBase.java:123)
	at org.apache.catalina.core.StandardContext.startInternal(StandardContext.java:5082)
	at org.apache.catalina.util.LifecycleBase.start(LifecycleBase.java:183)
	at org.apache.catalina.core.ContainerBase$StartChild.call(ContainerBase.java:1384)
	at org.apache.catalina.core.ContainerBase$StartChild.call(ContainerBase.java:1374)
	at java.base/java.util.concurrent.FutureTask.run(FutureTask.java:264)
	at org.apache.tomcat.util.threads.InlineExecutorService.execute(InlineExecutorService.java:75)
	at java.base/java.util.concurrent.AbstractExecutorService.submit(AbstractExecutorService.java:140)
	at org.apache.catalina.core.ContainerBase.startInternal(ContainerBase.java:909)
	at org.apache.catalina.core.StandardHost.startInternal(StandardHost.java:843)
	at org.apache.catalina.util.LifecycleBase.start(LifecycleBase.java:183)
	at org.apache.catalina.core.ContainerBase$StartChild.call(ContainerBase.java:1384)
	at org.apache.catalina.core.ContainerBase$StartChild.call(ContainerBase.java:1374)
	at java.base/java.util.concurrent.FutureTask.run(FutureTask.java:264)
	at org.apache.tomcat.util.threads.InlineExecutorService.execute(InlineExecutorService.java:75)
	at java.base/java.util.concurrent.AbstractExecutorService.submit(AbstractExecutorService.java:140)
	at org.apache.catalina.core.ContainerBase.startInternal(ContainerBase.java:909)
	at org.apache.catalina.core.StandardEngine.startInternal(StandardEngine.java:262)
	at org.apache.catalina.util.LifecycleBase.start(LifecycleBase.java:183)
	at org.apache.catalina.core.StandardService.startInternal(StandardService.java:434)
	at org.apache.catalina.util.LifecycleBase.start(LifecycleBase.java:183)
	at org.apache.catalina.core.StandardServer.startInternal(StandardServer.java:930)
	at org.apache.catalina.util.LifecycleBase.start(LifecycleBase.java:183)
	at org.apache.catalina.startup.Tomcat.start(Tomcat.java:486)
	at common.TomcatStartUp.createTomcat(TomcatStartUp.java:20)
	at logic.DonationRecordTest.setUpBeforeClass(DonationRecordTest.java:44)
	at java.base/jdk.internal.reflect.NativeMethodAccessorImpl.invoke0(Native Method)
	at java.base/jdk.internal.reflect.NativeMethodAccessorImpl.invoke(NativeMethodAccessorImpl.java:62)
	at java.base/jdk.internal.reflect.DelegatingMethodAccessorImpl.invoke(DelegatingMethodAccessorImpl.java:43)
	at java.base/java.lang.reflect.Method.invoke(Method.java:566)
	at org.junit.platform.commons.util.ReflectionUtils.invokeMethod(ReflectionUtils.java:688)
	at org.junit.jupiter.engine.execution.MethodInvocation.proceed(MethodInvocation.java:60)
	at org.junit.jupiter.engine.execution.InvocationInterceptorChain$ValidatingInvocation.proceed(InvocationInterceptorChain.java:131)
	at org.junit.jupiter.engine.extension.TimeoutExtension.intercept(TimeoutExtension.java:149)
	at org.junit.jupiter.engine.extension.TimeoutExtension.interceptLifecycleMethod(TimeoutExtension.java:126)
	at org.junit.jupiter.engine.extension.TimeoutExtension.interceptBeforeAllMethod(TimeoutExtension.java:68)
	at org.junit.jupiter.engine.execution.ExecutableInvoker$ReflectiveInterceptorCall.lambda$ofVoidMethod$0(ExecutableInvoker.java:115)
	at org.junit.jupiter.engine.execution.ExecutableInvoker.lambda$invoke$0(ExecutableInvoker.java:105)
	at org.junit.jupiter.engine.execution.InvocationInterceptorChain$InterceptedInvocation.proceed(InvocationInterceptorChain.java:106)
	at org.junit.jupiter.engine.execution.InvocationInterceptorChain.proceed(InvocationInterceptorChain.java:64)
	at org.junit.jupiter.engine.execution.InvocationInterceptorChain.chainAndInvoke(InvocationInterceptorChain.java:45)
	at org.junit.jupiter.engine.execution.InvocationInterceptorChain.invoke(InvocationInterceptorChain.java:37)
	at org.junit.jupiter.engine.execution.ExecutableInvoker.invoke(ExecutableInvoker.java:104)
	at org.junit.jupiter.engine.execution.ExecutableInvoker.invoke(ExecutableInvoker.java:98)
	at org.junit.jupiter.engine.descriptor.ClassBasedTestDescriptor.lambda$invokeBeforeAllMethods$9(ClassBasedTestDescriptor.java:384)
	at org.junit.platform.engine.support.hierarchical.ThrowableCollector.execute(ThrowableCollector.java:73)
	at org.junit.jupiter.engine.descriptor.ClassBasedTestDescriptor.invokeBeforeAllMethods(ClassBasedTestDescriptor.java:382)
	at org.junit.jupiter.engine.descriptor.ClassBasedTestDescriptor.before(ClassBasedTestDescriptor.java:196)
	at org.junit.jupiter.engine.descriptor.ClassBasedTestDescriptor.before(ClassBasedTestDescriptor.java:78)
	at org.junit.platform.engine.support.hierarchical.NodeTestTask.lambda$executeRecursively$5(NodeTestTask.java:136)
	at org.junit.platform.engine.support.hierarchical.ThrowableCollector.execute(ThrowableCollector.java:73)
	at org.junit.platform.engine.support.hierarchical.NodeTestTask.lambda$executeRecursively$7(NodeTestTask.java:129)
	at org.junit.platform.engine.support.hierarchical.Node.around(Node.java:137)
	at org.junit.platform.engine.support.hierarchical.NodeTestTask.lambda$executeRecursively$8(NodeTestTask.java:127)
	at org.junit.platform.engine.support.hierarchical.ThrowableCollector.execute(ThrowableCollector.java:73)
	at org.junit.platform.engine.support.hierarchical.NodeTestTask.executeRecursively(NodeTestTask.java:126)
	at org.junit.platform.engine.support.hierarchical.NodeTestTask.execute(NodeTestTask.java:84)
	at java.base/java.util.ArrayList.forEach(ArrayList.java:1541)
	at org.junit.platform.engine.support.hierarchical.SameThreadHierarchicalTestExecutorService.invokeAll(SameThreadHierarchicalTestExecutorService.java:38)
	at org.junit.platform.engine.support.hierarchical.NodeTestTask.lambda$executeRecursively$5(NodeTestTask.java:143)
	at org.junit.platform.engine.support.hierarchical.ThrowableCollector.execute(ThrowableCollector.java:73)
	at org.junit.platform.engine.support.hierarchical.NodeTestTask.lambda$executeRecursively$7(NodeTestTask.java:129)
	at org.junit.platform.engine.support.hierarchical.Node.around(Node.java:137)
	at org.junit.platform.engine.support.hierarchical.NodeTestTask.lambda$executeRecursively$8(NodeTestTask.java:127)
	at org.junit.platform.engine.support.hierarchical.ThrowableCollector.execute(ThrowableCollector.java:73)
	at org.junit.platform.engine.support.hierarchical.NodeTestTask.executeRecursively(NodeTestTask.java:126)
	at org.junit.platform.engine.support.hierarchical.NodeTestTask.execute(NodeTestTask.java:84)
	at org.junit.platform.engine.support.hierarchical.SameThreadHierarchicalTestExecutorService.submit(SameThreadHierarchicalTestExecutorService.java:32)
	at org.junit.platform.engine.support.hierarchical.HierarchicalTestExecutor.execute(HierarchicalTestExecutor.java:57)
	at org.junit.platform.engine.support.hierarchical.HierarchicalTestEngine.execute(HierarchicalTestEngine.java:51)
	at org.junit.platform.launcher.core.EngineExecutionOrchestrator.execute(EngineExecutionOrchestrator.java:108)
	at org.junit.platform.launcher.core.EngineExecutionOrchestrator.execute(EngineExecutionOrchestrator.java:88)
	at org.junit.platform.launcher.core.EngineExecutionOrchestrator.lambda$execute$0(EngineExecutionOrchestrator.java:54)
	at org.junit.platform.launcher.core.EngineExecutionOrchestrator.withInterceptedStreams(EngineExecutionOrchestrator.java:67)
	at org.junit.platform.launcher.core.EngineExecutionOrchestrator.execute(EngineExecutionOrchestrator.java:52)
	at org.junit.platform.launcher.core.DefaultLauncher.execute(DefaultLauncher.java:96)
	at org.junit.platform.launcher.core.DefaultLauncher.execute(DefaultLauncher.java:75)
	at org.apache.maven.surefire.junitplatform.JUnitPlatformProvider.execute(JUnitPlatformProvider.java:188)
	at org.apache.maven.surefire.junitplatform.JUnitPlatformProvider.invokeAllTests(JUnitPlatformProvider.java:154)
	at org.apache.maven.surefire.junitplatform.JUnitPlatformProvider.invoke(JUnitPlatformProvider.java:128)
	at org.apache.maven.surefire.booter.ForkedBooter.runSuitesInProcess(ForkedBooter.java:428)
	at org.apache.maven.surefire.booter.ForkedBooter.execute(ForkedBooter.java:162)
	at org.apache.maven.surefire.booter.ForkedBooter.run(ForkedBooter.java:562)
	at org.apache.maven.surefire.booter.ForkedBooter.main(ForkedBooter.java:548)
Caused by: java.lang.reflect.InvocationTargetException
	at java.base/jdk.internal.reflect.GeneratedConstructorAccessor16.newInstance(Unknown Source)
	at java.base/jdk.internal.reflect.DelegatingConstructorAccessorImpl.newInstance(DelegatingConstructorAccessorImpl.java:45)
	at java.base/java.lang.reflect.Constructor.newInstance(Constructor.java:490)
	at org.apache.tomcat.util.compat.Jre9Compat.jarFileNewInstance(Jre9Compat.java:206)
	... 94 more
Caused by: java.nio.file.NoSuchFileException: C:\Users\shado\.m2\repository\org\glassfish\jaxb\jaxb-runtime\2.3.1\istack-commons-runtime-3.0.7.jar
	at java.base/sun.nio.fs.WindowsException.translateToIOException(WindowsException.java:85)
	at java.base/sun.nio.fs.WindowsException.rethrowAsIOException(WindowsException.java:103)
	at java.base/sun.nio.fs.WindowsException.rethrowAsIOException(WindowsException.java:108)
	at java.base/sun.nio.fs.WindowsFileAttributeViews$Basic.readAttributes(WindowsFileAttributeViews.java:53)
	at java.base/sun.nio.fs.WindowsFileAttributeViews$Basic.readAttributes(WindowsFileAttributeViews.java:38)
	at java.base/sun.nio.fs.WindowsFileSystemProvider.readAttributes(WindowsFileSystemProvider.java:198)
	at java.base/java.nio.file.Files.readAttributes(Files.java:1763)
	at java.base/java.util.zip.ZipFile$Source.get(ZipFile.java:1225)
	at java.base/java.util.zip.ZipFile$CleanableResource.<init>(ZipFile.java:727)
	at java.base/java.util.zip.ZipFile$CleanableResource.get(ZipFile.java:844)
	at java.base/java.util.zip.ZipFile.<init>(ZipFile.java:247)
	at java.base/java.util.zip.ZipFile.<init>(ZipFile.java:177)
	at java.base/java.util.jar.JarFile.<init>(JarFile.java:348)
	... 98 more

Apr 16, 2021 2:15:54 PM org.apache.tomcat.util.scan.StandardJarScanner processURLs
WARNING: Failed to scan [file:/C:/Users/shado/.m2/repository/org/glassfish/jaxb/jaxb-runtime/2.3.1/stax-ex-1.8.jar] from classloader hierarchy
java.io.IOException: java.lang.reflect.InvocationTargetException
	at org.apache.tomcat.util.compat.Jre9Compat.jarFileNewInstance(Jre9Compat.java:209)
	at org.apache.tomcat.util.scan.JarFileUrlJar.<init>(JarFileUrlJar.java:65)
	at org.apache.tomcat.util.scan.JarFactory.newInstance(JarFactory.java:49)
	at org.apache.tomcat.util.scan.StandardJarScanner.process(StandardJarScanner.java:383)
	at org.apache.tomcat.util.scan.StandardJarScanner.processURLs(StandardJarScanner.java:318)
	at org.apache.tomcat.util.scan.StandardJarScanner.doScanClassPath(StandardJarScanner.java:282)
	at org.apache.tomcat.util.scan.StandardJarScanner.scan(StandardJarScanner.java:233)
	at org.apache.catalina.startup.ContextConfig.processJarsForWebFragments(ContextConfig.java:2135)
	at org.apache.catalina.startup.ContextConfig.webConfig(ContextConfig.java:1289)
	at org.apache.catalina.startup.ContextConfig.configureStart(ContextConfig.java:986)
	at org.apache.catalina.startup.ContextConfig.lifecycleEvent(ContextConfig.java:303)
	at org.apache.catalina.util.LifecycleBase.fireLifecycleEvent(LifecycleBase.java:123)
	at org.apache.catalina.core.StandardContext.startInternal(StandardContext.java:5082)
	at org.apache.catalina.util.LifecycleBase.start(LifecycleBase.java:183)
	at org.apache.catalina.core.ContainerBase$StartChild.call(ContainerBase.java:1384)
	at org.apache.catalina.core.ContainerBase$StartChild.call(ContainerBase.java:1374)
	at java.base/java.util.concurrent.FutureTask.run(FutureTask.java:264)
	at org.apache.tomcat.util.threads.InlineExecutorService.execute(InlineExecutorService.java:75)
	at java.base/java.util.concurrent.AbstractExecutorService.submit(AbstractExecutorService.java:140)
	at org.apache.catalina.core.ContainerBase.startInternal(ContainerBase.java:909)
	at org.apache.catalina.core.StandardHost.startInternal(StandardHost.java:843)
	at org.apache.catalina.util.LifecycleBase.start(LifecycleBase.java:183)
	at org.apache.catalina.core.ContainerBase$StartChild.call(ContainerBase.java:1384)
	at org.apache.catalina.core.ContainerBase$StartChild.call(ContainerBase.java:1374)
	at java.base/java.util.concurrent.FutureTask.run(FutureTask.java:264)
	at org.apache.tomcat.util.threads.InlineExecutorService.execute(InlineExecutorService.java:75)
	at java.base/java.util.concurrent.AbstractExecutorService.submit(AbstractExecutorService.java:140)
	at org.apache.catalina.core.ContainerBase.startInternal(ContainerBase.java:909)
	at org.apache.catalina.core.StandardEngine.startInternal(StandardEngine.java:262)
	at org.apache.catalina.util.LifecycleBase.start(LifecycleBase.java:183)
	at org.apache.catalina.core.StandardService.startInternal(StandardService.java:434)
	at org.apache.catalina.util.LifecycleBase.start(LifecycleBase.java:183)
	at org.apache.catalina.core.StandardServer.startInternal(StandardServer.java:930)
	at org.apache.catalina.util.LifecycleBase.start(LifecycleBase.java:183)
	at org.apache.catalina.startup.Tomcat.start(Tomcat.java:486)
	at common.TomcatStartUp.createTomcat(TomcatStartUp.java:20)
	at logic.DonationRecordTest.setUpBeforeClass(DonationRecordTest.java:44)
	at java.base/jdk.internal.reflect.NativeMethodAccessorImpl.invoke0(Native Method)
	at java.base/jdk.internal.reflect.NativeMethodAccessorImpl.invoke(NativeMethodAccessorImpl.java:62)
	at java.base/jdk.internal.reflect.DelegatingMethodAccessorImpl.invoke(DelegatingMethodAccessorImpl.java:43)
	at java.base/java.lang.reflect.Method.invoke(Method.java:566)
	at org.junit.platform.commons.util.ReflectionUtils.invokeMethod(ReflectionUtils.java:688)
	at org.junit.jupiter.engine.execution.MethodInvocation.proceed(MethodInvocation.java:60)
	at org.junit.jupiter.engine.execution.InvocationInterceptorChain$ValidatingInvocation.proceed(InvocationInterceptorChain.java:131)
	at org.junit.jupiter.engine.extension.TimeoutExtension.intercept(TimeoutExtension.java:149)
	at org.junit.jupiter.engine.extension.TimeoutExtension.interceptLifecycleMethod(TimeoutExtension.java:126)
	at org.junit.jupiter.engine.extension.TimeoutExtension.interceptBeforeAllMethod(TimeoutExtension.java:68)
	at org.junit.jupiter.engine.execution.ExecutableInvoker$ReflectiveInterceptorCall.lambda$ofVoidMethod$0(ExecutableInvoker.java:115)
	at org.junit.jupiter.engine.execution.ExecutableInvoker.lambda$invoke$0(ExecutableInvoker.java:105)
	at org.junit.jupiter.engine.execution.InvocationInterceptorChain$InterceptedInvocation.proceed(InvocationInterceptorChain.java:106)
	at org.junit.jupiter.engine.execution.InvocationInterceptorChain.proceed(InvocationInterceptorChain.java:64)
	at org.junit.jupiter.engine.execution.InvocationInterceptorChain.chainAndInvoke(InvocationInterceptorChain.java:45)
	at org.junit.jupiter.engine.execution.InvocationInterceptorChain.invoke(InvocationInterceptorChain.java:37)
	at org.junit.jupiter.engine.execution.ExecutableInvoker.invoke(ExecutableInvoker.java:104)
	at org.junit.jupiter.engine.execution.ExecutableInvoker.invoke(ExecutableInvoker.java:98)
	at org.junit.jupiter.engine.descriptor.ClassBasedTestDescriptor.lambda$invokeBeforeAllMethods$9(ClassBasedTestDescriptor.java:384)
	at org.junit.platform.engine.support.hierarchical.ThrowableCollector.execute(ThrowableCollector.java:73)
	at org.junit.jupiter.engine.descriptor.ClassBasedTestDescriptor.invokeBeforeAllMethods(ClassBasedTestDescriptor.java:382)
	at org.junit.jupiter.engine.descriptor.ClassBasedTestDescriptor.before(ClassBasedTestDescriptor.java:196)
	at org.junit.jupiter.engine.descriptor.ClassBasedTestDescriptor.before(ClassBasedTestDescriptor.java:78)
	at org.junit.platform.engine.support.hierarchical.NodeTestTask.lambda$executeRecursively$5(NodeTestTask.java:136)
	at org.junit.platform.engine.support.hierarchical.ThrowableCollector.execute(ThrowableCollector.java:73)
	at org.junit.platform.engine.support.hierarchical.NodeTestTask.lambda$executeRecursively$7(NodeTestTask.java:129)
	at org.junit.platform.engine.support.hierarchical.Node.around(Node.java:137)
	at org.junit.platform.engine.support.hierarchical.NodeTestTask.lambda$executeRecursively$8(NodeTestTask.java:127)
	at org.junit.platform.engine.support.hierarchical.ThrowableCollector.execute(ThrowableCollector.java:73)
	at org.junit.platform.engine.support.hierarchical.NodeTestTask.executeRecursively(NodeTestTask.java:126)
	at org.junit.platform.engine.support.hierarchical.NodeTestTask.execute(NodeTestTask.java:84)
	at java.base/java.util.ArrayList.forEach(ArrayList.java:1541)
	at org.junit.platform.engine.support.hierarchical.SameThreadHierarchicalTestExecutorService.invokeAll(SameThreadHierarchicalTestExecutorService.java:38)
	at org.junit.platform.engine.support.hierarchical.NodeTestTask.lambda$executeRecursively$5(NodeTestTask.java:143)
	at org.junit.platform.engine.support.hierarchical.ThrowableCollector.execute(ThrowableCollector.java:73)
	at org.junit.platform.engine.support.hierarchical.NodeTestTask.lambda$executeRecursively$7(NodeTestTask.java:129)
	at org.junit.platform.engine.support.hierarchical.Node.around(Node.java:137)
	at org.junit.platform.engine.support.hierarchical.NodeTestTask.lambda$executeRecursively$8(NodeTestTask.java:127)
	at org.junit.platform.engine.support.hierarchical.ThrowableCollector.execute(ThrowableCollector.java:73)
	at org.junit.platform.engine.support.hierarchical.NodeTestTask.executeRecursively(NodeTestTask.java:126)
	at org.junit.platform.engine.support.hierarchical.NodeTestTask.execute(NodeTestTask.java:84)
	at org.junit.platform.engine.support.hierarchical.SameThreadHierarchicalTestExecutorService.submit(SameThreadHierarchicalTestExecutorService.java:32)
	at org.junit.platform.engine.support.hierarchical.HierarchicalTestExecutor.execute(HierarchicalTestExecutor.java:57)
	at org.junit.platform.engine.support.hierarchical.HierarchicalTestEngine.execute(HierarchicalTestEngine.java:51)
	at org.junit.platform.launcher.core.EngineExecutionOrchestrator.execute(EngineExecutionOrchestrator.java:108)
	at org.junit.platform.launcher.core.EngineExecutionOrchestrator.execute(EngineExecutionOrchestrator.java:88)
	at org.junit.platform.launcher.core.EngineExecutionOrchestrator.lambda$execute$0(EngineExecutionOrchestrator.java:54)
	at org.junit.platform.launcher.core.EngineExecutionOrchestrator.withInterceptedStreams(EngineExecutionOrchestrator.java:67)
	at org.junit.platform.launcher.core.EngineExecutionOrchestrator.execute(EngineExecutionOrchestrator.java:52)
	at org.junit.platform.launcher.core.DefaultLauncher.execute(DefaultLauncher.java:96)
	at org.junit.platform.launcher.core.DefaultLauncher.execute(DefaultLauncher.java:75)
	at org.apache.maven.surefire.junitplatform.JUnitPlatformProvider.execute(JUnitPlatformProvider.java:188)
	at org.apache.maven.surefire.junitplatform.JUnitPlatformProvider.invokeAllTests(JUnitPlatformProvider.java:154)
	at org.apache.maven.surefire.junitplatform.JUnitPlatformProvider.invoke(JUnitPlatformProvider.java:128)
	at org.apache.maven.surefire.booter.ForkedBooter.runSuitesInProcess(ForkedBooter.java:428)
	at org.apache.maven.surefire.booter.ForkedBooter.execute(ForkedBooter.java:162)
	at org.apache.maven.surefire.booter.ForkedBooter.run(ForkedBooter.java:562)
	at org.apache.maven.surefire.booter.ForkedBooter.main(ForkedBooter.java:548)
Caused by: java.lang.reflect.InvocationTargetException
	at java.base/jdk.internal.reflect.GeneratedConstructorAccessor16.newInstance(Unknown Source)
	at java.base/jdk.internal.reflect.DelegatingConstructorAccessorImpl.newInstance(DelegatingConstructorAccessorImpl.java:45)
	at java.base/java.lang.reflect.Constructor.newInstance(Constructor.java:490)
	at org.apache.tomcat.util.compat.Jre9Compat.jarFileNewInstance(Jre9Compat.java:206)
	... 94 more
Caused by: java.nio.file.NoSuchFileException: C:\Users\shado\.m2\repository\org\glassfish\jaxb\jaxb-runtime\2.3.1\stax-ex-1.8.jar
	at java.base/sun.nio.fs.WindowsException.translateToIOException(WindowsException.java:85)
	at java.base/sun.nio.fs.WindowsException.rethrowAsIOException(WindowsException.java:103)
	at java.base/sun.nio.fs.WindowsException.rethrowAsIOException(WindowsException.java:108)
	at java.base/sun.nio.fs.WindowsFileAttributeViews$Basic.readAttributes(WindowsFileAttributeViews.java:53)
	at java.base/sun.nio.fs.WindowsFileAttributeViews$Basic.readAttributes(WindowsFileAttributeViews.java:38)
	at java.base/sun.nio.fs.WindowsFileSystemProvider.readAttributes(WindowsFileSystemProvider.java:198)
	at java.base/java.nio.file.Files.readAttributes(Files.java:1763)
	at java.base/java.util.zip.ZipFile$Source.get(ZipFile.java:1225)
	at java.base/java.util.zip.ZipFile$CleanableResource.<init>(ZipFile.java:727)
	at java.base/java.util.zip.ZipFile$CleanableResource.get(ZipFile.java:844)
	at java.base/java.util.zip.ZipFile.<init>(ZipFile.java:247)
	at java.base/java.util.zip.ZipFile.<init>(ZipFile.java:177)
	at java.base/java.util.jar.JarFile.<init>(JarFile.java:348)
	... 98 more

Apr 16, 2021 2:15:54 PM org.apache.tomcat.util.scan.StandardJarScanner processURLs
WARNING: Failed to scan [file:/C:/Users/shado/.m2/repository/org/glassfish/jaxb/jaxb-runtime/2.3.1/FastInfoset-1.2.15.jar] from classloader hierarchy
java.io.IOException: java.lang.reflect.InvocationTargetException
	at org.apache.tomcat.util.compat.Jre9Compat.jarFileNewInstance(Jre9Compat.java:209)
	at org.apache.tomcat.util.scan.JarFileUrlJar.<init>(JarFileUrlJar.java:65)
	at org.apache.tomcat.util.scan.JarFactory.newInstance(JarFactory.java:49)
	at org.apache.tomcat.util.scan.StandardJarScanner.process(StandardJarScanner.java:383)
	at org.apache.tomcat.util.scan.StandardJarScanner.processURLs(StandardJarScanner.java:318)
	at org.apache.tomcat.util.scan.StandardJarScanner.doScanClassPath(StandardJarScanner.java:282)
	at org.apache.tomcat.util.scan.StandardJarScanner.scan(StandardJarScanner.java:233)
	at org.apache.catalina.startup.ContextConfig.processJarsForWebFragments(ContextConfig.java:2135)
	at org.apache.catalina.startup.ContextConfig.webConfig(ContextConfig.java:1289)
	at org.apache.catalina.startup.ContextConfig.configureStart(ContextConfig.java:986)
	at org.apache.catalina.startup.ContextConfig.lifecycleEvent(ContextConfig.java:303)
	at org.apache.catalina.util.LifecycleBase.fireLifecycleEvent(LifecycleBase.java:123)
	at org.apache.catalina.core.StandardContext.startInternal(StandardContext.java:5082)
	at org.apache.catalina.util.LifecycleBase.start(LifecycleBase.java:183)
	at org.apache.catalina.core.ContainerBase$StartChild.call(ContainerBase.java:1384)
	at org.apache.catalina.core.ContainerBase$StartChild.call(ContainerBase.java:1374)
	at java.base/java.util.concurrent.FutureTask.run(FutureTask.java:264)
	at org.apache.tomcat.util.threads.InlineExecutorService.execute(InlineExecutorService.java:75)
	at java.base/java.util.concurrent.AbstractExecutorService.submit(AbstractExecutorService.java:140)
	at org.apache.catalina.core.ContainerBase.startInternal(ContainerBase.java:909)
	at org.apache.catalina.core.StandardHost.startInternal(StandardHost.java:843)
	at org.apache.catalina.util.LifecycleBase.start(LifecycleBase.java:183)
	at org.apache.catalina.core.ContainerBase$StartChild.call(ContainerBase.java:1384)
	at org.apache.catalina.core.ContainerBase$StartChild.call(ContainerBase.java:1374)
	at java.base/java.util.concurrent.FutureTask.run(FutureTask.java:264)
	at org.apache.tomcat.util.threads.InlineExecutorService.execute(InlineExecutorService.java:75)
	at java.base/java.util.concurrent.AbstractExecutorService.submit(AbstractExecutorService.java:140)
	at org.apache.catalina.core.ContainerBase.startInternal(ContainerBase.java:909)
	at org.apache.catalina.core.StandardEngine.startInternal(StandardEngine.java:262)
	at org.apache.catalina.util.LifecycleBase.start(LifecycleBase.java:183)
	at org.apache.catalina.core.StandardService.startInternal(StandardService.java:434)
	at org.apache.catalina.util.LifecycleBase.start(LifecycleBase.java:183)
	at org.apache.catalina.core.StandardServer.startInternal(StandardServer.java:930)
	at org.apache.catalina.util.LifecycleBase.start(LifecycleBase.java:183)
	at org.apache.catalina.startup.Tomcat.start(Tomcat.java:486)
	at common.TomcatStartUp.createTomcat(TomcatStartUp.java:20)
	at logic.DonationRecordTest.setUpBeforeClass(DonationRecordTest.java:44)
	at java.base/jdk.internal.reflect.NativeMethodAccessorImpl.invoke0(Native Method)
	at java.base/jdk.internal.reflect.NativeMethodAccessorImpl.invoke(NativeMethodAccessorImpl.java:62)
	at java.base/jdk.internal.reflect.DelegatingMethodAccessorImpl.invoke(DelegatingMethodAccessorImpl.java:43)
	at java.base/java.lang.reflect.Method.invoke(Method.java:566)
	at org.junit.platform.commons.util.ReflectionUtils.invokeMethod(ReflectionUtils.java:688)
	at org.junit.jupiter.engine.execution.MethodInvocation.proceed(MethodInvocation.java:60)
	at org.junit.jupiter.engine.execution.InvocationInterceptorChain$ValidatingInvocation.proceed(InvocationInterceptorChain.java:131)
	at org.junit.jupiter.engine.extension.TimeoutExtension.intercept(TimeoutExtension.java:149)
	at org.junit.jupiter.engine.extension.TimeoutExtension.interceptLifecycleMethod(TimeoutExtension.java:126)
	at org.junit.jupiter.engine.extension.TimeoutExtension.interceptBeforeAllMethod(TimeoutExtension.java:68)
	at org.junit.jupiter.engine.execution.ExecutableInvoker$ReflectiveInterceptorCall.lambda$ofVoidMethod$0(ExecutableInvoker.java:115)
	at org.junit.jupiter.engine.execution.ExecutableInvoker.lambda$invoke$0(ExecutableInvoker.java:105)
	at org.junit.jupiter.engine.execution.InvocationInterceptorChain$InterceptedInvocation.proceed(InvocationInterceptorChain.java:106)
	at org.junit.jupiter.engine.execution.InvocationInterceptorChain.proceed(InvocationInterceptorChain.java:64)
	at org.junit.jupiter.engine.execution.InvocationInterceptorChain.chainAndInvoke(InvocationInterceptorChain.java:45)
	at org.junit.jupiter.engine.execution.InvocationInterceptorChain.invoke(InvocationInterceptorChain.java:37)
	at org.junit.jupiter.engine.execution.ExecutableInvoker.invoke(ExecutableInvoker.java:104)
	at org.junit.jupiter.engine.execution.ExecutableInvoker.invoke(ExecutableInvoker.java:98)
	at org.junit.jupiter.engine.descriptor.ClassBasedTestDescriptor.lambda$invokeBeforeAllMethods$9(ClassBasedTestDescriptor.java:384)
	at org.junit.platform.engine.support.hierarchical.ThrowableCollector.execute(ThrowableCollector.java:73)
	at org.junit.jupiter.engine.descriptor.ClassBasedTestDescriptor.invokeBeforeAllMethods(ClassBasedTestDescriptor.java:382)
	at org.junit.jupiter.engine.descriptor.ClassBasedTestDescriptor.before(ClassBasedTestDescriptor.java:196)
	at org.junit.jupiter.engine.descriptor.ClassBasedTestDescriptor.before(ClassBasedTestDescriptor.java:78)
	at org.junit.platform.engine.support.hierarchical.NodeTestTask.lambda$executeRecursively$5(NodeTestTask.java:136)
	at org.junit.platform.engine.support.hierarchical.ThrowableCollector.execute(ThrowableCollector.java:73)
	at org.junit.platform.engine.support.hierarchical.NodeTestTask.lambda$executeRecursively$7(NodeTestTask.java:129)
	at org.junit.platform.engine.support.hierarchical.Node.around(Node.java:137)
	at org.junit.platform.engine.support.hierarchical.NodeTestTask.lambda$executeRecursively$8(NodeTestTask.java:127)
	at org.junit.platform.engine.support.hierarchical.ThrowableCollector.execute(ThrowableCollector.java:73)
	at org.junit.platform.engine.support.hierarchical.NodeTestTask.executeRecursively(NodeTestTask.java:126)
	at org.junit.platform.engine.support.hierarchical.NodeTestTask.execute(NodeTestTask.java:84)
	at java.base/java.util.ArrayList.forEach(ArrayList.java:1541)
	at org.junit.platform.engine.support.hierarchical.SameThreadHierarchicalTestExecutorService.invokeAll(SameThreadHierarchicalTestExecutorService.java:38)
	at org.junit.platform.engine.support.hierarchical.NodeTestTask.lambda$executeRecursively$5(NodeTestTask.java:143)
	at org.junit.platform.engine.support.hierarchical.ThrowableCollector.execute(ThrowableCollector.java:73)
	at org.junit.platform.engine.support.hierarchical.NodeTestTask.lambda$executeRecursively$7(NodeTestTask.java:129)
	at org.junit.platform.engine.support.hierarchical.Node.around(Node.java:137)
	at org.junit.platform.engine.support.hierarchical.NodeTestTask.lambda$executeRecursively$8(NodeTestTask.java:127)
	at org.junit.platform.engine.support.hierarchical.ThrowableCollector.execute(ThrowableCollector.java:73)
	at org.junit.platform.engine.support.hierarchical.NodeTestTask.executeRecursively(NodeTestTask.java:126)
	at org.junit.platform.engine.support.hierarchical.NodeTestTask.execute(NodeTestTask.java:84)
	at org.junit.platform.engine.support.hierarchical.SameThreadHierarchicalTestExecutorService.submit(SameThreadHierarchicalTestExecutorService.java:32)
	at org.junit.platform.engine.support.hierarchical.HierarchicalTestExecutor.execute(HierarchicalTestExecutor.java:57)
	at org.junit.platform.engine.support.hierarchical.HierarchicalTestEngine.execute(HierarchicalTestEngine.java:51)
	at org.junit.platform.launcher.core.EngineExecutionOrchestrator.execute(EngineExecutionOrchestrator.java:108)
	at org.junit.platform.launcher.core.EngineExecutionOrchestrator.execute(EngineExecutionOrchestrator.java:88)
	at org.junit.platform.launcher.core.EngineExecutionOrchestrator.lambda$execute$0(EngineExecutionOrchestrator.java:54)
	at org.junit.platform.launcher.core.EngineExecutionOrchestrator.withInterceptedStreams(EngineExecutionOrchestrator.java:67)
	at org.junit.platform.launcher.core.EngineExecutionOrchestrator.execute(EngineExecutionOrchestrator.java:52)
	at org.junit.platform.launcher.core.DefaultLauncher.execute(DefaultLauncher.java:96)
	at org.junit.platform.launcher.core.DefaultLauncher.execute(DefaultLauncher.java:75)
	at org.apache.maven.surefire.junitplatform.JUnitPlatformProvider.execute(JUnitPlatformProvider.java:188)
	at org.apache.maven.surefire.junitplatform.JUnitPlatformProvider.invokeAllTests(JUnitPlatformProvider.java:154)
	at org.apache.maven.surefire.junitplatform.JUnitPlatformProvider.invoke(JUnitPlatformProvider.java:128)
	at org.apache.maven.surefire.booter.ForkedBooter.runSuitesInProcess(ForkedBooter.java:428)
	at org.apache.maven.surefire.booter.ForkedBooter.execute(ForkedBooter.java:162)
	at org.apache.maven.surefire.booter.ForkedBooter.run(ForkedBooter.java:562)
	at org.apache.maven.surefire.booter.ForkedBooter.main(ForkedBooter.java:548)
Caused by: java.lang.reflect.InvocationTargetException
	at java.base/jdk.internal.reflect.GeneratedConstructorAccessor16.newInstance(Unknown Source)
	at java.base/jdk.internal.reflect.DelegatingConstructorAccessorImpl.newInstance(DelegatingConstructorAccessorImpl.java:45)
	at java.base/java.lang.reflect.Constructor.newInstance(Constructor.java:490)
	at org.apache.tomcat.util.compat.Jre9Compat.jarFileNewInstance(Jre9Compat.java:206)
	... 94 more
Caused by: java.nio.file.NoSuchFileException: C:\Users\shado\.m2\repository\org\glassfish\jaxb\jaxb-runtime\2.3.1\FastInfoset-1.2.15.jar
	at java.base/sun.nio.fs.WindowsException.translateToIOException(WindowsException.java:85)
	at java.base/sun.nio.fs.WindowsException.rethrowAsIOException(WindowsException.java:103)
	at java.base/sun.nio.fs.WindowsException.rethrowAsIOException(WindowsException.java:108)
	at java.base/sun.nio.fs.WindowsFileAttributeViews$Basic.readAttributes(WindowsFileAttributeViews.java:53)
	at java.base/sun.nio.fs.WindowsFileAttributeViews$Basic.readAttributes(WindowsFileAttributeViews.java:38)
	at java.base/sun.nio.fs.WindowsFileSystemProvider.readAttributes(WindowsFileSystemProvider.java:198)
	at java.base/java.nio.file.Files.readAttributes(Files.java:1763)
	at java.base/java.util.zip.ZipFile$Source.get(ZipFile.java:1225)
	at java.base/java.util.zip.ZipFile$CleanableResource.<init>(ZipFile.java:727)
	at java.base/java.util.zip.ZipFile$CleanableResource.get(ZipFile.java:844)
	at java.base/java.util.zip.ZipFile.<init>(ZipFile.java:247)
	at java.base/java.util.zip.ZipFile.<init>(ZipFile.java:177)
	at java.base/java.util.jar.JarFile.<init>(JarFile.java:348)
	... 98 more

Apr 16, 2021 2:15:54 PM org.apache.tomcat.util.scan.StandardJarScanner processURLs
WARNING: Failed to scan [file:/C:/Users/shado/.m2/repository/org/glassfish/jaxb/jaxb-runtime/2.3.1/javax.activation-api-1.2.0.jar] from classloader hierarchy
java.io.IOException: java.lang.reflect.InvocationTargetException
	at org.apache.tomcat.util.compat.Jre9Compat.jarFileNewInstance(Jre9Compat.java:209)
	at org.apache.tomcat.util.scan.JarFileUrlJar.<init>(JarFileUrlJar.java:65)
	at org.apache.tomcat.util.scan.JarFactory.newInstance(JarFactory.java:49)
	at org.apache.tomcat.util.scan.StandardJarScanner.process(StandardJarScanner.java:383)
	at org.apache.tomcat.util.scan.StandardJarScanner.processURLs(StandardJarScanner.java:318)
	at org.apache.tomcat.util.scan.StandardJarScanner.doScanClassPath(StandardJarScanner.java:282)
	at org.apache.tomcat.util.scan.StandardJarScanner.scan(StandardJarScanner.java:233)
	at org.apache.catalina.startup.ContextConfig.processJarsForWebFragments(ContextConfig.java:2135)
	at org.apache.catalina.startup.ContextConfig.webConfig(ContextConfig.java:1289)
	at org.apache.catalina.startup.ContextConfig.configureStart(ContextConfig.java:986)
	at org.apache.catalina.startup.ContextConfig.lifecycleEvent(ContextConfig.java:303)
	at org.apache.catalina.util.LifecycleBase.fireLifecycleEvent(LifecycleBase.java:123)
	at org.apache.catalina.core.StandardContext.startInternal(StandardContext.java:5082)
	at org.apache.catalina.util.LifecycleBase.start(LifecycleBase.java:183)
	at org.apache.catalina.core.ContainerBase$StartChild.call(ContainerBase.java:1384)
	at org.apache.catalina.core.ContainerBase$StartChild.call(ContainerBase.java:1374)
	at java.base/java.util.concurrent.FutureTask.run(FutureTask.java:264)
	at org.apache.tomcat.util.threads.InlineExecutorService.execute(InlineExecutorService.java:75)
	at java.base/java.util.concurrent.AbstractExecutorService.submit(AbstractExecutorService.java:140)
	at org.apache.catalina.core.ContainerBase.startInternal(ContainerBase.java:909)
	at org.apache.catalina.core.StandardHost.startInternal(StandardHost.java:843)
	at org.apache.catalina.util.LifecycleBase.start(LifecycleBase.java:183)
	at org.apache.catalina.core.ContainerBase$StartChild.call(ContainerBase.java:1384)
	at org.apache.catalina.core.ContainerBase$StartChild.call(ContainerBase.java:1374)
	at java.base/java.util.concurrent.FutureTask.run(FutureTask.java:264)
	at org.apache.tomcat.util.threads.InlineExecutorService.execute(InlineExecutorService.java:75)
	at java.base/java.util.concurrent.AbstractExecutorService.submit(AbstractExecutorService.java:140)
	at org.apache.catalina.core.ContainerBase.startInternal(ContainerBase.java:909)
	at org.apache.catalina.core.StandardEngine.startInternal(StandardEngine.java:262)
	at org.apache.catalina.util.LifecycleBase.start(LifecycleBase.java:183)
	at org.apache.catalina.core.StandardService.startInternal(StandardService.java:434)
	at org.apache.catalina.util.LifecycleBase.start(LifecycleBase.java:183)
	at org.apache.catalina.core.StandardServer.startInternal(StandardServer.java:930)
	at org.apache.catalina.util.LifecycleBase.start(LifecycleBase.java:183)
	at org.apache.catalina.startup.Tomcat.start(Tomcat.java:486)
	at common.TomcatStartUp.createTomcat(TomcatStartUp.java:20)
	at logic.DonationRecordTest.setUpBeforeClass(DonationRecordTest.java:44)
	at java.base/jdk.internal.reflect.NativeMethodAccessorImpl.invoke0(Native Method)
	at java.base/jdk.internal.reflect.NativeMethodAccessorImpl.invoke(NativeMethodAccessorImpl.java:62)
	at java.base/jdk.internal.reflect.DelegatingMethodAccessorImpl.invoke(DelegatingMethodAccessorImpl.java:43)
	at java.base/java.lang.reflect.Method.invoke(Method.java:566)
	at org.junit.platform.commons.util.ReflectionUtils.invokeMethod(ReflectionUtils.java:688)
	at org.junit.jupiter.engine.execution.MethodInvocation.proceed(MethodInvocation.java:60)
	at org.junit.jupiter.engine.execution.InvocationInterceptorChain$ValidatingInvocation.proceed(InvocationInterceptorChain.java:131)
	at org.junit.jupiter.engine.extension.TimeoutExtension.intercept(TimeoutExtension.java:149)
	at org.junit.jupiter.engine.extension.TimeoutExtension.interceptLifecycleMethod(TimeoutExtension.java:126)
	at org.junit.jupiter.engine.extension.TimeoutExtension.interceptBeforeAllMethod(TimeoutExtension.java:68)
	at org.junit.jupiter.engine.execution.ExecutableInvoker$ReflectiveInterceptorCall.lambda$ofVoidMethod$0(ExecutableInvoker.java:115)
	at org.junit.jupiter.engine.execution.ExecutableInvoker.lambda$invoke$0(ExecutableInvoker.java:105)
	at org.junit.jupiter.engine.execution.InvocationInterceptorChain$InterceptedInvocation.proceed(InvocationInterceptorChain.java:106)
	at org.junit.jupiter.engine.execution.InvocationInterceptorChain.proceed(InvocationInterceptorChain.java:64)
	at org.junit.jupiter.engine.execution.InvocationInterceptorChain.chainAndInvoke(InvocationInterceptorChain.java:45)
	at org.junit.jupiter.engine.execution.InvocationInterceptorChain.invoke(InvocationInterceptorChain.java:37)
	at org.junit.jupiter.engine.execution.ExecutableInvoker.invoke(ExecutableInvoker.java:104)
	at org.junit.jupiter.engine.execution.ExecutableInvoker.invoke(ExecutableInvoker.java:98)
	at org.junit.jupiter.engine.descriptor.ClassBasedTestDescriptor.lambda$invokeBeforeAllMethods$9(ClassBasedTestDescriptor.java:384)
	at org.junit.platform.engine.support.hierarchical.ThrowableCollector.execute(ThrowableCollector.java:73)
	at org.junit.jupiter.engine.descriptor.ClassBasedTestDescriptor.invokeBeforeAllMethods(ClassBasedTestDescriptor.java:382)
	at org.junit.jupiter.engine.descriptor.ClassBasedTestDescriptor.before(ClassBasedTestDescriptor.java:196)
	at org.junit.jupiter.engine.descriptor.ClassBasedTestDescriptor.before(ClassBasedTestDescriptor.java:78)
	at org.junit.platform.engine.support.hierarchical.NodeTestTask.lambda$executeRecursively$5(NodeTestTask.java:136)
	at org.junit.platform.engine.support.hierarchical.ThrowableCollector.execute(ThrowableCollector.java:73)
	at org.junit.platform.engine.support.hierarchical.NodeTestTask.lambda$executeRecursively$7(NodeTestTask.java:129)
	at org.junit.platform.engine.support.hierarchical.Node.around(Node.java:137)
	at org.junit.platform.engine.support.hierarchical.NodeTestTask.lambda$executeRecursively$8(NodeTestTask.java:127)
	at org.junit.platform.engine.support.hierarchical.ThrowableCollector.execute(ThrowableCollector.java:73)
	at org.junit.platform.engine.support.hierarchical.NodeTestTask.executeRecursively(NodeTestTask.java:126)
	at org.junit.platform.engine.support.hierarchical.NodeTestTask.execute(NodeTestTask.java:84)
	at java.base/java.util.ArrayList.forEach(ArrayList.java:1541)
	at org.junit.platform.engine.support.hierarchical.SameThreadHierarchicalTestExecutorService.invokeAll(SameThreadHierarchicalTestExecutorService.java:38)
	at org.junit.platform.engine.support.hierarchical.NodeTestTask.lambda$executeRecursively$5(NodeTestTask.java:143)
	at org.junit.platform.engine.support.hierarchical.ThrowableCollector.execute(ThrowableCollector.java:73)
	at org.junit.platform.engine.support.hierarchical.NodeTestTask.lambda$executeRecursively$7(NodeTestTask.java:129)
	at org.junit.platform.engine.support.hierarchical.Node.around(Node.java:137)
	at org.junit.platform.engine.support.hierarchical.NodeTestTask.lambda$executeRecursively$8(NodeTestTask.java:127)
	at org.junit.platform.engine.support.hierarchical.ThrowableCollector.execute(ThrowableCollector.java:73)
	at org.junit.platform.engine.support.hierarchical.NodeTestTask.executeRecursively(NodeTestTask.java:126)
	at org.junit.platform.engine.support.hierarchical.NodeTestTask.execute(NodeTestTask.java:84)
	at org.junit.platform.engine.support.hierarchical.SameThreadHierarchicalTestExecutorService.submit(SameThreadHierarchicalTestExecutorService.java:32)
	at org.junit.platform.engine.support.hierarchical.HierarchicalTestExecutor.execute(HierarchicalTestExecutor.java:57)
	at org.junit.platform.engine.support.hierarchical.HierarchicalTestEngine.execute(HierarchicalTestEngine.java:51)
	at org.junit.platform.launcher.core.EngineExecutionOrchestrator.execute(EngineExecutionOrchestrator.java:108)
	at org.junit.platform.launcher.core.EngineExecutionOrchestrator.execute(EngineExecutionOrchestrator.java:88)
	at org.junit.platform.launcher.core.EngineExecutionOrchestrator.lambda$execute$0(EngineExecutionOrchestrator.java:54)
	at org.junit.platform.launcher.core.EngineExecutionOrchestrator.withInterceptedStreams(EngineExecutionOrchestrator.java:67)
	at org.junit.platform.launcher.core.EngineExecutionOrchestrator.execute(EngineExecutionOrchestrator.java:52)
	at org.junit.platform.launcher.core.DefaultLauncher.execute(DefaultLauncher.java:96)
	at org.junit.platform.launcher.core.DefaultLauncher.execute(DefaultLauncher.java:75)
	at org.apache.maven.surefire.junitplatform.JUnitPlatformProvider.execute(JUnitPlatformProvider.java:188)
	at org.apache.maven.surefire.junitplatform.JUnitPlatformProvider.invokeAllTests(JUnitPlatformProvider.java:154)
	at org.apache.maven.surefire.junitplatform.JUnitPlatformProvider.invoke(JUnitPlatformProvider.java:128)
	at org.apache.maven.surefire.booter.ForkedBooter.runSuitesInProcess(ForkedBooter.java:428)
	at org.apache.maven.surefire.booter.ForkedBooter.execute(ForkedBooter.java:162)
	at org.apache.maven.surefire.booter.ForkedBooter.run(ForkedBooter.java:562)
	at org.apache.maven.surefire.booter.ForkedBooter.main(ForkedBooter.java:548)
Caused by: java.lang.reflect.InvocationTargetException
	at java.base/jdk.internal.reflect.GeneratedConstructorAccessor16.newInstance(Unknown Source)
	at java.base/jdk.internal.reflect.DelegatingConstructorAccessorImpl.newInstance(DelegatingConstructorAccessorImpl.java:45)
	at java.base/java.lang.reflect.Constructor.newInstance(Constructor.java:490)
	at org.apache.tomcat.util.compat.Jre9Compat.jarFileNewInstance(Jre9Compat.java:206)
	... 94 more
Caused by: java.nio.file.NoSuchFileException: C:\Users\shado\.m2\repository\org\glassfish\jaxb\jaxb-runtime\2.3.1\javax.activation-api-1.2.0.jar
	at java.base/sun.nio.fs.WindowsException.translateToIOException(WindowsException.java:85)
	at java.base/sun.nio.fs.WindowsException.rethrowAsIOException(WindowsException.java:103)
	at java.base/sun.nio.fs.WindowsException.rethrowAsIOException(WindowsException.java:108)
	at java.base/sun.nio.fs.WindowsFileAttributeViews$Basic.readAttributes(WindowsFileAttributeViews.java:53)
	at java.base/sun.nio.fs.WindowsFileAttributeViews$Basic.readAttributes(WindowsFileAttributeViews.java:38)
	at java.base/sun.nio.fs.WindowsFileSystemProvider.readAttributes(WindowsFileSystemProvider.java:198)
	at java.base/java.nio.file.Files.readAttributes(Files.java:1763)
	at java.base/java.util.zip.ZipFile$Source.get(ZipFile.java:1225)
	at java.base/java.util.zip.ZipFile$CleanableResource.<init>(ZipFile.java:727)
	at java.base/java.util.zip.ZipFile$CleanableResource.get(ZipFile.java:844)
	at java.base/java.util.zip.ZipFile.<init>(ZipFile.java:247)
	at java.base/java.util.zip.ZipFile.<init>(ZipFile.java:177)
	at java.base/java.util.jar.JarFile.<init>(JarFile.java:348)
	... 98 more

Apr 16, 2021 2:15:56 PM org.apache.tomcat.util.scan.StandardJarScanner processURLs
WARNING: Failed to scan [file:/C:/Users/shado/.m2/repository/org/glassfish/jaxb/jaxb-runtime/2.3.1/jaxb-api-2.3.1.jar] from classloader hierarchy
java.io.IOException: java.lang.reflect.InvocationTargetException
	at org.apache.tomcat.util.compat.Jre9Compat.jarFileNewInstance(Jre9Compat.java:209)
	at org.apache.tomcat.util.scan.JarFileUrlJar.<init>(JarFileUrlJar.java:65)
	at org.apache.tomcat.util.scan.JarFactory.newInstance(JarFactory.java:49)
	at org.apache.tomcat.util.scan.StandardJarScanner.process(StandardJarScanner.java:383)
	at org.apache.tomcat.util.scan.StandardJarScanner.processURLs(StandardJarScanner.java:318)
	at org.apache.tomcat.util.scan.StandardJarScanner.doScanClassPath(StandardJarScanner.java:282)
	at org.apache.tomcat.util.scan.StandardJarScanner.scan(StandardJarScanner.java:233)
	at org.apache.jasper.servlet.TldScanner.scanJars(TldScanner.java:262)
	at org.apache.jasper.servlet.TldScanner.scan(TldScanner.java:104)
	at org.apache.jasper.servlet.JasperInitializer.onStartup(JasperInitializer.java:83)
	at org.apache.catalina.core.StandardContext.startInternal(StandardContext.java:5166)
	at org.apache.catalina.util.LifecycleBase.start(LifecycleBase.java:183)
	at org.apache.catalina.core.ContainerBase$StartChild.call(ContainerBase.java:1384)
	at org.apache.catalina.core.ContainerBase$StartChild.call(ContainerBase.java:1374)
	at java.base/java.util.concurrent.FutureTask.run(FutureTask.java:264)
	at org.apache.tomcat.util.threads.InlineExecutorService.execute(InlineExecutorService.java:75)
	at java.base/java.util.concurrent.AbstractExecutorService.submit(AbstractExecutorService.java:140)
	at org.apache.catalina.core.ContainerBase.startInternal(ContainerBase.java:909)
	at org.apache.catalina.core.StandardHost.startInternal(StandardHost.java:843)
	at org.apache.catalina.util.LifecycleBase.start(LifecycleBase.java:183)
	at org.apache.catalina.core.ContainerBase$StartChild.call(ContainerBase.java:1384)
	at org.apache.catalina.core.ContainerBase$StartChild.call(ContainerBase.java:1374)
	at java.base/java.util.concurrent.FutureTask.run(FutureTask.java:264)
	at org.apache.tomcat.util.threads.InlineExecutorService.execute(InlineExecutorService.java:75)
	at java.base/java.util.concurrent.AbstractExecutorService.submit(AbstractExecutorService.java:140)
	at org.apache.catalina.core.ContainerBase.startInternal(ContainerBase.java:909)
	at org.apache.catalina.core.StandardEngine.startInternal(StandardEngine.java:262)
	at org.apache.catalina.util.LifecycleBase.start(LifecycleBase.java:183)
	at org.apache.catalina.core.StandardService.startInternal(StandardService.java:434)
	at org.apache.catalina.util.LifecycleBase.start(LifecycleBase.java:183)
	at org.apache.catalina.core.StandardServer.startInternal(StandardServer.java:930)
	at org.apache.catalina.util.LifecycleBase.start(LifecycleBase.java:183)
	at org.apache.catalina.startup.Tomcat.start(Tomcat.java:486)
	at common.TomcatStartUp.createTomcat(TomcatStartUp.java:20)
	at logic.DonationRecordTest.setUpBeforeClass(DonationRecordTest.java:44)
	at java.base/jdk.internal.reflect.NativeMethodAccessorImpl.invoke0(Native Method)
	at java.base/jdk.internal.reflect.NativeMethodAccessorImpl.invoke(NativeMethodAccessorImpl.java:62)
	at java.base/jdk.internal.reflect.DelegatingMethodAccessorImpl.invoke(DelegatingMethodAccessorImpl.java:43)
	at java.base/java.lang.reflect.Method.invoke(Method.java:566)
	at org.junit.platform.commons.util.ReflectionUtils.invokeMethod(ReflectionUtils.java:688)
	at org.junit.jupiter.engine.execution.MethodInvocation.proceed(MethodInvocation.java:60)
	at org.junit.jupiter.engine.execution.InvocationInterceptorChain$ValidatingInvocation.proceed(InvocationInterceptorChain.java:131)
	at org.junit.jupiter.engine.extension.TimeoutExtension.intercept(TimeoutExtension.java:149)
	at org.junit.jupiter.engine.extension.TimeoutExtension.interceptLifecycleMethod(TimeoutExtension.java:126)
	at org.junit.jupiter.engine.extension.TimeoutExtension.interceptBeforeAllMethod(TimeoutExtension.java:68)
	at org.junit.jupiter.engine.execution.ExecutableInvoker$ReflectiveInterceptorCall.lambda$ofVoidMethod$0(ExecutableInvoker.java:115)
	at org.junit.jupiter.engine.execution.ExecutableInvoker.lambda$invoke$0(ExecutableInvoker.java:105)
	at org.junit.jupiter.engine.execution.InvocationInterceptorChain$InterceptedInvocation.proceed(InvocationInterceptorChain.java:106)
	at org.junit.jupiter.engine.execution.InvocationInterceptorChain.proceed(InvocationInterceptorChain.java:64)
	at org.junit.jupiter.engine.execution.InvocationInterceptorChain.chainAndInvoke(InvocationInterceptorChain.java:45)
	at org.junit.jupiter.engine.execution.InvocationInterceptorChain.invoke(InvocationInterceptorChain.java:37)
	at org.junit.jupiter.engine.execution.ExecutableInvoker.invoke(ExecutableInvoker.java:104)
	at org.junit.jupiter.engine.execution.ExecutableInvoker.invoke(ExecutableInvoker.java:98)
	at org.junit.jupiter.engine.descriptor.ClassBasedTestDescriptor.lambda$invokeBeforeAllMethods$9(ClassBasedTestDescriptor.java:384)
	at org.junit.platform.engine.support.hierarchical.ThrowableCollector.execute(ThrowableCollector.java:73)
	at org.junit.jupiter.engine.descriptor.ClassBasedTestDescriptor.invokeBeforeAllMethods(ClassBasedTestDescriptor.java:382)
	at org.junit.jupiter.engine.descriptor.ClassBasedTestDescriptor.before(ClassBasedTestDescriptor.java:196)
	at org.junit.jupiter.engine.descriptor.ClassBasedTestDescriptor.before(ClassBasedTestDescriptor.java:78)
	at org.junit.platform.engine.support.hierarchical.NodeTestTask.lambda$executeRecursively$5(NodeTestTask.java:136)
	at org.junit.platform.engine.support.hierarchical.ThrowableCollector.execute(ThrowableCollector.java:73)
	at org.junit.platform.engine.support.hierarchical.NodeTestTask.lambda$executeRecursively$7(NodeTestTask.java:129)
	at org.junit.platform.engine.support.hierarchical.Node.around(Node.java:137)
	at org.junit.platform.engine.support.hierarchical.NodeTestTask.lambda$executeRecursively$8(NodeTestTask.java:127)
	at org.junit.platform.engine.support.hierarchical.ThrowableCollector.execute(ThrowableCollector.java:73)
	at org.junit.platform.engine.support.hierarchical.NodeTestTask.executeRecursively(NodeTestTask.java:126)
	at org.junit.platform.engine.support.hierarchical.NodeTestTask.execute(NodeTestTask.java:84)
	at java.base/java.util.ArrayList.forEach(ArrayList.java:1541)
	at org.junit.platform.engine.support.hierarchical.SameThreadHierarchicalTestExecutorService.invokeAll(SameThreadHierarchicalTestExecutorService.java:38)
	at org.junit.platform.engine.support.hierarchical.NodeTestTask.lambda$executeRecursively$5(NodeTestTask.java:143)
	at org.junit.platform.engine.support.hierarchical.ThrowableCollector.execute(ThrowableCollector.java:73)
	at org.junit.platform.engine.support.hierarchical.NodeTestTask.lambda$executeRecursively$7(NodeTestTask.java:129)
	at org.junit.platform.engine.support.hierarchical.Node.around(Node.java:137)
	at org.junit.platform.engine.support.hierarchical.NodeTestTask.lambda$executeRecursively$8(NodeTestTask.java:127)
	at org.junit.platform.engine.support.hierarchical.ThrowableCollector.execute(ThrowableCollector.java:73)
	at org.junit.platform.engine.support.hierarchical.NodeTestTask.executeRecursively(NodeTestTask.java:126)
	at org.junit.platform.engine.support.hierarchical.NodeTestTask.execute(NodeTestTask.java:84)
	at org.junit.platform.engine.support.hierarchical.SameThreadHierarchicalTestExecutorService.submit(SameThreadHierarchicalTestExecutorService.java:32)
	at org.junit.platform.engine.support.hierarchical.HierarchicalTestExecutor.execute(HierarchicalTestExecutor.java:57)
	at org.junit.platform.engine.support.hierarchical.HierarchicalTestEngine.execute(HierarchicalTestEngine.java:51)
	at org.junit.platform.launcher.core.EngineExecutionOrchestrator.execute(EngineExecutionOrchestrator.java:108)
	at org.junit.platform.launcher.core.EngineExecutionOrchestrator.execute(EngineExecutionOrchestrator.java:88)
	at org.junit.platform.launcher.core.EngineExecutionOrchestrator.lambda$execute$0(EngineExecutionOrchestrator.java:54)
	at org.junit.platform.launcher.core.EngineExecutionOrchestrator.withInterceptedStreams(EngineExecutionOrchestrator.java:67)
	at org.junit.platform.launcher.core.EngineExecutionOrchestrator.execute(EngineExecutionOrchestrator.java:52)
	at org.junit.platform.launcher.core.DefaultLauncher.execute(DefaultLauncher.java:96)
	at org.junit.platform.launcher.core.DefaultLauncher.execute(DefaultLauncher.java:75)
	at org.apache.maven.surefire.junitplatform.JUnitPlatformProvider.execute(JUnitPlatformProvider.java:188)
	at org.apache.maven.surefire.junitplatform.JUnitPlatformProvider.invokeAllTests(JUnitPlatformProvider.java:154)
	at org.apache.maven.surefire.junitplatform.JUnitPlatformProvider.invoke(JUnitPlatformProvider.java:128)
	at org.apache.maven.surefire.booter.ForkedBooter.runSuitesInProcess(ForkedBooter.java:428)
	at org.apache.maven.surefire.booter.ForkedBooter.execute(ForkedBooter.java:162)
	at org.apache.maven.surefire.booter.ForkedBooter.run(ForkedBooter.java:562)
	at org.apache.maven.surefire.booter.ForkedBooter.main(ForkedBooter.java:548)
Caused by: java.lang.reflect.InvocationTargetException
	at java.base/jdk.internal.reflect.GeneratedConstructorAccessor16.newInstance(Unknown Source)
	at java.base/jdk.internal.reflect.DelegatingConstructorAccessorImpl.newInstance(DelegatingConstructorAccessorImpl.java:45)
	at java.base/java.lang.reflect.Constructor.newInstance(Constructor.java:490)
	at org.apache.tomcat.util.compat.Jre9Compat.jarFileNewInstance(Jre9Compat.java:206)
	... 92 more
Caused by: java.nio.file.NoSuchFileException: C:\Users\shado\.m2\repository\org\glassfish\jaxb\jaxb-runtime\2.3.1\jaxb-api-2.3.1.jar
	at java.base/sun.nio.fs.WindowsException.translateToIOException(WindowsException.java:85)
	at java.base/sun.nio.fs.WindowsException.rethrowAsIOException(WindowsException.java:103)
	at java.base/sun.nio.fs.WindowsException.rethrowAsIOException(WindowsException.java:108)
	at java.base/sun.nio.fs.WindowsFileAttributeViews$Basic.readAttributes(WindowsFileAttributeViews.java:53)
	at java.base/sun.nio.fs.WindowsFileAttributeViews$Basic.readAttributes(WindowsFileAttributeViews.java:38)
	at java.base/sun.nio.fs.WindowsFileSystemProvider.readAttributes(WindowsFileSystemProvider.java:198)
	at java.base/java.nio.file.Files.readAttributes(Files.java:1763)
	at java.base/java.util.zip.ZipFile$Source.get(ZipFile.java:1225)
	at java.base/java.util.zip.ZipFile$CleanableResource.<init>(ZipFile.java:727)
	at java.base/java.util.zip.ZipFile$CleanableResource.get(ZipFile.java:844)
	at java.base/java.util.zip.ZipFile.<init>(ZipFile.java:247)
	at java.base/java.util.zip.ZipFile.<init>(ZipFile.java:177)
	at java.base/java.util.jar.JarFile.<init>(JarFile.java:348)
	... 96 more

Apr 16, 2021 2:15:56 PM org.apache.tomcat.util.scan.StandardJarScanner processURLs
WARNING: Failed to scan [file:/C:/Users/shado/.m2/repository/org/glassfish/jaxb/jaxb-runtime/2.3.1/txw2-2.3.1.jar] from classloader hierarchy
java.io.IOException: java.lang.reflect.InvocationTargetException
	at org.apache.tomcat.util.compat.Jre9Compat.jarFileNewInstance(Jre9Compat.java:209)
	at org.apache.tomcat.util.scan.JarFileUrlJar.<init>(JarFileUrlJar.java:65)
	at org.apache.tomcat.util.scan.JarFactory.newInstance(JarFactory.java:49)
	at org.apache.tomcat.util.scan.StandardJarScanner.process(StandardJarScanner.java:383)
	at org.apache.tomcat.util.scan.StandardJarScanner.processURLs(StandardJarScanner.java:318)
	at org.apache.tomcat.util.scan.StandardJarScanner.doScanClassPath(StandardJarScanner.java:282)
	at org.apache.tomcat.util.scan.StandardJarScanner.scan(StandardJarScanner.java:233)
	at org.apache.jasper.servlet.TldScanner.scanJars(TldScanner.java:262)
	at org.apache.jasper.servlet.TldScanner.scan(TldScanner.java:104)
	at org.apache.jasper.servlet.JasperInitializer.onStartup(JasperInitializer.java:83)
	at org.apache.catalina.core.StandardContext.startInternal(StandardContext.java:5166)
	at org.apache.catalina.util.LifecycleBase.start(LifecycleBase.java:183)
	at org.apache.catalina.core.ContainerBase$StartChild.call(ContainerBase.java:1384)
	at org.apache.catalina.core.ContainerBase$StartChild.call(ContainerBase.java:1374)
	at java.base/java.util.concurrent.FutureTask.run(FutureTask.java:264)
	at org.apache.tomcat.util.threads.InlineExecutorService.execute(InlineExecutorService.java:75)
	at java.base/java.util.concurrent.AbstractExecutorService.submit(AbstractExecutorService.java:140)
	at org.apache.catalina.core.ContainerBase.startInternal(ContainerBase.java:909)
	at org.apache.catalina.core.StandardHost.startInternal(StandardHost.java:843)
	at org.apache.catalina.util.LifecycleBase.start(LifecycleBase.java:183)
	at org.apache.catalina.core.ContainerBase$StartChild.call(ContainerBase.java:1384)
	at org.apache.catalina.core.ContainerBase$StartChild.call(ContainerBase.java:1374)
	at java.base/java.util.concurrent.FutureTask.run(FutureTask.java:264)
	at org.apache.tomcat.util.threads.InlineExecutorService.execute(InlineExecutorService.java:75)
	at java.base/java.util.concurrent.AbstractExecutorService.submit(AbstractExecutorService.java:140)
	at org.apache.catalina.core.ContainerBase.startInternal(ContainerBase.java:909)
	at org.apache.catalina.core.StandardEngine.startInternal(StandardEngine.java:262)
	at org.apache.catalina.util.LifecycleBase.start(LifecycleBase.java:183)
	at org.apache.catalina.core.StandardService.startInternal(StandardService.java:434)
	at org.apache.catalina.util.LifecycleBase.start(LifecycleBase.java:183)
	at org.apache.catalina.core.StandardServer.startInternal(StandardServer.java:930)
	at org.apache.catalina.util.LifecycleBase.start(LifecycleBase.java:183)
	at org.apache.catalina.startup.Tomcat.start(Tomcat.java:486)
	at common.TomcatStartUp.createTomcat(TomcatStartUp.java:20)
	at logic.DonationRecordTest.setUpBeforeClass(DonationRecordTest.java:44)
	at java.base/jdk.internal.reflect.NativeMethodAccessorImpl.invoke0(Native Method)
	at java.base/jdk.internal.reflect.NativeMethodAccessorImpl.invoke(NativeMethodAccessorImpl.java:62)
	at java.base/jdk.internal.reflect.DelegatingMethodAccessorImpl.invoke(DelegatingMethodAccessorImpl.java:43)
	at java.base/java.lang.reflect.Method.invoke(Method.java:566)
	at org.junit.platform.commons.util.ReflectionUtils.invokeMethod(ReflectionUtils.java:688)
	at org.junit.jupiter.engine.execution.MethodInvocation.proceed(MethodInvocation.java:60)
	at org.junit.jupiter.engine.execution.InvocationInterceptorChain$ValidatingInvocation.proceed(InvocationInterceptorChain.java:131)
	at org.junit.jupiter.engine.extension.TimeoutExtension.intercept(TimeoutExtension.java:149)
	at org.junit.jupiter.engine.extension.TimeoutExtension.interceptLifecycleMethod(TimeoutExtension.java:126)
	at org.junit.jupiter.engine.extension.TimeoutExtension.interceptBeforeAllMethod(TimeoutExtension.java:68)
	at org.junit.jupiter.engine.execution.ExecutableInvoker$ReflectiveInterceptorCall.lambda$ofVoidMethod$0(ExecutableInvoker.java:115)
	at org.junit.jupiter.engine.execution.ExecutableInvoker.lambda$invoke$0(ExecutableInvoker.java:105)
	at org.junit.jupiter.engine.execution.InvocationInterceptorChain$InterceptedInvocation.proceed(InvocationInterceptorChain.java:106)
	at org.junit.jupiter.engine.execution.InvocationInterceptorChain.proceed(InvocationInterceptorChain.java:64)
	at org.junit.jupiter.engine.execution.InvocationInterceptorChain.chainAndInvoke(InvocationInterceptorChain.java:45)
	at org.junit.jupiter.engine.execution.InvocationInterceptorChain.invoke(InvocationInterceptorChain.java:37)
	at org.junit.jupiter.engine.execution.ExecutableInvoker.invoke(ExecutableInvoker.java:104)
	at org.junit.jupiter.engine.execution.ExecutableInvoker.invoke(ExecutableInvoker.java:98)
	at org.junit.jupiter.engine.descriptor.ClassBasedTestDescriptor.lambda$invokeBeforeAllMethods$9(ClassBasedTestDescriptor.java:384)
	at org.junit.platform.engine.support.hierarchical.ThrowableCollector.execute(ThrowableCollector.java:73)
	at org.junit.jupiter.engine.descriptor.ClassBasedTestDescriptor.invokeBeforeAllMethods(ClassBasedTestDescriptor.java:382)
	at org.junit.jupiter.engine.descriptor.ClassBasedTestDescriptor.before(ClassBasedTestDescriptor.java:196)
	at org.junit.jupiter.engine.descriptor.ClassBasedTestDescriptor.before(ClassBasedTestDescriptor.java:78)
	at org.junit.platform.engine.support.hierarchical.NodeTestTask.lambda$executeRecursively$5(NodeTestTask.java:136)
	at org.junit.platform.engine.support.hierarchical.ThrowableCollector.execute(ThrowableCollector.java:73)
	at org.junit.platform.engine.support.hierarchical.NodeTestTask.lambda$executeRecursively$7(NodeTestTask.java:129)
	at org.junit.platform.engine.support.hierarchical.Node.around(Node.java:137)
	at org.junit.platform.engine.support.hierarchical.NodeTestTask.lambda$executeRecursively$8(NodeTestTask.java:127)
	at org.junit.platform.engine.support.hierarchical.ThrowableCollector.execute(ThrowableCollector.java:73)
	at org.junit.platform.engine.support.hierarchical.NodeTestTask.executeRecursively(NodeTestTask.java:126)
	at org.junit.platform.engine.support.hierarchical.NodeTestTask.execute(NodeTestTask.java:84)
	at java.base/java.util.ArrayList.forEach(ArrayList.java:1541)
	at org.junit.platform.engine.support.hierarchical.SameThreadHierarchicalTestExecutorService.invokeAll(SameThreadHierarchicalTestExecutorService.java:38)
	at org.junit.platform.engine.support.hierarchical.NodeTestTask.lambda$executeRecursively$5(NodeTestTask.java:143)
	at org.junit.platform.engine.support.hierarchical.ThrowableCollector.execute(ThrowableCollector.java:73)
	at org.junit.platform.engine.support.hierarchical.NodeTestTask.lambda$executeRecursively$7(NodeTestTask.java:129)
	at org.junit.platform.engine.support.hierarchical.Node.around(Node.java:137)
	at org.junit.platform.engine.support.hierarchical.NodeTestTask.lambda$executeRecursively$8(NodeTestTask.java:127)
	at org.junit.platform.engine.support.hierarchical.ThrowableCollector.execute(ThrowableCollector.java:73)
	at org.junit.platform.engine.support.hierarchical.NodeTestTask.executeRecursively(NodeTestTask.java:126)
	at org.junit.platform.engine.support.hierarchical.NodeTestTask.execute(NodeTestTask.java:84)
	at org.junit.platform.engine.support.hierarchical.SameThreadHierarchicalTestExecutorService.submit(SameThreadHierarchicalTestExecutorService.java:32)
	at org.junit.platform.engine.support.hierarchical.HierarchicalTestExecutor.execute(HierarchicalTestExecutor.java:57)
	at org.junit.platform.engine.support.hierarchical.HierarchicalTestEngine.execute(HierarchicalTestEngine.java:51)
	at org.junit.platform.launcher.core.EngineExecutionOrchestrator.execute(EngineExecutionOrchestrator.java:108)
	at org.junit.platform.launcher.core.EngineExecutionOrchestrator.execute(EngineExecutionOrchestrator.java:88)
	at org.junit.platform.launcher.core.EngineExecutionOrchestrator.lambda$execute$0(EngineExecutionOrchestrator.java:54)
	at org.junit.platform.launcher.core.EngineExecutionOrchestrator.withInterceptedStreams(EngineExecutionOrchestrator.java:67)
	at org.junit.platform.launcher.core.EngineExecutionOrchestrator.execute(EngineExecutionOrchestrator.java:52)
	at org.junit.platform.launcher.core.DefaultLauncher.execute(DefaultLauncher.java:96)
	at org.junit.platform.launcher.core.DefaultLauncher.execute(DefaultLauncher.java:75)
	at org.apache.maven.surefire.junitplatform.JUnitPlatformProvider.execute(JUnitPlatformProvider.java:188)
	at org.apache.maven.surefire.junitplatform.JUnitPlatformProvider.invokeAllTests(JUnitPlatformProvider.java:154)
	at org.apache.maven.surefire.junitplatform.JUnitPlatformProvider.invoke(JUnitPlatformProvider.java:128)
	at org.apache.maven.surefire.booter.ForkedBooter.runSuitesInProcess(ForkedBooter.java:428)
	at org.apache.maven.surefire.booter.ForkedBooter.execute(ForkedBooter.java:162)
	at org.apache.maven.surefire.booter.ForkedBooter.run(ForkedBooter.java:562)
	at org.apache.maven.surefire.booter.ForkedBooter.main(ForkedBooter.java:548)
Caused by: java.lang.reflect.InvocationTargetException
	at java.base/jdk.internal.reflect.GeneratedConstructorAccessor16.newInstance(Unknown Source)
	at java.base/jdk.internal.reflect.DelegatingConstructorAccessorImpl.newInstance(DelegatingConstructorAccessorImpl.java:45)
	at java.base/java.lang.reflect.Constructor.newInstance(Constructor.java:490)
	at org.apache.tomcat.util.compat.Jre9Compat.jarFileNewInstance(Jre9Compat.java:206)
	... 92 more
Caused by: java.nio.file.NoSuchFileException: C:\Users\shado\.m2\repository\org\glassfish\jaxb\jaxb-runtime\2.3.1\txw2-2.3.1.jar
	at java.base/sun.nio.fs.WindowsException.translateToIOException(WindowsException.java:85)
	at java.base/sun.nio.fs.WindowsException.rethrowAsIOException(WindowsException.java:103)
	at java.base/sun.nio.fs.WindowsException.rethrowAsIOException(WindowsException.java:108)
	at java.base/sun.nio.fs.WindowsFileAttributeViews$Basic.readAttributes(WindowsFileAttributeViews.java:53)
	at java.base/sun.nio.fs.WindowsFileAttributeViews$Basic.readAttributes(WindowsFileAttributeViews.java:38)
	at java.base/sun.nio.fs.WindowsFileSystemProvider.readAttributes(WindowsFileSystemProvider.java:198)
	at java.base/java.nio.file.Files.readAttributes(Files.java:1763)
	at java.base/java.util.zip.ZipFile$Source.get(ZipFile.java:1225)
	at java.base/java.util.zip.ZipFile$CleanableResource.<init>(ZipFile.java:727)
	at java.base/java.util.zip.ZipFile$CleanableResource.get(ZipFile.java:844)
	at java.base/java.util.zip.ZipFile.<init>(ZipFile.java:247)
	at java.base/java.util.zip.ZipFile.<init>(ZipFile.java:177)
	at java.base/java.util.jar.JarFile.<init>(JarFile.java:348)
	... 96 more

Apr 16, 2021 2:15:56 PM org.apache.tomcat.util.scan.StandardJarScanner processURLs
WARNING: Failed to scan [file:/C:/Users/shado/.m2/repository/org/glassfish/jaxb/jaxb-runtime/2.3.1/istack-commons-runtime-3.0.7.jar] from classloader hierarchy
java.io.IOException: java.lang.reflect.InvocationTargetException
	at org.apache.tomcat.util.compat.Jre9Compat.jarFileNewInstance(Jre9Compat.java:209)
	at org.apache.tomcat.util.scan.JarFileUrlJar.<init>(JarFileUrlJar.java:65)
	at org.apache.tomcat.util.scan.JarFactory.newInstance(JarFactory.java:49)
	at org.apache.tomcat.util.scan.StandardJarScanner.process(StandardJarScanner.java:383)
	at org.apache.tomcat.util.scan.StandardJarScanner.processURLs(StandardJarScanner.java:318)
	at org.apache.tomcat.util.scan.StandardJarScanner.doScanClassPath(StandardJarScanner.java:282)
	at org.apache.tomcat.util.scan.StandardJarScanner.scan(StandardJarScanner.java:233)
	at org.apache.jasper.servlet.TldScanner.scanJars(TldScanner.java:262)
	at org.apache.jasper.servlet.TldScanner.scan(TldScanner.java:104)
	at org.apache.jasper.servlet.JasperInitializer.onStartup(JasperInitializer.java:83)
	at org.apache.catalina.core.StandardContext.startInternal(StandardContext.java:5166)
	at org.apache.catalina.util.LifecycleBase.start(LifecycleBase.java:183)
	at org.apache.catalina.core.ContainerBase$StartChild.call(ContainerBase.java:1384)
	at org.apache.catalina.core.ContainerBase$StartChild.call(ContainerBase.java:1374)
	at java.base/java.util.concurrent.FutureTask.run(FutureTask.java:264)
	at org.apache.tomcat.util.threads.InlineExecutorService.execute(InlineExecutorService.java:75)
	at java.base/java.util.concurrent.AbstractExecutorService.submit(AbstractExecutorService.java:140)
	at org.apache.catalina.core.ContainerBase.startInternal(ContainerBase.java:909)
	at org.apache.catalina.core.StandardHost.startInternal(StandardHost.java:843)
	at org.apache.catalina.util.LifecycleBase.start(LifecycleBase.java:183)
	at org.apache.catalina.core.ContainerBase$StartChild.call(ContainerBase.java:1384)
	at org.apache.catalina.core.ContainerBase$StartChild.call(ContainerBase.java:1374)
	at java.base/java.util.concurrent.FutureTask.run(FutureTask.java:264)
	at org.apache.tomcat.util.threads.InlineExecutorService.execute(InlineExecutorService.java:75)
	at java.base/java.util.concurrent.AbstractExecutorService.submit(AbstractExecutorService.java:140)
	at org.apache.catalina.core.ContainerBase.startInternal(ContainerBase.java:909)
	at org.apache.catalina.core.StandardEngine.startInternal(StandardEngine.java:262)
	at org.apache.catalina.util.LifecycleBase.start(LifecycleBase.java:183)
	at org.apache.catalina.core.StandardService.startInternal(StandardService.java:434)
	at org.apache.catalina.util.LifecycleBase.start(LifecycleBase.java:183)
	at org.apache.catalina.core.StandardServer.startInternal(StandardServer.java:930)
	at org.apache.catalina.util.LifecycleBase.start(LifecycleBase.java:183)
	at org.apache.catalina.startup.Tomcat.start(Tomcat.java:486)
	at common.TomcatStartUp.createTomcat(TomcatStartUp.java:20)
	at logic.DonationRecordTest.setUpBeforeClass(DonationRecordTest.java:44)
	at java.base/jdk.internal.reflect.NativeMethodAccessorImpl.invoke0(Native Method)
	at java.base/jdk.internal.reflect.NativeMethodAccessorImpl.invoke(NativeMethodAccessorImpl.java:62)
	at java.base/jdk.internal.reflect.DelegatingMethodAccessorImpl.invoke(DelegatingMethodAccessorImpl.java:43)
	at java.base/java.lang.reflect.Method.invoke(Method.java:566)
	at org.junit.platform.commons.util.ReflectionUtils.invokeMethod(ReflectionUtils.java:688)
	at org.junit.jupiter.engine.execution.MethodInvocation.proceed(MethodInvocation.java:60)
	at org.junit.jupiter.engine.execution.InvocationInterceptorChain$ValidatingInvocation.proceed(InvocationInterceptorChain.java:131)
	at org.junit.jupiter.engine.extension.TimeoutExtension.intercept(TimeoutExtension.java:149)
	at org.junit.jupiter.engine.extension.TimeoutExtension.interceptLifecycleMethod(TimeoutExtension.java:126)
	at org.junit.jupiter.engine.extension.TimeoutExtension.interceptBeforeAllMethod(TimeoutExtension.java:68)
	at org.junit.jupiter.engine.execution.ExecutableInvoker$ReflectiveInterceptorCall.lambda$ofVoidMethod$0(ExecutableInvoker.java:115)
	at org.junit.jupiter.engine.execution.ExecutableInvoker.lambda$invoke$0(ExecutableInvoker.java:105)
	at org.junit.jupiter.engine.execution.InvocationInterceptorChain$InterceptedInvocation.proceed(InvocationInterceptorChain.java:106)
	at org.junit.jupiter.engine.execution.InvocationInterceptorChain.proceed(InvocationInterceptorChain.java:64)
	at org.junit.jupiter.engine.execution.InvocationInterceptorChain.chainAndInvoke(InvocationInterceptorChain.java:45)
	at org.junit.jupiter.engine.execution.InvocationInterceptorChain.invoke(InvocationInterceptorChain.java:37)
	at org.junit.jupiter.engine.execution.ExecutableInvoker.invoke(ExecutableInvoker.java:104)
	at org.junit.jupiter.engine.execution.ExecutableInvoker.invoke(ExecutableInvoker.java:98)
	at org.junit.jupiter.engine.descriptor.ClassBasedTestDescriptor.lambda$invokeBeforeAllMethods$9(ClassBasedTestDescriptor.java:384)
	at org.junit.platform.engine.support.hierarchical.ThrowableCollector.execute(ThrowableCollector.java:73)
	at org.junit.jupiter.engine.descriptor.ClassBasedTestDescriptor.invokeBeforeAllMethods(ClassBasedTestDescriptor.java:382)
	at org.junit.jupiter.engine.descriptor.ClassBasedTestDescriptor.before(ClassBasedTestDescriptor.java:196)
	at org.junit.jupiter.engine.descriptor.ClassBasedTestDescriptor.before(ClassBasedTestDescriptor.java:78)
	at org.junit.platform.engine.support.hierarchical.NodeTestTask.lambda$executeRecursively$5(NodeTestTask.java:136)
	at org.junit.platform.engine.support.hierarchical.ThrowableCollector.execute(ThrowableCollector.java:73)
	at org.junit.platform.engine.support.hierarchical.NodeTestTask.lambda$executeRecursively$7(NodeTestTask.java:129)
	at org.junit.platform.engine.support.hierarchical.Node.around(Node.java:137)
	at org.junit.platform.engine.support.hierarchical.NodeTestTask.lambda$executeRecursively$8(NodeTestTask.java:127)
	at org.junit.platform.engine.support.hierarchical.ThrowableCollector.execute(ThrowableCollector.java:73)
	at org.junit.platform.engine.support.hierarchical.NodeTestTask.executeRecursively(NodeTestTask.java:126)
	at org.junit.platform.engine.support.hierarchical.NodeTestTask.execute(NodeTestTask.java:84)
	at java.base/java.util.ArrayList.forEach(ArrayList.java:1541)
	at org.junit.platform.engine.support.hierarchical.SameThreadHierarchicalTestExecutorService.invokeAll(SameThreadHierarchicalTestExecutorService.java:38)
	at org.junit.platform.engine.support.hierarchical.NodeTestTask.lambda$executeRecursively$5(NodeTestTask.java:143)
	at org.junit.platform.engine.support.hierarchical.ThrowableCollector.execute(ThrowableCollector.java:73)
	at org.junit.platform.engine.support.hierarchical.NodeTestTask.lambda$executeRecursively$7(NodeTestTask.java:129)
	at org.junit.platform.engine.support.hierarchical.Node.around(Node.java:137)
	at org.junit.platform.engine.support.hierarchical.NodeTestTask.lambda$executeRecursively$8(NodeTestTask.java:127)
	at org.junit.platform.engine.support.hierarchical.ThrowableCollector.execute(ThrowableCollector.java:73)
	at org.junit.platform.engine.support.hierarchical.NodeTestTask.executeRecursively(NodeTestTask.java:126)
	at org.junit.platform.engine.support.hierarchical.NodeTestTask.execute(NodeTestTask.java:84)
	at org.junit.platform.engine.support.hierarchical.SameThreadHierarchicalTestExecutorService.submit(SameThreadHierarchicalTestExecutorService.java:32)
	at org.junit.platform.engine.support.hierarchical.HierarchicalTestExecutor.execute(HierarchicalTestExecutor.java:57)
	at org.junit.platform.engine.support.hierarchical.HierarchicalTestEngine.execute(HierarchicalTestEngine.java:51)
	at org.junit.platform.launcher.core.EngineExecutionOrchestrator.execute(EngineExecutionOrchestrator.java:108)
	at org.junit.platform.launcher.core.EngineExecutionOrchestrator.execute(EngineExecutionOrchestrator.java:88)
	at org.junit.platform.launcher.core.EngineExecutionOrchestrator.lambda$execute$0(EngineExecutionOrchestrator.java:54)
	at org.junit.platform.launcher.core.EngineExecutionOrchestrator.withInterceptedStreams(EngineExecutionOrchestrator.java:67)
	at org.junit.platform.launcher.core.EngineExecutionOrchestrator.execute(EngineExecutionOrchestrator.java:52)
	at org.junit.platform.launcher.core.DefaultLauncher.execute(DefaultLauncher.java:96)
	at org.junit.platform.launcher.core.DefaultLauncher.execute(DefaultLauncher.java:75)
	at org.apache.maven.surefire.junitplatform.JUnitPlatformProvider.execute(JUnitPlatformProvider.java:188)
	at org.apache.maven.surefire.junitplatform.JUnitPlatformProvider.invokeAllTests(JUnitPlatformProvider.java:154)
	at org.apache.maven.surefire.junitplatform.JUnitPlatformProvider.invoke(JUnitPlatformProvider.java:128)
	at org.apache.maven.surefire.booter.ForkedBooter.runSuitesInProcess(ForkedBooter.java:428)
	at org.apache.maven.surefire.booter.ForkedBooter.execute(ForkedBooter.java:162)
	at org.apache.maven.surefire.booter.ForkedBooter.run(ForkedBooter.java:562)
	at org.apache.maven.surefire.booter.ForkedBooter.main(ForkedBooter.java:548)
Caused by: java.lang.reflect.InvocationTargetException
	at java.base/jdk.internal.reflect.GeneratedConstructorAccessor16.newInstance(Unknown Source)
	at java.base/jdk.internal.reflect.DelegatingConstructorAccessorImpl.newInstance(DelegatingConstructorAccessorImpl.java:45)
	at java.base/java.lang.reflect.Constructor.newInstance(Constructor.java:490)
	at org.apache.tomcat.util.compat.Jre9Compat.jarFileNewInstance(Jre9Compat.java:206)
	... 92 more
Caused by: java.nio.file.NoSuchFileException: C:\Users\shado\.m2\repository\org\glassfish\jaxb\jaxb-runtime\2.3.1\istack-commons-runtime-3.0.7.jar
	at java.base/sun.nio.fs.WindowsException.translateToIOException(WindowsException.java:85)
	at java.base/sun.nio.fs.WindowsException.rethrowAsIOException(WindowsException.java:103)
	at java.base/sun.nio.fs.WindowsException.rethrowAsIOException(WindowsException.java:108)
	at java.base/sun.nio.fs.WindowsFileAttributeViews$Basic.readAttributes(WindowsFileAttributeViews.java:53)
	at java.base/sun.nio.fs.WindowsFileAttributeViews$Basic.readAttributes(WindowsFileAttributeViews.java:38)
	at java.base/sun.nio.fs.WindowsFileSystemProvider.readAttributes(WindowsFileSystemProvider.java:198)
	at java.base/java.nio.file.Files.readAttributes(Files.java:1763)
	at java.base/java.util.zip.ZipFile$Source.get(ZipFile.java:1225)
	at java.base/java.util.zip.ZipFile$CleanableResource.<init>(ZipFile.java:727)
	at java.base/java.util.zip.ZipFile$CleanableResource.get(ZipFile.java:844)
	at java.base/java.util.zip.ZipFile.<init>(ZipFile.java:247)
	at java.base/java.util.zip.ZipFile.<init>(ZipFile.java:177)
	at java.base/java.util.jar.JarFile.<init>(JarFile.java:348)
	... 96 more

Apr 16, 2021 2:15:56 PM org.apache.tomcat.util.scan.StandardJarScanner processURLs
WARNING: Failed to scan [file:/C:/Users/shado/.m2/repository/org/glassfish/jaxb/jaxb-runtime/2.3.1/stax-ex-1.8.jar] from classloader hierarchy
java.io.IOException: java.lang.reflect.InvocationTargetException
	at org.apache.tomcat.util.compat.Jre9Compat.jarFileNewInstance(Jre9Compat.java:209)
	at org.apache.tomcat.util.scan.JarFileUrlJar.<init>(JarFileUrlJar.java:65)
	at org.apache.tomcat.util.scan.JarFactory.newInstance(JarFactory.java:49)
	at org.apache.tomcat.util.scan.StandardJarScanner.process(StandardJarScanner.java:383)
	at org.apache.tomcat.util.scan.StandardJarScanner.processURLs(StandardJarScanner.java:318)
	at org.apache.tomcat.util.scan.StandardJarScanner.doScanClassPath(StandardJarScanner.java:282)
	at org.apache.tomcat.util.scan.StandardJarScanner.scan(StandardJarScanner.java:233)
	at org.apache.jasper.servlet.TldScanner.scanJars(TldScanner.java:262)
	at org.apache.jasper.servlet.TldScanner.scan(TldScanner.java:104)
	at org.apache.jasper.servlet.JasperInitializer.onStartup(JasperInitializer.java:83)
	at org.apache.catalina.core.StandardContext.startInternal(StandardContext.java:5166)
	at org.apache.catalina.util.LifecycleBase.start(LifecycleBase.java:183)
	at org.apache.catalina.core.ContainerBase$StartChild.call(ContainerBase.java:1384)
	at org.apache.catalina.core.ContainerBase$StartChild.call(ContainerBase.java:1374)
	at java.base/java.util.concurrent.FutureTask.run(FutureTask.java:264)
	at org.apache.tomcat.util.threads.InlineExecutorService.execute(InlineExecutorService.java:75)
	at java.base/java.util.concurrent.AbstractExecutorService.submit(AbstractExecutorService.java:140)
	at org.apache.catalina.core.ContainerBase.startInternal(ContainerBase.java:909)
	at org.apache.catalina.core.StandardHost.startInternal(StandardHost.java:843)
	at org.apache.catalina.util.LifecycleBase.start(LifecycleBase.java:183)
	at org.apache.catalina.core.ContainerBase$StartChild.call(ContainerBase.java:1384)
	at org.apache.catalina.core.ContainerBase$StartChild.call(ContainerBase.java:1374)
	at java.base/java.util.concurrent.FutureTask.run(FutureTask.java:264)
	at org.apache.tomcat.util.threads.InlineExecutorService.execute(InlineExecutorService.java:75)
	at java.base/java.util.concurrent.AbstractExecutorService.submit(AbstractExecutorService.java:140)
	at org.apache.catalina.core.ContainerBase.startInternal(ContainerBase.java:909)
	at org.apache.catalina.core.StandardEngine.startInternal(StandardEngine.java:262)
	at org.apache.catalina.util.LifecycleBase.start(LifecycleBase.java:183)
	at org.apache.catalina.core.StandardService.startInternal(StandardService.java:434)
	at org.apache.catalina.util.LifecycleBase.start(LifecycleBase.java:183)
	at org.apache.catalina.core.StandardServer.startInternal(StandardServer.java:930)
	at org.apache.catalina.util.LifecycleBase.start(LifecycleBase.java:183)
	at org.apache.catalina.startup.Tomcat.start(Tomcat.java:486)
	at common.TomcatStartUp.createTomcat(TomcatStartUp.java:20)
	at logic.DonationRecordTest.setUpBeforeClass(DonationRecordTest.java:44)
	at java.base/jdk.internal.reflect.NativeMethodAccessorImpl.invoke0(Native Method)
	at java.base/jdk.internal.reflect.NativeMethodAccessorImpl.invoke(NativeMethodAccessorImpl.java:62)
	at java.base/jdk.internal.reflect.DelegatingMethodAccessorImpl.invoke(DelegatingMethodAccessorImpl.java:43)
	at java.base/java.lang.reflect.Method.invoke(Method.java:566)
	at org.junit.platform.commons.util.ReflectionUtils.invokeMethod(ReflectionUtils.java:688)
	at org.junit.jupiter.engine.execution.MethodInvocation.proceed(MethodInvocation.java:60)
	at org.junit.jupiter.engine.execution.InvocationInterceptorChain$ValidatingInvocation.proceed(InvocationInterceptorChain.java:131)
	at org.junit.jupiter.engine.extension.TimeoutExtension.intercept(TimeoutExtension.java:149)
	at org.junit.jupiter.engine.extension.TimeoutExtension.interceptLifecycleMethod(TimeoutExtension.java:126)
	at org.junit.jupiter.engine.extension.TimeoutExtension.interceptBeforeAllMethod(TimeoutExtension.java:68)
	at org.junit.jupiter.engine.execution.ExecutableInvoker$ReflectiveInterceptorCall.lambda$ofVoidMethod$0(ExecutableInvoker.java:115)
	at org.junit.jupiter.engine.execution.ExecutableInvoker.lambda$invoke$0(ExecutableInvoker.java:105)
	at org.junit.jupiter.engine.execution.InvocationInterceptorChain$InterceptedInvocation.proceed(InvocationInterceptorChain.java:106)
	at org.junit.jupiter.engine.execution.InvocationInterceptorChain.proceed(InvocationInterceptorChain.java:64)
	at org.junit.jupiter.engine.execution.InvocationInterceptorChain.chainAndInvoke(InvocationInterceptorChain.java:45)
	at org.junit.jupiter.engine.execution.InvocationInterceptorChain.invoke(InvocationInterceptorChain.java:37)
	at org.junit.jupiter.engine.execution.ExecutableInvoker.invoke(ExecutableInvoker.java:104)
	at org.junit.jupiter.engine.execution.ExecutableInvoker.invoke(ExecutableInvoker.java:98)
	at org.junit.jupiter.engine.descriptor.ClassBasedTestDescriptor.lambda$invokeBeforeAllMethods$9(ClassBasedTestDescriptor.java:384)
	at org.junit.platform.engine.support.hierarchical.ThrowableCollector.execute(ThrowableCollector.java:73)
	at org.junit.jupiter.engine.descriptor.ClassBasedTestDescriptor.invokeBeforeAllMethods(ClassBasedTestDescriptor.java:382)
	at org.junit.jupiter.engine.descriptor.ClassBasedTestDescriptor.before(ClassBasedTestDescriptor.java:196)
	at org.junit.jupiter.engine.descriptor.ClassBasedTestDescriptor.before(ClassBasedTestDescriptor.java:78)
	at org.junit.platform.engine.support.hierarchical.NodeTestTask.lambda$executeRecursively$5(NodeTestTask.java:136)
	at org.junit.platform.engine.support.hierarchical.ThrowableCollector.execute(ThrowableCollector.java:73)
	at org.junit.platform.engine.support.hierarchical.NodeTestTask.lambda$executeRecursively$7(NodeTestTask.java:129)
	at org.junit.platform.engine.support.hierarchical.Node.around(Node.java:137)
	at org.junit.platform.engine.support.hierarchical.NodeTestTask.lambda$executeRecursively$8(NodeTestTask.java:127)
	at org.junit.platform.engine.support.hierarchical.ThrowableCollector.execute(ThrowableCollector.java:73)
	at org.junit.platform.engine.support.hierarchical.NodeTestTask.executeRecursively(NodeTestTask.java:126)
	at org.junit.platform.engine.support.hierarchical.NodeTestTask.execute(NodeTestTask.java:84)
	at java.base/java.util.ArrayList.forEach(ArrayList.java:1541)
	at org.junit.platform.engine.support.hierarchical.SameThreadHierarchicalTestExecutorService.invokeAll(SameThreadHierarchicalTestExecutorService.java:38)
	at org.junit.platform.engine.support.hierarchical.NodeTestTask.lambda$executeRecursively$5(NodeTestTask.java:143)
	at org.junit.platform.engine.support.hierarchical.ThrowableCollector.execute(ThrowableCollector.java:73)
	at org.junit.platform.engine.support.hierarchical.NodeTestTask.lambda$executeRecursively$7(NodeTestTask.java:129)
	at org.junit.platform.engine.support.hierarchical.Node.around(Node.java:137)
	at org.junit.platform.engine.support.hierarchical.NodeTestTask.lambda$executeRecursively$8(NodeTestTask.java:127)
	at org.junit.platform.engine.support.hierarchical.ThrowableCollector.execute(ThrowableCollector.java:73)
	at org.junit.platform.engine.support.hierarchical.NodeTestTask.executeRecursively(NodeTestTask.java:126)
	at org.junit.platform.engine.support.hierarchical.NodeTestTask.execute(NodeTestTask.java:84)
	at org.junit.platform.engine.support.hierarchical.SameThreadHierarchicalTestExecutorService.submit(SameThreadHierarchicalTestExecutorService.java:32)
	at org.junit.platform.engine.support.hierarchical.HierarchicalTestExecutor.execute(HierarchicalTestExecutor.java:57)
	at org.junit.platform.engine.support.hierarchical.HierarchicalTestEngine.execute(HierarchicalTestEngine.java:51)
	at org.junit.platform.launcher.core.EngineExecutionOrchestrator.execute(EngineExecutionOrchestrator.java:108)
	at org.junit.platform.launcher.core.EngineExecutionOrchestrator.execute(EngineExecutionOrchestrator.java:88)
	at org.junit.platform.launcher.core.EngineExecutionOrchestrator.lambda$execute$0(EngineExecutionOrchestrator.java:54)
	at org.junit.platform.launcher.core.EngineExecutionOrchestrator.withInterceptedStreams(EngineExecutionOrchestrator.java:67)
	at org.junit.platform.launcher.core.EngineExecutionOrchestrator.execute(EngineExecutionOrchestrator.java:52)
	at org.junit.platform.launcher.core.DefaultLauncher.execute(DefaultLauncher.java:96)
	at org.junit.platform.launcher.core.DefaultLauncher.execute(DefaultLauncher.java:75)
	at org.apache.maven.surefire.junitplatform.JUnitPlatformProvider.execute(JUnitPlatformProvider.java:188)
	at org.apache.maven.surefire.junitplatform.JUnitPlatformProvider.invokeAllTests(JUnitPlatformProvider.java:154)
	at org.apache.maven.surefire.junitplatform.JUnitPlatformProvider.invoke(JUnitPlatformProvider.java:128)
	at org.apache.maven.surefire.booter.ForkedBooter.runSuitesInProcess(ForkedBooter.java:428)
	at org.apache.maven.surefire.booter.ForkedBooter.execute(ForkedBooter.java:162)
	at org.apache.maven.surefire.booter.ForkedBooter.run(ForkedBooter.java:562)
	at org.apache.maven.surefire.booter.ForkedBooter.main(ForkedBooter.java:548)
Caused by: java.lang.reflect.InvocationTargetException
	at java.base/jdk.internal.reflect.GeneratedConstructorAccessor16.newInstance(Unknown Source)
	at java.base/jdk.internal.reflect.DelegatingConstructorAccessorImpl.newInstance(DelegatingConstructorAccessorImpl.java:45)
	at java.base/java.lang.reflect.Constructor.newInstance(Constructor.java:490)
	at org.apache.tomcat.util.compat.Jre9Compat.jarFileNewInstance(Jre9Compat.java:206)
	... 92 more
Caused by: java.nio.file.NoSuchFileException: C:\Users\shado\.m2\repository\org\glassfish\jaxb\jaxb-runtime\2.3.1\stax-ex-1.8.jar
	at java.base/sun.nio.fs.WindowsException.translateToIOException(WindowsException.java:85)
	at java.base/sun.nio.fs.WindowsException.rethrowAsIOException(WindowsException.java:103)
	at java.base/sun.nio.fs.WindowsException.rethrowAsIOException(WindowsException.java:108)
	at java.base/sun.nio.fs.WindowsFileAttributeViews$Basic.readAttributes(WindowsFileAttributeViews.java:53)
	at java.base/sun.nio.fs.WindowsFileAttributeViews$Basic.readAttributes(WindowsFileAttributeViews.java:38)
	at java.base/sun.nio.fs.WindowsFileSystemProvider.readAttributes(WindowsFileSystemProvider.java:198)
	at java.base/java.nio.file.Files.readAttributes(Files.java:1763)
	at java.base/java.util.zip.ZipFile$Source.get(ZipFile.java:1225)
	at java.base/java.util.zip.ZipFile$CleanableResource.<init>(ZipFile.java:727)
	at java.base/java.util.zip.ZipFile$CleanableResource.get(ZipFile.java:844)
	at java.base/java.util.zip.ZipFile.<init>(ZipFile.java:247)
	at java.base/java.util.zip.ZipFile.<init>(ZipFile.java:177)
	at java.base/java.util.jar.JarFile.<init>(JarFile.java:348)
	... 96 more

Apr 16, 2021 2:15:56 PM org.apache.tomcat.util.scan.StandardJarScanner processURLs
WARNING: Failed to scan [file:/C:/Users/shado/.m2/repository/org/glassfish/jaxb/jaxb-runtime/2.3.1/FastInfoset-1.2.15.jar] from classloader hierarchy
java.io.IOException: java.lang.reflect.InvocationTargetException
	at org.apache.tomcat.util.compat.Jre9Compat.jarFileNewInstance(Jre9Compat.java:209)
	at org.apache.tomcat.util.scan.JarFileUrlJar.<init>(JarFileUrlJar.java:65)
	at org.apache.tomcat.util.scan.JarFactory.newInstance(JarFactory.java:49)
	at org.apache.tomcat.util.scan.StandardJarScanner.process(StandardJarScanner.java:383)
	at org.apache.tomcat.util.scan.StandardJarScanner.processURLs(StandardJarScanner.java:318)
	at org.apache.tomcat.util.scan.StandardJarScanner.doScanClassPath(StandardJarScanner.java:282)
	at org.apache.tomcat.util.scan.StandardJarScanner.scan(StandardJarScanner.java:233)
	at org.apache.jasper.servlet.TldScanner.scanJars(TldScanner.java:262)
	at org.apache.jasper.servlet.TldScanner.scan(TldScanner.java:104)
	at org.apache.jasper.servlet.JasperInitializer.onStartup(JasperInitializer.java:83)
	at org.apache.catalina.core.StandardContext.startInternal(StandardContext.java:5166)
	at org.apache.catalina.util.LifecycleBase.start(LifecycleBase.java:183)
	at org.apache.catalina.core.ContainerBase$StartChild.call(ContainerBase.java:1384)
	at org.apache.catalina.core.ContainerBase$StartChild.call(ContainerBase.java:1374)
	at java.base/java.util.concurrent.FutureTask.run(FutureTask.java:264)
	at org.apache.tomcat.util.threads.InlineExecutorService.execute(InlineExecutorService.java:75)
	at java.base/java.util.concurrent.AbstractExecutorService.submit(AbstractExecutorService.java:140)
	at org.apache.catalina.core.ContainerBase.startInternal(ContainerBase.java:909)
	at org.apache.catalina.core.StandardHost.startInternal(StandardHost.java:843)
	at org.apache.catalina.util.LifecycleBase.start(LifecycleBase.java:183)
	at org.apache.catalina.core.ContainerBase$StartChild.call(ContainerBase.java:1384)
	at org.apache.catalina.core.ContainerBase$StartChild.call(ContainerBase.java:1374)
	at java.base/java.util.concurrent.FutureTask.run(FutureTask.java:264)
	at org.apache.tomcat.util.threads.InlineExecutorService.execute(InlineExecutorService.java:75)
	at java.base/java.util.concurrent.AbstractExecutorService.submit(AbstractExecutorService.java:140)
	at org.apache.catalina.core.ContainerBase.startInternal(ContainerBase.java:909)
	at org.apache.catalina.core.StandardEngine.startInternal(StandardEngine.java:262)
	at org.apache.catalina.util.LifecycleBase.start(LifecycleBase.java:183)
	at org.apache.catalina.core.StandardService.startInternal(StandardService.java:434)
	at org.apache.catalina.util.LifecycleBase.start(LifecycleBase.java:183)
	at org.apache.catalina.core.StandardServer.startInternal(StandardServer.java:930)
	at org.apache.catalina.util.LifecycleBase.start(LifecycleBase.java:183)
	at org.apache.catalina.startup.Tomcat.start(Tomcat.java:486)
	at common.TomcatStartUp.createTomcat(TomcatStartUp.java:20)
	at logic.DonationRecordTest.setUpBeforeClass(DonationRecordTest.java:44)
	at java.base/jdk.internal.reflect.NativeMethodAccessorImpl.invoke0(Native Method)
	at java.base/jdk.internal.reflect.NativeMethodAccessorImpl.invoke(NativeMethodAccessorImpl.java:62)
	at java.base/jdk.internal.reflect.DelegatingMethodAccessorImpl.invoke(DelegatingMethodAccessorImpl.java:43)
	at java.base/java.lang.reflect.Method.invoke(Method.java:566)
	at org.junit.platform.commons.util.ReflectionUtils.invokeMethod(ReflectionUtils.java:688)
	at org.junit.jupiter.engine.execution.MethodInvocation.proceed(MethodInvocation.java:60)
	at org.junit.jupiter.engine.execution.InvocationInterceptorChain$ValidatingInvocation.proceed(InvocationInterceptorChain.java:131)
	at org.junit.jupiter.engine.extension.TimeoutExtension.intercept(TimeoutExtension.java:149)
	at org.junit.jupiter.engine.extension.TimeoutExtension.interceptLifecycleMethod(TimeoutExtension.java:126)
	at org.junit.jupiter.engine.extension.TimeoutExtension.interceptBeforeAllMethod(TimeoutExtension.java:68)
	at org.junit.jupiter.engine.execution.ExecutableInvoker$ReflectiveInterceptorCall.lambda$ofVoidMethod$0(ExecutableInvoker.java:115)
	at org.junit.jupiter.engine.execution.ExecutableInvoker.lambda$invoke$0(ExecutableInvoker.java:105)
	at org.junit.jupiter.engine.execution.InvocationInterceptorChain$InterceptedInvocation.proceed(InvocationInterceptorChain.java:106)
	at org.junit.jupiter.engine.execution.InvocationInterceptorChain.proceed(InvocationInterceptorChain.java:64)
	at org.junit.jupiter.engine.execution.InvocationInterceptorChain.chainAndInvoke(InvocationInterceptorChain.java:45)
	at org.junit.jupiter.engine.execution.InvocationInterceptorChain.invoke(InvocationInterceptorChain.java:37)
	at org.junit.jupiter.engine.execution.ExecutableInvoker.invoke(ExecutableInvoker.java:104)
	at org.junit.jupiter.engine.execution.ExecutableInvoker.invoke(ExecutableInvoker.java:98)
	at org.junit.jupiter.engine.descriptor.ClassBasedTestDescriptor.lambda$invokeBeforeAllMethods$9(ClassBasedTestDescriptor.java:384)
	at org.junit.platform.engine.support.hierarchical.ThrowableCollector.execute(ThrowableCollector.java:73)
	at org.junit.jupiter.engine.descriptor.ClassBasedTestDescriptor.invokeBeforeAllMethods(ClassBasedTestDescriptor.java:382)
	at org.junit.jupiter.engine.descriptor.ClassBasedTestDescriptor.before(ClassBasedTestDescriptor.java:196)
	at org.junit.jupiter.engine.descriptor.ClassBasedTestDescriptor.before(ClassBasedTestDescriptor.java:78)
	at org.junit.platform.engine.support.hierarchical.NodeTestTask.lambda$executeRecursively$5(NodeTestTask.java:136)
	at org.junit.platform.engine.support.hierarchical.ThrowableCollector.execute(ThrowableCollector.java:73)
	at org.junit.platform.engine.support.hierarchical.NodeTestTask.lambda$executeRecursively$7(NodeTestTask.java:129)
	at org.junit.platform.engine.support.hierarchical.Node.around(Node.java:137)
	at org.junit.platform.engine.support.hierarchical.NodeTestTask.lambda$executeRecursively$8(NodeTestTask.java:127)
	at org.junit.platform.engine.support.hierarchical.ThrowableCollector.execute(ThrowableCollector.java:73)
	at org.junit.platform.engine.support.hierarchical.NodeTestTask.executeRecursively(NodeTestTask.java:126)
	at org.junit.platform.engine.support.hierarchical.NodeTestTask.execute(NodeTestTask.java:84)
	at java.base/java.util.ArrayList.forEach(ArrayList.java:1541)
	at org.junit.platform.engine.support.hierarchical.SameThreadHierarchicalTestExecutorService.invokeAll(SameThreadHierarchicalTestExecutorService.java:38)
	at org.junit.platform.engine.support.hierarchical.NodeTestTask.lambda$executeRecursively$5(NodeTestTask.java:143)
	at org.junit.platform.engine.support.hierarchical.ThrowableCollector.execute(ThrowableCollector.java:73)
	at org.junit.platform.engine.support.hierarchical.NodeTestTask.lambda$executeRecursively$7(NodeTestTask.java:129)
	at org.junit.platform.engine.support.hierarchical.Node.around(Node.java:137)
	at org.junit.platform.engine.support.hierarchical.NodeTestTask.lambda$executeRecursively$8(NodeTestTask.java:127)
	at org.junit.platform.engine.support.hierarchical.ThrowableCollector.execute(ThrowableCollector.java:73)
	at org.junit.platform.engine.support.hierarchical.NodeTestTask.executeRecursively(NodeTestTask.java:126)
	at org.junit.platform.engine.support.hierarchical.NodeTestTask.execute(NodeTestTask.java:84)
	at org.junit.platform.engine.support.hierarchical.SameThreadHierarchicalTestExecutorService.submit(SameThreadHierarchicalTestExecutorService.java:32)
	at org.junit.platform.engine.support.hierarchical.HierarchicalTestExecutor.execute(HierarchicalTestExecutor.java:57)
	at org.junit.platform.engine.support.hierarchical.HierarchicalTestEngine.execute(HierarchicalTestEngine.java:51)
	at org.junit.platform.launcher.core.EngineExecutionOrchestrator.execute(EngineExecutionOrchestrator.java:108)
	at org.junit.platform.launcher.core.EngineExecutionOrchestrator.execute(EngineExecutionOrchestrator.java:88)
	at org.junit.platform.launcher.core.EngineExecutionOrchestrator.lambda$execute$0(EngineExecutionOrchestrator.java:54)
	at org.junit.platform.launcher.core.EngineExecutionOrchestrator.withInterceptedStreams(EngineExecutionOrchestrator.java:67)
	at org.junit.platform.launcher.core.EngineExecutionOrchestrator.execute(EngineExecutionOrchestrator.java:52)
	at org.junit.platform.launcher.core.DefaultLauncher.execute(DefaultLauncher.java:96)
	at org.junit.platform.launcher.core.DefaultLauncher.execute(DefaultLauncher.java:75)
	at org.apache.maven.surefire.junitplatform.JUnitPlatformProvider.execute(JUnitPlatformProvider.java:188)
	at org.apache.maven.surefire.junitplatform.JUnitPlatformProvider.invokeAllTests(JUnitPlatformProvider.java:154)
	at org.apache.maven.surefire.junitplatform.JUnitPlatformProvider.invoke(JUnitPlatformProvider.java:128)
	at org.apache.maven.surefire.booter.ForkedBooter.runSuitesInProcess(ForkedBooter.java:428)
	at org.apache.maven.surefire.booter.ForkedBooter.execute(ForkedBooter.java:162)
	at org.apache.maven.surefire.booter.ForkedBooter.run(ForkedBooter.java:562)
	at org.apache.maven.surefire.booter.ForkedBooter.main(ForkedBooter.java:548)
Caused by: java.lang.reflect.InvocationTargetException
	at java.base/jdk.internal.reflect.GeneratedConstructorAccessor16.newInstance(Unknown Source)
	at java.base/jdk.internal.reflect.DelegatingConstructorAccessorImpl.newInstance(DelegatingConstructorAccessorImpl.java:45)
	at java.base/java.lang.reflect.Constructor.newInstance(Constructor.java:490)
	at org.apache.tomcat.util.compat.Jre9Compat.jarFileNewInstance(Jre9Compat.java:206)
	... 92 more
Caused by: java.nio.file.NoSuchFileException: C:\Users\shado\.m2\repository\org\glassfish\jaxb\jaxb-runtime\2.3.1\FastInfoset-1.2.15.jar
	at java.base/sun.nio.fs.WindowsException.translateToIOException(WindowsException.java:85)
	at java.base/sun.nio.fs.WindowsException.rethrowAsIOException(WindowsException.java:103)
	at java.base/sun.nio.fs.WindowsException.rethrowAsIOException(WindowsException.java:108)
	at java.base/sun.nio.fs.WindowsFileAttributeViews$Basic.readAttributes(WindowsFileAttributeViews.java:53)
	at java.base/sun.nio.fs.WindowsFileAttributeViews$Basic.readAttributes(WindowsFileAttributeViews.java:38)
	at java.base/sun.nio.fs.WindowsFileSystemProvider.readAttributes(WindowsFileSystemProvider.java:198)
	at java.base/java.nio.file.Files.readAttributes(Files.java:1763)
	at java.base/java.util.zip.ZipFile$Source.get(ZipFile.java:1225)
	at java.base/java.util.zip.ZipFile$CleanableResource.<init>(ZipFile.java:727)
	at java.base/java.util.zip.ZipFile$CleanableResource.get(ZipFile.java:844)
	at java.base/java.util.zip.ZipFile.<init>(ZipFile.java:247)
	at java.base/java.util.zip.ZipFile.<init>(ZipFile.java:177)
	at java.base/java.util.jar.JarFile.<init>(JarFile.java:348)
	... 96 more

Apr 16, 2021 2:15:56 PM org.apache.tomcat.util.scan.StandardJarScanner processURLs
WARNING: Failed to scan [file:/C:/Users/shado/.m2/repository/org/glassfish/jaxb/jaxb-runtime/2.3.1/javax.activation-api-1.2.0.jar] from classloader hierarchy
java.io.IOException: java.lang.reflect.InvocationTargetException
	at org.apache.tomcat.util.compat.Jre9Compat.jarFileNewInstance(Jre9Compat.java:209)
	at org.apache.tomcat.util.scan.JarFileUrlJar.<init>(JarFileUrlJar.java:65)
	at org.apache.tomcat.util.scan.JarFactory.newInstance(JarFactory.java:49)
	at org.apache.tomcat.util.scan.StandardJarScanner.process(StandardJarScanner.java:383)
	at org.apache.tomcat.util.scan.StandardJarScanner.processURLs(StandardJarScanner.java:318)
	at org.apache.tomcat.util.scan.StandardJarScanner.doScanClassPath(StandardJarScanner.java:282)
	at org.apache.tomcat.util.scan.StandardJarScanner.scan(StandardJarScanner.java:233)
	at org.apache.jasper.servlet.TldScanner.scanJars(TldScanner.java:262)
	at org.apache.jasper.servlet.TldScanner.scan(TldScanner.java:104)
	at org.apache.jasper.servlet.JasperInitializer.onStartup(JasperInitializer.java:83)
	at org.apache.catalina.core.StandardContext.startInternal(StandardContext.java:5166)
	at org.apache.catalina.util.LifecycleBase.start(LifecycleBase.java:183)
	at org.apache.catalina.core.ContainerBase$StartChild.call(ContainerBase.java:1384)
	at org.apache.catalina.core.ContainerBase$StartChild.call(ContainerBase.java:1374)
	at java.base/java.util.concurrent.FutureTask.run(FutureTask.java:264)
	at org.apache.tomcat.util.threads.InlineExecutorService.execute(InlineExecutorService.java:75)
	at java.base/java.util.concurrent.AbstractExecutorService.submit(AbstractExecutorService.java:140)
	at org.apache.catalina.core.ContainerBase.startInternal(ContainerBase.java:909)
	at org.apache.catalina.core.StandardHost.startInternal(StandardHost.java:843)
	at org.apache.catalina.util.LifecycleBase.start(LifecycleBase.java:183)
	at org.apache.catalina.core.ContainerBase$StartChild.call(ContainerBase.java:1384)
	at org.apache.catalina.core.ContainerBase$StartChild.call(ContainerBase.java:1374)
	at java.base/java.util.concurrent.FutureTask.run(FutureTask.java:264)
	at org.apache.tomcat.util.threads.InlineExecutorService.execute(InlineExecutorService.java:75)
	at java.base/java.util.concurrent.AbstractExecutorService.submit(AbstractExecutorService.java:140)
	at org.apache.catalina.core.ContainerBase.startInternal(ContainerBase.java:909)
	at org.apache.catalina.core.StandardEngine.startInternal(StandardEngine.java:262)
	at org.apache.catalina.util.LifecycleBase.start(LifecycleBase.java:183)
	at org.apache.catalina.core.StandardService.startInternal(StandardService.java:434)
	at org.apache.catalina.util.LifecycleBase.start(LifecycleBase.java:183)
	at org.apache.catalina.core.StandardServer.startInternal(StandardServer.java:930)
	at org.apache.catalina.util.LifecycleBase.start(LifecycleBase.java:183)
	at org.apache.catalina.startup.Tomcat.start(Tomcat.java:486)
	at common.TomcatStartUp.createTomcat(TomcatStartUp.java:20)
	at logic.DonationRecordTest.setUpBeforeClass(DonationRecordTest.java:44)
	at java.base/jdk.internal.reflect.NativeMethodAccessorImpl.invoke0(Native Method)
	at java.base/jdk.internal.reflect.NativeMethodAccessorImpl.invoke(NativeMethodAccessorImpl.java:62)
	at java.base/jdk.internal.reflect.DelegatingMethodAccessorImpl.invoke(DelegatingMethodAccessorImpl.java:43)
	at java.base/java.lang.reflect.Method.invoke(Method.java:566)
	at org.junit.platform.commons.util.ReflectionUtils.invokeMethod(ReflectionUtils.java:688)
	at org.junit.jupiter.engine.execution.MethodInvocation.proceed(MethodInvocation.java:60)
	at org.junit.jupiter.engine.execution.InvocationInterceptorChain$ValidatingInvocation.proceed(InvocationInterceptorChain.java:131)
	at org.junit.jupiter.engine.extension.TimeoutExtension.intercept(TimeoutExtension.java:149)
	at org.junit.jupiter.engine.extension.TimeoutExtension.interceptLifecycleMethod(TimeoutExtension.java:126)
	at org.junit.jupiter.engine.extension.TimeoutExtension.interceptBeforeAllMethod(TimeoutExtension.java:68)
	at org.junit.jupiter.engine.execution.ExecutableInvoker$ReflectiveInterceptorCall.lambda$ofVoidMethod$0(ExecutableInvoker.java:115)
	at org.junit.jupiter.engine.execution.ExecutableInvoker.lambda$invoke$0(ExecutableInvoker.java:105)
	at org.junit.jupiter.engine.execution.InvocationInterceptorChain$InterceptedInvocation.proceed(InvocationInterceptorChain.java:106)
	at org.junit.jupiter.engine.execution.InvocationInterceptorChain.proceed(InvocationInterceptorChain.java:64)
	at org.junit.jupiter.engine.execution.InvocationInterceptorChain.chainAndInvoke(InvocationInterceptorChain.java:45)
	at org.junit.jupiter.engine.execution.InvocationInterceptorChain.invoke(InvocationInterceptorChain.java:37)
	at org.junit.jupiter.engine.execution.ExecutableInvoker.invoke(ExecutableInvoker.java:104)
	at org.junit.jupiter.engine.execution.ExecutableInvoker.invoke(ExecutableInvoker.java:98)
	at org.junit.jupiter.engine.descriptor.ClassBasedTestDescriptor.lambda$invokeBeforeAllMethods$9(ClassBasedTestDescriptor.java:384)
	at org.junit.platform.engine.support.hierarchical.ThrowableCollector.execute(ThrowableCollector.java:73)
	at org.junit.jupiter.engine.descriptor.ClassBasedTestDescriptor.invokeBeforeAllMethods(ClassBasedTestDescriptor.java:382)
	at org.junit.jupiter.engine.descriptor.ClassBasedTestDescriptor.before(ClassBasedTestDescriptor.java:196)
	at org.junit.jupiter.engine.descriptor.ClassBasedTestDescriptor.before(ClassBasedTestDescriptor.java:78)
	at org.junit.platform.engine.support.hierarchical.NodeTestTask.lambda$executeRecursively$5(NodeTestTask.java:136)
	at org.junit.platform.engine.support.hierarchical.ThrowableCollector.execute(ThrowableCollector.java:73)
	at org.junit.platform.engine.support.hierarchical.NodeTestTask.lambda$executeRecursively$7(NodeTestTask.java:129)
	at org.junit.platform.engine.support.hierarchical.Node.around(Node.java:137)
	at org.junit.platform.engine.support.hierarchical.NodeTestTask.lambda$executeRecursively$8(NodeTestTask.java:127)
	at org.junit.platform.engine.support.hierarchical.ThrowableCollector.execute(ThrowableCollector.java:73)
	at org.junit.platform.engine.support.hierarchical.NodeTestTask.executeRecursively(NodeTestTask.java:126)
	at org.junit.platform.engine.support.hierarchical.NodeTestTask.execute(NodeTestTask.java:84)
	at java.base/java.util.ArrayList.forEach(ArrayList.java:1541)
	at org.junit.platform.engine.support.hierarchical.SameThreadHierarchicalTestExecutorService.invokeAll(SameThreadHierarchicalTestExecutorService.java:38)
	at org.junit.platform.engine.support.hierarchical.NodeTestTask.lambda$executeRecursively$5(NodeTestTask.java:143)
	at org.junit.platform.engine.support.hierarchical.ThrowableCollector.execute(ThrowableCollector.java:73)
	at org.junit.platform.engine.support.hierarchical.NodeTestTask.lambda$executeRecursively$7(NodeTestTask.java:129)
	at org.junit.platform.engine.support.hierarchical.Node.around(Node.java:137)
	at org.junit.platform.engine.support.hierarchical.NodeTestTask.lambda$executeRecursively$8(NodeTestTask.java:127)
	at org.junit.platform.engine.support.hierarchical.ThrowableCollector.execute(ThrowableCollector.java:73)
	at org.junit.platform.engine.support.hierarchical.NodeTestTask.executeRecursively(NodeTestTask.java:126)
	at org.junit.platform.engine.support.hierarchical.NodeTestTask.execute(NodeTestTask.java:84)
	at org.junit.platform.engine.support.hierarchical.SameThreadHierarchicalTestExecutorService.submit(SameThreadHierarchicalTestExecutorService.java:32)
	at org.junit.platform.engine.support.hierarchical.HierarchicalTestExecutor.execute(HierarchicalTestExecutor.java:57)
	at org.junit.platform.engine.support.hierarchical.HierarchicalTestEngine.execute(HierarchicalTestEngine.java:51)
	at org.junit.platform.launcher.core.EngineExecutionOrchestrator.execute(EngineExecutionOrchestrator.java:108)
	at org.junit.platform.launcher.core.EngineExecutionOrchestrator.execute(EngineExecutionOrchestrator.java:88)
	at org.junit.platform.launcher.core.EngineExecutionOrchestrator.lambda$execute$0(EngineExecutionOrchestrator.java:54)
	at org.junit.platform.launcher.core.EngineExecutionOrchestrator.withInterceptedStreams(EngineExecutionOrchestrator.java:67)
	at org.junit.platform.launcher.core.EngineExecutionOrchestrator.execute(EngineExecutionOrchestrator.java:52)
	at org.junit.platform.launcher.core.DefaultLauncher.execute(DefaultLauncher.java:96)
	at org.junit.platform.launcher.core.DefaultLauncher.execute(DefaultLauncher.java:75)
	at org.apache.maven.surefire.junitplatform.JUnitPlatformProvider.execute(JUnitPlatformProvider.java:188)
	at org.apache.maven.surefire.junitplatform.JUnitPlatformProvider.invokeAllTests(JUnitPlatformProvider.java:154)
	at org.apache.maven.surefire.junitplatform.JUnitPlatformProvider.invoke(JUnitPlatformProvider.java:128)
	at org.apache.maven.surefire.booter.ForkedBooter.runSuitesInProcess(ForkedBooter.java:428)
	at org.apache.maven.surefire.booter.ForkedBooter.execute(ForkedBooter.java:162)
	at org.apache.maven.surefire.booter.ForkedBooter.run(ForkedBooter.java:562)
	at org.apache.maven.surefire.booter.ForkedBooter.main(ForkedBooter.java:548)
Caused by: java.lang.reflect.InvocationTargetException
	at java.base/jdk.internal.reflect.GeneratedConstructorAccessor16.newInstance(Unknown Source)
	at java.base/jdk.internal.reflect.DelegatingConstructorAccessorImpl.newInstance(DelegatingConstructorAccessorImpl.java:45)
	at java.base/java.lang.reflect.Constructor.newInstance(Constructor.java:490)
	at org.apache.tomcat.util.compat.Jre9Compat.jarFileNewInstance(Jre9Compat.java:206)
	... 92 more
Caused by: java.nio.file.NoSuchFileException: C:\Users\shado\.m2\repository\org\glassfish\jaxb\jaxb-runtime\2.3.1\javax.activation-api-1.2.0.jar
	at java.base/sun.nio.fs.WindowsException.translateToIOException(WindowsException.java:85)
	at java.base/sun.nio.fs.WindowsException.rethrowAsIOException(WindowsException.java:103)
	at java.base/sun.nio.fs.WindowsException.rethrowAsIOException(WindowsException.java:108)
	at java.base/sun.nio.fs.WindowsFileAttributeViews$Basic.readAttributes(WindowsFileAttributeViews.java:53)
	at java.base/sun.nio.fs.WindowsFileAttributeViews$Basic.readAttributes(WindowsFileAttributeViews.java:38)
	at java.base/sun.nio.fs.WindowsFileSystemProvider.readAttributes(WindowsFileSystemProvider.java:198)
	at java.base/java.nio.file.Files.readAttributes(Files.java:1763)
	at java.base/java.util.zip.ZipFile$Source.get(ZipFile.java:1225)
	at java.base/java.util.zip.ZipFile$CleanableResource.<init>(ZipFile.java:727)
	at java.base/java.util.zip.ZipFile$CleanableResource.get(ZipFile.java:844)
	at java.base/java.util.zip.ZipFile.<init>(ZipFile.java:247)
	at java.base/java.util.zip.ZipFile.<init>(ZipFile.java:177)
	at java.base/java.util.jar.JarFile.<init>(JarFile.java:348)
	... 96 more

Apr 16, 2021 2:15:56 PM org.apache.jasper.servlet.TldScanner scanJars
INFO: At least one JAR was scanned for TLDs yet contained no TLDs. Enable debug logging for this logger for a complete list of JARs that were scanned but no TLDs were found in them. Skipping unneeded JARs during scanning can improve startup time and JSP compilation time.
Apr 16, 2021 2:15:58 PM org.apache.catalina.util.SessionIdGeneratorBase createSecureRandom
WARNING: Creation of SecureRandom instance for session ID generation using [SHA1PRNG] took [271] milliseconds.
]]></system-err>
  </testcase>
  <testcase name="testCreateEntityNullAndEmptyValues" classname="logic.DonationRecordTest" time="0.044">
    <system-out><![CDATA[2021-04-16T14:15:59,095|[DEBUG] EMFactory - getting EntityManagerFactory
2021-04-16T14:15:59,095|[DEBUG] EMFactory - initializeing EntityManagerFactory
2021-04-16T14:15:59,096|[DEBUG] SQL - 
    select
        person0_.id as id1_4_0_,
        person0_.address as address2_4_0_,
        person0_.birth as birth3_4_0_,
        person0_.first_name as first_na4_4_0_,
        person0_.last_name as last_nam5_4_0_,
        person0_.phone as phone6_4_0_ 
    from
        simplebloodbank.person person0_ 
    where
        person0_.id=?
2021-04-16T14:15:59,096|[TRACE] BasicBinder - binding parameter [1] as [INTEGER] - [1]
2021-04-16T14:15:59,097|[DEBUG] SQL - 
    select
        blooddonat0_.donation_id as donation1_2_0_,
        blooddonat0_.bank_id as bank_id6_2_0_,
        blooddonat0_.blood_group as blood_gr2_2_0_,
        blooddonat0_.created as created3_2_0_,
        blooddonat0_.milliliters as millilit4_2_0_,
        blooddonat0_.rhd as rhd5_2_0_ 
    from
        simplebloodbank.blood_donation blooddonat0_ 
    where
        blooddonat0_.donation_id=?
2021-04-16T14:15:59,097|[TRACE] BasicBinder - binding parameter [1] as [INTEGER] - [1]
2021-04-16T14:15:59,098|[TRACE] BasicExtractor - extracted value ([bank_id6_2_0_] : [INTEGER]) - [null]
2021-04-16T14:15:59,099|[TRACE] BasicExtractor - extracted value ([blood_gr2_2_0_] : [VARCHAR]) - [B]
2021-04-16T14:15:59,099|[TRACE] BasicExtractor - extracted value ([created3_2_0_] : [TIMESTAMP]) - [1111-11-11 11:11:11.0]
2021-04-16T14:15:59,099|[TRACE] BasicExtractor - extracted value ([millilit4_2_0_] : [INTEGER]) - [100]
2021-04-16T14:15:59,099|[TRACE] BasicExtractor - extracted value ([rhd5_2_0_] : [VARCHAR]) - [+]
2021-04-16T14:15:59,099|[DEBUG] AttributeConverterSqlTypeDescriptorAdapter - Converted value on extraction: + -> Positive
2021-04-16T14:15:59,105|[DEBUG] SQL - 
    /* insert entity.Person
        */ insert 
        into
            simplebloodbank.person
            (address, birth, first_name, last_name, phone) 
        values
            (?, ?, ?, ?, ?)
2021-04-16T14:15:59,106|[TRACE] BasicBinder - binding parameter [1] as [VARCHAR] - [123 JUnit5 Street]
2021-04-16T14:15:59,106|[TRACE] BasicBinder - binding parameter [2] as [TIMESTAMP] - [Sat Nov 11 11:11:11 EST 1111]
2021-04-16T14:15:59,106|[TRACE] BasicBinder - binding parameter [3] as [VARCHAR] - [Bella]
2021-04-16T14:15:59,106|[TRACE] BasicBinder - binding parameter [4] as [VARCHAR] - [Smiths]
2021-04-16T14:15:59,106|[TRACE] BasicBinder - binding parameter [5] as [VARCHAR] - [123456789]
2021-04-16T14:15:59,108|[DEBUG] SQL - 
    /* insert entity.DonationRecord
        */ insert 
        into
            simplebloodbank.donation_record
            (administrator, donation_id, created, hospital, person_id, tested) 
        values
            (?, ?, ?, ?, ?, ?)
2021-04-16T14:15:59,109|[TRACE] BasicBinder - binding parameter [1] as [VARCHAR] - [Anna]
2021-04-16T14:15:59,109|[TRACE] BasicBinder - binding parameter [2] as [INTEGER] - [1]
2021-04-16T14:15:59,109|[TRACE] BasicBinder - binding parameter [3] as [TIMESTAMP] - [Sat Nov 11 11:11:11 EST 1111]
2021-04-16T14:15:59,109|[TRACE] BasicBinder - binding parameter [4] as [VARCHAR] - [Sunshine Hospital]
2021-04-16T14:15:59,109|[TRACE] BasicBinder - binding parameter [5] as [INTEGER] - [3]
2021-04-16T14:15:59,109|[TRACE] BasicBinder - binding parameter [6] as [BOOLEAN] - [true]
2021-04-16T14:15:59,126|[DEBUG] EMFactory - getting EntityManagerFactory
2021-04-16T14:15:59,126|[DEBUG] EMFactory - initializeing EntityManagerFactory
2021-04-16T14:15:59,127|[DEBUG] SQL - 
    /* load entity.DonationRecord */ select
        donationre0_.record_id as record_i1_3_0_,
        donationre0_.administrator as administ2_3_0_,
        donationre0_.donation_id as donation6_3_0_,
        donationre0_.created as created3_3_0_,
        donationre0_.hospital as hospital4_3_0_,
        donationre0_.person_id as person_i7_3_0_,
        donationre0_.tested as tested5_3_0_ 
    from
        simplebloodbank.donation_record donationre0_ 
    where
        donationre0_.record_id=?
2021-04-16T14:15:59,127|[TRACE] BasicBinder - binding parameter [1] as [INTEGER] - [2]
2021-04-16T14:15:59,129|[TRACE] BasicExtractor - extracted value ([administ2_3_0_] : [VARCHAR]) - [Anna]
2021-04-16T14:15:59,129|[TRACE] BasicExtractor - extracted value ([donation6_3_0_] : [INTEGER]) - [1]
2021-04-16T14:15:59,129|[TRACE] BasicExtractor - extracted value ([created3_3_0_] : [TIMESTAMP]) - [1111-11-11 11:11:11.0]
2021-04-16T14:15:59,129|[TRACE] BasicExtractor - extracted value ([hospital4_3_0_] : [VARCHAR]) - [Sunshine Hospital]
2021-04-16T14:15:59,129|[TRACE] BasicExtractor - extracted value ([person_i7_3_0_] : [INTEGER]) - [3]
2021-04-16T14:15:59,129|[TRACE] BasicExtractor - extracted value ([tested5_3_0_] : [BOOLEAN]) - [true]
2021-04-16T14:15:59,130|[DEBUG] SQL - 
    /* delete entity.DonationRecord */ delete 
        from
            simplebloodbank.donation_record 
        where
            record_id=?
2021-04-16T14:15:59,131|[TRACE] BasicBinder - binding parameter [1] as [INTEGER] - [2]
]]></system-out>
  </testcase>
  <testcase name="testExtractDataAsList" classname="logic.DonationRecordTest" time="0.033">
    <system-out><![CDATA[2021-04-16T14:15:59,139|[DEBUG] EMFactory - getting EntityManagerFactory
2021-04-16T14:15:59,139|[DEBUG] EMFactory - initializeing EntityManagerFactory
2021-04-16T14:15:59,140|[DEBUG] SQL - 
    select
        person0_.id as id1_4_0_,
        person0_.address as address2_4_0_,
        person0_.birth as birth3_4_0_,
        person0_.first_name as first_na4_4_0_,
        person0_.last_name as last_nam5_4_0_,
        person0_.phone as phone6_4_0_ 
    from
        simplebloodbank.person person0_ 
    where
        person0_.id=?
2021-04-16T14:15:59,141|[TRACE] BasicBinder - binding parameter [1] as [INTEGER] - [1]
2021-04-16T14:15:59,143|[DEBUG] SQL - 
    select
        blooddonat0_.donation_id as donation1_2_0_,
        blooddonat0_.bank_id as bank_id6_2_0_,
        blooddonat0_.blood_group as blood_gr2_2_0_,
        blooddonat0_.created as created3_2_0_,
        blooddonat0_.milliliters as millilit4_2_0_,
        blooddonat0_.rhd as rhd5_2_0_ 
    from
        simplebloodbank.blood_donation blooddonat0_ 
    where
        blooddonat0_.donation_id=?
2021-04-16T14:15:59,143|[TRACE] BasicBinder - binding parameter [1] as [INTEGER] - [1]
2021-04-16T14:15:59,145|[TRACE] BasicExtractor - extracted value ([bank_id6_2_0_] : [INTEGER]) - [null]
2021-04-16T14:15:59,145|[TRACE] BasicExtractor - extracted value ([blood_gr2_2_0_] : [VARCHAR]) - [B]
2021-04-16T14:15:59,145|[TRACE] BasicExtractor - extracted value ([created3_2_0_] : [TIMESTAMP]) - [1111-11-11 11:11:11.0]
2021-04-16T14:15:59,145|[TRACE] BasicExtractor - extracted value ([millilit4_2_0_] : [INTEGER]) - [100]
2021-04-16T14:15:59,145|[TRACE] BasicExtractor - extracted value ([rhd5_2_0_] : [VARCHAR]) - [+]
2021-04-16T14:15:59,145|[DEBUG] AttributeConverterSqlTypeDescriptorAdapter - Converted value on extraction: + -> Positive
2021-04-16T14:15:59,146|[DEBUG] SQL - 
    /* insert entity.Person
        */ insert 
        into
            simplebloodbank.person
            (address, birth, first_name, last_name, phone) 
        values
            (?, ?, ?, ?, ?)
2021-04-16T14:15:59,147|[TRACE] BasicBinder - binding parameter [1] as [VARCHAR] - [123 JUnit5 Street]
2021-04-16T14:15:59,147|[TRACE] BasicBinder - binding parameter [2] as [TIMESTAMP] - [Sat Nov 11 11:11:11 EST 1111]
2021-04-16T14:15:59,147|[TRACE] BasicBinder - binding parameter [3] as [VARCHAR] - [Bella]
2021-04-16T14:15:59,148|[TRACE] BasicBinder - binding parameter [4] as [VARCHAR] - [Smiths]
2021-04-16T14:15:59,148|[TRACE] BasicBinder - binding parameter [5] as [VARCHAR] - [123456789]
2021-04-16T14:15:59,150|[DEBUG] SQL - 
    /* insert entity.DonationRecord
        */ insert 
        into
            simplebloodbank.donation_record
            (administrator, donation_id, created, hospital, person_id, tested) 
        values
            (?, ?, ?, ?, ?, ?)
2021-04-16T14:15:59,151|[TRACE] BasicBinder - binding parameter [1] as [VARCHAR] - [Anna]
2021-04-16T14:15:59,151|[TRACE] BasicBinder - binding parameter [2] as [INTEGER] - [1]
2021-04-16T14:15:59,151|[TRACE] BasicBinder - binding parameter [3] as [TIMESTAMP] - [Sat Nov 11 11:11:11 EST 1111]
2021-04-16T14:15:59,152|[TRACE] BasicBinder - binding parameter [4] as [VARCHAR] - [Sunshine Hospital]
2021-04-16T14:15:59,152|[TRACE] BasicBinder - binding parameter [5] as [INTEGER] - [4]
2021-04-16T14:15:59,152|[TRACE] BasicBinder - binding parameter [6] as [BOOLEAN] - [true]
2021-04-16T14:15:59,161|[DEBUG] EMFactory - getting EntityManagerFactory
2021-04-16T14:15:59,161|[DEBUG] EMFactory - initializeing EntityManagerFactory
2021-04-16T14:15:59,162|[DEBUG] SQL - 
    /* load entity.DonationRecord */ select
        donationre0_.record_id as record_i1_3_0_,
        donationre0_.administrator as administ2_3_0_,
        donationre0_.donation_id as donation6_3_0_,
        donationre0_.created as created3_3_0_,
        donationre0_.hospital as hospital4_3_0_,
        donationre0_.person_id as person_i7_3_0_,
        donationre0_.tested as tested5_3_0_ 
    from
        simplebloodbank.donation_record donationre0_ 
    where
        donationre0_.record_id=?
2021-04-16T14:15:59,162|[TRACE] BasicBinder - binding parameter [1] as [INTEGER] - [3]
2021-04-16T14:15:59,163|[TRACE] BasicExtractor - extracted value ([administ2_3_0_] : [VARCHAR]) - [Anna]
2021-04-16T14:15:59,163|[TRACE] BasicExtractor - extracted value ([donation6_3_0_] : [INTEGER]) - [1]
2021-04-16T14:15:59,163|[TRACE] BasicExtractor - extracted value ([created3_3_0_] : [TIMESTAMP]) - [1111-11-11 11:11:11.0]
2021-04-16T14:15:59,163|[TRACE] BasicExtractor - extracted value ([hospital4_3_0_] : [VARCHAR]) - [Sunshine Hospital]
2021-04-16T14:15:59,164|[TRACE] BasicExtractor - extracted value ([person_i7_3_0_] : [INTEGER]) - [4]
2021-04-16T14:15:59,164|[TRACE] BasicExtractor - extracted value ([tested5_3_0_] : [BOOLEAN]) - [true]
2021-04-16T14:15:59,164|[DEBUG] SQL - 
    /* delete entity.DonationRecord */ delete 
        from
            simplebloodbank.donation_record 
        where
            record_id=?
2021-04-16T14:15:59,165|[TRACE] BasicBinder - binding parameter [1] as [INTEGER] - [3]
]]></system-out>
  </testcase>
  <testcase name="testGetDonationRecordWithTested" classname="logic.DonationRecordTest" time="0.069">
    <system-out><![CDATA[2021-04-16T14:15:59,172|[DEBUG] EMFactory - getting EntityManagerFactory
2021-04-16T14:15:59,172|[DEBUG] EMFactory - initializeing EntityManagerFactory
2021-04-16T14:15:59,173|[DEBUG] SQL - 
    select
        person0_.id as id1_4_0_,
        person0_.address as address2_4_0_,
        person0_.birth as birth3_4_0_,
        person0_.first_name as first_na4_4_0_,
        person0_.last_name as last_nam5_4_0_,
        person0_.phone as phone6_4_0_ 
    from
        simplebloodbank.person person0_ 
    where
        person0_.id=?
2021-04-16T14:15:59,173|[TRACE] BasicBinder - binding parameter [1] as [INTEGER] - [1]
2021-04-16T14:15:59,174|[DEBUG] SQL - 
    select
        blooddonat0_.donation_id as donation1_2_0_,
        blooddonat0_.bank_id as bank_id6_2_0_,
        blooddonat0_.blood_group as blood_gr2_2_0_,
        blooddonat0_.created as created3_2_0_,
        blooddonat0_.milliliters as millilit4_2_0_,
        blooddonat0_.rhd as rhd5_2_0_ 
    from
        simplebloodbank.blood_donation blooddonat0_ 
    where
        blooddonat0_.donation_id=?
2021-04-16T14:15:59,174|[TRACE] BasicBinder - binding parameter [1] as [INTEGER] - [1]
2021-04-16T14:15:59,175|[TRACE] BasicExtractor - extracted value ([bank_id6_2_0_] : [INTEGER]) - [null]
2021-04-16T14:15:59,176|[TRACE] BasicExtractor - extracted value ([blood_gr2_2_0_] : [VARCHAR]) - [B]
2021-04-16T14:15:59,176|[TRACE] BasicExtractor - extracted value ([created3_2_0_] : [TIMESTAMP]) - [1111-11-11 11:11:11.0]
2021-04-16T14:15:59,176|[TRACE] BasicExtractor - extracted value ([millilit4_2_0_] : [INTEGER]) - [100]
2021-04-16T14:15:59,176|[TRACE] BasicExtractor - extracted value ([rhd5_2_0_] : [VARCHAR]) - [+]
2021-04-16T14:15:59,176|[DEBUG] AttributeConverterSqlTypeDescriptorAdapter - Converted value on extraction: + -> Positive
2021-04-16T14:15:59,176|[DEBUG] SQL - 
    /* insert entity.Person
        */ insert 
        into
            simplebloodbank.person
            (address, birth, first_name, last_name, phone) 
        values
            (?, ?, ?, ?, ?)
2021-04-16T14:15:59,177|[TRACE] BasicBinder - binding parameter [1] as [VARCHAR] - [123 JUnit5 Street]
2021-04-16T14:15:59,177|[TRACE] BasicBinder - binding parameter [2] as [TIMESTAMP] - [Sat Nov 11 11:11:11 EST 1111]
2021-04-16T14:15:59,177|[TRACE] BasicBinder - binding parameter [3] as [VARCHAR] - [Bella]
2021-04-16T14:15:59,177|[TRACE] BasicBinder - binding parameter [4] as [VARCHAR] - [Smiths]
2021-04-16T14:15:59,177|[TRACE] BasicBinder - binding parameter [5] as [VARCHAR] - [123456789]
2021-04-16T14:15:59,179|[DEBUG] SQL - 
    /* insert entity.DonationRecord
        */ insert 
        into
            simplebloodbank.donation_record
            (administrator, donation_id, created, hospital, person_id, tested) 
        values
            (?, ?, ?, ?, ?, ?)
2021-04-16T14:15:59,179|[TRACE] BasicBinder - binding parameter [1] as [VARCHAR] - [Anna]
2021-04-16T14:15:59,179|[TRACE] BasicBinder - binding parameter [2] as [INTEGER] - [1]
2021-04-16T14:15:59,180|[TRACE] BasicBinder - binding parameter [3] as [TIMESTAMP] - [Sat Nov 11 11:11:11 EST 1111]
2021-04-16T14:15:59,180|[TRACE] BasicBinder - binding parameter [4] as [VARCHAR] - [Sunshine Hospital]
2021-04-16T14:15:59,180|[TRACE] BasicBinder - binding parameter [5] as [INTEGER] - [5]
2021-04-16T14:15:59,180|[TRACE] BasicBinder - binding parameter [6] as [BOOLEAN] - [true]
2021-04-16T14:15:59,188|[DEBUG] EMFactory - getting EntityManagerFactory
2021-04-16T14:15:59,188|[DEBUG] EMFactory - initializeing EntityManagerFactory
2021-04-16T14:15:59,203|[DEBUG] SQL - 
    /* DonationRecord.findByTested */ select
        donationre0_.record_id as record_i1_3_,
        donationre0_.administrator as administ2_3_,
        donationre0_.donation_id as donation6_3_,
        donationre0_.created as created3_3_,
        donationre0_.hospital as hospital4_3_,
        donationre0_.person_id as person_i7_3_,
        donationre0_.tested as tested5_3_ 
    from
        simplebloodbank.donation_record donationre0_ 
    where
        donationre0_.tested=?
2021-04-16T14:15:59,203|[TRACE] BasicBinder - binding parameter [1] as [BOOLEAN] - [true]
2021-04-16T14:15:59,204|[TRACE] BasicExtractor - extracted value ([record_i1_3_] : [INTEGER]) - [4]
2021-04-16T14:15:59,205|[TRACE] BasicExtractor - extracted value ([administ2_3_] : [VARCHAR]) - [Anna]
2021-04-16T14:15:59,205|[TRACE] BasicExtractor - extracted value ([donation6_3_] : [INTEGER]) - [1]
2021-04-16T14:15:59,205|[TRACE] BasicExtractor - extracted value ([created3_3_] : [TIMESTAMP]) - [1111-11-11 11:11:11.0]
2021-04-16T14:15:59,205|[TRACE] BasicExtractor - extracted value ([hospital4_3_] : [VARCHAR]) - [Sunshine Hospital]
2021-04-16T14:15:59,205|[TRACE] BasicExtractor - extracted value ([person_i7_3_] : [INTEGER]) - [5]
2021-04-16T14:15:59,205|[TRACE] BasicExtractor - extracted value ([tested5_3_] : [BOOLEAN]) - [true]
2021-04-16T14:15:59,206|[DEBUG] SQL - 
    select
        blooddonat0_.donation_id as donation1_2_0_,
        blooddonat0_.bank_id as bank_id6_2_0_,
        blooddonat0_.blood_group as blood_gr2_2_0_,
        blooddonat0_.created as created3_2_0_,
        blooddonat0_.milliliters as millilit4_2_0_,
        blooddonat0_.rhd as rhd5_2_0_ 
    from
        simplebloodbank.blood_donation blooddonat0_ 
    where
        blooddonat0_.donation_id=?
2021-04-16T14:15:59,207|[TRACE] BasicBinder - binding parameter [1] as [INTEGER] - [1]
2021-04-16T14:15:59,208|[TRACE] BasicExtractor - extracted value ([bank_id6_2_0_] : [INTEGER]) - [null]
2021-04-16T14:15:59,208|[TRACE] BasicExtractor - extracted value ([blood_gr2_2_0_] : [VARCHAR]) - [B]
2021-04-16T14:15:59,208|[TRACE] BasicExtractor - extracted value ([created3_2_0_] : [TIMESTAMP]) - [1111-11-11 11:11:11.0]
2021-04-16T14:15:59,208|[TRACE] BasicExtractor - extracted value ([millilit4_2_0_] : [INTEGER]) - [100]
2021-04-16T14:15:59,208|[TRACE] BasicExtractor - extracted value ([rhd5_2_0_] : [VARCHAR]) - [+]
2021-04-16T14:15:59,208|[DEBUG] AttributeConverterSqlTypeDescriptorAdapter - Converted value on extraction: + -> Positive
2021-04-16T14:15:59,209|[DEBUG] EMFactory - getting EntityManagerFactory
2021-04-16T14:15:59,209|[DEBUG] EMFactory - initializeing EntityManagerFactory
2021-04-16T14:15:59,231|[DEBUG] SQL - 
    /* load entity.DonationRecord */ select
        donationre0_.record_id as record_i1_3_0_,
        donationre0_.administrator as administ2_3_0_,
        donationre0_.donation_id as donation6_3_0_,
        donationre0_.created as created3_3_0_,
        donationre0_.hospital as hospital4_3_0_,
        donationre0_.person_id as person_i7_3_0_,
        donationre0_.tested as tested5_3_0_ 
    from
        simplebloodbank.donation_record donationre0_ 
    where
        donationre0_.record_id=?
2021-04-16T14:15:59,232|[TRACE] BasicBinder - binding parameter [1] as [INTEGER] - [4]
2021-04-16T14:15:59,233|[TRACE] BasicExtractor - extracted value ([administ2_3_0_] : [VARCHAR]) - [Anna]
2021-04-16T14:15:59,233|[TRACE] BasicExtractor - extracted value ([donation6_3_0_] : [INTEGER]) - [1]
2021-04-16T14:15:59,233|[TRACE] BasicExtractor - extracted value ([created3_3_0_] : [TIMESTAMP]) - [1111-11-11 11:11:11.0]
2021-04-16T14:15:59,233|[TRACE] BasicExtractor - extracted value ([hospital4_3_0_] : [VARCHAR]) - [Sunshine Hospital]
2021-04-16T14:15:59,233|[TRACE] BasicExtractor - extracted value ([person_i7_3_0_] : [INTEGER]) - [5]
2021-04-16T14:15:59,233|[TRACE] BasicExtractor - extracted value ([tested5_3_0_] : [BOOLEAN]) - [true]
2021-04-16T14:15:59,234|[DEBUG] SQL - 
    /* delete entity.DonationRecord */ delete 
        from
            simplebloodbank.donation_record 
        where
            record_id=?
2021-04-16T14:15:59,234|[TRACE] BasicBinder - binding parameter [1] as [INTEGER] - [4]
]]></system-out>
    <system-err><![CDATA[Apr 16, 2021 2:15:59 PM dal.GenericDAL lambda$setParameters$0
INFO: setParameters: tested=true
]]></system-err>
  </testcase>
  <testcase name="testGetDonationRecordsWithCreated" classname="logic.DonationRecordTest" time="0.056">
    <system-out><![CDATA[2021-04-16T14:15:59,242|[DEBUG] EMFactory - getting EntityManagerFactory
2021-04-16T14:15:59,242|[DEBUG] EMFactory - initializeing EntityManagerFactory
2021-04-16T14:15:59,243|[DEBUG] SQL - 
    select
        person0_.id as id1_4_0_,
        person0_.address as address2_4_0_,
        person0_.birth as birth3_4_0_,
        person0_.first_name as first_na4_4_0_,
        person0_.last_name as last_nam5_4_0_,
        person0_.phone as phone6_4_0_ 
    from
        simplebloodbank.person person0_ 
    where
        person0_.id=?
2021-04-16T14:15:59,243|[TRACE] BasicBinder - binding parameter [1] as [INTEGER] - [1]
2021-04-16T14:15:59,244|[DEBUG] SQL - 
    select
        blooddonat0_.donation_id as donation1_2_0_,
        blooddonat0_.bank_id as bank_id6_2_0_,
        blooddonat0_.blood_group as blood_gr2_2_0_,
        blooddonat0_.created as created3_2_0_,
        blooddonat0_.milliliters as millilit4_2_0_,
        blooddonat0_.rhd as rhd5_2_0_ 
    from
        simplebloodbank.blood_donation blooddonat0_ 
    where
        blooddonat0_.donation_id=?
2021-04-16T14:15:59,245|[TRACE] BasicBinder - binding parameter [1] as [INTEGER] - [1]
2021-04-16T14:15:59,246|[TRACE] BasicExtractor - extracted value ([bank_id6_2_0_] : [INTEGER]) - [null]
2021-04-16T14:15:59,246|[TRACE] BasicExtractor - extracted value ([blood_gr2_2_0_] : [VARCHAR]) - [B]
2021-04-16T14:15:59,247|[TRACE] BasicExtractor - extracted value ([created3_2_0_] : [TIMESTAMP]) - [1111-11-11 11:11:11.0]
2021-04-16T14:15:59,247|[TRACE] BasicExtractor - extracted value ([millilit4_2_0_] : [INTEGER]) - [100]
2021-04-16T14:15:59,247|[TRACE] BasicExtractor - extracted value ([rhd5_2_0_] : [VARCHAR]) - [+]
2021-04-16T14:15:59,247|[DEBUG] AttributeConverterSqlTypeDescriptorAdapter - Converted value on extraction: + -> Positive
2021-04-16T14:15:59,247|[DEBUG] SQL - 
    /* insert entity.Person
        */ insert 
        into
            simplebloodbank.person
            (address, birth, first_name, last_name, phone) 
        values
            (?, ?, ?, ?, ?)
2021-04-16T14:15:59,248|[TRACE] BasicBinder - binding parameter [1] as [VARCHAR] - [123 JUnit5 Street]
2021-04-16T14:15:59,248|[TRACE] BasicBinder - binding parameter [2] as [TIMESTAMP] - [Sat Nov 11 11:11:11 EST 1111]
2021-04-16T14:15:59,248|[TRACE] BasicBinder - binding parameter [3] as [VARCHAR] - [Bella]
2021-04-16T14:15:59,248|[TRACE] BasicBinder - binding parameter [4] as [VARCHAR] - [Smiths]
2021-04-16T14:15:59,248|[TRACE] BasicBinder - binding parameter [5] as [VARCHAR] - [123456789]
2021-04-16T14:15:59,250|[DEBUG] SQL - 
    /* insert entity.DonationRecord
        */ insert 
        into
            simplebloodbank.donation_record
            (administrator, donation_id, created, hospital, person_id, tested) 
        values
            (?, ?, ?, ?, ?, ?)
2021-04-16T14:15:59,250|[TRACE] BasicBinder - binding parameter [1] as [VARCHAR] - [Anna]
2021-04-16T14:15:59,250|[TRACE] BasicBinder - binding parameter [2] as [INTEGER] - [1]
2021-04-16T14:15:59,250|[TRACE] BasicBinder - binding parameter [3] as [TIMESTAMP] - [Sat Nov 11 11:11:11 EST 1111]
2021-04-16T14:15:59,250|[TRACE] BasicBinder - binding parameter [4] as [VARCHAR] - [Sunshine Hospital]
2021-04-16T14:15:59,251|[TRACE] BasicBinder - binding parameter [5] as [INTEGER] - [6]
2021-04-16T14:15:59,251|[TRACE] BasicBinder - binding parameter [6] as [BOOLEAN] - [true]
2021-04-16T14:15:59,257|[DEBUG] EMFactory - getting EntityManagerFactory
2021-04-16T14:15:59,258|[DEBUG] EMFactory - initializeing EntityManagerFactory
2021-04-16T14:15:59,259|[DEBUG] SQL - 
    /* DonationRecord.findByCreated */ select
        donationre0_.record_id as record_i1_3_,
        donationre0_.administrator as administ2_3_,
        donationre0_.donation_id as donation6_3_,
        donationre0_.created as created3_3_,
        donationre0_.hospital as hospital4_3_,
        donationre0_.person_id as person_i7_3_,
        donationre0_.tested as tested5_3_ 
    from
        simplebloodbank.donation_record donationre0_ 
    where
        donationre0_.created=?
2021-04-16T14:15:59,259|[TRACE] BasicBinder - binding parameter [1] as [TIMESTAMP] - [Sat Nov 11 11:11:11 EST 1111]
2021-04-16T14:15:59,260|[TRACE] BasicExtractor - extracted value ([record_i1_3_] : [INTEGER]) - [5]
2021-04-16T14:15:59,261|[TRACE] BasicExtractor - extracted value ([administ2_3_] : [VARCHAR]) - [Anna]
2021-04-16T14:15:59,261|[TRACE] BasicExtractor - extracted value ([donation6_3_] : [INTEGER]) - [1]
2021-04-16T14:15:59,261|[TRACE] BasicExtractor - extracted value ([created3_3_] : [TIMESTAMP]) - [1111-11-11 11:11:11.0]
2021-04-16T14:15:59,261|[TRACE] BasicExtractor - extracted value ([hospital4_3_] : [VARCHAR]) - [Sunshine Hospital]
2021-04-16T14:15:59,261|[TRACE] BasicExtractor - extracted value ([person_i7_3_] : [INTEGER]) - [6]
2021-04-16T14:15:59,261|[TRACE] BasicExtractor - extracted value ([tested5_3_] : [BOOLEAN]) - [true]
2021-04-16T14:15:59,261|[DEBUG] SQL - 
    select
        blooddonat0_.donation_id as donation1_2_0_,
        blooddonat0_.bank_id as bank_id6_2_0_,
        blooddonat0_.blood_group as blood_gr2_2_0_,
        blooddonat0_.created as created3_2_0_,
        blooddonat0_.milliliters as millilit4_2_0_,
        blooddonat0_.rhd as rhd5_2_0_ 
    from
        simplebloodbank.blood_donation blooddonat0_ 
    where
        blooddonat0_.donation_id=?
2021-04-16T14:15:59,262|[TRACE] BasicBinder - binding parameter [1] as [INTEGER] - [1]
2021-04-16T14:15:59,263|[TRACE] BasicExtractor - extracted value ([bank_id6_2_0_] : [INTEGER]) - [null]
2021-04-16T14:15:59,263|[TRACE] BasicExtractor - extracted value ([blood_gr2_2_0_] : [VARCHAR]) - [B]
2021-04-16T14:15:59,263|[TRACE] BasicExtractor - extracted value ([created3_2_0_] : [TIMESTAMP]) - [1111-11-11 11:11:11.0]
2021-04-16T14:15:59,263|[TRACE] BasicExtractor - extracted value ([millilit4_2_0_] : [INTEGER]) - [100]
2021-04-16T14:15:59,263|[TRACE] BasicExtractor - extracted value ([rhd5_2_0_] : [VARCHAR]) - [+]
2021-04-16T14:15:59,263|[DEBUG] AttributeConverterSqlTypeDescriptorAdapter - Converted value on extraction: + -> Positive
2021-04-16T14:15:59,264|[DEBUG] EMFactory - getting EntityManagerFactory
2021-04-16T14:15:59,264|[DEBUG] EMFactory - initializeing EntityManagerFactory
2021-04-16T14:15:59,287|[DEBUG] SQL - 
    /* load entity.DonationRecord */ select
        donationre0_.record_id as record_i1_3_0_,
        donationre0_.administrator as administ2_3_0_,
        donationre0_.donation_id as donation6_3_0_,
        donationre0_.created as created3_3_0_,
        donationre0_.hospital as hospital4_3_0_,
        donationre0_.person_id as person_i7_3_0_,
        donationre0_.tested as tested5_3_0_ 
    from
        simplebloodbank.donation_record donationre0_ 
    where
        donationre0_.record_id=?
2021-04-16T14:15:59,287|[TRACE] BasicBinder - binding parameter [1] as [INTEGER] - [5]
2021-04-16T14:15:59,288|[TRACE] BasicExtractor - extracted value ([administ2_3_0_] : [VARCHAR]) - [Anna]
2021-04-16T14:15:59,288|[TRACE] BasicExtractor - extracted value ([donation6_3_0_] : [INTEGER]) - [1]
2021-04-16T14:15:59,289|[TRACE] BasicExtractor - extracted value ([created3_3_0_] : [TIMESTAMP]) - [1111-11-11 11:11:11.0]
2021-04-16T14:15:59,289|[TRACE] BasicExtractor - extracted value ([hospital4_3_0_] : [VARCHAR]) - [Sunshine Hospital]
2021-04-16T14:15:59,289|[TRACE] BasicExtractor - extracted value ([person_i7_3_0_] : [INTEGER]) - [6]
2021-04-16T14:15:59,289|[TRACE] BasicExtractor - extracted value ([tested5_3_0_] : [BOOLEAN]) - [true]
2021-04-16T14:15:59,289|[DEBUG] SQL - 
    /* delete entity.DonationRecord */ delete 
        from
            simplebloodbank.donation_record 
        where
            record_id=?
2021-04-16T14:15:59,290|[TRACE] BasicBinder - binding parameter [1] as [INTEGER] - [5]
]]></system-out>
    <system-err><![CDATA[Apr 16, 2021 2:15:59 PM dal.GenericDAL lambda$setParameters$0
INFO: setParameters: created=Sat Nov 11 11:11:11 EST 1111
]]></system-err>
  </testcase>
  <testcase name="testCreateEntityAndAdd" classname="logic.DonationRecordTest" time="0.111">
    <system-out><![CDATA[2021-04-16T14:15:59,299|[DEBUG] EMFactory - getting EntityManagerFactory
2021-04-16T14:15:59,299|[DEBUG] EMFactory - initializeing EntityManagerFactory
2021-04-16T14:15:59,301|[DEBUG] SQL - 
    select
        person0_.id as id1_4_0_,
        person0_.address as address2_4_0_,
        person0_.birth as birth3_4_0_,
        person0_.first_name as first_na4_4_0_,
        person0_.last_name as last_nam5_4_0_,
        person0_.phone as phone6_4_0_ 
    from
        simplebloodbank.person person0_ 
    where
        person0_.id=?
2021-04-16T14:15:59,301|[TRACE] BasicBinder - binding parameter [1] as [INTEGER] - [1]
2021-04-16T14:15:59,302|[DEBUG] SQL - 
    select
        blooddonat0_.donation_id as donation1_2_0_,
        blooddonat0_.bank_id as bank_id6_2_0_,
        blooddonat0_.blood_group as blood_gr2_2_0_,
        blooddonat0_.created as created3_2_0_,
        blooddonat0_.milliliters as millilit4_2_0_,
        blooddonat0_.rhd as rhd5_2_0_ 
    from
        simplebloodbank.blood_donation blooddonat0_ 
    where
        blooddonat0_.donation_id=?
2021-04-16T14:15:59,302|[TRACE] BasicBinder - binding parameter [1] as [INTEGER] - [1]
2021-04-16T14:15:59,303|[TRACE] BasicExtractor - extracted value ([bank_id6_2_0_] : [INTEGER]) - [null]
2021-04-16T14:15:59,304|[TRACE] BasicExtractor - extracted value ([blood_gr2_2_0_] : [VARCHAR]) - [B]
2021-04-16T14:15:59,304|[TRACE] BasicExtractor - extracted value ([created3_2_0_] : [TIMESTAMP]) - [1111-11-11 11:11:11.0]
2021-04-16T14:15:59,304|[TRACE] BasicExtractor - extracted value ([millilit4_2_0_] : [INTEGER]) - [100]
2021-04-16T14:15:59,304|[TRACE] BasicExtractor - extracted value ([rhd5_2_0_] : [VARCHAR]) - [+]
2021-04-16T14:15:59,304|[DEBUG] AttributeConverterSqlTypeDescriptorAdapter - Converted value on extraction: + -> Positive
2021-04-16T14:15:59,304|[DEBUG] SQL - 
    /* insert entity.Person
        */ insert 
        into
            simplebloodbank.person
            (address, birth, first_name, last_name, phone) 
        values
            (?, ?, ?, ?, ?)
2021-04-16T14:15:59,305|[TRACE] BasicBinder - binding parameter [1] as [VARCHAR] - [123 JUnit5 Street]
2021-04-16T14:15:59,305|[TRACE] BasicBinder - binding parameter [2] as [TIMESTAMP] - [Sat Nov 11 11:11:11 EST 1111]
2021-04-16T14:15:59,305|[TRACE] BasicBinder - binding parameter [3] as [VARCHAR] - [Bella]
2021-04-16T14:15:59,305|[TRACE] BasicBinder - binding parameter [4] as [VARCHAR] - [Smiths]
2021-04-16T14:15:59,305|[TRACE] BasicBinder - binding parameter [5] as [VARCHAR] - [123456789]
2021-04-16T14:15:59,307|[DEBUG] SQL - 
    /* insert entity.DonationRecord
        */ insert 
        into
            simplebloodbank.donation_record
            (administrator, donation_id, created, hospital, person_id, tested) 
        values
            (?, ?, ?, ?, ?, ?)
2021-04-16T14:15:59,308|[TRACE] BasicBinder - binding parameter [1] as [VARCHAR] - [Anna]
2021-04-16T14:15:59,308|[TRACE] BasicBinder - binding parameter [2] as [INTEGER] - [1]
2021-04-16T14:15:59,308|[TRACE] BasicBinder - binding parameter [3] as [TIMESTAMP] - [Sat Nov 11 11:11:11 EST 1111]
2021-04-16T14:15:59,308|[TRACE] BasicBinder - binding parameter [4] as [VARCHAR] - [Sunshine Hospital]
2021-04-16T14:15:59,308|[TRACE] BasicBinder - binding parameter [5] as [INTEGER] - [7]
2021-04-16T14:15:59,308|[TRACE] BasicBinder - binding parameter [6] as [BOOLEAN] - [true]
2021-04-16T14:15:59,317|[DEBUG] EMFactory - getting EntityManagerFactory
2021-04-16T14:15:59,317|[DEBUG] EMFactory - initializeing EntityManagerFactory
2021-04-16T14:15:59,319|[DEBUG] SQL - 
    /* Person.findById */ select
        person0_.id as id1_4_,
        person0_.address as address2_4_,
        person0_.birth as birth3_4_,
        person0_.first_name as first_na4_4_,
        person0_.last_name as last_nam5_4_,
        person0_.phone as phone6_4_ 
    from
        simplebloodbank.person person0_ 
    where
        person0_.id=?
2021-04-16T14:15:59,319|[TRACE] BasicBinder - binding parameter [1] as [INTEGER] - [2]
2021-04-16T14:15:59,320|[TRACE] BasicExtractor - extracted value ([id1_4_] : [INTEGER]) - [2]
2021-04-16T14:15:59,320|[TRACE] BasicExtractor - extracted value ([address2_4_] : [VARCHAR]) - [123 JUnit5 Street]
2021-04-16T14:15:59,321|[TRACE] BasicExtractor - extracted value ([birth3_4_] : [TIMESTAMP]) - [1111-11-11 11:11:11.0]
2021-04-16T14:15:59,321|[TRACE] BasicExtractor - extracted value ([first_na4_4_] : [VARCHAR]) - [Bella]
2021-04-16T14:15:59,321|[TRACE] BasicExtractor - extracted value ([last_nam5_4_] : [VARCHAR]) - [Smiths]
2021-04-16T14:15:59,321|[TRACE] BasicExtractor - extracted value ([phone6_4_] : [VARCHAR]) - [123456789]
2021-04-16T14:15:59,322|[DEBUG] SQL - 
    /* load entity.BloodBank */ select
        bloodbank0_.bank_id as bank_id1_1_0_,
        bloodbank0_.emplyee_count as emplyee_2_1_0_,
        bloodbank0_.established as establis3_1_0_,
        bloodbank0_.name as name4_1_0_,
        bloodbank0_.owner as owner6_1_0_,
        bloodbank0_.privately_owned as privatel5_1_0_ 
    from
        simplebloodbank.blood_bank bloodbank0_ 
    where
        bloodbank0_.owner=?
2021-04-16T14:15:59,322|[TRACE] BasicBinder - binding parameter [1] as [INTEGER] - [2]
2021-04-16T14:15:59,326|[DEBUG] EMFactory - getting EntityManagerFactory
2021-04-16T14:15:59,326|[DEBUG] EMFactory - initializeing EntityManagerFactory
2021-04-16T14:15:59,344|[DEBUG] SQL - 
    /* BloodDonation.findByDonationId */ select
        blooddonat0_.donation_id as donation1_2_,
        blooddonat0_.bank_id as bank_id6_2_,
        blooddonat0_.blood_group as blood_gr2_2_,
        blooddonat0_.created as created3_2_,
        blooddonat0_.milliliters as millilit4_2_,
        blooddonat0_.rhd as rhd5_2_ 
    from
        simplebloodbank.blood_donation blooddonat0_ 
    where
        blooddonat0_.donation_id=?
2021-04-16T14:15:59,344|[TRACE] BasicBinder - binding parameter [1] as [INTEGER] - [1]
2021-04-16T14:15:59,345|[TRACE] BasicExtractor - extracted value ([donation1_2_] : [INTEGER]) - [1]
2021-04-16T14:15:59,345|[TRACE] BasicExtractor - extracted value ([bank_id6_2_] : [INTEGER]) - [null]
2021-04-16T14:15:59,345|[TRACE] BasicExtractor - extracted value ([blood_gr2_2_] : [VARCHAR]) - [B]
2021-04-16T14:15:59,345|[TRACE] BasicExtractor - extracted value ([created3_2_] : [TIMESTAMP]) - [1111-11-11 11:11:11.0]
2021-04-16T14:15:59,345|[TRACE] BasicExtractor - extracted value ([millilit4_2_] : [INTEGER]) - [100]
2021-04-16T14:15:59,345|[TRACE] BasicExtractor - extracted value ([rhd5_2_] : [VARCHAR]) - [+]
2021-04-16T14:15:59,345|[DEBUG] AttributeConverterSqlTypeDescriptorAdapter - Converted value on extraction: + -> Positive
2021-04-16T14:15:59,346|[DEBUG] EMFactory - getting EntityManagerFactory
2021-04-16T14:15:59,346|[DEBUG] EMFactory - initializeing EntityManagerFactory
2021-04-16T14:15:59,362|[DEBUG] SQL - 
    /* insert entity.DonationRecord
        */ insert 
        into
            simplebloodbank.donation_record
            (administrator, donation_id, created, hospital, person_id, tested) 
        values
            (?, ?, ?, ?, ?, ?)
2021-04-16T14:15:59,362|[TRACE] BasicBinder - binding parameter [1] as [VARCHAR] - [Sam]
2021-04-16T14:15:59,362|[TRACE] BasicBinder - binding parameter [2] as [INTEGER] - [1]
2021-04-16T14:15:59,362|[TRACE] BasicBinder - binding parameter [3] as [TIMESTAMP] - [Wed Apr 07 12:00:00 EDT 2021]
2021-04-16T14:15:59,363|[TRACE] BasicBinder - binding parameter [4] as [VARCHAR] - [GoodHealth Hospital]
2021-04-16T14:15:59,363|[TRACE] BasicBinder - binding parameter [5] as [INTEGER] - [2]
2021-04-16T14:15:59,363|[TRACE] BasicBinder - binding parameter [6] as [BOOLEAN] - [true]
2021-04-16T14:15:59,369|[DEBUG] EMFactory - getting EntityManagerFactory
2021-04-16T14:15:59,369|[DEBUG] EMFactory - initializeing EntityManagerFactory
2021-04-16T14:15:59,371|[DEBUG] SQL - 
    /* DonationRecord.findByRecordId */ select
        donationre0_.record_id as record_i1_3_,
        donationre0_.administrator as administ2_3_,
        donationre0_.donation_id as donation6_3_,
        donationre0_.created as created3_3_,
        donationre0_.hospital as hospital4_3_,
        donationre0_.person_id as person_i7_3_,
        donationre0_.tested as tested5_3_ 
    from
        simplebloodbank.donation_record donationre0_ 
    where
        donationre0_.record_id=?
2021-04-16T14:15:59,371|[TRACE] BasicBinder - binding parameter [1] as [INTEGER] - [7]
2021-04-16T14:15:59,372|[TRACE] BasicExtractor - extracted value ([record_i1_3_] : [INTEGER]) - [7]
2021-04-16T14:15:59,372|[TRACE] BasicExtractor - extracted value ([administ2_3_] : [VARCHAR]) - [Sam]
2021-04-16T14:15:59,372|[TRACE] BasicExtractor - extracted value ([donation6_3_] : [INTEGER]) - [1]
2021-04-16T14:15:59,373|[TRACE] BasicExtractor - extracted value ([created3_3_] : [TIMESTAMP]) - [2021-04-07 12:00:00.0]
2021-04-16T14:15:59,373|[TRACE] BasicExtractor - extracted value ([hospital4_3_] : [VARCHAR]) - [GoodHealth Hospital]
2021-04-16T14:15:59,373|[TRACE] BasicExtractor - extracted value ([person_i7_3_] : [INTEGER]) - [2]
2021-04-16T14:15:59,373|[TRACE] BasicExtractor - extracted value ([tested5_3_] : [BOOLEAN]) - [true]
2021-04-16T14:15:59,373|[DEBUG] SQL - 
    select
        blooddonat0_.donation_id as donation1_2_0_,
        blooddonat0_.bank_id as bank_id6_2_0_,
        blooddonat0_.blood_group as blood_gr2_2_0_,
        blooddonat0_.created as created3_2_0_,
        blooddonat0_.milliliters as millilit4_2_0_,
        blooddonat0_.rhd as rhd5_2_0_ 
    from
        simplebloodbank.blood_donation blooddonat0_ 
    where
        blooddonat0_.donation_id=?
2021-04-16T14:15:59,373|[TRACE] BasicBinder - binding parameter [1] as [INTEGER] - [1]
2021-04-16T14:15:59,374|[TRACE] BasicExtractor - extracted value ([bank_id6_2_0_] : [INTEGER]) - [null]
2021-04-16T14:15:59,374|[TRACE] BasicExtractor - extracted value ([blood_gr2_2_0_] : [VARCHAR]) - [B]
2021-04-16T14:15:59,374|[TRACE] BasicExtractor - extracted value ([created3_2_0_] : [TIMESTAMP]) - [1111-11-11 11:11:11.0]
2021-04-16T14:15:59,375|[TRACE] BasicExtractor - extracted value ([millilit4_2_0_] : [INTEGER]) - [100]
2021-04-16T14:15:59,375|[TRACE] BasicExtractor - extracted value ([rhd5_2_0_] : [VARCHAR]) - [+]
2021-04-16T14:15:59,375|[DEBUG] AttributeConverterSqlTypeDescriptorAdapter - Converted value on extraction: + -> Positive
2021-04-16T14:15:59,375|[DEBUG] EMFactory - getting EntityManagerFactory
2021-04-16T14:15:59,375|[DEBUG] EMFactory - initializeing EntityManagerFactory
2021-04-16T14:15:59,391|[DEBUG] SQL - 
    /* load entity.DonationRecord */ select
        donationre0_.record_id as record_i1_3_0_,
        donationre0_.administrator as administ2_3_0_,
        donationre0_.donation_id as donation6_3_0_,
        donationre0_.created as created3_3_0_,
        donationre0_.hospital as hospital4_3_0_,
        donationre0_.person_id as person_i7_3_0_,
        donationre0_.tested as tested5_3_0_ 
    from
        simplebloodbank.donation_record donationre0_ 
    where
        donationre0_.record_id=?
2021-04-16T14:15:59,391|[TRACE] BasicBinder - binding parameter [1] as [INTEGER] - [7]
2021-04-16T14:15:59,393|[TRACE] BasicExtractor - extracted value ([administ2_3_0_] : [VARCHAR]) - [Sam]
2021-04-16T14:15:59,393|[TRACE] BasicExtractor - extracted value ([donation6_3_0_] : [INTEGER]) - [1]
2021-04-16T14:15:59,393|[TRACE] BasicExtractor - extracted value ([created3_3_0_] : [TIMESTAMP]) - [2021-04-07 12:00:00.0]
2021-04-16T14:15:59,393|[TRACE] BasicExtractor - extracted value ([hospital4_3_0_] : [VARCHAR]) - [GoodHealth Hospital]
2021-04-16T14:15:59,393|[TRACE] BasicExtractor - extracted value ([person_i7_3_0_] : [INTEGER]) - [2]
2021-04-16T14:15:59,393|[TRACE] BasicExtractor - extracted value ([tested5_3_0_] : [BOOLEAN]) - [true]
2021-04-16T14:15:59,394|[DEBUG] SQL - 
    /* delete entity.DonationRecord */ delete 
        from
            simplebloodbank.donation_record 
        where
            record_id=?
2021-04-16T14:15:59,394|[TRACE] BasicBinder - binding parameter [1] as [INTEGER] - [7]
2021-04-16T14:15:59,400|[DEBUG] EMFactory - getting EntityManagerFactory
2021-04-16T14:15:59,400|[DEBUG] EMFactory - initializeing EntityManagerFactory
2021-04-16T14:15:59,400|[DEBUG] SQL - 
    /* load entity.DonationRecord */ select
        donationre0_.record_id as record_i1_3_0_,
        donationre0_.administrator as administ2_3_0_,
        donationre0_.donation_id as donation6_3_0_,
        donationre0_.created as created3_3_0_,
        donationre0_.hospital as hospital4_3_0_,
        donationre0_.person_id as person_i7_3_0_,
        donationre0_.tested as tested5_3_0_ 
    from
        simplebloodbank.donation_record donationre0_ 
    where
        donationre0_.record_id=?
2021-04-16T14:15:59,401|[TRACE] BasicBinder - binding parameter [1] as [INTEGER] - [6]
2021-04-16T14:15:59,401|[TRACE] BasicExtractor - extracted value ([administ2_3_0_] : [VARCHAR]) - [Anna]
2021-04-16T14:15:59,401|[TRACE] BasicExtractor - extracted value ([donation6_3_0_] : [INTEGER]) - [1]
2021-04-16T14:15:59,402|[TRACE] BasicExtractor - extracted value ([created3_3_0_] : [TIMESTAMP]) - [1111-11-11 11:11:11.0]
2021-04-16T14:15:59,402|[TRACE] BasicExtractor - extracted value ([hospital4_3_0_] : [VARCHAR]) - [Sunshine Hospital]
2021-04-16T14:15:59,402|[TRACE] BasicExtractor - extracted value ([person_i7_3_0_] : [INTEGER]) - [7]
2021-04-16T14:15:59,402|[TRACE] BasicExtractor - extracted value ([tested5_3_0_] : [BOOLEAN]) - [true]
2021-04-16T14:15:59,402|[DEBUG] SQL - 
    /* delete entity.DonationRecord */ delete 
        from
            simplebloodbank.donation_record 
        where
            record_id=?
2021-04-16T14:15:59,403|[TRACE] BasicBinder - binding parameter [1] as [INTEGER] - [6]
]]></system-out>
    <system-err><![CDATA[Apr 16, 2021 2:15:59 PM dal.GenericDAL lambda$setParameters$0
INFO: setParameters: id=2
Apr 16, 2021 2:15:59 PM dal.GenericDAL lambda$setParameters$0
INFO: setParameters: donationId=1
Apr 16, 2021 2:15:59 PM dal.GenericDAL lambda$setParameters$0
INFO: setParameters: recordId=7
]]></system-err>
  </testcase>
  <testcase name="testGetDonationRecordWithAdministrator" classname="logic.DonationRecordTest" time="0.049">
    <system-out><![CDATA[2021-04-16T14:15:59,409|[DEBUG] EMFactory - getting EntityManagerFactory
2021-04-16T14:15:59,409|[DEBUG] EMFactory - initializeing EntityManagerFactory
2021-04-16T14:15:59,410|[DEBUG] SQL - 
    select
        person0_.id as id1_4_0_,
        person0_.address as address2_4_0_,
        person0_.birth as birth3_4_0_,
        person0_.first_name as first_na4_4_0_,
        person0_.last_name as last_nam5_4_0_,
        person0_.phone as phone6_4_0_ 
    from
        simplebloodbank.person person0_ 
    where
        person0_.id=?
2021-04-16T14:15:59,410|[TRACE] BasicBinder - binding parameter [1] as [INTEGER] - [1]
2021-04-16T14:15:59,411|[DEBUG] SQL - 
    select
        blooddonat0_.donation_id as donation1_2_0_,
        blooddonat0_.bank_id as bank_id6_2_0_,
        blooddonat0_.blood_group as blood_gr2_2_0_,
        blooddonat0_.created as created3_2_0_,
        blooddonat0_.milliliters as millilit4_2_0_,
        blooddonat0_.rhd as rhd5_2_0_ 
    from
        simplebloodbank.blood_donation blooddonat0_ 
    where
        blooddonat0_.donation_id=?
2021-04-16T14:15:59,411|[TRACE] BasicBinder - binding parameter [1] as [INTEGER] - [1]
2021-04-16T14:15:59,412|[TRACE] BasicExtractor - extracted value ([bank_id6_2_0_] : [INTEGER]) - [null]
2021-04-16T14:15:59,412|[TRACE] BasicExtractor - extracted value ([blood_gr2_2_0_] : [VARCHAR]) - [B]
2021-04-16T14:15:59,413|[TRACE] BasicExtractor - extracted value ([created3_2_0_] : [TIMESTAMP]) - [1111-11-11 11:11:11.0]
2021-04-16T14:15:59,413|[TRACE] BasicExtractor - extracted value ([millilit4_2_0_] : [INTEGER]) - [100]
2021-04-16T14:15:59,413|[TRACE] BasicExtractor - extracted value ([rhd5_2_0_] : [VARCHAR]) - [+]
2021-04-16T14:15:59,413|[DEBUG] AttributeConverterSqlTypeDescriptorAdapter - Converted value on extraction: + -> Positive
2021-04-16T14:15:59,413|[DEBUG] SQL - 
    /* insert entity.Person
        */ insert 
        into
            simplebloodbank.person
            (address, birth, first_name, last_name, phone) 
        values
            (?, ?, ?, ?, ?)
2021-04-16T14:15:59,413|[TRACE] BasicBinder - binding parameter [1] as [VARCHAR] - [123 JUnit5 Street]
2021-04-16T14:15:59,414|[TRACE] BasicBinder - binding parameter [2] as [TIMESTAMP] - [Sat Nov 11 11:11:11 EST 1111]
2021-04-16T14:15:59,414|[TRACE] BasicBinder - binding parameter [3] as [VARCHAR] - [Bella]
2021-04-16T14:15:59,414|[TRACE] BasicBinder - binding parameter [4] as [VARCHAR] - [Smiths]
2021-04-16T14:15:59,415|[TRACE] BasicBinder - binding parameter [5] as [VARCHAR] - [123456789]
2021-04-16T14:15:59,417|[DEBUG] SQL - 
    /* insert entity.DonationRecord
        */ insert 
        into
            simplebloodbank.donation_record
            (administrator, donation_id, created, hospital, person_id, tested) 
        values
            (?, ?, ?, ?, ?, ?)
2021-04-16T14:15:59,418|[TRACE] BasicBinder - binding parameter [1] as [VARCHAR] - [Anna]
2021-04-16T14:15:59,418|[TRACE] BasicBinder - binding parameter [2] as [INTEGER] - [1]
2021-04-16T14:15:59,418|[TRACE] BasicBinder - binding parameter [3] as [TIMESTAMP] - [Sat Nov 11 11:11:11 EST 1111]
2021-04-16T14:15:59,418|[TRACE] BasicBinder - binding parameter [4] as [VARCHAR] - [Sunshine Hospital]
2021-04-16T14:15:59,418|[TRACE] BasicBinder - binding parameter [5] as [INTEGER] - [8]
2021-04-16T14:15:59,418|[TRACE] BasicBinder - binding parameter [6] as [BOOLEAN] - [true]
2021-04-16T14:15:59,426|[DEBUG] EMFactory - getting EntityManagerFactory
2021-04-16T14:15:59,426|[DEBUG] EMFactory - initializeing EntityManagerFactory
2021-04-16T14:15:59,427|[DEBUG] SQL - 
    /* DonationRecord.findByAdministrator */ select
        donationre0_.record_id as record_i1_3_,
        donationre0_.administrator as administ2_3_,
        donationre0_.donation_id as donation6_3_,
        donationre0_.created as created3_3_,
        donationre0_.hospital as hospital4_3_,
        donationre0_.person_id as person_i7_3_,
        donationre0_.tested as tested5_3_ 
    from
        simplebloodbank.donation_record donationre0_ 
    where
        donationre0_.administrator=?
2021-04-16T14:15:59,427|[TRACE] BasicBinder - binding parameter [1] as [VARCHAR] - [Anna]
2021-04-16T14:15:59,427|[TRACE] BasicExtractor - extracted value ([record_i1_3_] : [INTEGER]) - [8]
2021-04-16T14:15:59,428|[TRACE] BasicExtractor - extracted value ([administ2_3_] : [VARCHAR]) - [Anna]
2021-04-16T14:15:59,428|[TRACE] BasicExtractor - extracted value ([donation6_3_] : [INTEGER]) - [1]
2021-04-16T14:15:59,428|[TRACE] BasicExtractor - extracted value ([created3_3_] : [TIMESTAMP]) - [1111-11-11 11:11:11.0]
2021-04-16T14:15:59,428|[TRACE] BasicExtractor - extracted value ([hospital4_3_] : [VARCHAR]) - [Sunshine Hospital]
2021-04-16T14:15:59,428|[TRACE] BasicExtractor - extracted value ([person_i7_3_] : [INTEGER]) - [8]
2021-04-16T14:15:59,428|[TRACE] BasicExtractor - extracted value ([tested5_3_] : [BOOLEAN]) - [true]
2021-04-16T14:15:59,429|[DEBUG] SQL - 
    select
        blooddonat0_.donation_id as donation1_2_0_,
        blooddonat0_.bank_id as bank_id6_2_0_,
        blooddonat0_.blood_group as blood_gr2_2_0_,
        blooddonat0_.created as created3_2_0_,
        blooddonat0_.milliliters as millilit4_2_0_,
        blooddonat0_.rhd as rhd5_2_0_ 
    from
        simplebloodbank.blood_donation blooddonat0_ 
    where
        blooddonat0_.donation_id=?
2021-04-16T14:15:59,429|[TRACE] BasicBinder - binding parameter [1] as [INTEGER] - [1]
2021-04-16T14:15:59,430|[TRACE] BasicExtractor - extracted value ([bank_id6_2_0_] : [INTEGER]) - [null]
2021-04-16T14:15:59,430|[TRACE] BasicExtractor - extracted value ([blood_gr2_2_0_] : [VARCHAR]) - [B]
2021-04-16T14:15:59,430|[TRACE] BasicExtractor - extracted value ([created3_2_0_] : [TIMESTAMP]) - [1111-11-11 11:11:11.0]
2021-04-16T14:15:59,430|[TRACE] BasicExtractor - extracted value ([millilit4_2_0_] : [INTEGER]) - [100]
2021-04-16T14:15:59,430|[TRACE] BasicExtractor - extracted value ([rhd5_2_0_] : [VARCHAR]) - [+]
2021-04-16T14:15:59,430|[DEBUG] AttributeConverterSqlTypeDescriptorAdapter - Converted value on extraction: + -> Positive
2021-04-16T14:15:59,431|[DEBUG] EMFactory - getting EntityManagerFactory
2021-04-16T14:15:59,431|[DEBUG] EMFactory - initializeing EntityManagerFactory
2021-04-16T14:15:59,448|[DEBUG] SQL - 
    /* load entity.DonationRecord */ select
        donationre0_.record_id as record_i1_3_0_,
        donationre0_.administrator as administ2_3_0_,
        donationre0_.donation_id as donation6_3_0_,
        donationre0_.created as created3_3_0_,
        donationre0_.hospital as hospital4_3_0_,
        donationre0_.person_id as person_i7_3_0_,
        donationre0_.tested as tested5_3_0_ 
    from
        simplebloodbank.donation_record donationre0_ 
    where
        donationre0_.record_id=?
2021-04-16T14:15:59,448|[TRACE] BasicBinder - binding parameter [1] as [INTEGER] - [8]
2021-04-16T14:15:59,450|[TRACE] BasicExtractor - extracted value ([administ2_3_0_] : [VARCHAR]) - [Anna]
2021-04-16T14:15:59,450|[TRACE] BasicExtractor - extracted value ([donation6_3_0_] : [INTEGER]) - [1]
2021-04-16T14:15:59,450|[TRACE] BasicExtractor - extracted value ([created3_3_0_] : [TIMESTAMP]) - [1111-11-11 11:11:11.0]
2021-04-16T14:15:59,450|[TRACE] BasicExtractor - extracted value ([hospital4_3_0_] : [VARCHAR]) - [Sunshine Hospital]
2021-04-16T14:15:59,450|[TRACE] BasicExtractor - extracted value ([person_i7_3_0_] : [INTEGER]) - [8]
2021-04-16T14:15:59,450|[TRACE] BasicExtractor - extracted value ([tested5_3_0_] : [BOOLEAN]) - [true]
2021-04-16T14:15:59,451|[DEBUG] SQL - 
    /* delete entity.DonationRecord */ delete 
        from
            simplebloodbank.donation_record 
        where
            record_id=?
2021-04-16T14:15:59,451|[TRACE] BasicBinder - binding parameter [1] as [INTEGER] - [8]
]]></system-out>
    <system-err><![CDATA[Apr 16, 2021 2:15:59 PM dal.GenericDAL lambda$setParameters$0
INFO: setParameters: administrator=Anna
]]></system-err>
  </testcase>
  <testcase name="testCreateEntityBadLengthValues" classname="logic.DonationRecordTest" time="0.032">
    <system-out><![CDATA[2021-04-16T14:15:59,459|[DEBUG] EMFactory - getting EntityManagerFactory
2021-04-16T14:15:59,459|[DEBUG] EMFactory - initializeing EntityManagerFactory
2021-04-16T14:15:59,459|[DEBUG] SQL - 
    select
        person0_.id as id1_4_0_,
        person0_.address as address2_4_0_,
        person0_.birth as birth3_4_0_,
        person0_.first_name as first_na4_4_0_,
        person0_.last_name as last_nam5_4_0_,
        person0_.phone as phone6_4_0_ 
    from
        simplebloodbank.person person0_ 
    where
        person0_.id=?
2021-04-16T14:15:59,460|[TRACE] BasicBinder - binding parameter [1] as [INTEGER] - [1]
2021-04-16T14:15:59,461|[DEBUG] SQL - 
    select
        blooddonat0_.donation_id as donation1_2_0_,
        blooddonat0_.bank_id as bank_id6_2_0_,
        blooddonat0_.blood_group as blood_gr2_2_0_,
        blooddonat0_.created as created3_2_0_,
        blooddonat0_.milliliters as millilit4_2_0_,
        blooddonat0_.rhd as rhd5_2_0_ 
    from
        simplebloodbank.blood_donation blooddonat0_ 
    where
        blooddonat0_.donation_id=?
2021-04-16T14:15:59,461|[TRACE] BasicBinder - binding parameter [1] as [INTEGER] - [1]
2021-04-16T14:15:59,462|[TRACE] BasicExtractor - extracted value ([bank_id6_2_0_] : [INTEGER]) - [null]
2021-04-16T14:15:59,462|[TRACE] BasicExtractor - extracted value ([blood_gr2_2_0_] : [VARCHAR]) - [B]
2021-04-16T14:15:59,462|[TRACE] BasicExtractor - extracted value ([created3_2_0_] : [TIMESTAMP]) - [1111-11-11 11:11:11.0]
2021-04-16T14:15:59,463|[TRACE] BasicExtractor - extracted value ([millilit4_2_0_] : [INTEGER]) - [100]
2021-04-16T14:15:59,463|[TRACE] BasicExtractor - extracted value ([rhd5_2_0_] : [VARCHAR]) - [+]
2021-04-16T14:15:59,463|[DEBUG] AttributeConverterSqlTypeDescriptorAdapter - Converted value on extraction: + -> Positive
2021-04-16T14:15:59,463|[DEBUG] SQL - 
    /* insert entity.Person
        */ insert 
        into
            simplebloodbank.person
            (address, birth, first_name, last_name, phone) 
        values
            (?, ?, ?, ?, ?)
2021-04-16T14:15:59,463|[TRACE] BasicBinder - binding parameter [1] as [VARCHAR] - [123 JUnit5 Street]
2021-04-16T14:15:59,464|[TRACE] BasicBinder - binding parameter [2] as [TIMESTAMP] - [Sat Nov 11 11:11:11 EST 1111]
2021-04-16T14:15:59,464|[TRACE] BasicBinder - binding parameter [3] as [VARCHAR] - [Bella]
2021-04-16T14:15:59,464|[TRACE] BasicBinder - binding parameter [4] as [VARCHAR] - [Smiths]
2021-04-16T14:15:59,464|[TRACE] BasicBinder - binding parameter [5] as [VARCHAR] - [123456789]
2021-04-16T14:15:59,466|[DEBUG] SQL - 
    /* insert entity.DonationRecord
        */ insert 
        into
            simplebloodbank.donation_record
            (administrator, donation_id, created, hospital, person_id, tested) 
        values
            (?, ?, ?, ?, ?, ?)
2021-04-16T14:15:59,466|[TRACE] BasicBinder - binding parameter [1] as [VARCHAR] - [Anna]
2021-04-16T14:15:59,466|[TRACE] BasicBinder - binding parameter [2] as [INTEGER] - [1]
2021-04-16T14:15:59,466|[TRACE] BasicBinder - binding parameter [3] as [TIMESTAMP] - [Sat Nov 11 11:11:11 EST 1111]
2021-04-16T14:15:59,466|[TRACE] BasicBinder - binding parameter [4] as [VARCHAR] - [Sunshine Hospital]
2021-04-16T14:15:59,466|[TRACE] BasicBinder - binding parameter [5] as [INTEGER] - [9]
2021-04-16T14:15:59,466|[TRACE] BasicBinder - binding parameter [6] as [BOOLEAN] - [true]
2021-04-16T14:15:59,481|[DEBUG] EMFactory - getting EntityManagerFactory
2021-04-16T14:15:59,481|[DEBUG] EMFactory - initializeing EntityManagerFactory
2021-04-16T14:15:59,482|[DEBUG] SQL - 
    /* load entity.DonationRecord */ select
        donationre0_.record_id as record_i1_3_0_,
        donationre0_.administrator as administ2_3_0_,
        donationre0_.donation_id as donation6_3_0_,
        donationre0_.created as created3_3_0_,
        donationre0_.hospital as hospital4_3_0_,
        donationre0_.person_id as person_i7_3_0_,
        donationre0_.tested as tested5_3_0_ 
    from
        simplebloodbank.donation_record donationre0_ 
    where
        donationre0_.record_id=?
2021-04-16T14:15:59,482|[TRACE] BasicBinder - binding parameter [1] as [INTEGER] - [9]
2021-04-16T14:15:59,483|[TRACE] BasicExtractor - extracted value ([administ2_3_0_] : [VARCHAR]) - [Anna]
2021-04-16T14:15:59,483|[TRACE] BasicExtractor - extracted value ([donation6_3_0_] : [INTEGER]) - [1]
2021-04-16T14:15:59,483|[TRACE] BasicExtractor - extracted value ([created3_3_0_] : [TIMESTAMP]) - [1111-11-11 11:11:11.0]
2021-04-16T14:15:59,483|[TRACE] BasicExtractor - extracted value ([hospital4_3_0_] : [VARCHAR]) - [Sunshine Hospital]
2021-04-16T14:15:59,483|[TRACE] BasicExtractor - extracted value ([person_i7_3_0_] : [INTEGER]) - [9]
2021-04-16T14:15:59,483|[TRACE] BasicExtractor - extracted value ([tested5_3_0_] : [BOOLEAN]) - [true]
2021-04-16T14:15:59,484|[DEBUG] SQL - 
    /* delete entity.DonationRecord */ delete 
        from
            simplebloodbank.donation_record 
        where
            record_id=?
2021-04-16T14:15:59,484|[TRACE] BasicBinder - binding parameter [1] as [INTEGER] - [9]
]]></system-out>
  </testcase>
  <testcase name="testGetDonationRecordWithHospital" classname="logic.DonationRecordTest" time="0.055">
    <system-out><![CDATA[2021-04-16T14:15:59,490|[DEBUG] EMFactory - getting EntityManagerFactory
2021-04-16T14:15:59,490|[DEBUG] EMFactory - initializeing EntityManagerFactory
2021-04-16T14:15:59,491|[DEBUG] SQL - 
    select
        person0_.id as id1_4_0_,
        person0_.address as address2_4_0_,
        person0_.birth as birth3_4_0_,
        person0_.first_name as first_na4_4_0_,
        person0_.last_name as last_nam5_4_0_,
        person0_.phone as phone6_4_0_ 
    from
        simplebloodbank.person person0_ 
    where
        person0_.id=?
2021-04-16T14:15:59,491|[TRACE] BasicBinder - binding parameter [1] as [INTEGER] - [1]
2021-04-16T14:15:59,492|[DEBUG] SQL - 
    select
        blooddonat0_.donation_id as donation1_2_0_,
        blooddonat0_.bank_id as bank_id6_2_0_,
        blooddonat0_.blood_group as blood_gr2_2_0_,
        blooddonat0_.created as created3_2_0_,
        blooddonat0_.milliliters as millilit4_2_0_,
        blooddonat0_.rhd as rhd5_2_0_ 
    from
        simplebloodbank.blood_donation blooddonat0_ 
    where
        blooddonat0_.donation_id=?
2021-04-16T14:15:59,493|[TRACE] BasicBinder - binding parameter [1] as [INTEGER] - [1]
2021-04-16T14:15:59,493|[TRACE] BasicExtractor - extracted value ([bank_id6_2_0_] : [INTEGER]) - [null]
2021-04-16T14:15:59,493|[TRACE] BasicExtractor - extracted value ([blood_gr2_2_0_] : [VARCHAR]) - [B]
2021-04-16T14:15:59,494|[TRACE] BasicExtractor - extracted value ([created3_2_0_] : [TIMESTAMP]) - [1111-11-11 11:11:11.0]
2021-04-16T14:15:59,494|[TRACE] BasicExtractor - extracted value ([millilit4_2_0_] : [INTEGER]) - [100]
2021-04-16T14:15:59,494|[TRACE] BasicExtractor - extracted value ([rhd5_2_0_] : [VARCHAR]) - [+]
2021-04-16T14:15:59,494|[DEBUG] AttributeConverterSqlTypeDescriptorAdapter - Converted value on extraction: + -> Positive
2021-04-16T14:15:59,494|[DEBUG] SQL - 
    /* insert entity.Person
        */ insert 
        into
            simplebloodbank.person
            (address, birth, first_name, last_name, phone) 
        values
            (?, ?, ?, ?, ?)
2021-04-16T14:15:59,494|[TRACE] BasicBinder - binding parameter [1] as [VARCHAR] - [123 JUnit5 Street]
2021-04-16T14:15:59,495|[TRACE] BasicBinder - binding parameter [2] as [TIMESTAMP] - [Sat Nov 11 11:11:11 EST 1111]
2021-04-16T14:15:59,495|[TRACE] BasicBinder - binding parameter [3] as [VARCHAR] - [Bella]
2021-04-16T14:15:59,495|[TRACE] BasicBinder - binding parameter [4] as [VARCHAR] - [Smiths]
2021-04-16T14:15:59,495|[TRACE] BasicBinder - binding parameter [5] as [VARCHAR] - [123456789]
2021-04-16T14:15:59,497|[DEBUG] SQL - 
    /* insert entity.DonationRecord
        */ insert 
        into
            simplebloodbank.donation_record
            (administrator, donation_id, created, hospital, person_id, tested) 
        values
            (?, ?, ?, ?, ?, ?)
2021-04-16T14:15:59,497|[TRACE] BasicBinder - binding parameter [1] as [VARCHAR] - [Anna]
2021-04-16T14:15:59,497|[TRACE] BasicBinder - binding parameter [2] as [INTEGER] - [1]
2021-04-16T14:15:59,497|[TRACE] BasicBinder - binding parameter [3] as [TIMESTAMP] - [Sat Nov 11 11:11:11 EST 1111]
2021-04-16T14:15:59,497|[TRACE] BasicBinder - binding parameter [4] as [VARCHAR] - [Sunshine Hospital]
2021-04-16T14:15:59,497|[TRACE] BasicBinder - binding parameter [5] as [INTEGER] - [10]
2021-04-16T14:15:59,497|[TRACE] BasicBinder - binding parameter [6] as [BOOLEAN] - [true]
2021-04-16T14:15:59,504|[DEBUG] EMFactory - getting EntityManagerFactory
2021-04-16T14:15:59,504|[DEBUG] EMFactory - initializeing EntityManagerFactory
2021-04-16T14:15:59,505|[DEBUG] SQL - 
    /* DonationRecord.findByHospital */ select
        donationre0_.record_id as record_i1_3_,
        donationre0_.administrator as administ2_3_,
        donationre0_.donation_id as donation6_3_,
        donationre0_.created as created3_3_,
        donationre0_.hospital as hospital4_3_,
        donationre0_.person_id as person_i7_3_,
        donationre0_.tested as tested5_3_ 
    from
        simplebloodbank.donation_record donationre0_ 
    where
        donationre0_.hospital=?
2021-04-16T14:15:59,505|[TRACE] BasicBinder - binding parameter [1] as [VARCHAR] - [Sunshine Hospital]
2021-04-16T14:15:59,506|[TRACE] BasicExtractor - extracted value ([record_i1_3_] : [INTEGER]) - [10]
2021-04-16T14:15:59,506|[TRACE] BasicExtractor - extracted value ([administ2_3_] : [VARCHAR]) - [Anna]
2021-04-16T14:15:59,506|[TRACE] BasicExtractor - extracted value ([donation6_3_] : [INTEGER]) - [1]
2021-04-16T14:15:59,506|[TRACE] BasicExtractor - extracted value ([created3_3_] : [TIMESTAMP]) - [1111-11-11 11:11:11.0]
2021-04-16T14:15:59,506|[TRACE] BasicExtractor - extracted value ([hospital4_3_] : [VARCHAR]) - [Sunshine Hospital]
2021-04-16T14:15:59,506|[TRACE] BasicExtractor - extracted value ([person_i7_3_] : [INTEGER]) - [10]
2021-04-16T14:15:59,506|[TRACE] BasicExtractor - extracted value ([tested5_3_] : [BOOLEAN]) - [true]
2021-04-16T14:15:59,507|[DEBUG] SQL - 
    select
        blooddonat0_.donation_id as donation1_2_0_,
        blooddonat0_.bank_id as bank_id6_2_0_,
        blooddonat0_.blood_group as blood_gr2_2_0_,
        blooddonat0_.created as created3_2_0_,
        blooddonat0_.milliliters as millilit4_2_0_,
        blooddonat0_.rhd as rhd5_2_0_ 
    from
        simplebloodbank.blood_donation blooddonat0_ 
    where
        blooddonat0_.donation_id=?
2021-04-16T14:15:59,507|[TRACE] BasicBinder - binding parameter [1] as [INTEGER] - [1]
2021-04-16T14:15:59,507|[TRACE] BasicExtractor - extracted value ([bank_id6_2_0_] : [INTEGER]) - [null]
2021-04-16T14:15:59,507|[TRACE] BasicExtractor - extracted value ([blood_gr2_2_0_] : [VARCHAR]) - [B]
2021-04-16T14:15:59,508|[TRACE] BasicExtractor - extracted value ([created3_2_0_] : [TIMESTAMP]) - [1111-11-11 11:11:11.0]
2021-04-16T14:15:59,508|[TRACE] BasicExtractor - extracted value ([millilit4_2_0_] : [INTEGER]) - [100]
2021-04-16T14:15:59,508|[TRACE] BasicExtractor - extracted value ([rhd5_2_0_] : [VARCHAR]) - [+]
2021-04-16T14:15:59,508|[DEBUG] AttributeConverterSqlTypeDescriptorAdapter - Converted value on extraction: + -> Positive
2021-04-16T14:15:59,508|[DEBUG] EMFactory - getting EntityManagerFactory
2021-04-16T14:15:59,508|[DEBUG] EMFactory - initializeing EntityManagerFactory
2021-04-16T14:15:59,523|[DEBUG] SQL - 
    /* load entity.DonationRecord */ select
        donationre0_.record_id as record_i1_3_0_,
        donationre0_.administrator as administ2_3_0_,
        donationre0_.donation_id as donation6_3_0_,
        donationre0_.created as created3_3_0_,
        donationre0_.hospital as hospital4_3_0_,
        donationre0_.person_id as person_i7_3_0_,
        donationre0_.tested as tested5_3_0_ 
    from
        simplebloodbank.donation_record donationre0_ 
    where
        donationre0_.record_id=?
2021-04-16T14:15:59,523|[TRACE] BasicBinder - binding parameter [1] as [INTEGER] - [10]
2021-04-16T14:15:59,524|[TRACE] BasicExtractor - extracted value ([administ2_3_0_] : [VARCHAR]) - [Anna]
2021-04-16T14:15:59,524|[TRACE] BasicExtractor - extracted value ([donation6_3_0_] : [INTEGER]) - [1]
2021-04-16T14:15:59,524|[TRACE] BasicExtractor - extracted value ([created3_3_0_] : [TIMESTAMP]) - [1111-11-11 11:11:11.0]
2021-04-16T14:15:59,535|[TRACE] BasicExtractor - extracted value ([hospital4_3_0_] : [VARCHAR]) - [Sunshine Hospital]
2021-04-16T14:15:59,536|[TRACE] BasicExtractor - extracted value ([person_i7_3_0_] : [INTEGER]) - [10]
2021-04-16T14:15:59,536|[TRACE] BasicExtractor - extracted value ([tested5_3_0_] : [BOOLEAN]) - [true]
2021-04-16T14:15:59,539|[DEBUG] SQL - 
    /* delete entity.DonationRecord */ delete 
        from
            simplebloodbank.donation_record 
        where
            record_id=?
2021-04-16T14:15:59,539|[TRACE] BasicBinder - binding parameter [1] as [INTEGER] - [10]
]]></system-out>
    <system-err><![CDATA[Apr 16, 2021 2:15:59 PM dal.GenericDAL lambda$setParameters$0
INFO: setParameters: hospital=Sunshine Hospital
]]></system-err>
  </testcase>
  <testcase name="testGetAll" classname="logic.DonationRecordTest" time="0.07">
    <system-out><![CDATA[2021-04-16T14:15:59,546|[DEBUG] EMFactory - getting EntityManagerFactory
2021-04-16T14:15:59,546|[DEBUG] EMFactory - initializeing EntityManagerFactory
2021-04-16T14:15:59,547|[DEBUG] SQL - 
    select
        person0_.id as id1_4_0_,
        person0_.address as address2_4_0_,
        person0_.birth as birth3_4_0_,
        person0_.first_name as first_na4_4_0_,
        person0_.last_name as last_nam5_4_0_,
        person0_.phone as phone6_4_0_ 
    from
        simplebloodbank.person person0_ 
    where
        person0_.id=?
2021-04-16T14:15:59,547|[TRACE] BasicBinder - binding parameter [1] as [INTEGER] - [1]
2021-04-16T14:15:59,548|[DEBUG] SQL - 
    select
        blooddonat0_.donation_id as donation1_2_0_,
        blooddonat0_.bank_id as bank_id6_2_0_,
        blooddonat0_.blood_group as blood_gr2_2_0_,
        blooddonat0_.created as created3_2_0_,
        blooddonat0_.milliliters as millilit4_2_0_,
        blooddonat0_.rhd as rhd5_2_0_ 
    from
        simplebloodbank.blood_donation blooddonat0_ 
    where
        blooddonat0_.donation_id=?
2021-04-16T14:15:59,548|[TRACE] BasicBinder - binding parameter [1] as [INTEGER] - [1]
2021-04-16T14:15:59,549|[TRACE] BasicExtractor - extracted value ([bank_id6_2_0_] : [INTEGER]) - [null]
2021-04-16T14:15:59,549|[TRACE] BasicExtractor - extracted value ([blood_gr2_2_0_] : [VARCHAR]) - [B]
2021-04-16T14:15:59,549|[TRACE] BasicExtractor - extracted value ([created3_2_0_] : [TIMESTAMP]) - [1111-11-11 11:11:11.0]
2021-04-16T14:15:59,549|[TRACE] BasicExtractor - extracted value ([millilit4_2_0_] : [INTEGER]) - [100]
2021-04-16T14:15:59,549|[TRACE] BasicExtractor - extracted value ([rhd5_2_0_] : [VARCHAR]) - [+]
2021-04-16T14:15:59,549|[DEBUG] AttributeConverterSqlTypeDescriptorAdapter - Converted value on extraction: + -> Positive
2021-04-16T14:15:59,550|[DEBUG] SQL - 
    /* insert entity.Person
        */ insert 
        into
            simplebloodbank.person
            (address, birth, first_name, last_name, phone) 
        values
            (?, ?, ?, ?, ?)
2021-04-16T14:15:59,550|[TRACE] BasicBinder - binding parameter [1] as [VARCHAR] - [123 JUnit5 Street]
2021-04-16T14:15:59,550|[TRACE] BasicBinder - binding parameter [2] as [TIMESTAMP] - [Sat Nov 11 11:11:11 EST 1111]
2021-04-16T14:15:59,550|[TRACE] BasicBinder - binding parameter [3] as [VARCHAR] - [Bella]
2021-04-16T14:15:59,550|[TRACE] BasicBinder - binding parameter [4] as [VARCHAR] - [Smiths]
2021-04-16T14:15:59,550|[TRACE] BasicBinder - binding parameter [5] as [VARCHAR] - [123456789]
2021-04-16T14:15:59,552|[DEBUG] SQL - 
    /* insert entity.DonationRecord
        */ insert 
        into
            simplebloodbank.donation_record
            (administrator, donation_id, created, hospital, person_id, tested) 
        values
            (?, ?, ?, ?, ?, ?)
2021-04-16T14:15:59,552|[TRACE] BasicBinder - binding parameter [1] as [VARCHAR] - [Anna]
2021-04-16T14:15:59,552|[TRACE] BasicBinder - binding parameter [2] as [INTEGER] - [1]
2021-04-16T14:15:59,552|[TRACE] BasicBinder - binding parameter [3] as [TIMESTAMP] - [Sat Nov 11 11:11:11 EST 1111]
2021-04-16T14:15:59,552|[TRACE] BasicBinder - binding parameter [4] as [VARCHAR] - [Sunshine Hospital]
2021-04-16T14:15:59,552|[TRACE] BasicBinder - binding parameter [5] as [INTEGER] - [11]
2021-04-16T14:15:59,552|[TRACE] BasicBinder - binding parameter [6] as [BOOLEAN] - [true]
2021-04-16T14:15:59,559|[DEBUG] EMFactory - getting EntityManagerFactory
2021-04-16T14:15:59,559|[DEBUG] EMFactory - initializeing EntityManagerFactory
2021-04-16T14:15:59,560|[DEBUG] SQL - 
    /* DonationRecord.findAll */ select
        donationre0_.record_id as record_i1_3_,
        donationre0_.administrator as administ2_3_,
        donationre0_.donation_id as donation6_3_,
        donationre0_.created as created3_3_,
        donationre0_.hospital as hospital4_3_,
        donationre0_.person_id as person_i7_3_,
        donationre0_.tested as tested5_3_ 
    from
        simplebloodbank.donation_record donationre0_
2021-04-16T14:15:59,561|[TRACE] BasicExtractor - extracted value ([record_i1_3_] : [INTEGER]) - [11]
2021-04-16T14:15:59,561|[TRACE] BasicExtractor - extracted value ([administ2_3_] : [VARCHAR]) - [Anna]
2021-04-16T14:15:59,561|[TRACE] BasicExtractor - extracted value ([donation6_3_] : [INTEGER]) - [1]
2021-04-16T14:15:59,561|[TRACE] BasicExtractor - extracted value ([created3_3_] : [TIMESTAMP]) - [1111-11-11 11:11:11.0]
2021-04-16T14:15:59,561|[TRACE] BasicExtractor - extracted value ([hospital4_3_] : [VARCHAR]) - [Sunshine Hospital]
2021-04-16T14:15:59,561|[TRACE] BasicExtractor - extracted value ([person_i7_3_] : [INTEGER]) - [11]
2021-04-16T14:15:59,561|[TRACE] BasicExtractor - extracted value ([tested5_3_] : [BOOLEAN]) - [true]
2021-04-16T14:15:59,562|[DEBUG] EMFactory - getting EntityManagerFactory
2021-04-16T14:15:59,562|[DEBUG] EMFactory - initializeing EntityManagerFactory
2021-04-16T14:15:59,579|[DEBUG] SQL - 
    /* load entity.DonationRecord */ select
        donationre0_.record_id as record_i1_3_0_,
        donationre0_.administrator as administ2_3_0_,
        donationre0_.donation_id as donation6_3_0_,
        donationre0_.created as created3_3_0_,
        donationre0_.hospital as hospital4_3_0_,
        donationre0_.person_id as person_i7_3_0_,
        donationre0_.tested as tested5_3_0_ 
    from
        simplebloodbank.donation_record donationre0_ 
    where
        donationre0_.record_id=?
2021-04-16T14:15:59,579|[TRACE] BasicBinder - binding parameter [1] as [INTEGER] - [11]
2021-04-16T14:15:59,580|[TRACE] BasicExtractor - extracted value ([administ2_3_0_] : [VARCHAR]) - [Anna]
2021-04-16T14:15:59,580|[TRACE] BasicExtractor - extracted value ([donation6_3_0_] : [INTEGER]) - [1]
2021-04-16T14:15:59,580|[TRACE] BasicExtractor - extracted value ([created3_3_0_] : [TIMESTAMP]) - [1111-11-11 11:11:11.0]
2021-04-16T14:15:59,580|[TRACE] BasicExtractor - extracted value ([hospital4_3_0_] : [VARCHAR]) - [Sunshine Hospital]
2021-04-16T14:15:59,580|[TRACE] BasicExtractor - extracted value ([person_i7_3_0_] : [INTEGER]) - [11]
2021-04-16T14:15:59,580|[TRACE] BasicExtractor - extracted value ([tested5_3_0_] : [BOOLEAN]) - [true]
2021-04-16T14:15:59,581|[DEBUG] SQL - 
    /* delete entity.DonationRecord */ delete 
        from
            simplebloodbank.donation_record 
        where
            record_id=?
2021-04-16T14:15:59,581|[TRACE] BasicBinder - binding parameter [1] as [INTEGER] - [11]
2021-04-16T14:15:59,588|[DEBUG] EMFactory - getting EntityManagerFactory
2021-04-16T14:15:59,588|[DEBUG] EMFactory - initializeing EntityManagerFactory
2021-04-16T14:15:59,588|[DEBUG] SQL - 
    /* DonationRecord.findAll */ select
        donationre0_.record_id as record_i1_3_,
        donationre0_.administrator as administ2_3_,
        donationre0_.donation_id as donation6_3_,
        donationre0_.created as created3_3_,
        donationre0_.hospital as hospital4_3_,
        donationre0_.person_id as person_i7_3_,
        donationre0_.tested as tested5_3_ 
    from
        simplebloodbank.donation_record donationre0_
2021-04-16T14:15:59,589|[DEBUG] EMFactory - getting EntityManagerFactory
2021-04-16T14:15:59,589|[DEBUG] EMFactory - initializeing EntityManagerFactory
2021-04-16T14:15:59,605|[DEBUG] SQL - 
    /* load entity.DonationRecord */ select
        donationre0_.record_id as record_i1_3_0_,
        donationre0_.administrator as administ2_3_0_,
        donationre0_.donation_id as donation6_3_0_,
        donationre0_.created as created3_3_0_,
        donationre0_.hospital as hospital4_3_0_,
        donationre0_.person_id as person_i7_3_0_,
        donationre0_.tested as tested5_3_0_ 
    from
        simplebloodbank.donation_record donationre0_ 
    where
        donationre0_.record_id=?
2021-04-16T14:15:59,606|[TRACE] BasicBinder - binding parameter [1] as [INTEGER] - [11]
2021-04-16T14:15:59,607|[DEBUG] SQL - 
    /* insert entity.DonationRecord
        */ insert 
        into
            simplebloodbank.donation_record
            (administrator, donation_id, created, hospital, person_id, tested) 
        values
            (?, ?, ?, ?, ?, ?)
2021-04-16T14:15:59,607|[TRACE] BasicBinder - binding parameter [1] as [VARCHAR] - [Anna]
2021-04-16T14:15:59,608|[TRACE] BasicBinder - binding parameter [2] as [INTEGER] - [1]
2021-04-16T14:15:59,608|[TRACE] BasicBinder - binding parameter [3] as [TIMESTAMP] - [Sat Nov 11 11:11:11 EST 1111]
2021-04-16T14:15:59,608|[TRACE] BasicBinder - binding parameter [4] as [VARCHAR] - [Sunshine Hospital]
2021-04-16T14:15:59,608|[TRACE] BasicBinder - binding parameter [5] as [INTEGER] - [11]
2021-04-16T14:15:59,608|[TRACE] BasicBinder - binding parameter [6] as [BOOLEAN] - [true]
2021-04-16T14:15:59,609|[DEBUG] SQL - 
    /* delete entity.DonationRecord */ delete 
        from
            simplebloodbank.donation_record 
        where
            record_id=?
2021-04-16T14:15:59,610|[TRACE] BasicBinder - binding parameter [1] as [INTEGER] - [12]
]]></system-out>
  </testcase>
  <testcase name="testGetColumnCodes" classname="logic.DonationRecordTest" time="0.027">
    <system-out><![CDATA[2021-04-16T14:15:59,617|[DEBUG] EMFactory - getting EntityManagerFactory
2021-04-16T14:15:59,617|[DEBUG] EMFactory - initializeing EntityManagerFactory
2021-04-16T14:15:59,618|[DEBUG] SQL - 
    select
        person0_.id as id1_4_0_,
        person0_.address as address2_4_0_,
        person0_.birth as birth3_4_0_,
        person0_.first_name as first_na4_4_0_,
        person0_.last_name as last_nam5_4_0_,
        person0_.phone as phone6_4_0_ 
    from
        simplebloodbank.person person0_ 
    where
        person0_.id=?
2021-04-16T14:15:59,618|[TRACE] BasicBinder - binding parameter [1] as [INTEGER] - [1]
2021-04-16T14:15:59,619|[DEBUG] SQL - 
    select
        blooddonat0_.donation_id as donation1_2_0_,
        blooddonat0_.bank_id as bank_id6_2_0_,
        blooddonat0_.blood_group as blood_gr2_2_0_,
        blooddonat0_.created as created3_2_0_,
        blooddonat0_.milliliters as millilit4_2_0_,
        blooddonat0_.rhd as rhd5_2_0_ 
    from
        simplebloodbank.blood_donation blooddonat0_ 
    where
        blooddonat0_.donation_id=?
2021-04-16T14:15:59,619|[TRACE] BasicBinder - binding parameter [1] as [INTEGER] - [1]
2021-04-16T14:15:59,620|[TRACE] BasicExtractor - extracted value ([bank_id6_2_0_] : [INTEGER]) - [null]
2021-04-16T14:15:59,621|[TRACE] BasicExtractor - extracted value ([blood_gr2_2_0_] : [VARCHAR]) - [B]
2021-04-16T14:15:59,621|[TRACE] BasicExtractor - extracted value ([created3_2_0_] : [TIMESTAMP]) - [1111-11-11 11:11:11.0]
2021-04-16T14:15:59,621|[TRACE] BasicExtractor - extracted value ([millilit4_2_0_] : [INTEGER]) - [100]
2021-04-16T14:15:59,621|[TRACE] BasicExtractor - extracted value ([rhd5_2_0_] : [VARCHAR]) - [+]
2021-04-16T14:15:59,621|[DEBUG] AttributeConverterSqlTypeDescriptorAdapter - Converted value on extraction: + -> Positive
2021-04-16T14:15:59,622|[DEBUG] SQL - 
    /* insert entity.Person
        */ insert 
        into
            simplebloodbank.person
            (address, birth, first_name, last_name, phone) 
        values
            (?, ?, ?, ?, ?)
2021-04-16T14:15:59,622|[TRACE] BasicBinder - binding parameter [1] as [VARCHAR] - [123 JUnit5 Street]
2021-04-16T14:15:59,622|[TRACE] BasicBinder - binding parameter [2] as [TIMESTAMP] - [Sat Nov 11 11:11:11 EST 1111]
2021-04-16T14:15:59,623|[TRACE] BasicBinder - binding parameter [3] as [VARCHAR] - [Bella]
2021-04-16T14:15:59,623|[TRACE] BasicBinder - binding parameter [4] as [VARCHAR] - [Smiths]
2021-04-16T14:15:59,623|[TRACE] BasicBinder - binding parameter [5] as [VARCHAR] - [123456789]
2021-04-16T14:15:59,625|[DEBUG] SQL - 
    /* insert entity.DonationRecord
        */ insert 
        into
            simplebloodbank.donation_record
            (administrator, donation_id, created, hospital, person_id, tested) 
        values
            (?, ?, ?, ?, ?, ?)
2021-04-16T14:15:59,625|[TRACE] BasicBinder - binding parameter [1] as [VARCHAR] - [Anna]
2021-04-16T14:15:59,625|[TRACE] BasicBinder - binding parameter [2] as [INTEGER] - [1]
2021-04-16T14:15:59,625|[TRACE] BasicBinder - binding parameter [3] as [TIMESTAMP] - [Sat Nov 11 11:11:11 EST 1111]
2021-04-16T14:15:59,625|[TRACE] BasicBinder - binding parameter [4] as [VARCHAR] - [Sunshine Hospital]
2021-04-16T14:15:59,625|[TRACE] BasicBinder - binding parameter [5] as [INTEGER] - [12]
2021-04-16T14:15:59,625|[TRACE] BasicBinder - binding parameter [6] as [BOOLEAN] - [true]
2021-04-16T14:15:59,632|[DEBUG] EMFactory - getting EntityManagerFactory
2021-04-16T14:15:59,633|[DEBUG] EMFactory - initializeing EntityManagerFactory
2021-04-16T14:15:59,633|[DEBUG] SQL - 
    /* load entity.DonationRecord */ select
        donationre0_.record_id as record_i1_3_0_,
        donationre0_.administrator as administ2_3_0_,
        donationre0_.donation_id as donation6_3_0_,
        donationre0_.created as created3_3_0_,
        donationre0_.hospital as hospital4_3_0_,
        donationre0_.person_id as person_i7_3_0_,
        donationre0_.tested as tested5_3_0_ 
    from
        simplebloodbank.donation_record donationre0_ 
    where
        donationre0_.record_id=?
2021-04-16T14:15:59,634|[TRACE] BasicBinder - binding parameter [1] as [INTEGER] - [13]
2021-04-16T14:15:59,634|[TRACE] BasicExtractor - extracted value ([administ2_3_0_] : [VARCHAR]) - [Anna]
2021-04-16T14:15:59,634|[TRACE] BasicExtractor - extracted value ([donation6_3_0_] : [INTEGER]) - [1]
2021-04-16T14:15:59,635|[TRACE] BasicExtractor - extracted value ([created3_3_0_] : [TIMESTAMP]) - [1111-11-11 11:11:11.0]
2021-04-16T14:15:59,635|[TRACE] BasicExtractor - extracted value ([hospital4_3_0_] : [VARCHAR]) - [Sunshine Hospital]
2021-04-16T14:15:59,635|[TRACE] BasicExtractor - extracted value ([person_i7_3_0_] : [INTEGER]) - [12]
2021-04-16T14:15:59,635|[TRACE] BasicExtractor - extracted value ([tested5_3_0_] : [BOOLEAN]) - [true]
2021-04-16T14:15:59,635|[DEBUG] SQL - 
    /* delete entity.DonationRecord */ delete 
        from
            simplebloodbank.donation_record 
        where
            record_id=?
2021-04-16T14:15:59,635|[TRACE] BasicBinder - binding parameter [1] as [INTEGER] - [13]
]]></system-out>
  </testcase>
  <testcase name="testGetColumnNames" classname="logic.DonationRecordTest" time="0.025">
    <system-out><![CDATA[2021-04-16T14:15:59,645|[DEBUG] EMFactory - getting EntityManagerFactory
2021-04-16T14:15:59,645|[DEBUG] EMFactory - initializeing EntityManagerFactory
2021-04-16T14:15:59,645|[DEBUG] SQL - 
    select
        person0_.id as id1_4_0_,
        person0_.address as address2_4_0_,
        person0_.birth as birth3_4_0_,
        person0_.first_name as first_na4_4_0_,
        person0_.last_name as last_nam5_4_0_,
        person0_.phone as phone6_4_0_ 
    from
        simplebloodbank.person person0_ 
    where
        person0_.id=?
2021-04-16T14:15:59,645|[TRACE] BasicBinder - binding parameter [1] as [INTEGER] - [1]
2021-04-16T14:15:59,646|[DEBUG] SQL - 
    select
        blooddonat0_.donation_id as donation1_2_0_,
        blooddonat0_.bank_id as bank_id6_2_0_,
        blooddonat0_.blood_group as blood_gr2_2_0_,
        blooddonat0_.created as created3_2_0_,
        blooddonat0_.milliliters as millilit4_2_0_,
        blooddonat0_.rhd as rhd5_2_0_ 
    from
        simplebloodbank.blood_donation blooddonat0_ 
    where
        blooddonat0_.donation_id=?
2021-04-16T14:15:59,647|[TRACE] BasicBinder - binding parameter [1] as [INTEGER] - [1]
2021-04-16T14:15:59,647|[TRACE] BasicExtractor - extracted value ([bank_id6_2_0_] : [INTEGER]) - [null]
2021-04-16T14:15:59,647|[TRACE] BasicExtractor - extracted value ([blood_gr2_2_0_] : [VARCHAR]) - [B]
2021-04-16T14:15:59,648|[TRACE] BasicExtractor - extracted value ([created3_2_0_] : [TIMESTAMP]) - [1111-11-11 11:11:11.0]
2021-04-16T14:15:59,648|[TRACE] BasicExtractor - extracted value ([millilit4_2_0_] : [INTEGER]) - [100]
2021-04-16T14:15:59,648|[TRACE] BasicExtractor - extracted value ([rhd5_2_0_] : [VARCHAR]) - [+]
2021-04-16T14:15:59,648|[DEBUG] AttributeConverterSqlTypeDescriptorAdapter - Converted value on extraction: + -> Positive
2021-04-16T14:15:59,648|[DEBUG] SQL - 
    /* insert entity.Person
        */ insert 
        into
            simplebloodbank.person
            (address, birth, first_name, last_name, phone) 
        values
            (?, ?, ?, ?, ?)
2021-04-16T14:15:59,648|[TRACE] BasicBinder - binding parameter [1] as [VARCHAR] - [123 JUnit5 Street]
2021-04-16T14:15:59,648|[TRACE] BasicBinder - binding parameter [2] as [TIMESTAMP] - [Sat Nov 11 11:11:11 EST 1111]
2021-04-16T14:15:59,649|[TRACE] BasicBinder - binding parameter [3] as [VARCHAR] - [Bella]
2021-04-16T14:15:59,649|[TRACE] BasicBinder - binding parameter [4] as [VARCHAR] - [Smiths]
2021-04-16T14:15:59,649|[TRACE] BasicBinder - binding parameter [5] as [VARCHAR] - [123456789]
2021-04-16T14:15:59,650|[DEBUG] SQL - 
    /* insert entity.DonationRecord
        */ insert 
        into
            simplebloodbank.donation_record
            (administrator, donation_id, created, hospital, person_id, tested) 
        values
            (?, ?, ?, ?, ?, ?)
2021-04-16T14:15:59,651|[TRACE] BasicBinder - binding parameter [1] as [VARCHAR] - [Anna]
2021-04-16T14:15:59,651|[TRACE] BasicBinder - binding parameter [2] as [INTEGER] - [1]
2021-04-16T14:15:59,651|[TRACE] BasicBinder - binding parameter [3] as [TIMESTAMP] - [Sat Nov 11 11:11:11 EST 1111]
2021-04-16T14:15:59,651|[TRACE] BasicBinder - binding parameter [4] as [VARCHAR] - [Sunshine Hospital]
2021-04-16T14:15:59,652|[TRACE] BasicBinder - binding parameter [5] as [INTEGER] - [13]
2021-04-16T14:15:59,652|[TRACE] BasicBinder - binding parameter [6] as [BOOLEAN] - [true]
2021-04-16T14:15:59,658|[DEBUG] EMFactory - getting EntityManagerFactory
2021-04-16T14:15:59,658|[DEBUG] EMFactory - initializeing EntityManagerFactory
2021-04-16T14:15:59,659|[DEBUG] SQL - 
    /* load entity.DonationRecord */ select
        donationre0_.record_id as record_i1_3_0_,
        donationre0_.administrator as administ2_3_0_,
        donationre0_.donation_id as donation6_3_0_,
        donationre0_.created as created3_3_0_,
        donationre0_.hospital as hospital4_3_0_,
        donationre0_.person_id as person_i7_3_0_,
        donationre0_.tested as tested5_3_0_ 
    from
        simplebloodbank.donation_record donationre0_ 
    where
        donationre0_.record_id=?
2021-04-16T14:15:59,659|[TRACE] BasicBinder - binding parameter [1] as [INTEGER] - [14]
2021-04-16T14:15:59,661|[TRACE] BasicExtractor - extracted value ([administ2_3_0_] : [VARCHAR]) - [Anna]
2021-04-16T14:15:59,661|[TRACE] BasicExtractor - extracted value ([donation6_3_0_] : [INTEGER]) - [1]
2021-04-16T14:15:59,661|[TRACE] BasicExtractor - extracted value ([created3_3_0_] : [TIMESTAMP]) - [1111-11-11 11:11:11.0]
2021-04-16T14:15:59,661|[TRACE] BasicExtractor - extracted value ([hospital4_3_0_] : [VARCHAR]) - [Sunshine Hospital]
2021-04-16T14:15:59,661|[TRACE] BasicExtractor - extracted value ([person_i7_3_0_] : [INTEGER]) - [13]
2021-04-16T14:15:59,661|[TRACE] BasicExtractor - extracted value ([tested5_3_0_] : [BOOLEAN]) - [true]
2021-04-16T14:15:59,662|[DEBUG] SQL - 
    /* delete entity.DonationRecord */ delete 
        from
            simplebloodbank.donation_record 
        where
            record_id=?
2021-04-16T14:15:59,662|[TRACE] BasicBinder - binding parameter [1] as [INTEGER] - [14]
]]></system-out>
  </testcase>
  <testcase name="testGetWithId" classname="logic.DonationRecordTest" time="0.039">
    <system-out><![CDATA[2021-04-16T14:15:59,670|[DEBUG] EMFactory - getting EntityManagerFactory
2021-04-16T14:15:59,670|[DEBUG] EMFactory - initializeing EntityManagerFactory
2021-04-16T14:15:59,671|[DEBUG] SQL - 
    select
        person0_.id as id1_4_0_,
        person0_.address as address2_4_0_,
        person0_.birth as birth3_4_0_,
        person0_.first_name as first_na4_4_0_,
        person0_.last_name as last_nam5_4_0_,
        person0_.phone as phone6_4_0_ 
    from
        simplebloodbank.person person0_ 
    where
        person0_.id=?
2021-04-16T14:15:59,671|[TRACE] BasicBinder - binding parameter [1] as [INTEGER] - [1]
2021-04-16T14:15:59,672|[DEBUG] SQL - 
    select
        blooddonat0_.donation_id as donation1_2_0_,
        blooddonat0_.bank_id as bank_id6_2_0_,
        blooddonat0_.blood_group as blood_gr2_2_0_,
        blooddonat0_.created as created3_2_0_,
        blooddonat0_.milliliters as millilit4_2_0_,
        blooddonat0_.rhd as rhd5_2_0_ 
    from
        simplebloodbank.blood_donation blooddonat0_ 
    where
        blooddonat0_.donation_id=?
2021-04-16T14:15:59,672|[TRACE] BasicBinder - binding parameter [1] as [INTEGER] - [1]
2021-04-16T14:15:59,673|[TRACE] BasicExtractor - extracted value ([bank_id6_2_0_] : [INTEGER]) - [null]
2021-04-16T14:15:59,673|[TRACE] BasicExtractor - extracted value ([blood_gr2_2_0_] : [VARCHAR]) - [B]
2021-04-16T14:15:59,673|[TRACE] BasicExtractor - extracted value ([created3_2_0_] : [TIMESTAMP]) - [1111-11-11 11:11:11.0]
2021-04-16T14:15:59,673|[TRACE] BasicExtractor - extracted value ([millilit4_2_0_] : [INTEGER]) - [100]
2021-04-16T14:15:59,673|[TRACE] BasicExtractor - extracted value ([rhd5_2_0_] : [VARCHAR]) - [+]
2021-04-16T14:15:59,673|[DEBUG] AttributeConverterSqlTypeDescriptorAdapter - Converted value on extraction: + -> Positive
2021-04-16T14:15:59,673|[DEBUG] SQL - 
    /* insert entity.Person
        */ insert 
        into
            simplebloodbank.person
            (address, birth, first_name, last_name, phone) 
        values
            (?, ?, ?, ?, ?)
2021-04-16T14:15:59,674|[TRACE] BasicBinder - binding parameter [1] as [VARCHAR] - [123 JUnit5 Street]
2021-04-16T14:15:59,674|[TRACE] BasicBinder - binding parameter [2] as [TIMESTAMP] - [Sat Nov 11 11:11:11 EST 1111]
2021-04-16T14:15:59,674|[TRACE] BasicBinder - binding parameter [3] as [VARCHAR] - [Bella]
2021-04-16T14:15:59,674|[TRACE] BasicBinder - binding parameter [4] as [VARCHAR] - [Smiths]
2021-04-16T14:15:59,674|[TRACE] BasicBinder - binding parameter [5] as [VARCHAR] - [123456789]
2021-04-16T14:15:59,675|[DEBUG] SQL - 
    /* insert entity.DonationRecord
        */ insert 
        into
            simplebloodbank.donation_record
            (administrator, donation_id, created, hospital, person_id, tested) 
        values
            (?, ?, ?, ?, ?, ?)
2021-04-16T14:15:59,675|[TRACE] BasicBinder - binding parameter [1] as [VARCHAR] - [Anna]
2021-04-16T14:15:59,676|[TRACE] BasicBinder - binding parameter [2] as [INTEGER] - [1]
2021-04-16T14:15:59,676|[TRACE] BasicBinder - binding parameter [3] as [TIMESTAMP] - [Sat Nov 11 11:11:11 EST 1111]
2021-04-16T14:15:59,676|[TRACE] BasicBinder - binding parameter [4] as [VARCHAR] - [Sunshine Hospital]
2021-04-16T14:15:59,676|[TRACE] BasicBinder - binding parameter [5] as [INTEGER] - [14]
2021-04-16T14:15:59,676|[TRACE] BasicBinder - binding parameter [6] as [BOOLEAN] - [true]
2021-04-16T14:15:59,682|[DEBUG] EMFactory - getting EntityManagerFactory
2021-04-16T14:15:59,682|[DEBUG] EMFactory - initializeing EntityManagerFactory
2021-04-16T14:15:59,683|[DEBUG] SQL - 
    /* DonationRecord.findByRecordId */ select
        donationre0_.record_id as record_i1_3_,
        donationre0_.administrator as administ2_3_,
        donationre0_.donation_id as donation6_3_,
        donationre0_.created as created3_3_,
        donationre0_.hospital as hospital4_3_,
        donationre0_.person_id as person_i7_3_,
        donationre0_.tested as tested5_3_ 
    from
        simplebloodbank.donation_record donationre0_ 
    where
        donationre0_.record_id=?
2021-04-16T14:15:59,684|[TRACE] BasicBinder - binding parameter [1] as [INTEGER] - [15]
2021-04-16T14:15:59,684|[TRACE] BasicExtractor - extracted value ([record_i1_3_] : [INTEGER]) - [15]
2021-04-16T14:15:59,684|[TRACE] BasicExtractor - extracted value ([administ2_3_] : [VARCHAR]) - [Anna]
2021-04-16T14:15:59,685|[TRACE] BasicExtractor - extracted value ([donation6_3_] : [INTEGER]) - [1]
2021-04-16T14:15:59,685|[TRACE] BasicExtractor - extracted value ([created3_3_] : [TIMESTAMP]) - [1111-11-11 11:11:11.0]
2021-04-16T14:15:59,685|[TRACE] BasicExtractor - extracted value ([hospital4_3_] : [VARCHAR]) - [Sunshine Hospital]
2021-04-16T14:15:59,685|[TRACE] BasicExtractor - extracted value ([person_i7_3_] : [INTEGER]) - [14]
2021-04-16T14:15:59,685|[TRACE] BasicExtractor - extracted value ([tested5_3_] : [BOOLEAN]) - [true]
2021-04-16T14:15:59,685|[DEBUG] SQL - 
    select
        blooddonat0_.donation_id as donation1_2_0_,
        blooddonat0_.bank_id as bank_id6_2_0_,
        blooddonat0_.blood_group as blood_gr2_2_0_,
        blooddonat0_.created as created3_2_0_,
        blooddonat0_.milliliters as millilit4_2_0_,
        blooddonat0_.rhd as rhd5_2_0_ 
    from
        simplebloodbank.blood_donation blooddonat0_ 
    where
        blooddonat0_.donation_id=?
2021-04-16T14:15:59,685|[TRACE] BasicBinder - binding parameter [1] as [INTEGER] - [1]
2021-04-16T14:15:59,686|[TRACE] BasicExtractor - extracted value ([bank_id6_2_0_] : [INTEGER]) - [null]
2021-04-16T14:15:59,686|[TRACE] BasicExtractor - extracted value ([blood_gr2_2_0_] : [VARCHAR]) - [B]
2021-04-16T14:15:59,686|[TRACE] BasicExtractor - extracted value ([created3_2_0_] : [TIMESTAMP]) - [1111-11-11 11:11:11.0]
2021-04-16T14:15:59,686|[TRACE] BasicExtractor - extracted value ([millilit4_2_0_] : [INTEGER]) - [100]
2021-04-16T14:15:59,686|[TRACE] BasicExtractor - extracted value ([rhd5_2_0_] : [VARCHAR]) - [+]
2021-04-16T14:15:59,686|[DEBUG] AttributeConverterSqlTypeDescriptorAdapter - Converted value on extraction: + -> Positive
2021-04-16T14:15:59,687|[DEBUG] EMFactory - getting EntityManagerFactory
2021-04-16T14:15:59,687|[DEBUG] EMFactory - initializeing EntityManagerFactory
2021-04-16T14:15:59,700|[DEBUG] SQL - 
    /* load entity.DonationRecord */ select
        donationre0_.record_id as record_i1_3_0_,
        donationre0_.administrator as administ2_3_0_,
        donationre0_.donation_id as donation6_3_0_,
        donationre0_.created as created3_3_0_,
        donationre0_.hospital as hospital4_3_0_,
        donationre0_.person_id as person_i7_3_0_,
        donationre0_.tested as tested5_3_0_ 
    from
        simplebloodbank.donation_record donationre0_ 
    where
        donationre0_.record_id=?
2021-04-16T14:15:59,700|[TRACE] BasicBinder - binding parameter [1] as [INTEGER] - [15]
2021-04-16T14:15:59,701|[TRACE] BasicExtractor - extracted value ([administ2_3_0_] : [VARCHAR]) - [Anna]
2021-04-16T14:15:59,701|[TRACE] BasicExtractor - extracted value ([donation6_3_0_] : [INTEGER]) - [1]
2021-04-16T14:15:59,702|[TRACE] BasicExtractor - extracted value ([created3_3_0_] : [TIMESTAMP]) - [1111-11-11 11:11:11.0]
2021-04-16T14:15:59,702|[TRACE] BasicExtractor - extracted value ([hospital4_3_0_] : [VARCHAR]) - [Sunshine Hospital]
2021-04-16T14:15:59,702|[TRACE] BasicExtractor - extracted value ([person_i7_3_0_] : [INTEGER]) - [14]
2021-04-16T14:15:59,702|[TRACE] BasicExtractor - extracted value ([tested5_3_0_] : [BOOLEAN]) - [true]
2021-04-16T14:15:59,702|[DEBUG] SQL - 
    /* delete entity.DonationRecord */ delete 
        from
            simplebloodbank.donation_record 
        where
            record_id=?
2021-04-16T14:15:59,702|[TRACE] BasicBinder - binding parameter [1] as [INTEGER] - [15]
]]></system-out>
    <system-err><![CDATA[Apr 16, 2021 2:15:59 PM dal.GenericDAL lambda$setParameters$0
INFO: setParameters: recordId=15
]]></system-err>
  </testcase>
  <testcase name="testGetDonationRecordsWithPerson" classname="logic.DonationRecordTest" time="0.046">
    <system-out><![CDATA[2021-04-16T14:15:59,710|[DEBUG] EMFactory - getting EntityManagerFactory
2021-04-16T14:15:59,710|[DEBUG] EMFactory - initializeing EntityManagerFactory
2021-04-16T14:15:59,710|[DEBUG] SQL - 
    select
        person0_.id as id1_4_0_,
        person0_.address as address2_4_0_,
        person0_.birth as birth3_4_0_,
        person0_.first_name as first_na4_4_0_,
        person0_.last_name as last_nam5_4_0_,
        person0_.phone as phone6_4_0_ 
    from
        simplebloodbank.person person0_ 
    where
        person0_.id=?
2021-04-16T14:15:59,711|[TRACE] BasicBinder - binding parameter [1] as [INTEGER] - [1]
2021-04-16T14:15:59,712|[DEBUG] SQL - 
    select
        blooddonat0_.donation_id as donation1_2_0_,
        blooddonat0_.bank_id as bank_id6_2_0_,
        blooddonat0_.blood_group as blood_gr2_2_0_,
        blooddonat0_.created as created3_2_0_,
        blooddonat0_.milliliters as millilit4_2_0_,
        blooddonat0_.rhd as rhd5_2_0_ 
    from
        simplebloodbank.blood_donation blooddonat0_ 
    where
        blooddonat0_.donation_id=?
2021-04-16T14:15:59,712|[TRACE] BasicBinder - binding parameter [1] as [INTEGER] - [1]
2021-04-16T14:15:59,713|[TRACE] BasicExtractor - extracted value ([bank_id6_2_0_] : [INTEGER]) - [null]
2021-04-16T14:15:59,713|[TRACE] BasicExtractor - extracted value ([blood_gr2_2_0_] : [VARCHAR]) - [B]
2021-04-16T14:15:59,713|[TRACE] BasicExtractor - extracted value ([created3_2_0_] : [TIMESTAMP]) - [1111-11-11 11:11:11.0]
2021-04-16T14:15:59,713|[TRACE] BasicExtractor - extracted value ([millilit4_2_0_] : [INTEGER]) - [100]
2021-04-16T14:15:59,713|[TRACE] BasicExtractor - extracted value ([rhd5_2_0_] : [VARCHAR]) - [+]
2021-04-16T14:15:59,713|[DEBUG] AttributeConverterSqlTypeDescriptorAdapter - Converted value on extraction: + -> Positive
2021-04-16T14:15:59,714|[DEBUG] SQL - 
    /* insert entity.Person
        */ insert 
        into
            simplebloodbank.person
            (address, birth, first_name, last_name, phone) 
        values
            (?, ?, ?, ?, ?)
2021-04-16T14:15:59,714|[TRACE] BasicBinder - binding parameter [1] as [VARCHAR] - [123 JUnit5 Street]
2021-04-16T14:15:59,714|[TRACE] BasicBinder - binding parameter [2] as [TIMESTAMP] - [Sat Nov 11 11:11:11 EST 1111]
2021-04-16T14:15:59,714|[TRACE] BasicBinder - binding parameter [3] as [VARCHAR] - [Bella]
2021-04-16T14:15:59,715|[TRACE] BasicBinder - binding parameter [4] as [VARCHAR] - [Smiths]
2021-04-16T14:15:59,715|[TRACE] BasicBinder - binding parameter [5] as [VARCHAR] - [123456789]
2021-04-16T14:15:59,716|[DEBUG] SQL - 
    /* insert entity.DonationRecord
        */ insert 
        into
            simplebloodbank.donation_record
            (administrator, donation_id, created, hospital, person_id, tested) 
        values
            (?, ?, ?, ?, ?, ?)
2021-04-16T14:15:59,716|[TRACE] BasicBinder - binding parameter [1] as [VARCHAR] - [Anna]
2021-04-16T14:15:59,716|[TRACE] BasicBinder - binding parameter [2] as [INTEGER] - [1]
2021-04-16T14:15:59,717|[TRACE] BasicBinder - binding parameter [3] as [TIMESTAMP] - [Sat Nov 11 11:11:11 EST 1111]
2021-04-16T14:15:59,717|[TRACE] BasicBinder - binding parameter [4] as [VARCHAR] - [Sunshine Hospital]
2021-04-16T14:15:59,717|[TRACE] BasicBinder - binding parameter [5] as [INTEGER] - [15]
2021-04-16T14:15:59,717|[TRACE] BasicBinder - binding parameter [6] as [BOOLEAN] - [true]
2021-04-16T14:15:59,723|[DEBUG] EMFactory - getting EntityManagerFactory
2021-04-16T14:15:59,723|[DEBUG] EMFactory - initializeing EntityManagerFactory
2021-04-16T14:15:59,724|[DEBUG] SQL - 
    /* DonationRecord.findByPerson */ select
        donationre0_.record_id as record_i1_3_,
        donationre0_.administrator as administ2_3_,
        donationre0_.donation_id as donation6_3_,
        donationre0_.created as created3_3_,
        donationre0_.hospital as hospital4_3_,
        donationre0_.person_id as person_i7_3_,
        donationre0_.tested as tested5_3_ 
    from
        simplebloodbank.donation_record donationre0_ 
    where
        donationre0_.person_id=?
2021-04-16T14:15:59,724|[TRACE] BasicBinder - binding parameter [1] as [INTEGER] - [15]
2021-04-16T14:15:59,725|[TRACE] BasicExtractor - extracted value ([record_i1_3_] : [INTEGER]) - [16]
2021-04-16T14:15:59,725|[TRACE] BasicExtractor - extracted value ([administ2_3_] : [VARCHAR]) - [Anna]
2021-04-16T14:15:59,725|[TRACE] BasicExtractor - extracted value ([donation6_3_] : [INTEGER]) - [1]
2021-04-16T14:15:59,726|[TRACE] BasicExtractor - extracted value ([created3_3_] : [TIMESTAMP]) - [1111-11-11 11:11:11.0]
2021-04-16T14:15:59,726|[TRACE] BasicExtractor - extracted value ([hospital4_3_] : [VARCHAR]) - [Sunshine Hospital]
2021-04-16T14:15:59,726|[TRACE] BasicExtractor - extracted value ([person_i7_3_] : [INTEGER]) - [15]
2021-04-16T14:15:59,726|[TRACE] BasicExtractor - extracted value ([tested5_3_] : [BOOLEAN]) - [true]
2021-04-16T14:15:59,726|[DEBUG] SQL - 
    select
        blooddonat0_.donation_id as donation1_2_0_,
        blooddonat0_.bank_id as bank_id6_2_0_,
        blooddonat0_.blood_group as blood_gr2_2_0_,
        blooddonat0_.created as created3_2_0_,
        blooddonat0_.milliliters as millilit4_2_0_,
        blooddonat0_.rhd as rhd5_2_0_ 
    from
        simplebloodbank.blood_donation blooddonat0_ 
    where
        blooddonat0_.donation_id=?
2021-04-16T14:15:59,726|[TRACE] BasicBinder - binding parameter [1] as [INTEGER] - [1]
2021-04-16T14:15:59,727|[TRACE] BasicExtractor - extracted value ([bank_id6_2_0_] : [INTEGER]) - [null]
2021-04-16T14:15:59,727|[TRACE] BasicExtractor - extracted value ([blood_gr2_2_0_] : [VARCHAR]) - [B]
2021-04-16T14:15:59,727|[TRACE] BasicExtractor - extracted value ([created3_2_0_] : [TIMESTAMP]) - [1111-11-11 11:11:11.0]
2021-04-16T14:15:59,727|[TRACE] BasicExtractor - extracted value ([millilit4_2_0_] : [INTEGER]) - [100]
2021-04-16T14:15:59,727|[TRACE] BasicExtractor - extracted value ([rhd5_2_0_] : [VARCHAR]) - [+]
2021-04-16T14:15:59,727|[DEBUG] AttributeConverterSqlTypeDescriptorAdapter - Converted value on extraction: + -> Positive
2021-04-16T14:15:59,728|[DEBUG] EMFactory - getting EntityManagerFactory
2021-04-16T14:15:59,728|[DEBUG] EMFactory - initializeing EntityManagerFactory
2021-04-16T14:15:59,745|[DEBUG] SQL - 
    /* load entity.DonationRecord */ select
        donationre0_.record_id as record_i1_3_0_,
        donationre0_.administrator as administ2_3_0_,
        donationre0_.donation_id as donation6_3_0_,
        donationre0_.created as created3_3_0_,
        donationre0_.hospital as hospital4_3_0_,
        donationre0_.person_id as person_i7_3_0_,
        donationre0_.tested as tested5_3_0_ 
    from
        simplebloodbank.donation_record donationre0_ 
    where
        donationre0_.record_id=?
2021-04-16T14:15:59,746|[TRACE] BasicBinder - binding parameter [1] as [INTEGER] - [16]
2021-04-16T14:15:59,747|[TRACE] BasicExtractor - extracted value ([administ2_3_0_] : [VARCHAR]) - [Anna]
2021-04-16T14:15:59,747|[TRACE] BasicExtractor - extracted value ([donation6_3_0_] : [INTEGER]) - [1]
2021-04-16T14:15:59,747|[TRACE] BasicExtractor - extracted value ([created3_3_0_] : [TIMESTAMP]) - [1111-11-11 11:11:11.0]
2021-04-16T14:15:59,747|[TRACE] BasicExtractor - extracted value ([hospital4_3_0_] : [VARCHAR]) - [Sunshine Hospital]
2021-04-16T14:15:59,747|[TRACE] BasicExtractor - extracted value ([person_i7_3_0_] : [INTEGER]) - [15]
2021-04-16T14:15:59,748|[TRACE] BasicExtractor - extracted value ([tested5_3_0_] : [BOOLEAN]) - [true]
2021-04-16T14:15:59,748|[DEBUG] SQL - 
    /* delete entity.DonationRecord */ delete 
        from
            simplebloodbank.donation_record 
        where
            record_id=?
2021-04-16T14:15:59,748|[TRACE] BasicBinder - binding parameter [1] as [INTEGER] - [16]
]]></system-out>
    <system-err><![CDATA[Apr 16, 2021 2:15:59 PM dal.GenericDAL lambda$setParameters$0
INFO: setParameters: personId=15
]]></system-err>
  </testcase>
  <testcase name="testGetDonationRecordsWithDonation" classname="logic.DonationRecordTest" time="0.065">
    <system-out><![CDATA[2021-04-16T14:15:59,756|[DEBUG] EMFactory - getting EntityManagerFactory
2021-04-16T14:15:59,756|[DEBUG] EMFactory - initializeing EntityManagerFactory
2021-04-16T14:15:59,757|[DEBUG] SQL - 
    select
        person0_.id as id1_4_0_,
        person0_.address as address2_4_0_,
        person0_.birth as birth3_4_0_,
        person0_.first_name as first_na4_4_0_,
        person0_.last_name as last_nam5_4_0_,
        person0_.phone as phone6_4_0_ 
    from
        simplebloodbank.person person0_ 
    where
        person0_.id=?
2021-04-16T14:15:59,757|[TRACE] BasicBinder - binding parameter [1] as [INTEGER] - [1]
2021-04-16T14:15:59,758|[DEBUG] SQL - 
    select
        blooddonat0_.donation_id as donation1_2_0_,
        blooddonat0_.bank_id as bank_id6_2_0_,
        blooddonat0_.blood_group as blood_gr2_2_0_,
        blooddonat0_.created as created3_2_0_,
        blooddonat0_.milliliters as millilit4_2_0_,
        blooddonat0_.rhd as rhd5_2_0_ 
    from
        simplebloodbank.blood_donation blooddonat0_ 
    where
        blooddonat0_.donation_id=?
2021-04-16T14:15:59,758|[TRACE] BasicBinder - binding parameter [1] as [INTEGER] - [1]
2021-04-16T14:15:59,759|[TRACE] BasicExtractor - extracted value ([bank_id6_2_0_] : [INTEGER]) - [null]
2021-04-16T14:15:59,759|[TRACE] BasicExtractor - extracted value ([blood_gr2_2_0_] : [VARCHAR]) - [B]
2021-04-16T14:15:59,759|[TRACE] BasicExtractor - extracted value ([created3_2_0_] : [TIMESTAMP]) - [1111-11-11 11:11:11.0]
2021-04-16T14:15:59,759|[TRACE] BasicExtractor - extracted value ([millilit4_2_0_] : [INTEGER]) - [100]
2021-04-16T14:15:59,759|[TRACE] BasicExtractor - extracted value ([rhd5_2_0_] : [VARCHAR]) - [+]
2021-04-16T14:15:59,759|[DEBUG] AttributeConverterSqlTypeDescriptorAdapter - Converted value on extraction: + -> Positive
2021-04-16T14:15:59,760|[DEBUG] SQL - 
    /* insert entity.Person
        */ insert 
        into
            simplebloodbank.person
            (address, birth, first_name, last_name, phone) 
        values
            (?, ?, ?, ?, ?)
2021-04-16T14:15:59,760|[TRACE] BasicBinder - binding parameter [1] as [VARCHAR] - [123 JUnit5 Street]
2021-04-16T14:15:59,761|[TRACE] BasicBinder - binding parameter [2] as [TIMESTAMP] - [Sat Nov 11 11:11:11 EST 1111]
2021-04-16T14:15:59,761|[TRACE] BasicBinder - binding parameter [3] as [VARCHAR] - [Bella]
2021-04-16T14:15:59,761|[TRACE] BasicBinder - binding parameter [4] as [VARCHAR] - [Smiths]
2021-04-16T14:15:59,761|[TRACE] BasicBinder - binding parameter [5] as [VARCHAR] - [123456789]
2021-04-16T14:15:59,770|[DEBUG] SQL - 
    /* insert entity.DonationRecord
        */ insert 
        into
            simplebloodbank.donation_record
            (administrator, donation_id, created, hospital, person_id, tested) 
        values
            (?, ?, ?, ?, ?, ?)
2021-04-16T14:15:59,770|[TRACE] BasicBinder - binding parameter [1] as [VARCHAR] - [Anna]
2021-04-16T14:15:59,770|[TRACE] BasicBinder - binding parameter [2] as [INTEGER] - [1]
2021-04-16T14:15:59,770|[TRACE] BasicBinder - binding parameter [3] as [TIMESTAMP] - [Sat Nov 11 11:11:11 EST 1111]
2021-04-16T14:15:59,770|[TRACE] BasicBinder - binding parameter [4] as [VARCHAR] - [Sunshine Hospital]
2021-04-16T14:15:59,770|[TRACE] BasicBinder - binding parameter [5] as [INTEGER] - [16]
2021-04-16T14:15:59,770|[TRACE] BasicBinder - binding parameter [6] as [BOOLEAN] - [true]
2021-04-16T14:15:59,793|[DEBUG] EMFactory - getting EntityManagerFactory
2021-04-16T14:15:59,793|[DEBUG] EMFactory - initializeing EntityManagerFactory
2021-04-16T14:15:59,794|[DEBUG] SQL - 
    /* DonationRecord.findByDonation */ select
        donationre0_.record_id as record_i1_3_,
        donationre0_.administrator as administ2_3_,
        donationre0_.donation_id as donation6_3_,
        donationre0_.created as created3_3_,
        donationre0_.hospital as hospital4_3_,
        donationre0_.person_id as person_i7_3_,
        donationre0_.tested as tested5_3_ 
    from
        simplebloodbank.donation_record donationre0_ 
    where
        donationre0_.donation_id=?
2021-04-16T14:15:59,794|[TRACE] BasicBinder - binding parameter [1] as [INTEGER] - [1]
2021-04-16T14:15:59,794|[TRACE] BasicExtractor - extracted value ([record_i1_3_] : [INTEGER]) - [17]
2021-04-16T14:15:59,795|[TRACE] BasicExtractor - extracted value ([administ2_3_] : [VARCHAR]) - [Anna]
2021-04-16T14:15:59,795|[TRACE] BasicExtractor - extracted value ([donation6_3_] : [INTEGER]) - [1]
2021-04-16T14:15:59,795|[TRACE] BasicExtractor - extracted value ([created3_3_] : [TIMESTAMP]) - [1111-11-11 11:11:11.0]
2021-04-16T14:15:59,795|[TRACE] BasicExtractor - extracted value ([hospital4_3_] : [VARCHAR]) - [Sunshine Hospital]
2021-04-16T14:15:59,795|[TRACE] BasicExtractor - extracted value ([person_i7_3_] : [INTEGER]) - [16]
2021-04-16T14:15:59,795|[TRACE] BasicExtractor - extracted value ([tested5_3_] : [BOOLEAN]) - [true]
2021-04-16T14:15:59,795|[DEBUG] SQL - 
    select
        blooddonat0_.donation_id as donation1_2_0_,
        blooddonat0_.bank_id as bank_id6_2_0_,
        blooddonat0_.blood_group as blood_gr2_2_0_,
        blooddonat0_.created as created3_2_0_,
        blooddonat0_.milliliters as millilit4_2_0_,
        blooddonat0_.rhd as rhd5_2_0_ 
    from
        simplebloodbank.blood_donation blooddonat0_ 
    where
        blooddonat0_.donation_id=?
2021-04-16T14:15:59,795|[TRACE] BasicBinder - binding parameter [1] as [INTEGER] - [1]
2021-04-16T14:15:59,796|[TRACE] BasicExtractor - extracted value ([bank_id6_2_0_] : [INTEGER]) - [null]
2021-04-16T14:15:59,796|[TRACE] BasicExtractor - extracted value ([blood_gr2_2_0_] : [VARCHAR]) - [B]
2021-04-16T14:15:59,796|[TRACE] BasicExtractor - extracted value ([created3_2_0_] : [TIMESTAMP]) - [1111-11-11 11:11:11.0]
2021-04-16T14:15:59,796|[TRACE] BasicExtractor - extracted value ([millilit4_2_0_] : [INTEGER]) - [100]
2021-04-16T14:15:59,796|[TRACE] BasicExtractor - extracted value ([rhd5_2_0_] : [VARCHAR]) - [+]
2021-04-16T14:15:59,796|[DEBUG] AttributeConverterSqlTypeDescriptorAdapter - Converted value on extraction: + -> Positive
2021-04-16T14:15:59,796|[DEBUG] EMFactory - getting EntityManagerFactory
2021-04-16T14:15:59,796|[DEBUG] EMFactory - initializeing EntityManagerFactory
2021-04-16T14:15:59,812|[DEBUG] SQL - 
    /* load entity.DonationRecord */ select
        donationre0_.record_id as record_i1_3_0_,
        donationre0_.administrator as administ2_3_0_,
        donationre0_.donation_id as donation6_3_0_,
        donationre0_.created as created3_3_0_,
        donationre0_.hospital as hospital4_3_0_,
        donationre0_.person_id as person_i7_3_0_,
        donationre0_.tested as tested5_3_0_ 
    from
        simplebloodbank.donation_record donationre0_ 
    where
        donationre0_.record_id=?
2021-04-16T14:15:59,812|[TRACE] BasicBinder - binding parameter [1] as [INTEGER] - [17]
2021-04-16T14:15:59,813|[TRACE] BasicExtractor - extracted value ([administ2_3_0_] : [VARCHAR]) - [Anna]
2021-04-16T14:15:59,813|[TRACE] BasicExtractor - extracted value ([donation6_3_0_] : [INTEGER]) - [1]
2021-04-16T14:15:59,813|[TRACE] BasicExtractor - extracted value ([created3_3_0_] : [TIMESTAMP]) - [1111-11-11 11:11:11.0]
2021-04-16T14:15:59,813|[TRACE] BasicExtractor - extracted value ([hospital4_3_0_] : [VARCHAR]) - [Sunshine Hospital]
2021-04-16T14:15:59,813|[TRACE] BasicExtractor - extracted value ([person_i7_3_0_] : [INTEGER]) - [16]
2021-04-16T14:15:59,813|[TRACE] BasicExtractor - extracted value ([tested5_3_0_] : [BOOLEAN]) - [true]
2021-04-16T14:15:59,814|[DEBUG] SQL - 
    /* delete entity.DonationRecord */ delete 
        from
            simplebloodbank.donation_record 
        where
            record_id=?
2021-04-16T14:15:59,814|[TRACE] BasicBinder - binding parameter [1] as [INTEGER] - [17]
]]></system-out>
    <system-err><![CDATA[Apr 16, 2021 2:15:59 PM dal.GenericDAL lambda$setParameters$0
INFO: setParameters: donationId=1
]]></system-err>
  </testcase>
</testsuite>